
<% 16:27:54 Header %>
Server: [10.217.33.37] sdkcga6037.rdg.bane.dk
Client: Logs
Profile: FacilityLevel_6306_User.wpp
Profile name: FacilityLevel_6306_User

<% 16:27:54 Session(1) %>

<% 16:27:54 Page[page_1: http://sdkcga6306:82/Home.aspx](1) %>

<% 16:27:54 Connect %>
Connecting to remote host: sdkcga6306:82...

<% 16:28:04 Image %>

<% 16:28:04 Image %>

<% 16:28:08 Image %>

<% 16:28:13 Image %>

<% 16:28:13 Image %>

<% 16:28:13 Image %>

<% 16:28:13 Image %>

<% 16:28:13 Image %>

<% 16:28:13 Image %>

<% 16:28:13 Image %>

<% 16:28:13 Image %>

<% 16:28:13 Image %>

<% 16:28:13 Image %>

<% 16:28:13 Image %>

<% 16:28:13 Image %>

<% 16:28:13 Image %>

<% 16:28:13 Image %>

<% 16:28:13 Image %>

<% 16:28:13 Image %>

<% 16:28:13 Image %>

<% 16:28:13 Image %>

<% 16:28:13 Image %>

<% 16:28:13 Image %>

<% 16:28:13 Image %>

<% 16:28:13 Image %>

<% 16:28:13 Image %>

<% 16:28:13 Image %>

<% 16:28:13 Image %>

<% 16:28:13 Image %>

<% 16:28:13 Image %>

<% 16:28:13 Image %>

<% 16:28:13 Image %>

<% 16:28:13 Image %>

<% 16:28:13 Image %>

<% 16:28:13 Image %>

<% 16:28:13 Page[page_2: http://sdkcga6306:82/Home.aspx](1) %>

<% 16:28:13 Page[page_3: http://sdkcga6306:82/FacilityLevels.aspx](1) %>

<% 16:28:13 Image %>

<% 16:28:13 Image %>

<% 16:28:14 Image %>

<% 16:28:14 Image %>

<% 16:28:14 Image %>

<% 16:28:14 Image %>

<% 16:28:14 Image %>

<% 16:28:14 Image %>

<% 16:28:14 Image %>

<% 16:28:14 Image %>

<% 16:28:14 Image %>

<% 16:28:14 Image %>

<% 16:28:14 Image %>

<% 16:28:14 Image %>

<% 16:28:14 Image %>

<% 16:28:14 Image %>

<% 16:28:14 Image %>

<% 16:28:14 Image %>

<% 16:28:14 Image %>

<% 16:28:14 Image %>

<% 16:28:14 Image %>

<% 16:28:14 Image %>

<% 16:28:14 Image %>

<% 16:28:14 Image %>

<% 16:28:14 Image %>

<% 16:28:14 Image %>

<% 16:28:14 Image %>

<% 16:28:14 Image %>

<% 16:28:14 Image %>

<% 16:28:14 Image %>

<% 16:28:14 Image %>

<% 16:28:14 Image %>

<% 16:28:14 Image %>

<% 16:28:14 Image %>

<% 16:28:14 Image %>

<% 16:28:14 Image %>

<% 16:28:14 Image %>

<% 16:28:14 Image %>

<% 16:28:14 Image %>

<% 16:28:14 Image %>

<% 16:28:14 Image %>

<% 16:28:14 Image %>

<% 16:28:14 Image %>

<% 16:28:14 Image %>

<% 16:28:14 Image %>

<% 16:28:14 Image %>

<% 16:28:14 Page[page_4: http://sdkcga6306:82/FacilityLevels.aspx](1) %>

<% 16:28:14 Page[page_5: http://sdkcga6306:82/FacilityLevels.aspx](1) %>

<% 16:28:15 Page[page_6: http://sdkcga6306:82/FacilityLevels.aspx](1) %>

<% 16:28:15 Page[Facilities](1) %>

<% 16:28:39 Page[Confidentiality](1) %>

<% 16:28:56 Session(2) %>

<% 16:28:56 Page[page_1: http://sdkcga6306:82/Home.aspx](1) %>

<% 16:28:56 Connect %>
Connecting to remote host: sdkcga6306:82...

<% 16:28:58 Image %>

<% 16:28:58 Image %>

<% 16:28:58 Image %>

<% 16:28:58 Image %>

<% 16:28:58 Image %>

<% 16:28:58 Image %>

<% 16:28:58 Image %>

<% 16:28:58 Image %>

<% 16:28:58 Image %>

<% 16:28:58 Image %>

<% 16:28:58 Image %>

<% 16:28:58 Image %>

<% 16:28:58 Image %>

<% 16:28:58 Image %>

<% 16:28:58 Image %>

<% 16:28:58 Image %>

<% 16:28:58 Image %>

<% 16:28:58 Image %>

<% 16:28:58 Image %>

<% 16:28:58 Image %>

<% 16:28:58 Image %>

<% 16:28:58 Image %>

<% 16:28:58 Image %>

<% 16:28:58 Image %>

<% 16:28:58 Image %>

<% 16:28:58 Image %>

<% 16:28:58 Image %>

<% 16:28:58 Image %>

<% 16:28:58 Image %>

<% 16:28:58 Image %>

<% 16:28:58 Image %>

<% 16:28:58 Image %>

<% 16:28:58 Image %>

<% 16:28:58 Image %>

<% 16:28:58 Image %>

<% 16:28:58 Page[page_2: http://sdkcga6306:82/Home.aspx](1) %>

<% 16:28:58 Page[page_3: http://sdkcga6306:82/FacilityLevels.aspx](1) %>

<% 16:28:59 Image %>

<% 16:28:59 Image %>

<% 16:28:59 Image %>

<% 16:28:59 Image %>

<% 16:28:59 Image %>

<% 16:28:59 Image %>

<% 16:28:59 Image %>

<% 16:28:59 Image %>

<% 16:28:59 Image %>

<% 16:28:59 Image %>

<% 16:28:59 Image %>

<% 16:28:59 Image %>

<% 16:28:59 Image %>

<% 16:28:59 Image %>

<% 16:28:59 Image %>

<% 16:28:59 Image %>

<% 16:28:59 Image %>

<% 16:28:59 Image %>

<% 16:28:59 Image %>

<% 16:28:59 Image %>

<% 16:28:59 Image %>

<% 16:28:59 Image %>

<% 16:28:59 Image %>

<% 16:28:59 Image %>

<% 16:28:59 Image %>

<% 16:28:59 Image %>

<% 16:28:59 Image %>

<% 16:28:59 Image %>

<% 16:28:59 Image %>

<% 16:28:59 Image %>

<% 16:28:59 Image %>

<% 16:28:59 Image %>

<% 16:28:59 Image %>

<% 16:28:59 Image %>

<% 16:28:59 Image %>

<% 16:28:59 Image %>

<% 16:28:59 Image %>

<% 16:28:59 Image %>

<% 16:28:59 Image %>

<% 16:28:59 Image %>

<% 16:28:59 Image %>

<% 16:28:59 Image %>

<% 16:28:59 Image %>

<% 16:28:59 Image %>

<% 16:28:59 Image %>

<% 16:28:59 Image %>

<% 16:28:59 Page[page_4: http://sdkcga6306:82/FacilityLevels.aspx](1) %>

<% 16:29:00 Page[page_5: http://sdkcga6306:82/FacilityLevels.aspx](1) %>

<% 16:29:00 Page[page_6: http://sdkcga6306:82/FacilityLevels.aspx](1) %>

<% 16:29:02 Page[Facilities](1) %>

<% 16:29:58 Page[Confidentiality](1) %>

<% 16:30:16 Session(3) %>

<% 16:30:16 Page[page_1: http://sdkcga6306:82/Home.aspx](1) %>

<% 16:30:16 Connect %>
Connecting to remote host: sdkcga6306:82...

<% 16:30:16 Image %>

<% 16:30:16 Image %>

<% 16:30:16 Image %>

<% 16:30:16 Image %>

<% 16:30:16 Image %>

<% 16:30:16 Image %>

<% 16:30:17 Image %>

<% 16:30:17 Image %>

<% 16:30:17 Image %>

<% 16:30:17 Image %>

<% 16:30:17 Image %>

<% 16:30:17 Image %>

<% 16:30:17 Image %>

<% 16:30:17 Image %>

<% 16:30:17 Image %>

<% 16:30:17 Image %>

<% 16:30:17 Image %>

<% 16:30:17 Image %>

<% 16:30:17 Image %>

<% 16:30:17 Image %>

<% 16:30:17 Image %>

<% 16:30:17 Image %>

<% 16:30:17 Image %>

<% 16:30:17 Image %>

<% 16:30:17 Image %>

<% 16:30:17 Image %>

<% 16:30:17 Image %>

<% 16:30:17 Image %>

<% 16:30:17 Image %>

<% 16:30:17 Image %>

<% 16:30:17 Image %>

<% 16:30:17 Image %>

<% 16:30:17 Image %>

<% 16:30:17 Image %>

<% 16:30:17 Image %>

<% 16:30:17 Page[page_2: http://sdkcga6306:82/Home.aspx](1) %>

<% 16:30:17 Page[page_3: http://sdkcga6306:82/FacilityLevels.aspx](1) %>

<% 16:30:18 Image %>

<% 16:30:18 Image %>

<% 16:30:18 Image %>

<% 16:30:18 Image %>

<% 16:30:27 Image %>

<% 16:30:37 Image %>

<% 16:30:37 Image %>

<% 16:30:37 Image %>

<% 16:30:37 Image %>

<% 16:30:37 Image %>

<% 16:30:37 Image %>

<% 16:30:37 Image %>

<% 16:30:37 Image %>

<% 16:30:37 Image %>

<% 16:30:37 Image %>

<% 16:30:37 Image %>

<% 16:30:37 Image %>

<% 16:30:37 Image %>

<% 16:30:37 Image %>

<% 16:30:37 Image %>

<% 16:30:37 Image %>

<% 16:30:37 Image %>

<% 16:30:37 Image %>

<% 16:30:37 Image %>

<% 16:30:37 Image %>

<% 16:30:37 Image %>

<% 16:30:37 Image %>

<% 16:30:37 Image %>

<% 16:30:37 Image %>

<% 16:30:37 Image %>

<% 16:30:37 Image %>

<% 16:30:37 Image %>

<% 16:30:37 Image %>

<% 16:30:37 Image %>

<% 16:30:37 Image %>

<% 16:30:37 Image %>

<% 16:30:37 Image %>

<% 16:30:37 Image %>

<% 16:30:37 Image %>

<% 16:30:37 Image %>

<% 16:30:37 Image %>

<% 16:30:37 Image %>

<% 16:30:37 Image %>

<% 16:30:37 Image %>

<% 16:30:37 Image %>

<% 16:30:37 Image %>

<% 16:30:37 Page[page_4: http://sdkcga6306:82/FacilityLevels.aspx](1) %>

<% 16:30:41 Page[page_5: http://sdkcga6306:82/FacilityLevels.aspx](1) %>

<% 16:30:49 Page[page_6: http://sdkcga6306:82/FacilityLevels.aspx](1) %>

<% 16:30:56 Page[Facilities](1) %>

<% 16:31:43 Page[Confidentiality](1) %>

<% 16:32:03 Session(4) %>

<% 16:32:03 Page[page_1: http://sdkcga6306:82/Home.aspx](1) %>

<% 16:32:03 Connect %>
Connecting to remote host: sdkcga6306:82...

<% 16:32:03 Image %>

<% 16:32:03 Image %>

<% 16:32:03 Image %>

<% 16:32:04 Image %>

<% 16:32:04 Image %>

<% 16:32:04 Image %>

<% 16:32:04 Image %>

<% 16:32:04 Image %>

<% 16:32:04 Image %>

<% 16:32:04 Image %>

<% 16:32:11 Image %>

<% 16:32:17 Image %>

<% 16:32:23 Image %>

<% 16:32:23 Image %>

<% 16:32:23 Image %>

<% 16:32:24 Image %>

<% 16:32:24 Image %>

<% 16:32:24 Image %>

<% 16:32:24 Image %>

<% 16:32:24 Image %>

<% 16:32:25 Image %>

<% 16:32:25 Image %>

<% 16:32:25 Image %>

<% 16:32:25 Image %>

<% 16:32:25 Image %>

<% 16:32:25 Image %>

<% 16:32:25 Image %>

<% 16:32:25 Image %>

<% 16:32:25 Image %>

<% 16:32:25 Image %>

<% 16:32:25 Image %>

<% 16:32:25 Image %>

<% 16:32:25 Image %>

<% 16:32:25 Image %>

<% 16:32:25 Image %>

<% 16:32:25 Page[page_2: http://sdkcga6306:82/Home.aspx](1) %>

<% 16:32:39 Page[page_3: http://sdkcga6306:82/FacilityLevels.aspx](1) %>

<% 16:32:50 Image %>

<% 16:32:50 Image %>

<% 16:32:51 Image %>

<% 16:32:51 Image %>

<% 16:32:51 Image %>

<% 16:32:51 Image %>

<% 16:32:51 Image %>

<% 16:32:51 Image %>

<% 16:32:51 Image %>

<% 16:32:51 Image %>

<% 16:32:51 Image %>

<% 16:32:51 Image %>

<% 16:32:51 Image %>

<% 16:32:51 Image %>

<% 16:32:51 Image %>

<% 16:32:51 Image %>

<% 16:32:51 Image %>

<% 16:32:51 Image %>

<% 16:32:51 Image %>

<% 16:32:51 Image %>

<% 16:32:51 Image %>

<% 16:32:51 Image %>

<% 16:32:51 Image %>

<% 16:32:51 Image %>

<% 16:32:51 Image %>

<% 16:32:51 Image %>

<% 16:32:51 Image %>

<% 16:32:51 Image %>

<% 16:32:51 Image %>

<% 16:32:51 Image %>

<% 16:32:51 Image %>

<% 16:32:51 Image %>

<% 16:32:51 Image %>

<% 16:32:51 Image %>

<% 16:32:51 Image %>

<% 16:32:52 Image %>

<% 16:32:52 Image %>

<% 16:32:52 Image %>

<% 16:32:52 Image %>

<% 16:32:52 Image %>

<% 16:32:52 Image %>

<% 16:32:52 Image %>

<% 16:32:52 Image %>

<% 16:32:52 Image %>

<% 16:32:52 Image %>

<% 16:32:52 Image %>

<% 16:32:52 Page[page_4: http://sdkcga6306:82/FacilityLevels.aspx](1) %>

<% 16:32:53 Page[page_5: http://sdkcga6306:82/FacilityLevels.aspx](1) %>

<% 16:32:54 Page[page_6: http://sdkcga6306:82/FacilityLevels.aspx](1) %>

<% 16:32:55 Page[Facilities](1) %>

<% 16:33:39 Page[Confidentiality](1) %>

<% 16:34:11 Session(5) %>

<% 16:34:11 Page[page_1: http://sdkcga6306:82/Home.aspx](1) %>

<% 16:34:11 Connect %>
Connecting to remote host: sdkcga6306:82...

<% 16:34:13 Image %>

<% 16:34:13 Image %>

<% 16:34:14 Image %>

<% 16:34:15 Image %>

<% 16:34:15 Image %>

<% 16:34:15 Image %>

<% 16:34:15 Image %>

<% 16:34:15 Image %>

<% 16:34:15 Image %>

<% 16:34:15 Image %>

<% 16:34:15 Image %>

<% 16:34:15 Image %>

<% 16:34:15 Image %>

<% 16:34:15 Image %>

<% 16:34:15 Image %>

<% 16:34:15 Image %>

<% 16:34:15 Image %>

<% 16:34:15 Image %>

<% 16:34:15 Image %>

<% 16:34:15 Image %>

<% 16:34:15 Image %>

<% 16:34:15 Image %>

<% 16:34:15 Image %>

<% 16:34:15 Image %>

<% 16:34:15 Image %>

<% 16:34:15 Image %>

<% 16:34:15 Image %>

<% 16:34:15 Image %>

<% 16:34:15 Image %>

<% 16:34:15 Image %>

<% 16:34:15 Image %>

<% 16:34:15 Image %>

<% 16:34:15 Image %>

<% 16:34:15 Image %>

<% 16:34:15 Image %>

<% 16:34:15 Page[page_2: http://sdkcga6306:82/Home.aspx](1) %>

<% 16:34:16 Page[page_3: http://sdkcga6306:82/FacilityLevels.aspx](1) %>

<% 16:34:18 Image %>

<% 16:34:18 Image %>

<% 16:34:18 Image %>

<% 16:34:18 Image %>

<% 16:34:18 Image %>

<% 16:34:18 Image %>

<% 16:34:18 Image %>

<% 16:34:18 Image %>

<% 16:34:18 Image %>

<% 16:34:18 Image %>

<% 16:34:18 Image %>

<% 16:34:18 Image %>

<% 16:34:18 Image %>

<% 16:34:18 Image %>

<% 16:34:18 Image %>

<% 16:34:18 Image %>

<% 16:34:18 Image %>

<% 16:34:18 Image %>

<% 16:34:18 Image %>

<% 16:34:18 Image %>

<% 16:34:18 Image %>

<% 16:34:18 Image %>

<% 16:34:18 Image %>

<% 16:34:18 Image %>

<% 16:34:18 Image %>

<% 16:34:18 Image %>

<% 16:34:18 Image %>

<% 16:34:18 Image %>

<% 16:34:18 Image %>

<% 16:34:18 Image %>

<% 16:34:18 Image %>

<% 16:34:18 Image %>

<% 16:34:18 Image %>

<% 16:34:18 Image %>

<% 16:34:18 Image %>

<% 16:34:18 Image %>

<% 16:34:18 Image %>

<% 16:34:18 Image %>

<% 16:34:18 Image %>

<% 16:34:18 Image %>

<% 16:34:18 Image %>

<% 16:34:18 Image %>

<% 16:34:18 Image %>

<% 16:34:18 Image %>

<% 16:34:18 Image %>

<% 16:34:19 Image %>

<% 16:34:19 Page[page_4: http://sdkcga6306:82/FacilityLevels.aspx](1) %>

<% 16:34:19 Page[page_5: http://sdkcga6306:82/FacilityLevels.aspx](1) %>

<% 16:34:19 Page[page_6: http://sdkcga6306:82/FacilityLevels.aspx](1) %>

<% 16:34:28 Page[Facilities](1) %>

<% 16:35:11 Page[Confidentiality](1) %>

<% 16:35:22 Session(6) %>

<% 16:35:22 Page[page_1: http://sdkcga6306:82/Home.aspx](1) %>

<% 16:35:22 Connect %>
Connecting to remote host: sdkcga6306:82...

<% 16:35:24 Image %>

<% 16:35:24 Image %>

<% 16:35:24 Image %>

<% 16:35:24 Image %>

<% 16:35:24 Image %>

<% 16:35:24 Image %>

<% 16:35:24 Image %>

<% 16:35:24 Image %>

<% 16:35:24 Image %>

<% 16:35:24 Image %>

<% 16:35:24 Image %>

<% 16:35:24 Image %>

<% 16:35:24 Image %>

<% 16:35:24 Image %>

<% 16:35:24 Image %>

<% 16:35:24 Image %>

<% 16:35:24 Image %>

<% 16:35:24 Image %>

<% 16:35:24 Image %>

<% 16:35:24 Image %>

<% 16:35:24 Image %>

<% 16:35:24 Image %>

<% 16:35:24 Image %>

<% 16:35:24 Image %>

<% 16:35:24 Image %>

<% 16:35:24 Image %>

<% 16:35:24 Image %>

<% 16:35:24 Image %>

<% 16:35:24 Image %>

<% 16:35:24 Image %>

<% 16:35:24 Image %>

<% 16:35:24 Image %>

<% 16:35:24 Image %>

<% 16:35:24 Image %>

<% 16:35:24 Image %>

<% 16:35:24 Page[page_2: http://sdkcga6306:82/Home.aspx](1) %>

<% 16:35:24 Page[page_3: http://sdkcga6306:82/FacilityLevels.aspx](1) %>

<% 16:35:30 Image %>

<% 16:35:30 Image %>

<% 16:35:30 Image %>

<% 16:35:30 Image %>

<% 16:35:30 Image %>

<% 16:35:30 Image %>

<% 16:35:30 Image %>

<% 16:35:30 Image %>

<% 16:35:30 Image %>

<% 16:35:30 Image %>

<% 16:35:30 Image %>

<% 16:35:30 Image %>

<% 16:35:30 Image %>

<% 16:35:30 Image %>

<% 16:35:30 Image %>

<% 16:35:30 Image %>

<% 16:35:30 Image %>

<% 16:35:30 Image %>

<% 16:35:30 Image %>

<% 16:35:30 Image %>

<% 16:35:30 Image %>

<% 16:35:30 Image %>

<% 16:35:30 Image %>

<% 16:35:30 Image %>

<% 16:35:30 Image %>

<% 16:35:30 Image %>

<% 16:35:30 Image %>

<% 16:35:30 Image %>

<% 16:35:30 Image %>

<% 16:35:30 Image %>

<% 16:35:30 Image %>

<% 16:35:30 Image %>

<% 16:35:30 Image %>

<% 16:35:30 Image %>

<% 16:35:30 Image %>

<% 16:35:30 Image %>

<% 16:35:30 Image %>

<% 16:35:30 Image %>

<% 16:35:30 Image %>

<% 16:35:30 Image %>

<% 16:35:30 Image %>

<% 16:35:30 Image %>

<% 16:35:30 Image %>

<% 16:35:30 Image %>

<% 16:35:30 Image %>

<% 16:35:30 Image %>

<% 16:35:30 Page[page_4: http://sdkcga6306:82/FacilityLevels.aspx](1) %>

<% 16:35:31 Page[page_5: http://sdkcga6306:82/FacilityLevels.aspx](1) %>

<% 16:35:31 Page[page_6: http://sdkcga6306:82/FacilityLevels.aspx](1) %>

<% 16:35:32 Page[Facilities](1) %>

<% 16:36:26 Page[Confidentiality](1) %>

<% 16:36:44 Session(7) %>

<% 16:36:44 Page[page_1: http://sdkcga6306:82/Home.aspx](1) %>

<% 16:36:44 Connect %>
Connecting to remote host: sdkcga6306:82...

<% 16:36:48 Image %>

<% 16:36:48 Image %>

<% 16:36:48 Image %>

<% 16:36:48 Image %>

<% 16:36:48 Image %>

<% 16:36:48 Image %>

<% 16:36:48 Image %>

<% 16:36:48 Image %>

<% 16:36:48 Image %>

<% 16:36:48 Image %>

<% 16:36:48 Image %>

<% 16:36:48 Image %>

<% 16:36:48 Image %>

<% 16:36:48 Image %>

<% 16:36:48 Image %>

<% 16:36:48 Image %>

<% 16:36:48 Image %>

<% 16:36:48 Image %>

<% 16:36:48 Image %>

<% 16:36:48 Image %>

<% 16:36:48 Image %>

<% 16:36:48 Image %>

<% 16:36:48 Image %>

<% 16:36:48 Image %>

<% 16:36:48 Image %>

<% 16:36:48 Image %>

<% 16:36:48 Image %>

<% 16:36:48 Image %>

<% 16:36:48 Image %>

<% 16:36:48 Image %>

<% 16:36:48 Image %>

<% 16:36:48 Image %>

<% 16:36:48 Image %>

<% 16:36:48 Image %>

<% 16:36:48 Image %>

<% 16:36:48 Page[page_2: http://sdkcga6306:82/Home.aspx](1) %>

<% 16:36:48 Page[page_3: http://sdkcga6306:82/FacilityLevels.aspx](1) %>

<% 16:36:49 Image %>

<% 16:36:49 Image %>

<% 16:36:49 Image %>

<% 16:36:54 Image %>

<% 16:36:59 Image %>

<% 16:36:59 Image %>

<% 16:37:00 Image %>

<% 16:37:00 Image %>

<% 16:37:00 Image %>

<% 16:37:00 Image %>

<% 16:37:00 Image %>

<% 16:37:00 Image %>

<% 16:37:00 Image %>

<% 16:37:00 Image %>

<% 16:37:00 Image %>

<% 16:37:00 Image %>

<% 16:37:00 Image %>

<% 16:37:00 Image %>

<% 16:37:00 Image %>

<% 16:37:00 Image %>

<% 16:37:00 Image %>

<% 16:37:00 Image %>

<% 16:37:01 Image %>

<% 16:37:01 Image %>

<% 16:37:01 Image %>

<% 16:37:01 Image %>

<% 16:37:01 Image %>

<% 16:37:01 Image %>

<% 16:37:01 Image %>

<% 16:37:01 Image %>

<% 16:37:01 Image %>

<% 16:37:01 Image %>

<% 16:37:01 Image %>

<% 16:37:01 Image %>

<% 16:37:01 Image %>

<% 16:37:01 Image %>

<% 16:37:01 Image %>

<% 16:37:01 Image %>

<% 16:37:01 Image %>

<% 16:37:01 Image %>

<% 16:37:01 Image %>

<% 16:37:01 Image %>

<% 16:37:01 Image %>

<% 16:37:01 Image %>

<% 16:37:01 Image %>

<% 16:37:01 Image %>

<% 16:37:01 Page[page_4: http://sdkcga6306:82/FacilityLevels.aspx](1) %>

<% 16:37:04 Page[page_5: http://sdkcga6306:82/FacilityLevels.aspx](1) %>

<% 16:37:11 Page[page_6: http://sdkcga6306:82/FacilityLevels.aspx](1) %>

<% 16:37:11 Page[Facilities](1) %>

<% 16:38:10 Stopping %>

<% 16:38:10 Page[Confidentiality](1) %>
