
<% 16:23:54 Header %>
Server: [10.217.33.37] sdkcga6037.rdg.bane.dk
Client: Logs
Profile: FacilityLevel_6306_User.wpp
Profile name: FacilityLevel_6306_User

<% 16:23:54 Session(1) %>

<% 16:23:54 Page[page_1: http://sdkcga6306:82/Home.aspx](1) %>

<% 16:23:54 Connect %>
Connecting to remote host: sdkcga6306:82...

<% 16:23:56 Image %>

<% 16:23:56 Image %>

<% 16:23:56 Image %>

<% 16:23:56 Image %>

<% 16:23:56 Image %>

<% 16:23:56 Image %>

<% 16:23:56 Image %>

<% 16:23:56 Image %>

<% 16:23:56 Image %>

<% 16:23:56 Image %>

<% 16:23:56 Image %>

<% 16:23:56 Image %>

<% 16:23:56 Image %>

<% 16:23:56 Image %>

<% 16:23:56 Image %>

<% 16:23:56 Image %>

<% 16:23:56 Image %>

<% 16:23:56 Image %>

<% 16:23:56 Image %>

<% 16:23:56 Image %>

<% 16:23:56 Image %>

<% 16:23:56 Image %>

<% 16:23:56 Image %>

<% 16:23:56 Image %>

<% 16:23:56 Image %>

<% 16:23:56 Image %>

<% 16:23:56 Image %>

<% 16:23:56 Image %>

<% 16:23:56 Image %>

<% 16:23:56 Image %>

<% 16:23:56 Image %>

<% 16:23:56 Image %>

<% 16:23:56 Image %>

<% 16:23:56 Image %>

<% 16:23:56 Image %>

<% 16:23:56 Page[page_2: http://sdkcga6306:82/Home.aspx](1) %>

<% 16:23:56 Page[page_3: http://sdkcga6306:82/FacilityLevels.aspx](1) %>

<% 16:23:56 Image %>

<% 16:23:56 Image %>

<% 16:23:57 Image %>

<% 16:23:57 Image %>

<% 16:23:57 Image %>

<% 16:23:57 Image %>

<% 16:23:57 Image %>

<% 16:23:57 Image %>

<% 16:23:57 Image %>

<% 16:23:57 Image %>

<% 16:23:57 Image %>

<% 16:23:57 Image %>

<% 16:23:57 Image %>

<% 16:23:57 Image %>

<% 16:23:57 Image %>

<% 16:23:57 Image %>

<% 16:23:57 Image %>

<% 16:23:57 Image %>

<% 16:23:57 Image %>

<% 16:23:57 Image %>

<% 16:23:57 Image %>

<% 16:23:57 Image %>

<% 16:23:57 Image %>

<% 16:23:57 Image %>

<% 16:23:57 Image %>

<% 16:23:57 Image %>

<% 16:23:57 Image %>

<% 16:23:57 Image %>

<% 16:23:57 Image %>

<% 16:23:57 Image %>

<% 16:23:57 Image %>

<% 16:23:57 Image %>

<% 16:23:57 Image %>

<% 16:23:57 Image %>

<% 16:23:57 Image %>

<% 16:23:57 Image %>

<% 16:23:57 Image %>

<% 16:23:57 Image %>

<% 16:23:57 Image %>

<% 16:23:57 Image %>

<% 16:23:57 Image %>

<% 16:23:57 Image %>

<% 16:23:57 Image %>

<% 16:23:57 Image %>

<% 16:23:57 Image %>

<% 16:23:57 Image %>

<% 16:23:57 Page[page_4: http://sdkcga6306:82/FacilityLevels.aspx](1) %>

<% 16:23:57 Page[page_5: http://sdkcga6306:82/FacilityLevels.aspx](1) %>

<% 16:23:58 Page[page_6: http://sdkcga6306:82/FacilityLevels.aspx](1) %>

<% 16:23:58 Page[Facilities](1) %>

<% 16:24:32 Page[Confidentiality](1) %>

<% 16:24:37 Session(2) %>

<% 16:24:37 Page[page_1: http://sdkcga6306:82/Home.aspx](1) %>

<% 16:24:37 Connect %>
Connecting to remote host: sdkcga6306:82...

<% 16:24:40 Image %>

<% 16:24:40 Image %>

<% 16:24:40 Image %>

<% 16:24:40 Image %>

<% 16:24:40 Image %>

<% 16:24:40 Image %>

<% 16:24:40 Image %>

<% 16:24:40 Image %>

<% 16:24:40 Image %>

<% 16:24:40 Image %>

<% 16:24:40 Image %>

<% 16:24:40 Image %>

<% 16:24:40 Image %>

<% 16:24:40 Image %>

<% 16:24:40 Image %>

<% 16:24:40 Image %>

<% 16:24:40 Image %>

<% 16:24:40 Image %>

<% 16:24:40 Image %>

<% 16:24:40 Image %>

<% 16:24:40 Image %>

<% 16:24:40 Image %>

<% 16:24:40 Image %>

<% 16:24:40 Image %>

<% 16:24:40 Image %>

<% 16:24:40 Image %>

<% 16:24:40 Image %>

<% 16:24:40 Image %>

<% 16:24:40 Image %>

<% 16:24:40 Image %>

<% 16:24:40 Image %>

<% 16:24:40 Image %>

<% 16:24:40 Image %>

<% 16:24:40 Image %>

<% 16:24:40 Image %>

<% 16:24:40 Page[page_2: http://sdkcga6306:82/Home.aspx](1) %>

<% 16:24:41 Page[page_3: http://sdkcga6306:82/FacilityLevels.aspx](1) %>

<% 16:24:41 Image %>

<% 16:24:41 Image %>

<% 16:24:41 Image %>

<% 16:24:41 Image %>

<% 16:24:41 Image %>

<% 16:24:41 Image %>

<% 16:24:41 Image %>

<% 16:24:41 Image %>

<% 16:24:41 Image %>

<% 16:24:41 Image %>

<% 16:24:41 Image %>

<% 16:24:41 Image %>

<% 16:24:41 Image %>

<% 16:24:41 Image %>

<% 16:24:41 Image %>

<% 16:24:41 Image %>

<% 16:24:41 Image %>

<% 16:24:41 Image %>

<% 16:24:41 Image %>

<% 16:24:41 Image %>

<% 16:24:41 Image %>

<% 16:24:41 Image %>

<% 16:24:41 Image %>

<% 16:24:41 Image %>

<% 16:24:41 Image %>

<% 16:24:41 Image %>

<% 16:24:41 Image %>

<% 16:24:41 Image %>

<% 16:24:41 Image %>

<% 16:24:41 Image %>

<% 16:24:41 Image %>

<% 16:24:41 Image %>

<% 16:24:41 Image %>

<% 16:24:41 Image %>

<% 16:24:41 Image %>

<% 16:24:41 Image %>

<% 16:24:41 Image %>

<% 16:24:41 Image %>

<% 16:24:41 Image %>

<% 16:24:41 Image %>

<% 16:24:41 Image %>

<% 16:24:41 Image %>

<% 16:24:41 Image %>

<% 16:24:41 Image %>

<% 16:24:41 Image %>

<% 16:24:41 Image %>

<% 16:24:41 Page[page_4: http://sdkcga6306:82/FacilityLevels.aspx](1) %>

<% 16:24:41 Page[page_5: http://sdkcga6306:82/FacilityLevels.aspx](1) %>

<% 16:24:41 Page[page_6: http://sdkcga6306:82/FacilityLevels.aspx](1) %>

<% 16:24:41 Page[Facilities](1) %>

<% 16:25:22 Page[Confidentiality](1) %>

<% 16:25:27 Session(3) %>

<% 16:25:27 Page[page_1: http://sdkcga6306:82/Home.aspx](1) %>

<% 16:25:27 Connect %>
Connecting to remote host: sdkcga6306:82...

<% 16:25:28 Image %>

<% 16:25:28 Image %>

<% 16:25:28 Image %>

<% 16:25:28 Image %>

<% 16:25:28 Image %>

<% 16:25:28 Image %>

<% 16:25:28 Image %>

<% 16:25:28 Image %>

<% 16:25:28 Image %>

<% 16:25:28 Image %>

<% 16:25:28 Image %>

<% 16:25:28 Image %>

<% 16:25:28 Image %>

<% 16:25:28 Image %>

<% 16:25:28 Image %>

<% 16:25:28 Image %>

<% 16:25:28 Image %>

<% 16:25:28 Image %>

<% 16:25:28 Image %>

<% 16:25:28 Image %>

<% 16:25:28 Image %>

<% 16:25:28 Image %>

<% 16:25:28 Image %>

<% 16:25:28 Image %>

<% 16:25:28 Image %>

<% 16:25:28 Image %>

<% 16:25:28 Image %>

<% 16:25:28 Image %>

<% 16:25:28 Image %>

<% 16:25:28 Image %>

<% 16:25:28 Image %>

<% 16:25:28 Image %>

<% 16:25:28 Image %>

<% 16:25:28 Image %>

<% 16:25:28 Image %>

<% 16:25:28 Page[page_2: http://sdkcga6306:82/Home.aspx](1) %>

<% 16:25:28 Page[page_3: http://sdkcga6306:82/FacilityLevels.aspx](1) %>

<% 16:25:28 Image %>

<% 16:25:28 Image %>

<% 16:25:28 Image %>

<% 16:25:28 Image %>

<% 16:25:28 Image %>

<% 16:25:28 Image %>

<% 16:25:28 Image %>

<% 16:25:28 Image %>

<% 16:25:29 Image %>

<% 16:25:29 Image %>

<% 16:25:29 Image %>

<% 16:25:29 Image %>

<% 16:25:29 Image %>

<% 16:25:29 Image %>

<% 16:25:29 Image %>

<% 16:25:29 Image %>

<% 16:25:29 Image %>

<% 16:25:29 Image %>

<% 16:25:29 Image %>

<% 16:25:29 Image %>

<% 16:25:29 Image %>

<% 16:25:29 Image %>

<% 16:25:29 Image %>

<% 16:25:29 Image %>

<% 16:25:29 Image %>

<% 16:25:29 Image %>

<% 16:25:29 Image %>

<% 16:25:29 Image %>

<% 16:25:29 Image %>

<% 16:25:29 Image %>

<% 16:25:29 Image %>

<% 16:25:29 Image %>

<% 16:25:29 Image %>

<% 16:25:29 Image %>

<% 16:25:29 Image %>

<% 16:25:29 Image %>

<% 16:25:29 Image %>

<% 16:25:29 Image %>

<% 16:25:29 Image %>

<% 16:25:29 Image %>

<% 16:25:29 Image %>

<% 16:25:29 Image %>

<% 16:25:29 Image %>

<% 16:25:29 Image %>

<% 16:25:29 Image %>

<% 16:25:29 Image %>

<% 16:25:29 Page[page_4: http://sdkcga6306:82/FacilityLevels.aspx](1) %>

<% 16:25:34 Page[page_5: http://sdkcga6306:82/FacilityLevels.aspx](1) %>

<% 16:25:34 Page[page_6: http://sdkcga6306:82/FacilityLevels.aspx](1) %>

<% 16:25:34 Page[Facilities](1) %>

<% 16:26:16 Page[Confidentiality](1) %>

<% 16:26:22 Session(4) %>

<% 16:26:22 Page[page_1: http://sdkcga6306:82/Home.aspx](1) %>

<% 16:26:22 Connect %>
Connecting to remote host: sdkcga6306:82...

<% 16:26:23 Image %>

<% 16:26:23 Image %>

<% 16:26:23 Image %>

<% 16:26:28 Image %>

<% 16:26:28 Image %>

<% 16:26:28 Image %>

<% 16:26:28 Image %>

<% 16:26:28 Image %>

<% 16:26:28 Image %>

<% 16:26:28 Image %>

<% 16:26:28 Image %>

<% 16:26:28 Image %>

<% 16:26:28 Image %>

<% 16:26:28 Image %>

<% 16:26:28 Image %>

<% 16:26:28 Image %>

<% 16:26:28 Image %>

<% 16:26:28 Image %>

<% 16:26:28 Image %>

<% 16:26:28 Image %>

<% 16:26:28 Image %>

<% 16:26:28 Image %>

<% 16:26:28 Image %>

<% 16:26:28 Image %>

<% 16:26:28 Image %>

<% 16:26:28 Image %>

<% 16:26:28 Image %>

<% 16:26:29 Image %>

<% 16:26:29 Image %>

<% 16:26:29 Image %>

<% 16:26:29 Image %>

<% 16:26:29 Image %>

<% 16:26:29 Image %>

<% 16:26:29 Image %>

<% 16:26:29 Image %>

<% 16:26:29 Page[page_2: http://sdkcga6306:82/Home.aspx](1) %>

<% 16:26:29 Page[page_3: http://sdkcga6306:82/FacilityLevels.aspx](1) %>

<% 16:26:29 Image %>

<% 16:26:29 Image %>

<% 16:26:29 Image %>

<% 16:26:32 Image %>

<% 16:26:38 Image %>

<% 16:26:47 Image %>

<% 16:26:47 Image %>

<% 16:26:47 Image %>

<% 16:26:47 Image %>

<% 16:26:47 Image %>

<% 16:26:47 Image %>

<% 16:26:47 Image %>

<% 16:26:47 Image %>

<% 16:26:47 Image %>

<% 16:26:47 Image %>

<% 16:26:47 Image %>

<% 16:26:47 Image %>

<% 16:26:47 Image %>

<% 16:26:47 Image %>

<% 16:26:47 Image %>

<% 16:26:47 Image %>

<% 16:26:47 Image %>

<% 16:26:47 Image %>

<% 16:26:47 Image %>

<% 16:26:47 Image %>

<% 16:26:47 Image %>

<% 16:26:47 Image %>

<% 16:26:47 Image %>

<% 16:26:47 Image %>

<% 16:26:47 Image %>

<% 16:26:47 Image %>

<% 16:26:47 Image %>

<% 16:26:47 Image %>

<% 16:26:47 Image %>

<% 16:26:47 Image %>

<% 16:26:47 Image %>

<% 16:26:47 Image %>

<% 16:26:47 Image %>

<% 16:26:47 Image %>

<% 16:26:47 Image %>

<% 16:26:48 Image %>

<% 16:26:48 Image %>

<% 16:26:48 Image %>

<% 16:26:48 Image %>

<% 16:26:48 Image %>

<% 16:26:48 Image %>

<% 16:26:48 Page[page_4: http://sdkcga6306:82/FacilityLevels.aspx](1) %>

<% 16:26:48 Page[page_5: http://sdkcga6306:82/FacilityLevels.aspx](1) %>

<% 16:26:48 Page[page_6: http://sdkcga6306:82/FacilityLevels.aspx](1) %>

<% 16:26:48 Page[Facilities](1) %>

<% 16:27:25 Page[Confidentiality](1) %>

<% 16:27:33 Session(5) %>

<% 16:27:33 Page[page_1: http://sdkcga6306:82/Home.aspx](1) %>

<% 16:27:33 Connect %>
Connecting to remote host: sdkcga6306:82...

<% 16:27:34 Image %>

<% 16:27:34 Image %>

<% 16:27:34 Image %>

<% 16:27:34 Image %>

<% 16:27:34 Image %>

<% 16:27:34 Image %>

<% 16:27:34 Image %>

<% 16:27:34 Image %>

<% 16:27:34 Image %>

<% 16:27:34 Image %>

<% 16:27:34 Image %>

<% 16:27:34 Image %>

<% 16:27:34 Image %>

<% 16:27:34 Image %>

<% 16:27:34 Image %>

<% 16:27:34 Image %>

<% 16:27:34 Image %>

<% 16:27:34 Image %>

<% 16:27:34 Image %>

<% 16:27:34 Image %>

<% 16:27:34 Image %>

<% 16:27:34 Image %>

<% 16:27:34 Image %>

<% 16:27:34 Image %>

<% 16:27:34 Image %>

<% 16:27:34 Image %>

<% 16:27:34 Image %>

<% 16:27:34 Image %>

<% 16:27:34 Image %>

<% 16:27:34 Image %>

<% 16:27:34 Image %>

<% 16:27:34 Image %>

<% 16:27:34 Image %>

<% 16:27:34 Image %>

<% 16:27:34 Image %>

<% 16:27:34 Page[page_2: http://sdkcga6306:82/Home.aspx](1) %>

<% 16:27:34 Page[page_3: http://sdkcga6306:82/FacilityLevels.aspx](1) %>

<% 16:27:35 Image %>

<% 16:27:35 Image %>

<% 16:27:35 Image %>

<% 16:27:35 Image %>

<% 16:27:35 Image %>

<% 16:27:35 Image %>

<% 16:27:35 Image %>

<% 16:27:35 Image %>

<% 16:27:35 Image %>

<% 16:27:35 Image %>

<% 16:27:35 Image %>

<% 16:27:35 Image %>

<% 16:27:35 Image %>

<% 16:27:35 Image %>

<% 16:27:35 Image %>

<% 16:27:35 Image %>

<% 16:27:35 Image %>

<% 16:27:35 Image %>

<% 16:27:35 Image %>

<% 16:27:35 Image %>

<% 16:27:35 Image %>

<% 16:27:35 Image %>

<% 16:27:35 Image %>

<% 16:27:35 Image %>

<% 16:27:35 Image %>

<% 16:27:35 Image %>

<% 16:27:35 Image %>

<% 16:27:35 Image %>

<% 16:27:35 Image %>

<% 16:27:35 Image %>

<% 16:27:35 Image %>

<% 16:27:35 Image %>

<% 16:27:35 Image %>

<% 16:27:35 Image %>

<% 16:27:35 Image %>

<% 16:27:35 Image %>

<% 16:27:35 Image %>

<% 16:27:35 Image %>

<% 16:27:35 Image %>

<% 16:27:35 Image %>

<% 16:27:35 Image %>

<% 16:27:35 Image %>

<% 16:27:35 Image %>

<% 16:27:35 Image %>

<% 16:27:35 Image %>

<% 16:27:35 Image %>

<% 16:27:35 Page[page_4: http://sdkcga6306:82/FacilityLevels.aspx](1) %>

<% 16:27:35 Page[page_5: http://sdkcga6306:82/FacilityLevels.aspx](1) %>

<% 16:27:35 Page[page_6: http://sdkcga6306:82/FacilityLevels.aspx](1) %>

<% 16:27:36 Page[Facilities](1) %>

<% 16:28:14 Page[Confidentiality](1) %>

<% 16:28:18 Session(6) %>

<% 16:28:18 Page[page_1: http://sdkcga6306:82/Home.aspx](1) %>

<% 16:28:18 Connect %>
Connecting to remote host: sdkcga6306:82...

<% 16:28:36 Image %>

<% 16:28:36 Image %>

<% 16:28:43 Image %>

<% 16:28:49 Image %>

<% 16:28:49 Image %>

<% 16:28:49 Image %>

<% 16:28:49 Image %>

<% 16:28:49 Image %>

<% 16:28:49 Image %>

<% 16:28:51 Image %>

<% 16:28:52 Image %>

<% 16:28:57 Image %>

<% 16:28:58 Image %>

<% 16:28:58 Image %>

<% 16:28:58 Image %>

<% 16:28:58 Image %>

<% 16:28:58 Image %>

<% 16:28:58 Image %>

<% 16:28:58 Image %>

<% 16:28:58 Image %>

<% 16:28:58 Image %>

<% 16:28:58 Image %>

<% 16:28:58 Image %>

<% 16:28:58 Image %>

<% 16:28:58 Image %>

<% 16:28:58 Image %>

<% 16:28:58 Image %>

<% 16:28:58 Image %>

<% 16:28:58 Image %>

<% 16:28:58 Image %>

<% 16:28:58 Image %>

<% 16:28:58 Image %>

<% 16:28:58 Image %>

<% 16:28:58 Image %>

<% 16:28:58 Image %>

<% 16:28:58 Page[page_2: http://sdkcga6306:82/Home.aspx](1) %>

<% 16:28:58 Page[page_3: http://sdkcga6306:82/FacilityLevels.aspx](1) %>

<% 16:28:59 Image %>

<% 16:28:59 Image %>

<% 16:28:59 Image %>

<% 16:28:59 Image %>

<% 16:28:59 Image %>

<% 16:28:59 Image %>

<% 16:28:59 Image %>

<% 16:28:59 Image %>

<% 16:28:59 Image %>

<% 16:28:59 Image %>

<% 16:28:59 Image %>

<% 16:28:59 Image %>

<% 16:28:59 Image %>

<% 16:28:59 Image %>

<% 16:28:59 Image %>

<% 16:28:59 Image %>

<% 16:28:59 Image %>

<% 16:28:59 Image %>

<% 16:28:59 Image %>

<% 16:28:59 Image %>

<% 16:28:59 Image %>

<% 16:28:59 Image %>

<% 16:28:59 Image %>

<% 16:28:59 Image %>

<% 16:28:59 Image %>

<% 16:28:59 Image %>

<% 16:28:59 Image %>

<% 16:28:59 Image %>

<% 16:28:59 Image %>

<% 16:28:59 Image %>

<% 16:28:59 Image %>

<% 16:28:59 Image %>

<% 16:28:59 Image %>

<% 16:28:59 Image %>

<% 16:28:59 Image %>

<% 16:28:59 Image %>

<% 16:28:59 Image %>

<% 16:28:59 Image %>

<% 16:28:59 Image %>

<% 16:28:59 Image %>

<% 16:28:59 Image %>

<% 16:28:59 Image %>

<% 16:28:59 Image %>

<% 16:28:59 Image %>

<% 16:28:59 Image %>

<% 16:28:59 Image %>

<% 16:28:59 Page[page_4: http://sdkcga6306:82/FacilityLevels.aspx](1) %>

<% 16:28:59 Page[page_5: http://sdkcga6306:82/FacilityLevels.aspx](1) %>

<% 16:29:00 Page[page_6: http://sdkcga6306:82/FacilityLevels.aspx](1) %>

<% 16:29:00 Page[Facilities](1) %>

<% 16:29:34 Page[Confidentiality](1) %>

<% 16:30:07 Session(7) %>

<% 16:30:07 Page[page_1: http://sdkcga6306:82/Home.aspx](1) %>

<% 16:30:07 Connect %>
Connecting to remote host: sdkcga6306:82...

<% 16:30:09 Image %>

<% 16:30:09 Image %>

<% 16:30:16 Image %>

<% 16:30:16 Image %>

<% 16:30:16 Image %>

<% 16:30:16 Image %>

<% 16:30:16 Image %>

<% 16:30:16 Image %>

<% 16:30:16 Image %>

<% 16:30:16 Image %>

<% 16:30:16 Image %>

<% 16:30:16 Image %>

<% 16:30:16 Image %>

<% 16:30:16 Image %>

<% 16:30:16 Image %>

<% 16:30:16 Image %>

<% 16:30:16 Image %>

<% 16:30:16 Image %>

<% 16:30:16 Image %>

<% 16:30:16 Image %>

<% 16:30:16 Image %>

<% 16:30:16 Image %>

<% 16:30:16 Image %>

<% 16:30:16 Image %>

<% 16:30:16 Image %>

<% 16:30:16 Image %>

<% 16:30:16 Image %>

<% 16:30:16 Image %>

<% 16:30:16 Image %>

<% 16:30:16 Image %>

<% 16:30:16 Image %>

<% 16:30:16 Image %>

<% 16:30:16 Image %>

<% 16:30:16 Image %>

<% 16:30:16 Image %>

<% 16:30:16 Page[page_2: http://sdkcga6306:82/Home.aspx](1) %>

<% 16:30:16 Page[page_3: http://sdkcga6306:82/FacilityLevels.aspx](1) %>

<% 16:30:16 Image %>

<% 16:30:16 Image %>

<% 16:30:16 Image %>

<% 16:30:16 Image %>

<% 16:30:16 Image %>

<% 16:30:16 Image %>

<% 16:30:16 Image %>

<% 16:30:16 Image %>

<% 16:30:17 Image %>

<% 16:30:17 Image %>

<% 16:30:17 Image %>

<% 16:30:17 Image %>

<% 16:30:17 Image %>

<% 16:30:17 Image %>

<% 16:30:17 Image %>

<% 16:30:17 Image %>

<% 16:30:17 Image %>

<% 16:30:17 Image %>

<% 16:30:17 Image %>

<% 16:30:17 Image %>

<% 16:30:17 Image %>

<% 16:30:17 Image %>

<% 16:30:17 Image %>

<% 16:30:17 Image %>

<% 16:30:17 Image %>

<% 16:30:17 Image %>

<% 16:30:17 Image %>

<% 16:30:17 Image %>

<% 16:30:17 Image %>

<% 16:30:17 Image %>

<% 16:30:17 Image %>

<% 16:30:17 Image %>

<% 16:30:17 Image %>

<% 16:30:17 Image %>

<% 16:30:17 Image %>

<% 16:30:17 Image %>

<% 16:30:17 Image %>

<% 16:30:17 Image %>

<% 16:30:17 Image %>

<% 16:30:17 Image %>

<% 16:30:17 Image %>

<% 16:30:17 Image %>

<% 16:30:17 Image %>

<% 16:30:17 Image %>

<% 16:30:17 Image %>

<% 16:30:17 Image %>

<% 16:30:17 Page[page_4: http://sdkcga6306:82/FacilityLevels.aspx](1) %>

<% 16:30:17 Page[page_5: http://sdkcga6306:82/FacilityLevels.aspx](1) %>

<% 16:30:18 Page[page_6: http://sdkcga6306:82/FacilityLevels.aspx](1) %>

<% 16:30:18 Page[Facilities](1) %>

<% 16:31:17 Page[Confidentiality](1) %>

<% 16:31:43 Session(8) %>

<% 16:31:43 Page[page_1: http://sdkcga6306:82/Home.aspx](1) %>

<% 16:31:43 Connect %>
Connecting to remote host: sdkcga6306:82...

<% 16:32:02 Image %>

<% 16:32:02 Image %>

<% 16:32:03 Image %>

<% 16:32:03 Image %>

<% 16:32:03 Image %>

<% 16:32:03 Image %>

<% 16:32:03 Image %>

<% 16:32:03 Image %>

<% 16:32:03 Image %>

<% 16:32:03 Image %>

<% 16:32:03 Image %>

<% 16:32:03 Image %>

<% 16:32:03 Image %>

<% 16:32:03 Image %>

<% 16:32:03 Image %>

<% 16:32:03 Image %>

<% 16:32:03 Image %>

<% 16:32:03 Image %>

<% 16:32:03 Image %>

<% 16:32:03 Image %>

<% 16:32:03 Image %>

<% 16:32:03 Image %>

<% 16:32:03 Image %>

<% 16:32:03 Image %>

<% 16:32:03 Image %>

<% 16:32:03 Image %>

<% 16:32:03 Image %>

<% 16:32:03 Image %>

<% 16:32:03 Image %>

<% 16:32:03 Image %>

<% 16:32:03 Image %>

<% 16:32:03 Image %>

<% 16:32:03 Image %>

<% 16:32:03 Image %>

<% 16:32:03 Image %>

<% 16:32:03 Page[page_2: http://sdkcga6306:82/Home.aspx](1) %>

<% 16:32:03 Page[page_3: http://sdkcga6306:82/FacilityLevels.aspx](1) %>

<% 16:32:04 Image %>

<% 16:32:04 Image %>

<% 16:32:04 Image %>

<% 16:32:04 Image %>

<% 16:32:04 Image %>

<% 16:32:04 Image %>

<% 16:32:11 Image %>

<% 16:32:17 Image %>

<% 16:32:23 Image %>

<% 16:32:37 Image %>

<% 16:32:43 Image %>

<% 16:32:43 Image %>

<% 16:32:43 Image %>

<% 16:32:43 Image %>

<% 16:32:43 Image %>

<% 16:32:48 Image %>

<% 16:32:51 Image %>

<% 16:32:51 Image %>

<% 16:32:51 Image %>

<% 16:32:51 Image %>

<% 16:32:51 Image %>

<% 16:32:51 Image %>

<% 16:32:51 Image %>

<% 16:32:51 Image %>

<% 16:32:51 Image %>

<% 16:32:51 Image %>

<% 16:32:51 Image %>

<% 16:32:51 Image %>

<% 16:32:51 Image %>

<% 16:32:51 Image %>

<% 16:32:51 Image %>

<% 16:32:51 Image %>

<% 16:32:51 Image %>

<% 16:32:51 Image %>

<% 16:32:51 Image %>

<% 16:32:51 Image %>

<% 16:32:51 Image %>

<% 16:32:51 Image %>

<% 16:32:51 Image %>

<% 16:32:51 Image %>

<% 16:32:51 Image %>

<% 16:32:51 Image %>

<% 16:32:51 Image %>

<% 16:32:51 Image %>

<% 16:32:51 Image %>

<% 16:32:51 Image %>

<% 16:32:51 Page[page_4: http://sdkcga6306:82/FacilityLevels.aspx](1) %>

<% 16:32:52 Page[page_5: http://sdkcga6306:82/FacilityLevels.aspx](1) %>

<% 16:32:53 Page[page_6: http://sdkcga6306:82/FacilityLevels.aspx](1) %>

<% 16:32:54 Page[Facilities](1) %>

<% 16:33:17 Page[Confidentiality](1) %>

<% 16:33:36 Session(9) %>

<% 16:33:36 Page[page_1: http://sdkcga6306:82/Home.aspx](1) %>

<% 16:33:36 Connect %>
Connecting to remote host: sdkcga6306:82...

<% 16:33:44 Image %>

<% 16:33:45 Image %>

<% 16:34:05 Image %>

<% 16:34:10 Image %>

<% 16:34:13 Image %>

<% 16:34:13 Image %>

<% 16:34:13 Image %>

<% 16:34:13 Image %>

<% 16:34:13 Image %>

<% 16:34:14 Image %>

<% 16:34:15 Image %>

<% 16:34:15 Image %>

<% 16:34:15 Image %>

<% 16:34:15 Image %>

<% 16:34:15 Image %>

<% 16:34:15 Image %>

<% 16:34:15 Image %>

<% 16:34:15 Image %>

<% 16:34:15 Image %>

<% 16:34:15 Image %>

<% 16:34:15 Image %>

<% 16:34:15 Image %>

<% 16:34:15 Image %>

<% 16:34:15 Image %>

<% 16:34:15 Image %>

<% 16:34:15 Image %>

<% 16:34:15 Image %>

<% 16:34:15 Image %>

<% 16:34:15 Image %>

<% 16:34:15 Image %>

<% 16:34:15 Image %>

<% 16:34:15 Image %>

<% 16:34:15 Image %>

<% 16:34:15 Image %>

<% 16:34:15 Image %>

<% 16:34:15 Page[page_2: http://sdkcga6306:82/Home.aspx](1) %>

<% 16:34:15 Page[page_3: http://sdkcga6306:82/FacilityLevels.aspx](1) %>

<% 16:34:18 Image %>

<% 16:34:18 Image %>

<% 16:34:18 Image %>

<% 16:34:18 Image %>

<% 16:34:18 Image %>

<% 16:34:18 Image %>

<% 16:34:18 Image %>

<% 16:34:18 Image %>

<% 16:34:18 Image %>

<% 16:34:18 Image %>

<% 16:34:18 Image %>

<% 16:34:18 Image %>

<% 16:34:18 Image %>

<% 16:34:18 Image %>

<% 16:34:18 Image %>

<% 16:34:18 Image %>

<% 16:34:18 Image %>

<% 16:34:18 Image %>

<% 16:34:18 Image %>

<% 16:34:18 Image %>

<% 16:34:18 Image %>

<% 16:34:18 Image %>

<% 16:34:18 Image %>

<% 16:34:18 Image %>

<% 16:34:18 Image %>

<% 16:34:18 Image %>

<% 16:34:18 Image %>

<% 16:34:18 Image %>

<% 16:34:18 Image %>

<% 16:34:18 Image %>

<% 16:34:18 Image %>

<% 16:34:18 Image %>

<% 16:34:18 Image %>

<% 16:34:18 Image %>

<% 16:34:18 Image %>

<% 16:34:18 Image %>

<% 16:34:18 Image %>

<% 16:34:18 Image %>

<% 16:34:18 Image %>

<% 16:34:18 Image %>

<% 16:34:18 Image %>

<% 16:34:18 Image %>

<% 16:34:18 Image %>

<% 16:34:18 Image %>

<% 16:34:18 Image %>

<% 16:34:18 Image %>

<% 16:34:18 Page[page_4: http://sdkcga6306:82/FacilityLevels.aspx](1) %>

<% 16:34:18 Page[page_5: http://sdkcga6306:82/FacilityLevels.aspx](1) %>

<% 16:34:19 Page[page_6: http://sdkcga6306:82/FacilityLevels.aspx](1) %>

<% 16:34:19 Page[Facilities](1) %>

<% 16:35:03 Page[Confidentiality](1) %>

<% 16:35:20 Session(10) %>

<% 16:35:20 Page[page_1: http://sdkcga6306:82/Home.aspx](1) %>

<% 16:35:20 Connect %>
Connecting to remote host: sdkcga6306:82...

<% 16:35:22 Image %>

<% 16:35:22 Image %>

<% 16:35:22 Image %>

<% 16:35:22 Image %>

<% 16:35:22 Image %>

<% 16:35:22 Image %>

<% 16:35:22 Image %>

<% 16:35:22 Image %>

<% 16:35:22 Image %>

<% 16:35:22 Image %>

<% 16:35:22 Image %>

<% 16:35:22 Image %>

<% 16:35:22 Image %>

<% 16:35:22 Image %>

<% 16:35:22 Image %>

<% 16:35:22 Image %>

<% 16:35:22 Image %>

<% 16:35:22 Image %>

<% 16:35:22 Image %>

<% 16:35:22 Image %>

<% 16:35:22 Image %>

<% 16:35:22 Image %>

<% 16:35:22 Image %>

<% 16:35:22 Image %>

<% 16:35:22 Image %>

<% 16:35:22 Image %>

<% 16:35:22 Image %>

<% 16:35:22 Image %>

<% 16:35:22 Image %>

<% 16:35:22 Image %>

<% 16:35:22 Image %>

<% 16:35:22 Image %>

<% 16:35:22 Image %>

<% 16:35:22 Image %>

<% 16:35:22 Image %>

<% 16:35:22 Page[page_2: http://sdkcga6306:82/Home.aspx](1) %>

<% 16:35:22 Page[page_3: http://sdkcga6306:82/FacilityLevels.aspx](1) %>

<% 16:35:29 Image %>

<% 16:35:29 Image %>

<% 16:35:30 Image %>

<% 16:35:30 Image %>

<% 16:35:30 Image %>

<% 16:35:30 Image %>

<% 16:35:30 Image %>

<% 16:35:30 Image %>

<% 16:35:30 Image %>

<% 16:35:30 Image %>

<% 16:35:30 Image %>

<% 16:35:30 Image %>

<% 16:35:30 Image %>

<% 16:35:30 Image %>

<% 16:35:30 Image %>

<% 16:35:30 Image %>

<% 16:35:30 Image %>

<% 16:35:30 Image %>

<% 16:35:30 Image %>

<% 16:35:30 Image %>

<% 16:35:30 Image %>

<% 16:35:30 Image %>

<% 16:35:30 Image %>

<% 16:35:30 Image %>

<% 16:35:30 Image %>

<% 16:35:30 Image %>

<% 16:35:30 Image %>

<% 16:35:30 Image %>

<% 16:35:30 Image %>

<% 16:35:30 Image %>

<% 16:35:30 Image %>

<% 16:35:30 Image %>

<% 16:35:30 Image %>

<% 16:35:30 Image %>

<% 16:35:30 Image %>

<% 16:35:30 Image %>

<% 16:35:30 Image %>

<% 16:35:30 Image %>

<% 16:35:30 Image %>

<% 16:35:30 Image %>

<% 16:35:30 Image %>

<% 16:35:30 Image %>

<% 16:35:30 Image %>

<% 16:35:30 Image %>

<% 16:35:30 Image %>

<% 16:35:30 Image %>

<% 16:35:30 Page[page_4: http://sdkcga6306:82/FacilityLevels.aspx](1) %>

<% 16:35:30 Page[page_5: http://sdkcga6306:82/FacilityLevels.aspx](1) %>

<% 16:35:31 Page[page_6: http://sdkcga6306:82/FacilityLevels.aspx](1) %>

<% 16:35:32 Page[Facilities](1) %>

<% 16:36:22 Page[Confidentiality](1) %>

<% 16:36:44 Session(11) %>

<% 16:36:44 Page[page_1: http://sdkcga6306:82/Home.aspx](1) %>

<% 16:36:44 Connect %>
Connecting to remote host: sdkcga6306:82...

<% 16:36:47 Image %>

<% 16:36:47 Image %>

<% 16:36:47 Image %>

<% 16:36:47 Image %>

<% 16:36:47 Image %>

<% 16:36:47 Image %>

<% 16:36:47 Image %>

<% 16:36:47 Image %>

<% 16:36:47 Image %>

<% 16:36:47 Image %>

<% 16:36:47 Image %>

<% 16:36:47 Image %>

<% 16:36:47 Image %>

<% 16:36:47 Image %>

<% 16:36:47 Image %>

<% 16:36:47 Image %>

<% 16:36:48 Image %>

<% 16:36:48 Image %>

<% 16:36:48 Image %>

<% 16:36:48 Image %>

<% 16:36:48 Image %>

<% 16:36:48 Image %>

<% 16:36:48 Image %>

<% 16:36:48 Image %>

<% 16:36:48 Image %>

<% 16:36:48 Image %>

<% 16:36:48 Image %>

<% 16:36:48 Image %>

<% 16:36:48 Image %>

<% 16:36:48 Image %>

<% 16:36:48 Image %>

<% 16:36:48 Image %>

<% 16:36:48 Image %>

<% 16:36:48 Image %>

<% 16:36:48 Image %>

<% 16:36:48 Page[page_2: http://sdkcga6306:82/Home.aspx](1) %>

<% 16:36:48 Page[page_3: http://sdkcga6306:82/FacilityLevels.aspx](1) %>

<% 16:36:48 Image %>

<% 16:36:48 Image %>

<% 16:36:48 Image %>

<% 16:36:48 Image %>

<% 16:36:49 Image %>

<% 16:36:49 Image %>

<% 16:36:49 Image %>

<% 16:36:54 Image %>

<% 16:36:59 Image %>

<% 16:36:59 Image %>

<% 16:37:00 Image %>

<% 16:37:00 Image %>

<% 16:37:00 Image %>

<% 16:37:00 Image %>

<% 16:37:00 Image %>

<% 16:37:00 Image %>

<% 16:37:00 Image %>

<% 16:37:00 Image %>

<% 16:37:00 Image %>

<% 16:37:00 Image %>

<% 16:37:00 Image %>

<% 16:37:00 Image %>

<% 16:37:00 Image %>

<% 16:37:00 Image %>

<% 16:37:01 Image %>

<% 16:37:01 Image %>

<% 16:37:01 Image %>

<% 16:37:01 Image %>

<% 16:37:01 Image %>

<% 16:37:01 Image %>

<% 16:37:01 Image %>

<% 16:37:01 Image %>

<% 16:37:01 Image %>

<% 16:37:01 Image %>

<% 16:37:01 Image %>

<% 16:37:01 Image %>

<% 16:37:01 Image %>

<% 16:37:01 Image %>

<% 16:37:01 Image %>

<% 16:37:01 Image %>

<% 16:37:01 Image %>

<% 16:37:01 Image %>

<% 16:37:01 Image %>

<% 16:37:01 Image %>

<% 16:37:01 Image %>

<% 16:37:01 Image %>

<% 16:37:01 Page[page_4: http://sdkcga6306:82/FacilityLevels.aspx](1) %>

<% 16:37:03 Page[page_5: http://sdkcga6306:82/FacilityLevels.aspx](1) %>

<% 16:37:11 Page[page_6: http://sdkcga6306:82/FacilityLevels.aspx](1) %>

<% 16:37:11 Page[Facilities](1) %>

<% 16:38:10 Stopping %>

<% 16:38:10 Page[Confidentiality](1) %>
