
<% 16:26:25 Header %>
Server: [127.0.0.1] LDK100296.wsatkins.com
Client: [127.0.0.1] LDK100296.wsatkins.com
Profile: FacilityLevel_6306_User.wpp
Profile name: FacilityLevel_6306_User

<% 16:26:25 Session(1) %>

<% 16:26:25 Page[page_1: http://sdkcga6306:82/Home.aspx](1) %>

<% 16:26:25 Connect %>
Connecting to remote host: sdkcga6306:82...

<% 16:26:30 Image %>

<% 16:26:30 Image %>

<% 16:26:36 Image %>

<% 16:26:36 Image %>

<% 16:26:36 Image %>

<% 16:26:36 Image %>

<% 16:26:36 Image %>

<% 16:26:36 Image %>

<% 16:26:36 Image %>

<% 16:26:36 Image %>

<% 16:26:36 Image %>

<% 16:26:36 Image %>

<% 16:26:36 Image %>

<% 16:26:36 Image %>

<% 16:26:36 Image %>

<% 16:26:36 Image %>

<% 16:26:36 Image %>

<% 16:26:36 Image %>

<% 16:26:36 Image %>

<% 16:26:36 Image %>

<% 16:26:36 Image %>

<% 16:26:36 Image %>

<% 16:26:36 Image %>

<% 16:26:36 Image %>

<% 16:26:36 Image %>

<% 16:26:36 Image %>

<% 16:26:36 Image %>

<% 16:26:36 Image %>

<% 16:26:36 Image %>

<% 16:26:36 Image %>

<% 16:26:36 Image %>

<% 16:26:36 Image %>

<% 16:26:36 Image %>

<% 16:26:36 Image %>

<% 16:26:36 Image %>

<% 16:26:36 Page[page_2: http://sdkcga6306:82/Home.aspx](1) %>

<% 16:26:37 Page[page_3: http://sdkcga6306:82/FacilityLevels.aspx](1) %>

<% 16:26:37 Image %>

<% 16:26:37 Image %>

<% 16:26:37 Image %>

<% 16:26:37 Image %>

<% 16:26:37 Image %>

<% 16:26:37 Image %>

<% 16:26:37 Image %>

<% 16:26:37 Image %>

<% 16:26:37 Image %>

<% 16:26:37 Image %>

<% 16:26:37 Image %>

<% 16:26:37 Image %>

<% 16:26:37 Image %>

<% 16:26:37 Image %>

<% 16:26:37 Image %>

<% 16:26:37 Image %>

<% 16:26:37 Image %>

<% 16:26:37 Image %>

<% 16:26:37 Image %>

<% 16:26:37 Image %>

<% 16:26:37 Image %>

<% 16:26:37 Image %>

<% 16:26:37 Image %>

<% 16:26:37 Image %>

<% 16:26:37 Image %>

<% 16:26:37 Image %>

<% 16:26:37 Image %>

<% 16:26:37 Image %>

<% 16:26:37 Image %>

<% 16:26:37 Image %>

<% 16:26:37 Image %>

<% 16:26:37 Image %>

<% 16:26:37 Image %>

<% 16:26:37 Image %>

<% 16:26:37 Image %>

<% 16:26:37 Image %>

<% 16:26:37 Image %>

<% 16:26:37 Image %>

<% 16:26:37 Image %>

<% 16:26:37 Image %>

<% 16:26:37 Image %>

<% 16:26:37 Image %>

<% 16:26:37 Image %>

<% 16:26:37 Image %>

<% 16:26:37 Image %>

<% 16:26:37 Image %>

<% 16:26:37 Page[page_4: http://sdkcga6306:82/FacilityLevels.aspx](1) %>

<% 16:26:38 Page[page_5: http://sdkcga6306:82/FacilityLevels.aspx](1) %>

<% 16:26:38 Page[page_6: http://sdkcga6306:82/FacilityLevels.aspx](1) %>

<% 16:26:38 Page[Facilities](1) %>

<% 16:27:24 Page[Confidentiality](1) %>

<% 16:27:38 Session(2) %>

<% 16:27:38 Page[page_1: http://sdkcga6306:82/Home.aspx](1) %>

<% 16:27:38 Connect %>
Connecting to remote host: sdkcga6306:82...

<% 16:27:44 Image %>

<% 16:27:44 Image %>

<% 16:27:44 Image %>

<% 16:27:44 Image %>

<% 16:27:44 Image %>

<% 16:27:44 Image %>

<% 16:27:44 Image %>

<% 16:27:44 Image %>

<% 16:27:44 Image %>

<% 16:27:45 Image %>

<% 16:27:45 Image %>

<% 16:27:45 Image %>

<% 16:27:45 Image %>

<% 16:27:45 Image %>

<% 16:27:45 Image %>

<% 16:27:45 Image %>

<% 16:27:45 Image %>

<% 16:27:45 Image %>

<% 16:27:45 Image %>

<% 16:27:45 Image %>

<% 16:27:45 Image %>

<% 16:27:45 Image %>

<% 16:27:45 Image %>

<% 16:27:45 Image %>

<% 16:27:45 Image %>

<% 16:27:45 Image %>

<% 16:27:45 Image %>

<% 16:27:45 Image %>

<% 16:27:45 Image %>

<% 16:27:45 Image %>

<% 16:27:45 Image %>

<% 16:27:45 Image %>

<% 16:27:45 Image %>

<% 16:27:45 Image %>

<% 16:27:45 Image %>

<% 16:27:45 Page[page_2: http://sdkcga6306:82/Home.aspx](1) %>

<% 16:27:45 Page[page_3: http://sdkcga6306:82/FacilityLevels.aspx](1) %>

<% 16:27:45 Image %>

<% 16:27:45 Image %>

<% 16:27:46 Image %>

<% 16:27:46 Image %>

<% 16:27:46 Image %>

<% 16:27:46 Image %>

<% 16:27:46 Image %>

<% 16:27:46 Image %>

<% 16:27:46 Image %>

<% 16:27:46 Image %>

<% 16:27:46 Image %>

<% 16:27:46 Image %>

<% 16:27:46 Image %>

<% 16:27:46 Image %>

<% 16:27:46 Image %>

<% 16:27:46 Image %>

<% 16:27:46 Image %>

<% 16:27:47 Image %>

<% 16:27:47 Image %>

<% 16:27:57 Image %>

<% 16:28:09 Image %>

<% 16:28:09 Image %>

<% 16:28:09 Image %>

<% 16:28:09 Image %>

<% 16:28:09 Image %>

<% 16:28:09 Image %>

<% 16:28:09 Image %>

<% 16:28:09 Image %>

<% 16:28:09 Image %>

<% 16:28:09 Image %>

<% 16:28:09 Image %>

<% 16:28:09 Image %>

<% 16:28:09 Image %>

<% 16:28:09 Image %>

<% 16:28:09 Image %>

<% 16:28:09 Image %>

<% 16:28:09 Image %>

<% 16:28:09 Image %>

<% 16:28:09 Image %>

<% 16:28:09 Image %>

<% 16:28:09 Image %>

<% 16:28:09 Image %>

<% 16:28:09 Image %>

<% 16:28:09 Image %>

<% 16:28:09 Image %>

<% 16:28:09 Image %>

<% 16:28:09 Page[page_4: http://sdkcga6306:82/FacilityLevels.aspx](1) %>

<% 16:28:14 Page[page_5: http://sdkcga6306:82/FacilityLevels.aspx](1) %>

<% 16:28:21 Page[page_6: http://sdkcga6306:82/FacilityLevels.aspx](1) %>

<% 16:28:23 Page[Facilities](1) %>

<% 16:28:59 Page[Confidentiality](1) %>

<% 16:29:18 Session(3) %>

<% 16:29:18 Page[page_1: http://sdkcga6306:82/Home.aspx](1) %>

<% 16:29:18 Connect %>
Connecting to remote host: sdkcga6306:82...

<% 16:29:37 Image %>

<% 16:29:37 Image %>

<% 16:29:38 Image %>

<% 16:29:38 Image %>

<% 16:29:38 Image %>

<% 16:29:38 Image %>

<% 16:29:38 Image %>

<% 16:29:38 Image %>

<% 16:29:38 Image %>

<% 16:29:38 Image %>

<% 16:29:38 Image %>

<% 16:29:38 Image %>

<% 16:29:38 Image %>

<% 16:29:38 Image %>

<% 16:29:38 Image %>

<% 16:29:38 Image %>

<% 16:29:38 Image %>

<% 16:29:38 Image %>

<% 16:29:38 Image %>

<% 16:29:38 Image %>

<% 16:29:38 Image %>

<% 16:29:38 Image %>

<% 16:29:38 Image %>

<% 16:29:38 Image %>

<% 16:29:38 Image %>

<% 16:29:38 Image %>

<% 16:29:38 Image %>

<% 16:29:38 Image %>

<% 16:29:38 Image %>

<% 16:29:38 Image %>

<% 16:29:38 Image %>

<% 16:29:38 Image %>

<% 16:29:38 Image %>

<% 16:29:38 Image %>

<% 16:29:38 Image %>

<% 16:29:38 Page[page_2: http://sdkcga6306:82/Home.aspx](1) %>

<% 16:29:40 Page[page_3: http://sdkcga6306:82/FacilityLevels.aspx](1) %>

<% 16:29:47 Image %>

<% 16:29:48 Image %>

<% 16:29:48 Image %>

<% 16:29:48 Image %>

<% 16:29:48 Image %>

<% 16:29:48 Image %>

<% 16:29:48 Image %>

<% 16:29:48 Image %>

<% 16:29:48 Image %>

<% 16:29:48 Image %>

<% 16:29:48 Image %>

<% 16:29:48 Image %>

<% 16:29:48 Image %>

<% 16:29:48 Image %>

<% 16:29:48 Image %>

<% 16:29:48 Image %>

<% 16:29:48 Image %>

<% 16:29:48 Image %>

<% 16:29:48 Image %>

<% 16:29:48 Image %>

<% 16:29:48 Image %>

<% 16:29:48 Image %>

<% 16:29:48 Image %>

<% 16:29:48 Image %>

<% 16:29:48 Image %>

<% 16:29:48 Image %>

<% 16:29:48 Image %>

<% 16:29:48 Image %>

<% 16:29:48 Image %>

<% 16:29:48 Image %>

<% 16:29:48 Image %>

<% 16:29:48 Image %>

<% 16:29:49 Image %>

<% 16:29:49 Image %>

<% 16:29:49 Image %>

<% 16:29:49 Image %>

<% 16:29:49 Image %>

<% 16:29:49 Image %>

<% 16:29:49 Image %>

<% 16:29:49 Image %>

<% 16:29:49 Image %>

<% 16:29:49 Image %>

<% 16:29:49 Image %>

<% 16:29:49 Image %>

<% 16:29:49 Image %>

<% 16:29:49 Image %>

<% 16:29:49 Page[page_4: http://sdkcga6306:82/FacilityLevels.aspx](1) %>

<% 16:29:49 Page[page_5: http://sdkcga6306:82/FacilityLevels.aspx](1) %>

<% 16:29:49 Page[page_6: http://sdkcga6306:82/FacilityLevels.aspx](1) %>

<% 16:29:50 Page[Facilities](1) %>

<% 16:30:38 Page[Confidentiality](1) %>

<% 16:31:02 Session(4) %>

<% 16:31:02 Page[page_1: http://sdkcga6306:82/Home.aspx](1) %>

<% 16:31:02 Connect %>
Connecting to remote host: sdkcga6306:82...

<% 16:31:11 Image %>

<% 16:31:11 Image %>

<% 16:31:11 Image %>

<% 16:31:11 Image %>

<% 16:31:11 Image %>

<% 16:31:11 Image %>

<% 16:31:11 Image %>

<% 16:31:11 Image %>

<% 16:31:11 Image %>

<% 16:31:11 Image %>

<% 16:31:11 Image %>

<% 16:31:11 Image %>

<% 16:31:11 Image %>

<% 16:31:11 Image %>

<% 16:31:11 Image %>

<% 16:31:11 Image %>

<% 16:31:11 Image %>

<% 16:31:11 Image %>

<% 16:31:11 Image %>

<% 16:31:11 Image %>

<% 16:31:11 Image %>

<% 16:31:11 Image %>

<% 16:31:11 Image %>

<% 16:31:11 Image %>

<% 16:31:11 Image %>

<% 16:31:11 Image %>

<% 16:31:11 Image %>

<% 16:31:11 Image %>

<% 16:31:11 Image %>

<% 16:31:12 Image %>

<% 16:31:12 Image %>

<% 16:31:12 Image %>

<% 16:31:12 Image %>

<% 16:31:12 Image %>

<% 16:31:12 Image %>

<% 16:31:12 Page[page_2: http://sdkcga6306:82/Home.aspx](1) %>

<% 16:31:14 Page[page_3: http://sdkcga6306:82/FacilityLevels.aspx](1) %>

<% 16:31:34 Image %>

<% 16:31:34 Image %>

<% 16:31:34 Image %>

<% 16:31:35 Image %>

<% 16:31:35 Image %>

<% 16:31:35 Image %>

<% 16:31:35 Image %>

<% 16:31:35 Image %>

<% 16:31:35 Image %>

<% 16:31:35 Image %>

<% 16:31:35 Image %>

<% 16:31:35 Image %>

<% 16:31:35 Image %>

<% 16:31:35 Image %>

<% 16:31:35 Image %>

<% 16:31:35 Image %>

<% 16:31:35 Image %>

<% 16:31:35 Image %>

<% 16:31:35 Image %>

<% 16:31:35 Image %>

<% 16:31:35 Image %>

<% 16:31:35 Image %>

<% 16:31:35 Image %>

<% 16:31:35 Image %>

<% 16:31:35 Image %>

<% 16:31:35 Image %>

<% 16:31:35 Image %>

<% 16:31:35 Image %>

<% 16:31:35 Image %>

<% 16:31:35 Image %>

<% 16:31:35 Image %>

<% 16:31:35 Image %>

<% 16:31:35 Image %>

<% 16:31:35 Image %>

<% 16:31:35 Image %>

<% 16:31:35 Image %>

<% 16:31:35 Image %>

<% 16:31:35 Image %>

<% 16:31:35 Image %>

<% 16:31:35 Image %>

<% 16:31:35 Image %>

<% 16:31:35 Image %>

<% 16:31:35 Image %>

<% 16:31:35 Image %>

<% 16:31:35 Image %>

<% 16:31:35 Image %>

<% 16:31:35 Page[page_4: http://sdkcga6306:82/FacilityLevels.aspx](1) %>

<% 16:31:35 Page[page_5: http://sdkcga6306:82/FacilityLevels.aspx](1) %>

<% 16:31:36 Page[page_6: http://sdkcga6306:82/FacilityLevels.aspx](1) %>

<% 16:31:36 Page[Facilities](1) %>

<% 16:32:17 Page[Confidentiality](1) %>

<% 16:32:28 Session(5) %>

<% 16:32:28 Page[page_1: http://sdkcga6306:82/Home.aspx](1) %>

<% 16:32:28 Connect %>
Connecting to remote host: sdkcga6306:82...

<% 16:32:42 Image %>

<% 16:32:42 Image %>

<% 16:32:42 Image %>

<% 16:32:42 Image %>

<% 16:32:42 Image %>

<% 16:32:42 Image %>

<% 16:32:42 Image %>

<% 16:32:42 Image %>

<% 16:32:42 Image %>

<% 16:32:42 Image %>

<% 16:32:42 Image %>

<% 16:32:42 Image %>

<% 16:32:42 Image %>

<% 16:32:42 Image %>

<% 16:32:42 Image %>

<% 16:32:42 Image %>

<% 16:32:42 Image %>

<% 16:32:42 Image %>

<% 16:32:42 Image %>

<% 16:32:42 Image %>

<% 16:32:42 Image %>

<% 16:32:42 Image %>

<% 16:32:42 Image %>

<% 16:32:42 Image %>

<% 16:32:42 Image %>

<% 16:32:42 Image %>

<% 16:32:42 Image %>

<% 16:32:42 Image %>

<% 16:32:42 Image %>

<% 16:32:42 Image %>

<% 16:32:42 Image %>

<% 16:32:42 Image %>

<% 16:32:42 Image %>

<% 16:32:42 Image %>

<% 16:32:42 Image %>

<% 16:32:42 Page[page_2: http://sdkcga6306:82/Home.aspx](1) %>

<% 16:32:42 Page[page_3: http://sdkcga6306:82/FacilityLevels.aspx](1) %>

<% 16:32:42 Image %>

<% 16:32:42 Image %>

<% 16:32:43 Image %>

<% 16:32:43 Image %>

<% 16:32:43 Image %>

<% 16:32:48 Image %>

<% 16:32:54 Image %>

<% 16:33:02 Image %>

<% 16:33:02 Image %>

<% 16:33:02 Image %>

<% 16:33:02 Image %>

<% 16:33:02 Image %>

<% 16:33:02 Image %>

<% 16:33:02 Image %>

<% 16:33:02 Image %>

<% 16:33:02 Image %>

<% 16:33:02 Image %>

<% 16:33:02 Image %>

<% 16:33:02 Image %>

<% 16:33:02 Image %>

<% 16:33:02 Image %>

<% 16:33:02 Image %>

<% 16:33:02 Image %>

<% 16:33:02 Image %>

<% 16:33:02 Image %>

<% 16:33:02 Image %>

<% 16:33:02 Image %>

<% 16:33:02 Image %>

<% 16:33:02 Image %>

<% 16:33:02 Image %>

<% 16:33:02 Image %>

<% 16:33:02 Image %>

<% 16:33:02 Image %>

<% 16:33:02 Image %>

<% 16:33:02 Image %>

<% 16:33:02 Image %>

<% 16:33:02 Image %>

<% 16:33:02 Image %>

<% 16:33:02 Image %>

<% 16:33:02 Image %>

<% 16:33:02 Image %>

<% 16:33:02 Image %>

<% 16:33:02 Image %>

<% 16:33:02 Image %>

<% 16:33:02 Image %>

<% 16:33:02 Image %>

<% 16:33:02 Page[page_4: http://sdkcga6306:82/FacilityLevels.aspx](1) %>

<% 16:33:03 Page[page_5: http://sdkcga6306:82/FacilityLevels.aspx](1) %>

<% 16:33:03 Page[page_6: http://sdkcga6306:82/FacilityLevels.aspx](1) %>

<% 16:33:04 Page[Facilities](1) %>

<% 16:33:44 Page[Confidentiality](1) %>

<% 16:33:49 Session(6) %>

<% 16:33:49 Page[page_1: http://sdkcga6306:82/Home.aspx](1) %>

<% 16:33:49 Connect %>
Connecting to remote host: sdkcga6306:82...

<% 16:33:50 Image %>

<% 16:33:50 Image %>

<% 16:33:50 Image %>

<% 16:33:50 Image %>

<% 16:33:50 Image %>

<% 16:33:50 Image %>

<% 16:33:50 Image %>

<% 16:33:50 Image %>

<% 16:33:50 Image %>

<% 16:33:50 Image %>

<% 16:33:50 Image %>

<% 16:33:50 Image %>

<% 16:33:50 Image %>

<% 16:33:50 Image %>

<% 16:33:50 Image %>

<% 16:33:50 Image %>

<% 16:33:50 Image %>

<% 16:33:50 Image %>

<% 16:33:50 Image %>

<% 16:33:50 Image %>

<% 16:33:50 Image %>

<% 16:33:50 Image %>

<% 16:33:50 Image %>

<% 16:33:50 Image %>

<% 16:33:50 Image %>

<% 16:33:50 Image %>

<% 16:33:50 Image %>

<% 16:33:50 Image %>

<% 16:33:50 Image %>

<% 16:33:50 Image %>

<% 16:33:50 Image %>

<% 16:33:50 Image %>

<% 16:33:50 Image %>

<% 16:33:50 Image %>

<% 16:33:50 Image %>

<% 16:33:50 Page[page_2: http://sdkcga6306:82/Home.aspx](1) %>

<% 16:33:50 Page[page_3: http://sdkcga6306:82/FacilityLevels.aspx](1) %>

<% 16:33:51 Image %>

<% 16:33:51 Image %>

<% 16:33:51 Image %>

<% 16:33:51 Image %>

<% 16:34:05 Image %>

<% 16:34:11 Image %>

<% 16:34:24 Image %>

<% 16:34:24 Image %>

<% 16:34:24 Image %>

<% 16:34:24 Image %>

<% 16:34:24 Image %>

<% 16:34:24 Image %>

<% 16:34:24 Image %>

<% 16:34:24 Image %>

<% 16:34:24 Image %>

<% 16:34:24 Image %>

<% 16:34:24 Image %>

<% 16:34:24 Image %>

<% 16:34:24 Image %>

<% 16:34:24 Image %>

<% 16:34:24 Image %>

<% 16:34:24 Image %>

<% 16:34:24 Image %>

<% 16:34:24 Image %>

<% 16:34:24 Image %>

<% 16:34:24 Image %>

<% 16:34:24 Image %>

<% 16:34:24 Image %>

<% 16:34:24 Image %>

<% 16:34:24 Image %>

<% 16:34:24 Image %>

<% 16:34:24 Image %>

<% 16:34:24 Image %>

<% 16:34:24 Image %>

<% 16:34:24 Image %>

<% 16:34:24 Image %>

<% 16:34:24 Image %>

<% 16:34:24 Image %>

<% 16:34:25 Image %>

<% 16:34:25 Image %>

<% 16:34:25 Image %>

<% 16:34:25 Image %>

<% 16:34:25 Image %>

<% 16:34:25 Image %>

<% 16:34:25 Image %>

<% 16:34:25 Image %>

<% 16:34:25 Page[page_4: http://sdkcga6306:82/FacilityLevels.aspx](1) %>

<% 16:34:44 Page[page_5: http://sdkcga6306:82/FacilityLevels.aspx](1) %>

<% 16:34:46 Page[page_6: http://sdkcga6306:82/FacilityLevels.aspx](1) %>

<% 16:34:47 Page[Facilities](1) %>

<% 16:35:23 Page[Confidentiality](1) %>

<% 16:35:27 Session(7) %>

<% 16:35:27 Page[page_1: http://sdkcga6306:82/Home.aspx](1) %>

<% 16:35:27 Connect %>
Connecting to remote host: sdkcga6306:82...

<% 16:35:54 Image %>

<% 16:35:54 Image %>

<% 16:35:57 Image %>

<% 16:35:57 Image %>

<% 16:35:57 Image %>

<% 16:35:57 Image %>

<% 16:35:57 Image %>

<% 16:35:57 Image %>

<% 16:35:57 Image %>

<% 16:35:57 Image %>

<% 16:35:57 Image %>

<% 16:35:57 Image %>

<% 16:35:57 Image %>

<% 16:35:57 Image %>

<% 16:35:57 Image %>

<% 16:35:57 Image %>

<% 16:35:57 Image %>

<% 16:35:57 Image %>

<% 16:35:57 Image %>

<% 16:35:57 Image %>

<% 16:35:57 Image %>

<% 16:35:57 Image %>

<% 16:35:57 Image %>

<% 16:35:57 Image %>

<% 16:35:57 Image %>

<% 16:35:57 Image %>

<% 16:35:57 Image %>

<% 16:35:57 Image %>

<% 16:35:57 Image %>

<% 16:35:57 Image %>

<% 16:35:57 Image %>

<% 16:35:57 Image %>

<% 16:35:57 Image %>

<% 16:35:57 Image %>

<% 16:35:57 Image %>

<% 16:35:57 Page[page_2: http://sdkcga6306:82/Home.aspx](1) %>

<% 16:36:02 Page[page_3: http://sdkcga6306:82/FacilityLevels.aspx](1) %>

<% 16:36:19 Image %>

<% 16:36:19 Image %>

<% 16:36:19 Image %>

<% 16:36:19 Image %>

<% 16:36:19 Image %>

<% 16:36:19 Image %>

<% 16:36:19 Image %>

<% 16:36:19 Image %>

<% 16:36:19 Image %>

<% 16:36:19 Image %>

<% 16:36:19 Image %>

<% 16:36:19 Image %>

<% 16:36:19 Image %>

<% 16:36:19 Image %>

<% 16:36:19 Image %>

<% 16:36:19 Image %>

<% 16:36:19 Image %>

<% 16:36:19 Image %>

<% 16:36:19 Image %>

<% 16:36:19 Image %>

<% 16:36:19 Image %>

<% 16:36:19 Image %>

<% 16:36:19 Image %>

<% 16:36:19 Image %>

<% 16:36:19 Image %>

<% 16:36:19 Image %>

<% 16:36:19 Image %>

<% 16:36:19 Image %>

<% 16:36:19 Image %>

<% 16:36:19 Image %>

<% 16:36:19 Image %>

<% 16:36:19 Image %>

<% 16:36:19 Image %>

<% 16:36:19 Image %>

<% 16:36:19 Image %>

<% 16:36:19 Image %>

<% 16:36:19 Image %>

<% 16:36:19 Image %>

<% 16:36:19 Image %>

<% 16:36:19 Image %>

<% 16:36:19 Image %>

<% 16:36:19 Image %>

<% 16:36:19 Image %>

<% 16:36:19 Image %>

<% 16:36:19 Image %>

<% 16:36:19 Image %>

<% 16:36:19 Page[page_4: http://sdkcga6306:82/FacilityLevels.aspx](1) %>

<% 16:36:20 Page[page_5: http://sdkcga6306:82/FacilityLevels.aspx](1) %>

<% 16:36:20 Page[page_6: http://sdkcga6306:82/FacilityLevels.aspx](1) %>

<% 16:36:20 Page[Facilities](1) %>

<% 16:37:00 Page[Confidentiality](1) %>
