********************************************************* 
******* Start Creating E-PRTR KML file	  ****** 10-11-2010:10:06:27,76  
********************************************************* 
********************************************************* 
******* End Creating E-PRTR KML file	  ****** 10-11-2010:10:06:27,76  
********************************************************* 
********************************************************* 
******* Start Creating E-PRTR KML file	  ****** 10-11-2010:10:08:23,80  
********************************************************* 
********************************************************* 
******* End Creating E-PRTR KML file	  ****** 10-11-2010:10:08:23,80  
********************************************************* 
********************************************************* 
******* Start Creating E-PRTR KML file	  ****** 19-11-2010:14:54:19,39  
********************************************************* 

2010-11-19 14:54:30.472000  - Reading settings .... 

2010-11-19 14:54:31.369000  - Adding layers
[                  0%                  ]  0s/45s
[=====            13%                  ]  6s/45s
[==========       27%                  ]  12s/45s
[================ 42%                  ]  19s/45s
[=================56%=                 ]  25s/45s
[=================71%=======           ]  32s/45s
[=================78%==========        ]  35s/45s
[=================82%===========       ]  37s/45s
[=================89%==============    ]  40s/45s
[================100%==================]  45s/45s
Updating layers
Saving new mxd
  
2010-11-19 14:55:12.574000  ---- CREATING KMZ FILE ---- 
  
Parameters:  D:\Projects\EEA\EPRTR\EPRTR KML solution\EPRTR_Filled_2010-11-19.mxd   E-PRTR   D:\Projects\EEA\EPRTR\EPRTR KML solution\EPRTR_facilities_temp.kmz  1
Wait ....!
********************************************************* 
******* End Creating E-PRTR KML file	  ****** 19-11-2010:14:54:19,39  
********************************************************* 
********************************************************* 
******* Start Creating E-PRTR KML file	  ****** 26-11-2010:11:24:59,97  
********************************************************* 

2010-11-26 11:25:25.761000  - Reading settings .... 

2010-11-26 11:25:28.238000  - Adding layers
[                  0%                  ]  0s/45s
[=====            13%                  ]  6s/45s
[==========       27%                  ]  12s/45s
[================ 42%                  ]  19s/45s
[=================56%=                 ]  25s/45s
[=================71%=======           ]  32s/45s
[=================78%==========        ]  35s/45s
[=================82%===========       ]  37s/45s
[=================89%==============    ]  40s/45s
[================100%==================]  45s/45s
Updating layers
Saving new mxd
  
2010-11-26 11:26:30.336000  ---- CREATING KMZ FILE ---- 
  
Parameters:  D:\Projects\EEA\EPRTR\EPRTR KML solution\EPRTR_Filled_2010-11-26.mxd   E-PRTR   D:\Projects\EEA\EPRTR\EPRTR KML solution\EPRTR_facilities_temp.kmz  1
Wait ....!
********************************************************* 
******* End Creating E-PRTR KML file	  ****** 26-11-2010:11:24:59,97  
********************************************************* 
********************************************************* 
******* Start Creating E-PRTR KML file	  ****** 26-11-2010:12:50:55,50  
********************************************************* 

2010-11-26 12:51:22.164000  - Reading settings .... 

2010-11-26 12:51:24.151000  - Adding layers
[                  0%                  ]  0s/45s
[=====            13%                  ]  6s/45s
[==========       27%                  ]  12s/45s
[================ 42%                  ]  19s/45s
[=================56%=                 ]  25s/45s
[=================71%=======           ]  32s/45s
[=================78%==========        ]  35s/45s
[=================82%===========       ]  37s/45s
[=================89%==============    ]  40s/45s
[================100%==================]  45s/45s
Updating layers
Saving new mxd
  
2010-11-26 12:52:07.351000  ---- CREATING KMZ FILE ---- 
  
Parameters:  D:\Projects\EEA\EPRTR\EPRTR KML solution\EPRTR_Filled_2010-11-26.mxd   E-PRTR   D:\Projects\EEA\EPRTR\EPRTR KML solution\EPRTR_facilities_temp.kmz  1
Wait ....!
********************************************************* 
******* End Creating E-PRTR KML file	  ****** 26-11-2010:12:50:55,50  
********************************************************* 
********************************************************* 
******* Start Creating E-PRTR KML file	  ****** 26-11-2010:13:02:30,79  
********************************************************* 

2010-11-26 13:02:45.636000  - Reading settings .... 

2010-11-26 13:02:46.542000  - Adding layers
[                  0%                  ]  0s/45s
[=====            13%                  ]  6s/45s
[==========       27%                  ]  12s/45s
[================ 42%                  ]  19s/45s
[=================56%=                 ]  25s/45s
[=================71%=======           ]  32s/45s
[=================78%==========        ]  35s/45s
[=================82%===========       ]  37s/45s
[=================89%==============    ]  40s/45s
[================100%==================]  45s/45s
Updating layers
Saving new mxd
  
2010-11-26 13:03:28.311000  ---- CREATING KMZ FILE ---- 
  
Parameters:  D:\Projects\EEA\EPRTR\EPRTR KML solution\EPRTR_Filled_2010-11-26.mxd   E-PRTR   D:\Projects\EEA\EPRTR\EPRTR KML solution\EPRTR_facilities_temp.kmz  1
Wait ....!
2010-11-26 13:08:23.183000  - Kml done!
  
2010-11-26 13:08:23.184000  ---- VALIDATING KMZ FILE ---- 
  
archive size is 828759
FileHeader at 0
FileHeader at 380
FileHeader at 762
FileHeader at 1143
FileHeader at 1529
FileHeader at 1912
FileHeader at 2293
FileHeader at 2676
FileHeader at 3017
FileHeader at 3358
FileHeader at 3731
FileHeader at 4072
FileHeader at 4453
FileHeader at 4839
FileHeader at 5225
FileHeader at 5606
FileHeader at 5979
FileHeader at 6361
FileHeader at 6743
FileHeader at 7127
FileHeader at 7468
FileHeader at 7852
FileHeader at 8234
FileHeader at 8616
FileHeader at 9000
FileHeader at 9380
FileHeader at 9766
FileHeader at 10149
FileHeader at 10535
FileHeader at 10917
FileHeader at 11299
FileHeader at 11685
FileHeader at 12069
FileHeader at 12450
FileHeader at 12791
FileHeader at 13175
FileHeader at 13555
FileHeader at 821339
FileHeader at 821725
FileHeader at 822066
FileHeader at 822448
FileHeader at 822830
FileHeader at 823212
FileHeader at 823594
FileHeader at 823975
FileHeader at 824357
CentralDir at 824843
CentralDir at 824929
CentralDir at 825015
CentralDir at 825101
CentralDir at 825187
CentralDir at 825273
CentralDir at 825359
CentralDir at 825445
CentralDir at 825531
CentralDir at 825617
CentralDir at 825703
CentralDir at 825789
CentralDir at 825875
CentralDir at 825961
CentralDir at 826047
CentralDir at 826133
CentralDir at 826219
CentralDir at 826305
CentralDir at 826391
CentralDir at 826477
CentralDir at 826563
CentralDir at 826649
CentralDir at 826735
CentralDir at 826821
CentralDir at 826907
CentralDir at 826993
CentralDir at 827079
CentralDir at 827165
CentralDir at 827251
CentralDir at 827337
CentralDir at 827423
CentralDir at 827509
CentralDir at 827595
CentralDir at 827681
CentralDir at 827767
CentralDir at 827853
CentralDir at 827939
CentralDir at 827992
CentralDir at 828078
CentralDir at 828164
CentralDir at 828250
CentralDir at 828336
CentralDir at 828422
CentralDir at 828508
CentralDir at 828594
CentralDir at 828680
EndArchive at 828737
using posEndArchive = 828737
endArchive: ('PK\x05\x06', 0, 0, 46, 46, 3894, 824843, 0)
                        signature : 'PK\x05\x06'
                    this_disk_num : 0
             central_dir_disk_num : 0
central_dir_this_disk_num_entries : 46
  central_dir_overall_num_entries : 46
                 central_dir_size : 3894
               central_dir_offset : 824843
                     comment_size : 0

expected_comment_size: 0
actual_comment_size: 0
comment is all spaces: True
comment is all '\0': True
comment (first 100 bytes): ''
  
2010-11-26 13:08:23.204000  ---- COPY KMZ FILE TO REPLACE AND ADD NEW IMAGES ---- 
  
 -- Reads file -- 
 - kmz includes following files
13de5b46-4c7d-46cc-babc-555ae4df985a.png
1f9f7f38-acd5-4b12-8c9a-8f235926ac46.png
1fd50559-4ca6-4d5f-9240-d12414acecfd.png
2149406e-f31e-4db9-b466-d691e27e39b7.png
29641414-1e87-4662-9c29-20a1a35cc9a9.png
2cb1083c-e112-4b92-9f37-206dc9ceccbd.png
2face53c-84e2-44ae-bd90-da49a7d32459.png
3a6a5c0f-f9a4-46e9-8d93-f2645f565049.png
3f3ef4e7-4bfa-4ece-b816-55f9823def61.png
4147aba4-1e0e-42fb-8da0-714977b76186.png
41e54f43-7d3a-4648-9b4f-306de236ecf5.png
45d07a8d-3d5d-401e-a2c8-a267504dc00f.png
478f95bb-795e-40ef-89b6-52414de9ca9d.png
48ef44e9-afbe-4833-8547-28efa1f30d7b.png
505afdfd-1194-495b-bef6-c20588a051f4.png
51e15a4b-7385-4fdb-a363-1b8205441bb0.png
559fb2e8-c7ef-4ca4-96d7-b02e01ad8eb0.png
5c687615-7969-4d1f-8ee0-2a003916f3d1.png
5f575ee4-d133-4676-8009-edcdf874bd2e.png
6b47ebee-236f-462c-a358-364c4119da00.png
6c6116a4-d628-41fe-9275-69ea3525e9fc.png
7d3e5c61-3385-40db-983b-52b63dda60da.png
800cbd29-85c6-4308-b3f1-047061894fad.png
8206d329-416b-458c-9ed5-b3fe2fc9f2c7.png
8512904d-9fc5-4291-b125-f3083dc29309.png
8f74a552-0d91-44d2-8bbe-652a7c51058f.png
92667ec9-60bc-413a-a6f4-9d3c836741f9.png
930b4778-923b-476c-a212-c6b25fa6f81f.png
9fa9d988-a301-4560-ae36-1a2bdef4f35f.png
a18261ca-1f6e-47b4-8c64-bb0430da39d3.png
ae77cc43-10f6-4238-acc7-d1959861ba91.png
bb857aaa-00cc-4791-b7e2-d73ca434a200.png
c0ba9673-11da-4bd1-acda-3ad6dab793c5.png
c2121966-121a-40f3-8e08-d781ce11b9e9.png
d31f9a68-1e7e-47b2-ad57-9dfe3748af07.png
d4311481-0d98-4a77-b067-1d522b906124.png
doc.kml
e2506365-677e-436c-bb05-e6dd75d817e1.png
e562b255-f1cc-4c97-aba7-7215280754e4.png
e659b36e-f1f7-4c7a-8646-53811a045f92.png
ea671702-25ba-45b0-a46a-43fe28f31729.png
ed467f20-7ffd-4318-b25c-ac5f1ac55f21.png
fd01b898-238e-4839-a1e0-2a80e5bf1973.png
fd779b61-39a7-4cde-aa1b-2af02a14ac8c.png
ffd43584-a903-4eb2-94cd-2329a6d3b78d.png
legend0.png
2010-11-26 13:08:23.573000 Writing new kmz succeded!
  
2010-11-26 13:08:23.574000  ---- CREATE PRODUCTION COPY OF KMZ FILE ---- 
  
Copy Success
  
2010-11-26 13:08:23.624000  ---- DONE! ---- 
  
********************************************************* 
******* End Creating E-PRTR KML file	  ****** 26-11-2010:13:02:30,79  
********************************************************* 
********************************************************* 
******* Start Creating E-PRTR KML file	  ****** 26-11-2010:15:04:45,99  
********************************************************* 

2010-11-26 15:05:08.870000  - Reading settings .... 

2010-11-26 15:05:10.976000  - Adding layers
[                  0%                  ]  0s/45s
[=====            13%                  ]  6s/45s
[==========       27%                  ]  12s/45s
[================ 42%                  ]  19s/45s
[=================56%=                 ]  25s/45s
[=================71%=======           ]  32s/45s
[=================78%==========        ]  35s/45s
[=================82%===========       ]  37s/45s
[=================89%==============    ]  40s/45s
[================100%==================]  45s/45s
Updating layers
Saving new mxd
  
2010-11-26 15:05:53.434000  ---- CREATING KMZ FILE ---- 
  
Parameters:  D:\Projects\EEA\EPRTR\EPRTR KML solution\EPRTR_Filled_2010-11-26.mxd   E-PRTR   D:\Projects\EEA\EPRTR\EPRTR KML solution\EPRTR_facilities_temp.kmz  1
Wait ....!
2010-11-26 15:11:37.398000  - Kml done!
  
2010-11-26 15:11:37.399000  ---- VALIDATING KMZ FILE ---- 
  
archive size is 2083612
FileHeader at 0
FileHeader at 382
FileHeader at 763
FileHeader at 1143
FileHeader at 1527
FileHeader at 1908
FileHeader at 2294
FileHeader at 2667
FileHeader at 3050
FileHeader at 3436
FileHeader at 3820
FileHeader at 4203
FileHeader at 4585
FileHeader at 4967
FileHeader at 5353
FileHeader at 5694
FileHeader at 6075
FileHeader at 6456
FileHeader at 6839
FileHeader at 7225
FileHeader at 7607
FileHeader at 7948
FileHeader at 8289
FileHeader at 8675
FileHeader at 9056
FileHeader at 9438
FileHeader at 9822
FileHeader at 10202
FileHeader at 10584
FileHeader at 10966
FileHeader at 11339
FileHeader at 11725
FileHeader at 12109
FileHeader at 12491
FileHeader at 12832
FileHeader at 13218
FileHeader at 13559
FileHeader at 13941
FileHeader at 14323
FileHeader at 14703
FileHeader at 15084
FileHeader at 2077721
FileHeader at 2078105
FileHeader at 2078446
FileHeader at 2078828
FileHeader at 2079210
CentralDir at 2079696
CentralDir at 2079782
CentralDir at 2079868
CentralDir at 2079954
CentralDir at 2080040
CentralDir at 2080126
CentralDir at 2080212
CentralDir at 2080298
CentralDir at 2080384
CentralDir at 2080470
CentralDir at 2080556
CentralDir at 2080642
CentralDir at 2080728
CentralDir at 2080814
CentralDir at 2080900
CentralDir at 2080986
CentralDir at 2081072
CentralDir at 2081158
CentralDir at 2081244
CentralDir at 2081330
CentralDir at 2081416
CentralDir at 2081502
CentralDir at 2081588
CentralDir at 2081674
CentralDir at 2081760
CentralDir at 2081846
CentralDir at 2081932
CentralDir at 2082018
CentralDir at 2082104
CentralDir at 2082190
CentralDir at 2082276
CentralDir at 2082362
CentralDir at 2082448
CentralDir at 2082534
CentralDir at 2082620
CentralDir at 2082706
CentralDir at 2082792
CentralDir at 2082878
CentralDir at 2082964
CentralDir at 2083050
CentralDir at 2083136
CentralDir at 2083189
CentralDir at 2083275
CentralDir at 2083361
CentralDir at 2083447
CentralDir at 2083533
EndArchive at 2083590
using posEndArchive = 2083590
endArchive: ('PK\x05\x06', 0, 0, 46, 46, 3894, 2079696, 0)
                        signature : 'PK\x05\x06'
                    this_disk_num : 0
             central_dir_disk_num : 0
central_dir_this_disk_num_entries : 46
  central_dir_overall_num_entries : 46
                 central_dir_size : 3894
               central_dir_offset : 2079696
                     comment_size : 0

expected_comment_size: 0
actual_comment_size: 0
comment is all spaces: True
comment is all '\0': True
comment (first 100 bytes): ''
  
2010-11-26 15:11:37.418000  ---- COPY KMZ FILE TO REPLACE AND ADD NEW IMAGES ---- 
  
 -- Reads file -- 
 - kmz includes following files
0915ba0e-2d15-4802-be07-9f1457497891.png
11a47e00-a574-476e-9ab3-58f467022d26.png
123249f3-b519-413e-b403-3c7b87ae1205.png
199f9c18-f3bd-44a8-9ef2-8d87ec6f56cd.png
1c07b275-3251-4bb6-b6f2-4e7727d12982.png
1e922ca3-eb29-4b43-b9d8-b66ba9c852f2.png
20397353-cf96-4535-bd4f-eea4dbcd14b1.png
2442477f-1577-4375-9d06-1cfdafe767d5.png
2a003550-89a1-4e22-9963-6c4e7fe8ddff.png
2b6a4ff6-3d00-4067-af6a-d92317313d65.png
326672e3-f404-4cd1-b18a-171f6352b98b.png
328e38e9-7eaa-4220-b73f-529dc6946b95.png
33109961-fa12-4625-8152-272bcbadb4b3.png
33aea5d2-3830-4af0-8a25-dfe787ee0517.png
48e4d446-5ab5-4116-a545-914e2b1b8b7b.png
4d855243-b05a-4545-8945-f55f6b79caaf.png
56a9eff4-5ef9-46da-a4e3-11950128821c.png
60f9176a-3f0b-4fdf-916e-0ffd28848e3a.png
6e082fc7-f953-4f1b-abc3-6d964a6fb3e5.png
70182236-01f8-4e7a-bcc7-51c3425b848f.png
70825233-bb0f-47af-b3ad-41551603ebdd.png
74399b79-d44e-4aca-bd3e-a5a91e0c2da8.png
76966511-490e-45dc-a636-c7728cf8fa47.png
793d510d-4cd1-42ed-83d9-76cbf301ac0e.png
87d08f51-c7d8-46bd-bd15-079897e6c74d.png
894b30d0-36e1-48c6-8892-0d78a4ce758e.png
8983f42c-2de0-4bd0-bd8d-ad092aa207cc.png
951593e4-6005-42ef-950d-7bbcc15d9f0c.png
962dc410-726a-4422-9b95-c1df686c08bb.png
99fe2eca-e627-4d6c-8aea-fadcba05427f.png
9d70e970-148f-43a4-8b00-c65b0dbd0ffc.png
b0b24d7b-fc4b-47ff-8e2e-83ce2984e8b6.png
b1479651-6607-4e06-a46b-a54e8a244302.png
b1dab3ed-640f-4eb6-9f66-466c26d7af6a.png
bd3c2102-6b47-44b1-8380-68ce17ae6151.png
c3d1f0ee-a615-42d1-8ff4-679dcf22c22f.png
c6e0eb06-6d5f-45e4-bb31-d691d51d56db.png
d3aa99da-0bd1-49f2-a0c2-fb999ebac636.png
d552c14f-5648-45c4-bb3b-ffa44e4baaa2.png
d8fad41e-eae4-48a2-80f6-38e7cfd53fb7.png
doc.kml
e1c41a89-d2d9-4fb7-8a20-fd008bfd2721.png
ea841311-61b1-4d49-afd6-427ae529a940.png
eae4ba9d-e6bc-4486-a0fe-8c3b07c1725e.png
f4b81dd2-ecdd-46c1-acea-6cca1d14b6c7.png
legend0.png
2010-11-26 15:11:38.727000 Writing new kmz succeded!
  
2010-11-26 15:11:38.728000  ---- CREATE PRODUCTION COPY OF KMZ FILE ---- 
  
Copy Success
  
2010-11-26 15:11:38.866000  ---- DONE! ---- 
  
********************************************************* 
******* End Creating E-PRTR KML file	  ****** 26-11-2010:15:04:45,99  
********************************************************* 
