
<% 16:21:54 Header %>
Server: [10.217.33.37] sdkcga6037.rdg.bane.dk
Client: Logs
Profile: FacilityLevel_6306_User.wpp
Profile name: FacilityLevel_6306_User

<% 16:21:54 Session(1) %>

<% 16:21:54 Page[page_1: http://sdkcga6306:82/Home.aspx](1) %>

<% 16:21:54 Connect %>
Connecting to remote host: sdkcga6306:82...

<% 16:21:54 Image %>

<% 16:21:54 Image %>

<% 16:21:54 Image %>

<% 16:21:54 Image %>

<% 16:21:54 Image %>

<% 16:21:54 Image %>

<% 16:21:54 Image %>

<% 16:21:54 Image %>

<% 16:21:54 Image %>

<% 16:21:54 Image %>

<% 16:21:54 Image %>

<% 16:21:54 Image %>

<% 16:21:54 Image %>

<% 16:21:54 Image %>

<% 16:21:54 Image %>

<% 16:21:54 Image %>

<% 16:21:54 Image %>

<% 16:21:54 Image %>

<% 16:21:54 Image %>

<% 16:21:54 Image %>

<% 16:21:54 Image %>

<% 16:21:54 Image %>

<% 16:21:54 Image %>

<% 16:21:54 Image %>

<% 16:21:55 Image %>

<% 16:21:55 Image %>

<% 16:21:55 Image %>

<% 16:21:55 Image %>

<% 16:21:55 Image %>

<% 16:21:55 Image %>

<% 16:21:55 Image %>

<% 16:21:55 Image %>

<% 16:21:55 Image %>

<% 16:21:55 Image %>

<% 16:21:55 Image %>

<% 16:21:55 Page[page_2: http://sdkcga6306:82/Home.aspx](1) %>

<% 16:21:55 Page[page_3: http://sdkcga6306:82/FacilityLevels.aspx](1) %>

<% 16:21:55 Image %>

<% 16:21:55 Image %>

<% 16:21:55 Image %>

<% 16:21:55 Image %>

<% 16:21:55 Image %>

<% 16:21:55 Image %>

<% 16:21:55 Image %>

<% 16:21:55 Image %>

<% 16:21:55 Image %>

<% 16:21:55 Image %>

<% 16:21:55 Image %>

<% 16:21:55 Image %>

<% 16:21:55 Image %>

<% 16:21:55 Image %>

<% 16:21:55 Image %>

<% 16:21:55 Image %>

<% 16:21:55 Image %>

<% 16:21:55 Image %>

<% 16:21:55 Image %>

<% 16:21:55 Image %>

<% 16:21:55 Image %>

<% 16:21:55 Image %>

<% 16:21:55 Image %>

<% 16:21:55 Image %>

<% 16:21:55 Image %>

<% 16:21:55 Image %>

<% 16:21:55 Image %>

<% 16:21:55 Image %>

<% 16:21:55 Image %>

<% 16:21:55 Image %>

<% 16:21:55 Image %>

<% 16:21:55 Image %>

<% 16:21:55 Image %>

<% 16:21:55 Image %>

<% 16:21:55 Image %>

<% 16:21:56 Image %>

<% 16:21:56 Image %>

<% 16:21:56 Image %>

<% 16:21:56 Image %>

<% 16:21:56 Image %>

<% 16:21:56 Image %>

<% 16:21:56 Image %>

<% 16:21:56 Image %>

<% 16:21:56 Image %>

<% 16:21:56 Image %>

<% 16:21:56 Image %>

<% 16:21:56 Page[page_4: http://sdkcga6306:82/FacilityLevels.aspx](1) %>

<% 16:21:56 Page[page_5: http://sdkcga6306:82/FacilityLevels.aspx](1) %>

<% 16:21:56 Page[page_6: http://sdkcga6306:82/FacilityLevels.aspx](1) %>

<% 16:21:56 Page[Facilities](1) %>

<% 16:22:21 Page[Confidentiality](1) %>

<% 16:22:27 Session(2) %>

<% 16:22:27 Page[page_1: http://sdkcga6306:82/Home.aspx](1) %>

<% 16:22:27 Connect %>
Connecting to remote host: sdkcga6306:82...

<% 16:22:27 Image %>

<% 16:22:27 Image %>

<% 16:22:27 Image %>

<% 16:22:27 Image %>

<% 16:22:27 Image %>

<% 16:22:27 Image %>

<% 16:22:27 Image %>

<% 16:22:27 Image %>

<% 16:22:27 Image %>

<% 16:22:27 Image %>

<% 16:22:27 Image %>

<% 16:22:27 Image %>

<% 16:22:27 Image %>

<% 16:22:27 Image %>

<% 16:22:27 Image %>

<% 16:22:27 Image %>

<% 16:22:27 Image %>

<% 16:22:27 Image %>

<% 16:22:27 Image %>

<% 16:22:27 Image %>

<% 16:22:27 Image %>

<% 16:22:27 Image %>

<% 16:22:27 Image %>

<% 16:22:27 Image %>

<% 16:22:27 Image %>

<% 16:22:27 Image %>

<% 16:22:27 Image %>

<% 16:22:27 Image %>

<% 16:22:27 Image %>

<% 16:22:27 Image %>

<% 16:22:27 Image %>

<% 16:22:27 Image %>

<% 16:22:27 Image %>

<% 16:22:27 Image %>

<% 16:22:27 Image %>

<% 16:22:27 Page[page_2: http://sdkcga6306:82/Home.aspx](1) %>

<% 16:22:28 Page[page_3: http://sdkcga6306:82/FacilityLevels.aspx](1) %>

<% 16:22:28 Image %>

<% 16:22:28 Image %>

<% 16:22:28 Image %>

<% 16:22:28 Image %>

<% 16:22:28 Image %>

<% 16:22:28 Image %>

<% 16:22:28 Image %>

<% 16:22:28 Image %>

<% 16:22:28 Image %>

<% 16:22:28 Image %>

<% 16:22:28 Image %>

<% 16:22:28 Image %>

<% 16:22:28 Image %>

<% 16:22:28 Image %>

<% 16:22:28 Image %>

<% 16:22:28 Image %>

<% 16:22:28 Image %>

<% 16:22:28 Image %>

<% 16:22:28 Image %>

<% 16:22:28 Image %>

<% 16:22:28 Image %>

<% 16:22:28 Image %>

<% 16:22:28 Image %>

<% 16:22:28 Image %>

<% 16:22:28 Image %>

<% 16:22:28 Image %>

<% 16:22:28 Image %>

<% 16:22:28 Image %>

<% 16:22:28 Image %>

<% 16:22:28 Image %>

<% 16:22:28 Image %>

<% 16:22:28 Image %>

<% 16:22:28 Image %>

<% 16:22:28 Image %>

<% 16:22:28 Image %>

<% 16:22:28 Image %>

<% 16:22:28 Image %>

<% 16:22:28 Image %>

<% 16:22:28 Image %>

<% 16:22:28 Image %>

<% 16:22:28 Image %>

<% 16:22:28 Image %>

<% 16:22:28 Image %>

<% 16:22:28 Image %>

<% 16:22:28 Image %>

<% 16:22:28 Image %>

<% 16:22:28 Page[page_4: http://sdkcga6306:82/FacilityLevels.aspx](1) %>

<% 16:22:28 Page[page_5: http://sdkcga6306:82/FacilityLevels.aspx](1) %>

<% 16:22:29 Page[page_6: http://sdkcga6306:82/FacilityLevels.aspx](1) %>

<% 16:22:29 Page[Facilities](1) %>

<% 16:22:51 Page[Confidentiality](1) %>

<% 16:22:55 Session(3) %>

<% 16:22:55 Page[page_1: http://sdkcga6306:82/Home.aspx](1) %>

<% 16:22:55 Connect %>
Connecting to remote host: sdkcga6306:82...

<% 16:22:55 Image %>

<% 16:22:55 Image %>

<% 16:23:00 Image %>

<% 16:23:04 Image %>

<% 16:23:06 Image %>

<% 16:23:06 Image %>

<% 16:23:06 Image %>

<% 16:23:06 Image %>

<% 16:23:06 Image %>

<% 16:23:08 Image %>

<% 16:23:09 Image %>

<% 16:23:09 Image %>

<% 16:23:09 Image %>

<% 16:23:09 Image %>

<% 16:23:09 Image %>

<% 16:23:09 Image %>

<% 16:23:09 Image %>

<% 16:23:09 Image %>

<% 16:23:09 Image %>

<% 16:23:09 Image %>

<% 16:23:09 Image %>

<% 16:23:09 Image %>

<% 16:23:09 Image %>

<% 16:23:09 Image %>

<% 16:23:09 Image %>

<% 16:23:09 Image %>

<% 16:23:09 Image %>

<% 16:23:09 Image %>

<% 16:23:09 Image %>

<% 16:23:09 Image %>

<% 16:23:09 Image %>

<% 16:23:09 Image %>

<% 16:23:09 Image %>

<% 16:23:09 Image %>

<% 16:23:09 Image %>

<% 16:23:09 Page[page_2: http://sdkcga6306:82/Home.aspx](1) %>

<% 16:23:09 Page[page_3: http://sdkcga6306:82/FacilityLevels.aspx](1) %>

<% 16:23:09 Image %>

<% 16:23:09 Image %>

<% 16:23:09 Image %>

<% 16:23:09 Image %>

<% 16:23:09 Image %>

<% 16:23:09 Image %>

<% 16:23:09 Image %>

<% 16:23:09 Image %>

<% 16:23:09 Image %>

<% 16:23:09 Image %>

<% 16:23:09 Image %>

<% 16:23:09 Image %>

<% 16:23:09 Image %>

<% 16:23:09 Image %>

<% 16:23:09 Image %>

<% 16:23:09 Image %>

<% 16:23:09 Image %>

<% 16:23:09 Image %>

<% 16:23:09 Image %>

<% 16:23:09 Image %>

<% 16:23:09 Image %>

<% 16:23:09 Image %>

<% 16:23:09 Image %>

<% 16:23:09 Image %>

<% 16:23:09 Image %>

<% 16:23:09 Image %>

<% 16:23:09 Image %>

<% 16:23:09 Image %>

<% 16:23:09 Image %>

<% 16:23:09 Image %>

<% 16:23:09 Image %>

<% 16:23:09 Image %>

<% 16:23:09 Image %>

<% 16:23:09 Image %>

<% 16:23:09 Image %>

<% 16:23:09 Image %>

<% 16:23:09 Image %>

<% 16:23:09 Image %>

<% 16:23:09 Image %>

<% 16:23:09 Image %>

<% 16:23:09 Image %>

<% 16:23:09 Image %>

<% 16:23:09 Image %>

<% 16:23:09 Image %>

<% 16:23:09 Image %>

<% 16:23:09 Image %>

<% 16:23:09 Page[page_4: http://sdkcga6306:82/FacilityLevels.aspx](1) %>

<% 16:23:09 Page[page_5: http://sdkcga6306:82/FacilityLevels.aspx](1) %>

<% 16:23:09 Page[page_6: http://sdkcga6306:82/FacilityLevels.aspx](1) %>

<% 16:23:10 Page[Facilities](1) %>

<% 16:23:32 Page[Confidentiality](1) %>

<% 16:23:39 Session(4) %>

<% 16:23:39 Page[page_1: http://sdkcga6306:82/Home.aspx](1) %>

<% 16:23:39 Connect %>
Connecting to remote host: sdkcga6306:82...

<% 16:23:42 Image %>

<% 16:23:42 Image %>

<% 16:23:42 Image %>

<% 16:23:42 Image %>

<% 16:23:42 Image %>

<% 16:23:42 Image %>

<% 16:23:42 Image %>

<% 16:23:42 Image %>

<% 16:23:42 Image %>

<% 16:23:42 Image %>

<% 16:23:42 Image %>

<% 16:23:42 Image %>

<% 16:23:42 Image %>

<% 16:23:42 Image %>

<% 16:23:42 Image %>

<% 16:23:42 Image %>

<% 16:23:42 Image %>

<% 16:23:42 Image %>

<% 16:23:42 Image %>

<% 16:23:42 Image %>

<% 16:23:42 Image %>

<% 16:23:42 Image %>

<% 16:23:42 Image %>

<% 16:23:42 Image %>

<% 16:23:42 Image %>

<% 16:23:42 Image %>

<% 16:23:42 Image %>

<% 16:23:42 Image %>

<% 16:23:42 Image %>

<% 16:23:42 Image %>

<% 16:23:42 Image %>

<% 16:23:42 Image %>

<% 16:23:43 Image %>

<% 16:23:43 Image %>

<% 16:23:43 Image %>

<% 16:23:43 Page[page_2: http://sdkcga6306:82/Home.aspx](1) %>

<% 16:23:43 Page[page_3: http://sdkcga6306:82/FacilityLevels.aspx](1) %>

<% 16:23:43 Image %>

<% 16:23:43 Image %>

<% 16:23:43 Image %>

<% 16:23:43 Image %>

<% 16:23:43 Image %>

<% 16:23:43 Image %>

<% 16:23:43 Image %>

<% 16:23:43 Image %>

<% 16:23:43 Image %>

<% 16:23:43 Image %>

<% 16:23:43 Image %>

<% 16:23:43 Image %>

<% 16:23:43 Image %>

<% 16:23:43 Image %>

<% 16:23:43 Image %>

<% 16:23:43 Image %>

<% 16:23:43 Image %>

<% 16:23:43 Image %>

<% 16:23:43 Image %>

<% 16:23:43 Image %>

<% 16:23:43 Image %>

<% 16:23:43 Image %>

<% 16:23:43 Image %>

<% 16:23:43 Image %>

<% 16:23:43 Image %>

<% 16:23:43 Image %>

<% 16:23:43 Image %>

<% 16:23:43 Image %>

<% 16:23:43 Image %>

<% 16:23:43 Image %>

<% 16:23:43 Image %>

<% 16:23:43 Image %>

<% 16:23:43 Image %>

<% 16:23:43 Image %>

<% 16:23:43 Image %>

<% 16:23:43 Image %>

<% 16:23:43 Image %>

<% 16:23:43 Image %>

<% 16:23:43 Image %>

<% 16:23:43 Image %>

<% 16:23:43 Image %>

<% 16:23:43 Image %>

<% 16:23:43 Image %>

<% 16:23:43 Image %>

<% 16:23:43 Image %>

<% 16:23:43 Image %>

<% 16:23:43 Page[page_4: http://sdkcga6306:82/FacilityLevels.aspx](1) %>

<% 16:23:43 Page[page_5: http://sdkcga6306:82/FacilityLevels.aspx](1) %>

<% 16:23:43 Page[page_6: http://sdkcga6306:82/FacilityLevels.aspx](1) %>

<% 16:23:44 Page[Facilities](1) %>

<% 16:24:16 Page[Confidentiality](1) %>

<% 16:24:26 Session(5) %>

<% 16:24:26 Page[page_1: http://sdkcga6306:82/Home.aspx](1) %>

<% 16:24:26 Connect %>
Connecting to remote host: sdkcga6306:82...

<% 16:24:30 Image %>

<% 16:24:30 Image %>

<% 16:24:31 Image %>

<% 16:24:31 Image %>

<% 16:24:31 Image %>

<% 16:24:31 Image %>

<% 16:24:31 Image %>

<% 16:24:31 Image %>

<% 16:24:31 Image %>

<% 16:24:31 Image %>

<% 16:24:31 Image %>

<% 16:24:31 Image %>

<% 16:24:31 Image %>

<% 16:24:31 Image %>

<% 16:24:31 Image %>

<% 16:24:31 Image %>

<% 16:24:31 Image %>

<% 16:24:31 Image %>

<% 16:24:31 Image %>

<% 16:24:31 Image %>

<% 16:24:31 Image %>

<% 16:24:31 Image %>

<% 16:24:31 Image %>

<% 16:24:31 Image %>

<% 16:24:31 Image %>

<% 16:24:31 Image %>

<% 16:24:31 Image %>

<% 16:24:31 Image %>

<% 16:24:31 Image %>

<% 16:24:31 Image %>

<% 16:24:31 Image %>

<% 16:24:31 Image %>

<% 16:24:31 Image %>

<% 16:24:31 Image %>

<% 16:24:31 Image %>

<% 16:24:31 Page[page_2: http://sdkcga6306:82/Home.aspx](1) %>

<% 16:24:32 Page[page_3: http://sdkcga6306:82/FacilityLevels.aspx](1) %>

<% 16:24:32 Image %>

<% 16:24:32 Image %>

<% 16:24:32 Image %>

<% 16:24:32 Image %>

<% 16:24:32 Image %>

<% 16:24:32 Image %>

<% 16:24:32 Image %>

<% 16:24:32 Image %>

<% 16:24:32 Image %>

<% 16:24:32 Image %>

<% 16:24:32 Image %>

<% 16:24:32 Image %>

<% 16:24:32 Image %>

<% 16:24:32 Image %>

<% 16:24:32 Image %>

<% 16:24:32 Image %>

<% 16:24:32 Image %>

<% 16:24:32 Image %>

<% 16:24:32 Image %>

<% 16:24:32 Image %>

<% 16:24:32 Image %>

<% 16:24:32 Image %>

<% 16:24:32 Image %>

<% 16:24:32 Image %>

<% 16:24:32 Image %>

<% 16:24:32 Image %>

<% 16:24:32 Image %>

<% 16:24:32 Image %>

<% 16:24:32 Image %>

<% 16:24:32 Image %>

<% 16:24:32 Image %>

<% 16:24:32 Image %>

<% 16:24:32 Image %>

<% 16:24:32 Image %>

<% 16:24:32 Image %>

<% 16:24:32 Image %>

<% 16:24:32 Image %>

<% 16:24:32 Image %>

<% 16:24:32 Image %>

<% 16:24:32 Image %>

<% 16:24:32 Image %>

<% 16:24:32 Image %>

<% 16:24:32 Image %>

<% 16:24:33 Image %>

<% 16:24:33 Image %>

<% 16:24:33 Image %>

<% 16:24:33 Page[page_4: http://sdkcga6306:82/FacilityLevels.aspx](1) %>

<% 16:24:33 Page[page_5: http://sdkcga6306:82/FacilityLevels.aspx](1) %>

<% 16:24:34 Page[page_6: http://sdkcga6306:82/FacilityLevels.aspx](1) %>

<% 16:24:34 Page[Facilities](1) %>

<% 16:25:11 Page[Confidentiality](1) %>

<% 16:25:18 Session(6) %>

<% 16:25:18 Page[page_1: http://sdkcga6306:82/Home.aspx](1) %>

<% 16:25:18 Connect %>
Connecting to remote host: sdkcga6306:82...

<% 16:25:20 Image %>

<% 16:25:20 Image %>

<% 16:25:20 Image %>

<% 16:25:20 Image %>

<% 16:25:20 Image %>

<% 16:25:20 Image %>

<% 16:25:20 Image %>

<% 16:25:20 Image %>

<% 16:25:20 Image %>

<% 16:25:20 Image %>

<% 16:25:20 Image %>

<% 16:25:20 Image %>

<% 16:25:20 Image %>

<% 16:25:20 Image %>

<% 16:25:20 Image %>

<% 16:25:20 Image %>

<% 16:25:20 Image %>

<% 16:25:20 Image %>

<% 16:25:21 Image %>

<% 16:25:21 Image %>

<% 16:25:21 Image %>

<% 16:25:21 Image %>

<% 16:25:21 Image %>

<% 16:25:21 Image %>

<% 16:25:21 Image %>

<% 16:25:21 Image %>

<% 16:25:21 Image %>

<% 16:25:21 Image %>

<% 16:25:21 Image %>

<% 16:25:21 Image %>

<% 16:25:21 Image %>

<% 16:25:21 Image %>

<% 16:25:21 Image %>

<% 16:25:21 Image %>

<% 16:25:21 Image %>

<% 16:25:21 Page[page_2: http://sdkcga6306:82/Home.aspx](1) %>

<% 16:25:21 Page[page_3: http://sdkcga6306:82/FacilityLevels.aspx](1) %>

<% 16:25:21 Image %>

<% 16:25:21 Image %>

<% 16:25:21 Image %>

<% 16:25:21 Image %>

<% 16:25:21 Image %>

<% 16:25:21 Image %>

<% 16:25:21 Image %>

<% 16:25:21 Image %>

<% 16:25:21 Image %>

<% 16:25:21 Image %>

<% 16:25:21 Image %>

<% 16:25:21 Image %>

<% 16:25:21 Image %>

<% 16:25:21 Image %>

<% 16:25:21 Image %>

<% 16:25:21 Image %>

<% 16:25:21 Image %>

<% 16:25:21 Image %>

<% 16:25:21 Image %>

<% 16:25:21 Image %>

<% 16:25:21 Image %>

<% 16:25:21 Image %>

<% 16:25:21 Image %>

<% 16:25:21 Image %>

<% 16:25:21 Image %>

<% 16:25:21 Image %>

<% 16:25:21 Image %>

<% 16:25:21 Image %>

<% 16:25:21 Image %>

<% 16:25:21 Image %>

<% 16:25:21 Image %>

<% 16:25:21 Image %>

<% 16:25:21 Image %>

<% 16:25:21 Image %>

<% 16:25:21 Image %>

<% 16:25:21 Image %>

<% 16:25:21 Image %>

<% 16:25:21 Image %>

<% 16:25:21 Image %>

<% 16:25:21 Image %>

<% 16:25:21 Image %>

<% 16:25:21 Image %>

<% 16:25:21 Image %>

<% 16:25:21 Image %>

<% 16:25:21 Image %>

<% 16:25:21 Image %>

<% 16:25:21 Page[page_4: http://sdkcga6306:82/FacilityLevels.aspx](1) %>

<% 16:25:22 Page[page_5: http://sdkcga6306:82/FacilityLevels.aspx](1) %>

<% 16:25:22 Page[page_6: http://sdkcga6306:82/FacilityLevels.aspx](1) %>

<% 16:25:23 Page[Facilities](1) %>

<% 16:26:00 Page[Confidentiality](1) %>

<% 16:26:05 Session(7) %>

<% 16:26:05 Page[page_1: http://sdkcga6306:82/Home.aspx](1) %>

<% 16:26:05 Connect %>
Connecting to remote host: sdkcga6306:82...

<% 16:26:07 Image %>

<% 16:26:07 Image %>

<% 16:26:07 Image %>

<% 16:26:07 Image %>

<% 16:26:07 Image %>

<% 16:26:07 Image %>

<% 16:26:07 Image %>

<% 16:26:07 Image %>

<% 16:26:07 Image %>

<% 16:26:07 Image %>

<% 16:26:07 Image %>

<% 16:26:07 Image %>

<% 16:26:07 Image %>

<% 16:26:07 Image %>

<% 16:26:07 Image %>

<% 16:26:07 Image %>

<% 16:26:07 Image %>

<% 16:26:07 Image %>

<% 16:26:07 Image %>

<% 16:26:07 Image %>

<% 16:26:07 Image %>

<% 16:26:07 Image %>

<% 16:26:07 Image %>

<% 16:26:07 Image %>

<% 16:26:07 Image %>

<% 16:26:07 Image %>

<% 16:26:07 Image %>

<% 16:26:07 Image %>

<% 16:26:07 Image %>

<% 16:26:07 Image %>

<% 16:26:07 Image %>

<% 16:26:07 Image %>

<% 16:26:07 Image %>

<% 16:26:07 Image %>

<% 16:26:07 Image %>

<% 16:26:07 Page[page_2: http://sdkcga6306:82/Home.aspx](1) %>

<% 16:26:07 Page[page_3: http://sdkcga6306:82/FacilityLevels.aspx](1) %>

<% 16:26:07 Image %>

<% 16:26:07 Image %>

<% 16:26:07 Image %>

<% 16:26:07 Image %>

<% 16:26:15 Image %>

<% 16:26:18 Image %>

<% 16:26:23 Image %>

<% 16:26:23 Image %>

<% 16:26:23 Image %>

<% 16:26:28 Image %>

<% 16:26:28 Image %>

<% 16:26:28 Image %>

<% 16:26:28 Image %>

<% 16:26:28 Image %>

<% 16:26:28 Image %>

<% 16:26:28 Image %>

<% 16:26:28 Image %>

<% 16:26:28 Image %>

<% 16:26:28 Image %>

<% 16:26:28 Image %>

<% 16:26:28 Image %>

<% 16:26:28 Image %>

<% 16:26:28 Image %>

<% 16:26:28 Image %>

<% 16:26:28 Image %>

<% 16:26:28 Image %>

<% 16:26:28 Image %>

<% 16:26:28 Image %>

<% 16:26:28 Image %>

<% 16:26:28 Image %>

<% 16:26:28 Image %>

<% 16:26:28 Image %>

<% 16:26:28 Image %>

<% 16:26:29 Image %>

<% 16:26:29 Image %>

<% 16:26:29 Image %>

<% 16:26:29 Image %>

<% 16:26:29 Image %>

<% 16:26:29 Image %>

<% 16:26:29 Image %>

<% 16:26:29 Image %>

<% 16:26:29 Image %>

<% 16:26:29 Image %>

<% 16:26:29 Image %>

<% 16:26:29 Image %>

<% 16:26:29 Image %>

<% 16:26:29 Page[page_4: http://sdkcga6306:82/FacilityLevels.aspx](1) %>

<% 16:26:29 Page[page_5: http://sdkcga6306:82/FacilityLevels.aspx](1) %>

<% 16:26:29 Page[page_6: http://sdkcga6306:82/FacilityLevels.aspx](1) %>

<% 16:26:32 Page[Facilities](1) %>

<% 16:27:11 Page[Confidentiality](1) %>

<% 16:27:30 Session(8) %>

<% 16:27:30 Page[page_1: http://sdkcga6306:82/Home.aspx](1) %>

<% 16:27:30 Connect %>
Connecting to remote host: sdkcga6306:82...

<% 16:27:32 Image %>

<% 16:27:32 Image %>

<% 16:27:32 Image %>

<% 16:27:32 Image %>

<% 16:27:32 Image %>

<% 16:27:32 Image %>

<% 16:27:32 Image %>

<% 16:27:32 Image %>

<% 16:27:32 Image %>

<% 16:27:32 Image %>

<% 16:27:32 Image %>

<% 16:27:32 Image %>

<% 16:27:32 Image %>

<% 16:27:32 Image %>

<% 16:27:32 Image %>

<% 16:27:32 Image %>

<% 16:27:32 Image %>

<% 16:27:32 Image %>

<% 16:27:32 Image %>

<% 16:27:32 Image %>

<% 16:27:32 Image %>

<% 16:27:32 Image %>

<% 16:27:32 Image %>

<% 16:27:32 Image %>

<% 16:27:32 Image %>

<% 16:27:32 Image %>

<% 16:27:32 Image %>

<% 16:27:32 Image %>

<% 16:27:32 Image %>

<% 16:27:32 Image %>

<% 16:27:32 Image %>

<% 16:27:32 Image %>

<% 16:27:32 Image %>

<% 16:27:32 Image %>

<% 16:27:32 Image %>

<% 16:27:32 Page[page_2: http://sdkcga6306:82/Home.aspx](1) %>

<% 16:27:32 Page[page_3: http://sdkcga6306:82/FacilityLevels.aspx](1) %>

<% 16:27:33 Image %>

<% 16:27:33 Image %>

<% 16:27:33 Image %>

<% 16:27:33 Image %>

<% 16:27:33 Image %>

<% 16:27:33 Image %>

<% 16:27:33 Image %>

<% 16:27:33 Image %>

<% 16:27:33 Image %>

<% 16:27:33 Image %>

<% 16:27:33 Image %>

<% 16:27:33 Image %>

<% 16:27:33 Image %>

<% 16:27:33 Image %>

<% 16:27:33 Image %>

<% 16:27:33 Image %>

<% 16:27:33 Image %>

<% 16:27:33 Image %>

<% 16:27:33 Image %>

<% 16:27:33 Image %>

<% 16:27:33 Image %>

<% 16:27:33 Image %>

<% 16:27:33 Image %>

<% 16:27:33 Image %>

<% 16:27:33 Image %>

<% 16:27:33 Image %>

<% 16:27:33 Image %>

<% 16:27:33 Image %>

<% 16:27:33 Image %>

<% 16:27:33 Image %>

<% 16:27:33 Image %>

<% 16:27:33 Image %>

<% 16:27:33 Image %>

<% 16:27:33 Image %>

<% 16:27:33 Image %>

<% 16:27:33 Image %>

<% 16:27:33 Image %>

<% 16:27:33 Image %>

<% 16:27:33 Image %>

<% 16:27:33 Image %>

<% 16:27:33 Image %>

<% 16:27:33 Image %>

<% 16:27:33 Image %>

<% 16:27:33 Image %>

<% 16:27:33 Image %>

<% 16:27:33 Image %>

<% 16:27:33 Page[page_4: http://sdkcga6306:82/FacilityLevels.aspx](1) %>

<% 16:27:33 Page[page_5: http://sdkcga6306:82/FacilityLevels.aspx](1) %>

<% 16:27:33 Page[page_6: http://sdkcga6306:82/FacilityLevels.aspx](1) %>

<% 16:27:34 Page[Facilities](1) %>

<% 16:28:03 Page[Confidentiality](1) %>

<% 16:28:09 Session(9) %>

<% 16:28:09 Page[page_1: http://sdkcga6306:82/Home.aspx](1) %>

<% 16:28:10 Connect %>
Connecting to remote host: sdkcga6306:82...

<% 16:28:13 Image %>

<% 16:28:13 Image %>

<% 16:28:13 Image %>

<% 16:28:13 Image %>

<% 16:28:13 Image %>

<% 16:28:13 Image %>

<% 16:28:13 Image %>

<% 16:28:13 Image %>

<% 16:28:13 Image %>

<% 16:28:13 Image %>

<% 16:28:13 Image %>

<% 16:28:13 Image %>

<% 16:28:13 Image %>

<% 16:28:13 Image %>

<% 16:28:13 Image %>

<% 16:28:13 Image %>

<% 16:28:13 Image %>

<% 16:28:13 Image %>

<% 16:28:13 Image %>

<% 16:28:13 Image %>

<% 16:28:13 Image %>

<% 16:28:13 Image %>

<% 16:28:13 Image %>

<% 16:28:13 Image %>

<% 16:28:13 Image %>

<% 16:28:13 Image %>

<% 16:28:13 Image %>

<% 16:28:13 Image %>

<% 16:28:13 Image %>

<% 16:28:13 Image %>

<% 16:28:13 Image %>

<% 16:28:13 Image %>

<% 16:28:13 Image %>

<% 16:28:13 Image %>

<% 16:28:13 Image %>

<% 16:28:13 Page[page_2: http://sdkcga6306:82/Home.aspx](1) %>

<% 16:28:14 Page[page_3: http://sdkcga6306:82/FacilityLevels.aspx](1) %>

<% 16:28:14 Image %>

<% 16:28:14 Image %>

<% 16:28:14 Image %>

<% 16:28:14 Image %>

<% 16:28:14 Image %>

<% 16:28:14 Image %>

<% 16:28:14 Image %>

<% 16:28:14 Image %>

<% 16:28:14 Image %>

<% 16:28:14 Image %>

<% 16:28:14 Image %>

<% 16:28:14 Image %>

<% 16:28:14 Image %>

<% 16:28:14 Image %>

<% 16:28:14 Image %>

<% 16:28:14 Image %>

<% 16:28:14 Image %>

<% 16:28:14 Image %>

<% 16:28:14 Image %>

<% 16:28:14 Image %>

<% 16:28:14 Image %>

<% 16:28:14 Image %>

<% 16:28:14 Image %>

<% 16:28:14 Image %>

<% 16:28:14 Image %>

<% 16:28:14 Image %>

<% 16:28:14 Image %>

<% 16:28:14 Image %>

<% 16:28:14 Image %>

<% 16:28:14 Image %>

<% 16:28:14 Image %>

<% 16:28:14 Image %>

<% 16:28:14 Image %>

<% 16:28:14 Image %>

<% 16:28:14 Image %>

<% 16:28:14 Image %>

<% 16:28:14 Image %>

<% 16:28:14 Image %>

<% 16:28:14 Image %>

<% 16:28:14 Image %>

<% 16:28:14 Image %>

<% 16:28:14 Image %>

<% 16:28:14 Image %>

<% 16:28:14 Image %>

<% 16:28:14 Image %>

<% 16:28:14 Image %>

<% 16:28:14 Page[page_4: http://sdkcga6306:82/FacilityLevels.aspx](1) %>

<% 16:28:15 Page[page_5: http://sdkcga6306:82/FacilityLevels.aspx](1) %>

<% 16:28:15 Page[page_6: http://sdkcga6306:82/FacilityLevels.aspx](1) %>

<% 16:28:25 Page[Facilities](1) %>

<% 16:29:13 Page[Confidentiality](1) %>

<% 16:29:43 Session(10) %>

<% 16:29:43 Page[page_1: http://sdkcga6306:82/Home.aspx](1) %>

<% 16:29:43 Connect %>
Connecting to remote host: sdkcga6306:82...

<% 16:30:03 Image %>

<% 16:30:03 Image %>

<% 16:30:06 Image %>

<% 16:30:06 Image %>

<% 16:30:06 Image %>

<% 16:30:06 Image %>

<% 16:30:06 Image %>

<% 16:30:06 Image %>

<% 16:30:06 Image %>

<% 16:30:06 Image %>

<% 16:30:06 Image %>

<% 16:30:06 Image %>

<% 16:30:06 Image %>

<% 16:30:06 Image %>

<% 16:30:06 Image %>

<% 16:30:06 Image %>

<% 16:30:06 Image %>

<% 16:30:06 Image %>

<% 16:30:06 Image %>

<% 16:30:06 Image %>

<% 16:30:06 Image %>

<% 16:30:06 Image %>

<% 16:30:06 Image %>

<% 16:30:06 Image %>

<% 16:30:06 Image %>

<% 16:30:06 Image %>

<% 16:30:06 Image %>

<% 16:30:06 Image %>

<% 16:30:06 Image %>

<% 16:30:06 Image %>

<% 16:30:06 Image %>

<% 16:30:06 Image %>

<% 16:30:06 Image %>

<% 16:30:06 Image %>

<% 16:30:06 Image %>

<% 16:30:06 Page[page_2: http://sdkcga6306:82/Home.aspx](1) %>

<% 16:30:08 Page[page_3: http://sdkcga6306:82/FacilityLevels.aspx](1) %>

<% 16:30:16 Image %>

<% 16:30:16 Image %>

<% 16:30:16 Image %>

<% 16:30:16 Image %>

<% 16:30:16 Image %>

<% 16:30:16 Image %>

<% 16:30:16 Image %>

<% 16:30:16 Image %>

<% 16:30:16 Image %>

<% 16:30:16 Image %>

<% 16:30:16 Image %>

<% 16:30:16 Image %>

<% 16:30:16 Image %>

<% 16:30:16 Image %>

<% 16:30:16 Image %>

<% 16:30:16 Image %>

<% 16:30:16 Image %>

<% 16:30:16 Image %>

<% 16:30:16 Image %>

<% 16:30:16 Image %>

<% 16:30:16 Image %>

<% 16:30:16 Image %>

<% 16:30:16 Image %>

<% 16:30:16 Image %>

<% 16:30:16 Image %>

<% 16:30:16 Image %>

<% 16:30:16 Image %>

<% 16:30:16 Image %>

<% 16:30:16 Image %>

<% 16:30:16 Image %>

<% 16:30:16 Image %>

<% 16:30:16 Image %>

<% 16:30:16 Image %>

<% 16:30:16 Image %>

<% 16:30:16 Image %>

<% 16:30:16 Image %>

<% 16:30:16 Image %>

<% 16:30:16 Image %>

<% 16:30:16 Image %>

<% 16:30:16 Image %>

<% 16:30:16 Image %>

<% 16:30:16 Image %>

<% 16:30:16 Image %>

<% 16:30:16 Image %>

<% 16:30:16 Image %>

<% 16:30:16 Image %>

<% 16:30:16 Page[page_4: http://sdkcga6306:82/FacilityLevels.aspx](1) %>

<% 16:30:16 Page[page_5: http://sdkcga6306:82/FacilityLevels.aspx](1) %>

<% 16:30:17 Page[page_6: http://sdkcga6306:82/FacilityLevels.aspx](1) %>

<% 16:30:17 Page[Facilities](1) %>

<% 16:30:38 Page[Confidentiality](1) %>

<% 16:30:50 Session(11) %>

<% 16:30:50 Page[page_1: http://sdkcga6306:82/Home.aspx](1) %>

<% 16:30:50 Connect %>
Connecting to remote host: sdkcga6306:82...

<% 16:31:05 Image %>

<% 16:31:05 Image %>

<% 16:31:05 Image %>

<% 16:31:05 Image %>

<% 16:31:05 Image %>

<% 16:31:05 Image %>

<% 16:31:05 Image %>

<% 16:31:05 Image %>

<% 16:31:05 Image %>

<% 16:31:05 Image %>

<% 16:31:05 Image %>

<% 16:31:05 Image %>

<% 16:31:05 Image %>

<% 16:31:05 Image %>

<% 16:31:05 Image %>

<% 16:31:05 Image %>

<% 16:31:05 Image %>

<% 16:31:05 Image %>

<% 16:31:05 Image %>

<% 16:31:05 Image %>

<% 16:31:05 Image %>

<% 16:31:05 Image %>

<% 16:31:05 Image %>

<% 16:31:05 Image %>

<% 16:31:05 Image %>

<% 16:31:05 Image %>

<% 16:31:05 Image %>

<% 16:31:05 Image %>

<% 16:31:05 Image %>

<% 16:31:05 Image %>

<% 16:31:05 Image %>

<% 16:31:05 Image %>

<% 16:31:05 Image %>

<% 16:31:05 Image %>

<% 16:31:05 Image %>

<% 16:31:05 Page[page_2: http://sdkcga6306:82/Home.aspx](1) %>

<% 16:31:06 Page[page_3: http://sdkcga6306:82/FacilityLevels.aspx](1) %>

<% 16:31:06 Image %>

<% 16:31:06 Image %>

<% 16:31:06 Image %>

<% 16:31:14 Image %>

<% 16:31:29 Image %>

<% 16:31:39 Image %>

<% 16:31:39 Image %>

<% 16:31:39 Image %>

<% 16:31:39 Image %>

<% 16:31:39 Image %>

<% 16:31:39 Image %>

<% 16:31:40 Image %>

<% 16:31:40 Image %>

<% 16:31:40 Image %>

<% 16:31:40 Image %>

<% 16:31:40 Image %>

<% 16:31:40 Image %>

<% 16:31:40 Image %>

<% 16:31:40 Image %>

<% 16:31:40 Image %>

<% 16:31:40 Image %>

<% 16:31:40 Image %>

<% 16:31:40 Image %>

<% 16:31:40 Image %>

<% 16:31:40 Image %>

<% 16:31:40 Image %>

<% 16:31:40 Image %>

<% 16:31:40 Image %>

<% 16:31:40 Image %>

<% 16:31:40 Image %>

<% 16:31:40 Image %>

<% 16:31:40 Image %>

<% 16:31:40 Image %>

<% 16:31:40 Image %>

<% 16:31:40 Image %>

<% 16:31:40 Image %>

<% 16:31:40 Image %>

<% 16:31:40 Image %>

<% 16:31:40 Image %>

<% 16:31:40 Image %>

<% 16:31:40 Image %>

<% 16:31:40 Image %>

<% 16:31:40 Image %>

<% 16:31:40 Image %>

<% 16:31:40 Image %>

<% 16:31:40 Image %>

<% 16:31:40 Page[page_4: http://sdkcga6306:82/FacilityLevels.aspx](1) %>

<% 16:31:42 Page[page_5: http://sdkcga6306:82/FacilityLevels.aspx](1) %>

<% 16:31:42 Page[page_6: http://sdkcga6306:82/FacilityLevels.aspx](1) %>

<% 16:31:56 Page[Facilities](1) %>

<% 16:32:36 Page[Confidentiality](1) %>

<% 16:32:49 Session(12) %>

<% 16:32:49 Page[page_1: http://sdkcga6306:82/Home.aspx](1) %>

<% 16:32:49 Connect %>
Connecting to remote host: sdkcga6306:82...

<% 16:32:51 Image %>

<% 16:32:51 Image %>

<% 16:32:51 Image %>

<% 16:32:51 Image %>

<% 16:32:51 Image %>

<% 16:32:51 Image %>

<% 16:32:51 Image %>

<% 16:32:51 Image %>

<% 16:32:51 Image %>

<% 16:32:51 Image %>

<% 16:32:51 Image %>

<% 16:32:51 Image %>

<% 16:32:51 Image %>

<% 16:32:51 Image %>

<% 16:32:51 Image %>

<% 16:32:51 Image %>

<% 16:32:51 Image %>

<% 16:32:51 Image %>

<% 16:32:51 Image %>

<% 16:32:51 Image %>

<% 16:32:51 Image %>

<% 16:32:51 Image %>

<% 16:32:51 Image %>

<% 16:32:51 Image %>

<% 16:32:51 Image %>

<% 16:32:51 Image %>

<% 16:32:51 Image %>

<% 16:32:51 Image %>

<% 16:32:51 Image %>

<% 16:32:51 Image %>

<% 16:32:51 Image %>

<% 16:32:51 Image %>

<% 16:32:51 Image %>

<% 16:32:51 Image %>

<% 16:32:51 Image %>

<% 16:32:51 Page[page_2: http://sdkcga6306:82/Home.aspx](1) %>

<% 16:32:53 Page[page_3: http://sdkcga6306:82/FacilityLevels.aspx](1) %>

<% 16:32:54 Image %>

<% 16:32:54 Image %>

<% 16:32:54 Image %>

<% 16:32:55 Image %>

<% 16:33:05 Image %>

<% 16:33:10 Image %>

<% 16:33:10 Image %>

<% 16:33:10 Image %>

<% 16:33:10 Image %>

<% 16:33:10 Image %>

<% 16:33:10 Image %>

<% 16:33:10 Image %>

<% 16:33:10 Image %>

<% 16:33:10 Image %>

<% 16:33:10 Image %>

<% 16:33:10 Image %>

<% 16:33:10 Image %>

<% 16:33:10 Image %>

<% 16:33:10 Image %>

<% 16:33:10 Image %>

<% 16:33:10 Image %>

<% 16:33:10 Image %>

<% 16:33:10 Image %>

<% 16:33:10 Image %>

<% 16:33:10 Image %>

<% 16:33:10 Image %>

<% 16:33:10 Image %>

<% 16:33:10 Image %>

<% 16:33:10 Image %>

<% 16:33:10 Image %>

<% 16:33:10 Image %>

<% 16:33:10 Image %>

<% 16:33:10 Image %>

<% 16:33:10 Image %>

<% 16:33:10 Image %>

<% 16:33:10 Image %>

<% 16:33:10 Image %>

<% 16:33:10 Image %>

<% 16:33:10 Image %>

<% 16:33:10 Image %>

<% 16:33:10 Image %>

<% 16:33:10 Image %>

<% 16:33:10 Image %>

<% 16:33:10 Image %>

<% 16:33:10 Image %>

<% 16:33:10 Image %>

<% 16:33:10 Page[page_4: http://sdkcga6306:82/FacilityLevels.aspx](1) %>

<% 16:33:10 Page[page_5: http://sdkcga6306:82/FacilityLevels.aspx](1) %>

<% 16:33:11 Page[page_6: http://sdkcga6306:82/FacilityLevels.aspx](1) %>

<% 16:33:11 Page[Facilities](1) %>

<% 16:33:48 Page[Confidentiality](1) %>

<% 16:34:14 Session(13) %>

<% 16:34:14 Page[page_1: http://sdkcga6306:82/Home.aspx](1) %>

<% 16:34:14 Connect %>
Connecting to remote host: sdkcga6306:82...

<% 16:34:15 Image %>

<% 16:34:15 Image %>

<% 16:34:15 Image %>

<% 16:34:15 Image %>

<% 16:34:15 Image %>

<% 16:34:15 Image %>

<% 16:34:15 Image %>

<% 16:34:15 Image %>

<% 16:34:15 Image %>

<% 16:34:15 Image %>

<% 16:34:15 Image %>

<% 16:34:15 Image %>

<% 16:34:15 Image %>

<% 16:34:15 Image %>

<% 16:34:15 Image %>

<% 16:34:15 Image %>

<% 16:34:15 Image %>

<% 16:34:15 Image %>

<% 16:34:15 Image %>

<% 16:34:15 Image %>

<% 16:34:15 Image %>

<% 16:34:15 Image %>

<% 16:34:15 Image %>

<% 16:34:15 Image %>

<% 16:34:15 Image %>

<% 16:34:15 Image %>

<% 16:34:15 Image %>

<% 16:34:15 Image %>

<% 16:34:15 Image %>

<% 16:34:15 Image %>

<% 16:34:15 Image %>

<% 16:34:15 Image %>

<% 16:34:15 Image %>

<% 16:34:15 Image %>

<% 16:34:15 Image %>

<% 16:34:15 Page[page_2: http://sdkcga6306:82/Home.aspx](1) %>

<% 16:34:16 Page[page_3: http://sdkcga6306:82/FacilityLevels.aspx](1) %>

<% 16:34:18 Image %>

<% 16:34:18 Image %>

<% 16:34:18 Image %>

<% 16:34:18 Image %>

<% 16:34:18 Image %>

<% 16:34:18 Image %>

<% 16:34:18 Image %>

<% 16:34:18 Image %>

<% 16:34:18 Image %>

<% 16:34:18 Image %>

<% 16:34:18 Image %>

<% 16:34:18 Image %>

<% 16:34:18 Image %>

<% 16:34:18 Image %>

<% 16:34:18 Image %>

<% 16:34:18 Image %>

<% 16:34:18 Image %>

<% 16:34:18 Image %>

<% 16:34:18 Image %>

<% 16:34:18 Image %>

<% 16:34:18 Image %>

<% 16:34:18 Image %>

<% 16:34:18 Image %>

<% 16:34:18 Image %>

<% 16:34:18 Image %>

<% 16:34:18 Image %>

<% 16:34:18 Image %>

<% 16:34:18 Image %>

<% 16:34:18 Image %>

<% 16:34:18 Image %>

<% 16:34:18 Image %>

<% 16:34:18 Image %>

<% 16:34:18 Image %>

<% 16:34:18 Image %>

<% 16:34:18 Image %>

<% 16:34:18 Image %>

<% 16:34:18 Image %>

<% 16:34:18 Image %>

<% 16:34:18 Image %>

<% 16:34:18 Image %>

<% 16:34:18 Image %>

<% 16:34:18 Image %>

<% 16:34:18 Image %>

<% 16:34:18 Image %>

<% 16:34:18 Image %>

<% 16:34:18 Image %>

<% 16:34:18 Page[page_4: http://sdkcga6306:82/FacilityLevels.aspx](1) %>

<% 16:34:19 Page[page_5: http://sdkcga6306:82/FacilityLevels.aspx](1) %>

<% 16:34:19 Page[page_6: http://sdkcga6306:82/FacilityLevels.aspx](1) %>

<% 16:34:19 Page[Facilities](1) %>

<% 16:35:03 Page[Confidentiality](1) %>

<% 16:35:20 Session(14) %>

<% 16:35:20 Page[page_1: http://sdkcga6306:82/Home.aspx](1) %>

<% 16:35:20 Connect %>
Connecting to remote host: sdkcga6306:82...

<% 16:35:22 Image %>

<% 16:35:22 Image %>

<% 16:35:22 Image %>

<% 16:35:22 Image %>

<% 16:35:22 Image %>

<% 16:35:22 Image %>

<% 16:35:22 Image %>

<% 16:35:22 Image %>

<% 16:35:22 Image %>

<% 16:35:22 Image %>

<% 16:35:22 Image %>

<% 16:35:22 Image %>

<% 16:35:22 Image %>

<% 16:35:22 Image %>

<% 16:35:22 Image %>

<% 16:35:22 Image %>

<% 16:35:22 Image %>

<% 16:35:22 Image %>

<% 16:35:22 Image %>

<% 16:35:22 Image %>

<% 16:35:22 Image %>

<% 16:35:22 Image %>

<% 16:35:22 Image %>

<% 16:35:22 Image %>

<% 16:35:22 Image %>

<% 16:35:22 Image %>

<% 16:35:22 Image %>

<% 16:35:22 Image %>

<% 16:35:22 Image %>

<% 16:35:22 Image %>

<% 16:35:22 Image %>

<% 16:35:22 Image %>

<% 16:35:22 Image %>

<% 16:35:22 Image %>

<% 16:35:22 Image %>

<% 16:35:22 Page[page_2: http://sdkcga6306:82/Home.aspx](1) %>

<% 16:35:24 Page[page_3: http://sdkcga6306:82/FacilityLevels.aspx](1) %>

<% 16:35:29 Image %>

<% 16:35:29 Image %>

<% 16:35:30 Image %>

<% 16:35:30 Image %>

<% 16:35:30 Image %>

<% 16:35:30 Image %>

<% 16:35:30 Image %>

<% 16:35:30 Image %>

<% 16:35:30 Image %>

<% 16:35:30 Image %>

<% 16:35:30 Image %>

<% 16:35:30 Image %>

<% 16:35:30 Image %>

<% 16:35:30 Image %>

<% 16:35:30 Image %>

<% 16:35:30 Image %>

<% 16:35:30 Image %>

<% 16:35:30 Image %>

<% 16:35:30 Image %>

<% 16:35:30 Image %>

<% 16:35:30 Image %>

<% 16:35:30 Image %>

<% 16:35:30 Image %>

<% 16:35:30 Image %>

<% 16:35:30 Image %>

<% 16:35:30 Image %>

<% 16:35:30 Image %>

<% 16:35:30 Image %>

<% 16:35:30 Image %>

<% 16:35:30 Image %>

<% 16:35:30 Image %>

<% 16:35:30 Image %>

<% 16:35:30 Image %>

<% 16:35:30 Image %>

<% 16:35:30 Image %>

<% 16:35:30 Image %>

<% 16:35:30 Image %>

<% 16:35:30 Image %>

<% 16:35:30 Image %>

<% 16:35:30 Image %>

<% 16:35:30 Image %>

<% 16:35:30 Image %>

<% 16:35:30 Image %>

<% 16:35:30 Image %>

<% 16:35:30 Image %>

<% 16:35:30 Image %>

<% 16:35:30 Page[page_4: http://sdkcga6306:82/FacilityLevels.aspx](1) %>

<% 16:35:30 Page[page_5: http://sdkcga6306:82/FacilityLevels.aspx](1) %>

<% 16:35:31 Page[page_6: http://sdkcga6306:82/FacilityLevels.aspx](1) %>

<% 16:35:32 Page[Facilities](1) %>

<% 16:36:22 Page[Confidentiality](1) %>

<% 16:36:44 Session(15) %>

<% 16:36:44 Page[page_1: http://sdkcga6306:82/Home.aspx](1) %>

<% 16:36:44 Connect %>
Connecting to remote host: sdkcga6306:82...

<% 16:36:47 Image %>

<% 16:36:47 Image %>

<% 16:36:47 Image %>

<% 16:36:47 Image %>

<% 16:36:47 Image %>

<% 16:36:47 Image %>

<% 16:36:47 Image %>

<% 16:36:47 Image %>

<% 16:36:47 Image %>

<% 16:36:47 Image %>

<% 16:36:47 Image %>

<% 16:36:47 Image %>

<% 16:36:47 Image %>

<% 16:36:47 Image %>

<% 16:36:47 Image %>

<% 16:36:47 Image %>

<% 16:36:47 Image %>

<% 16:36:47 Image %>

<% 16:36:48 Image %>

<% 16:36:48 Image %>

<% 16:36:48 Image %>

<% 16:36:48 Image %>

<% 16:36:48 Image %>

<% 16:36:48 Image %>

<% 16:36:48 Image %>

<% 16:36:48 Image %>

<% 16:36:48 Image %>

<% 16:36:48 Image %>

<% 16:36:48 Image %>

<% 16:36:48 Image %>

<% 16:36:48 Image %>

<% 16:36:48 Image %>

<% 16:36:48 Image %>

<% 16:36:48 Image %>

<% 16:36:48 Image %>

<% 16:36:48 Page[page_2: http://sdkcga6306:82/Home.aspx](1) %>

<% 16:36:48 Page[page_3: http://sdkcga6306:82/FacilityLevels.aspx](1) %>

<% 16:36:48 Image %>

<% 16:36:48 Image %>

<% 16:36:48 Image %>

<% 16:36:49 Image %>

<% 16:36:49 Image %>

<% 16:36:49 Image %>

<% 16:36:49 Image %>

<% 16:36:54 Image %>

<% 16:36:59 Image %>

<% 16:36:59 Image %>

<% 16:37:00 Image %>

<% 16:37:00 Image %>

<% 16:37:00 Image %>

<% 16:37:00 Image %>

<% 16:37:00 Image %>

<% 16:37:00 Image %>

<% 16:37:00 Image %>

<% 16:37:00 Image %>

<% 16:37:00 Image %>

<% 16:37:00 Image %>

<% 16:37:00 Image %>

<% 16:37:00 Image %>

<% 16:37:00 Image %>

<% 16:37:00 Image %>

<% 16:37:00 Image %>

<% 16:37:01 Image %>

<% 16:37:01 Image %>

<% 16:37:01 Image %>

<% 16:37:01 Image %>

<% 16:37:01 Image %>

<% 16:37:01 Image %>

<% 16:37:01 Image %>

<% 16:37:01 Image %>

<% 16:37:01 Image %>

<% 16:37:01 Image %>

<% 16:37:01 Image %>

<% 16:37:01 Image %>

<% 16:37:01 Image %>

<% 16:37:01 Image %>

<% 16:37:01 Image %>

<% 16:37:01 Image %>

<% 16:37:01 Image %>

<% 16:37:01 Image %>

<% 16:37:01 Image %>

<% 16:37:01 Image %>

<% 16:37:01 Image %>

<% 16:37:01 Page[page_4: http://sdkcga6306:82/FacilityLevels.aspx](1) %>

<% 16:37:02 Page[page_5: http://sdkcga6306:82/FacilityLevels.aspx](1) %>

<% 16:37:04 Page[page_6: http://sdkcga6306:82/FacilityLevels.aspx](1) %>

<% 16:37:11 Page[Facilities](1) %>

<% 16:38:05 Stopping %>

<% 16:38:05 Page[Confidentiality](1) %>
