
<% 16:20:25 Header %>
Server: [127.0.0.1] LDK100296.wsatkins.com
Client: [127.0.0.1] LDK100296.wsatkins.com
Profile: FacilityLevel_6306_User.wpp
Profile name: FacilityLevel_6306_User

<% 16:20:25 Session(1) %>

<% 16:20:25 Page[page_1: http://sdkcga6306:82/Home.aspx](1) %>

<% 16:20:25 Connect %>
Connecting to remote host: sdkcga6306:82...

<% 16:20:26 Image %>

<% 16:20:26 Image %>

<% 16:20:26 Image %>

<% 16:20:26 Image %>

<% 16:20:26 Image %>

<% 16:20:26 Image %>

<% 16:20:26 Image %>

<% 16:20:26 Image %>

<% 16:20:26 Image %>

<% 16:20:26 Image %>

<% 16:20:26 Image %>

<% 16:20:26 Image %>

<% 16:20:26 Image %>

<% 16:20:26 Image %>

<% 16:20:26 Image %>

<% 16:20:26 Image %>

<% 16:20:27 Image %>

<% 16:20:27 Image %>

<% 16:20:27 Image %>

<% 16:20:27 Image %>

<% 16:20:27 Image %>

<% 16:20:27 Image %>

<% 16:20:27 Image %>

<% 16:20:27 Image %>

<% 16:20:27 Image %>

<% 16:20:27 Image %>

<% 16:20:27 Image %>

<% 16:20:27 Image %>

<% 16:20:27 Image %>

<% 16:20:27 Image %>

<% 16:20:27 Image %>

<% 16:20:27 Image %>

<% 16:20:27 Image %>

<% 16:20:27 Image %>

<% 16:20:27 Image %>

<% 16:20:27 Page[page_2: http://sdkcga6306:82/Home.aspx](1) %>

<% 16:20:27 Page[page_3: http://sdkcga6306:82/FacilityLevels.aspx](1) %>

<% 16:20:27 Image %>

<% 16:20:27 Image %>

<% 16:20:27 Image %>

<% 16:20:27 Image %>

<% 16:20:27 Image %>

<% 16:20:27 Image %>

<% 16:20:27 Image %>

<% 16:20:27 Image %>

<% 16:20:27 Image %>

<% 16:20:27 Image %>

<% 16:20:27 Image %>

<% 16:20:27 Image %>

<% 16:20:27 Image %>

<% 16:20:27 Image %>

<% 16:20:27 Image %>

<% 16:20:27 Image %>

<% 16:20:27 Image %>

<% 16:20:28 Image %>

<% 16:20:28 Image %>

<% 16:20:28 Image %>

<% 16:20:28 Image %>

<% 16:20:28 Image %>

<% 16:20:28 Image %>

<% 16:20:28 Image %>

<% 16:20:28 Image %>

<% 16:20:28 Image %>

<% 16:20:28 Image %>

<% 16:20:28 Image %>

<% 16:20:28 Image %>

<% 16:20:28 Image %>

<% 16:20:28 Image %>

<% 16:20:28 Image %>

<% 16:20:28 Image %>

<% 16:20:28 Image %>

<% 16:20:28 Image %>

<% 16:20:28 Image %>

<% 16:20:28 Image %>

<% 16:20:28 Image %>

<% 16:20:28 Image %>

<% 16:20:28 Image %>

<% 16:20:28 Image %>

<% 16:20:28 Image %>

<% 16:20:28 Image %>

<% 16:20:28 Image %>

<% 16:20:28 Image %>

<% 16:20:28 Image %>

<% 16:20:28 Page[page_4: http://sdkcga6306:82/FacilityLevels.aspx](1) %>

<% 16:20:28 Page[page_5: http://sdkcga6306:82/FacilityLevels.aspx](1) %>

<% 16:20:28 Page[page_6: http://sdkcga6306:82/FacilityLevels.aspx](1) %>

<% 16:20:28 Page[Facilities](1) %>

<% 16:20:43 Page[Confidentiality](1) %>

<% 16:20:46 Session(2) %>

<% 16:20:46 Page[page_1: http://sdkcga6306:82/Home.aspx](1) %>

<% 16:20:46 Connect %>
Connecting to remote host: sdkcga6306:82...

<% 16:20:46 Image %>

<% 16:20:47 Image %>

<% 16:20:47 Image %>

<% 16:20:47 Image %>

<% 16:20:47 Image %>

<% 16:20:47 Image %>

<% 16:20:47 Image %>

<% 16:20:47 Image %>

<% 16:20:47 Image %>

<% 16:20:47 Image %>

<% 16:20:47 Image %>

<% 16:20:47 Image %>

<% 16:20:47 Image %>

<% 16:20:47 Image %>

<% 16:20:47 Image %>

<% 16:20:47 Image %>

<% 16:20:47 Image %>

<% 16:20:47 Image %>

<% 16:20:47 Image %>

<% 16:20:47 Image %>

<% 16:20:47 Image %>

<% 16:20:47 Image %>

<% 16:20:47 Image %>

<% 16:20:47 Image %>

<% 16:20:47 Image %>

<% 16:20:47 Image %>

<% 16:20:47 Image %>

<% 16:20:47 Image %>

<% 16:20:47 Image %>

<% 16:20:47 Image %>

<% 16:20:47 Image %>

<% 16:20:47 Image %>

<% 16:20:47 Image %>

<% 16:20:47 Image %>

<% 16:20:47 Image %>

<% 16:20:47 Page[page_2: http://sdkcga6306:82/Home.aspx](1) %>

<% 16:20:47 Page[page_3: http://sdkcga6306:82/FacilityLevels.aspx](1) %>

<% 16:20:47 Image %>

<% 16:20:47 Image %>

<% 16:20:47 Image %>

<% 16:20:47 Image %>

<% 16:20:47 Image %>

<% 16:20:47 Image %>

<% 16:20:48 Image %>

<% 16:20:48 Image %>

<% 16:20:48 Image %>

<% 16:20:48 Image %>

<% 16:20:48 Image %>

<% 16:20:48 Image %>

<% 16:20:48 Image %>

<% 16:20:48 Image %>

<% 16:20:48 Image %>

<% 16:20:48 Image %>

<% 16:20:48 Image %>

<% 16:20:48 Image %>

<% 16:20:48 Image %>

<% 16:20:48 Image %>

<% 16:20:48 Image %>

<% 16:20:48 Image %>

<% 16:20:48 Image %>

<% 16:20:48 Image %>

<% 16:20:48 Image %>

<% 16:20:48 Image %>

<% 16:20:48 Image %>

<% 16:20:48 Image %>

<% 16:20:48 Image %>

<% 16:20:48 Image %>

<% 16:20:48 Image %>

<% 16:20:48 Image %>

<% 16:20:48 Image %>

<% 16:20:48 Image %>

<% 16:20:48 Image %>

<% 16:20:48 Image %>

<% 16:20:48 Image %>

<% 16:20:48 Image %>

<% 16:20:48 Image %>

<% 16:20:48 Image %>

<% 16:20:48 Image %>

<% 16:20:48 Image %>

<% 16:20:48 Image %>

<% 16:20:48 Image %>

<% 16:20:48 Image %>

<% 16:20:48 Image %>

<% 16:20:48 Page[page_4: http://sdkcga6306:82/FacilityLevels.aspx](1) %>

<% 16:20:48 Page[page_5: http://sdkcga6306:82/FacilityLevels.aspx](1) %>

<% 16:20:48 Page[page_6: http://sdkcga6306:82/FacilityLevels.aspx](1) %>

<% 16:20:48 Page[Facilities](1) %>

<% 16:21:02 Page[Confidentiality](1) %>

<% 16:21:05 Session(3) %>

<% 16:21:05 Page[page_1: http://sdkcga6306:82/Home.aspx](1) %>

<% 16:21:05 Connect %>
Connecting to remote host: sdkcga6306:82...

<% 16:21:06 Image %>

<% 16:21:06 Image %>

<% 16:21:06 Image %>

<% 16:21:06 Image %>

<% 16:21:06 Image %>

<% 16:21:06 Image %>

<% 16:21:06 Image %>

<% 16:21:06 Image %>

<% 16:21:06 Image %>

<% 16:21:06 Image %>

<% 16:21:06 Image %>

<% 16:21:06 Image %>

<% 16:21:06 Image %>

<% 16:21:06 Image %>

<% 16:21:06 Image %>

<% 16:21:06 Image %>

<% 16:21:06 Image %>

<% 16:21:06 Image %>

<% 16:21:06 Image %>

<% 16:21:06 Image %>

<% 16:21:06 Image %>

<% 16:21:06 Image %>

<% 16:21:06 Image %>

<% 16:21:06 Image %>

<% 16:21:06 Image %>

<% 16:21:06 Image %>

<% 16:21:06 Image %>

<% 16:21:06 Image %>

<% 16:21:06 Image %>

<% 16:21:06 Image %>

<% 16:21:06 Image %>

<% 16:21:06 Image %>

<% 16:21:06 Image %>

<% 16:21:06 Image %>

<% 16:21:06 Image %>

<% 16:21:06 Page[page_2: http://sdkcga6306:82/Home.aspx](1) %>

<% 16:21:06 Page[page_3: http://sdkcga6306:82/FacilityLevels.aspx](1) %>

<% 16:21:06 Image %>

<% 16:21:06 Image %>

<% 16:21:07 Image %>

<% 16:21:07 Image %>

<% 16:21:07 Image %>

<% 16:21:07 Image %>

<% 16:21:07 Image %>

<% 16:21:07 Image %>

<% 16:21:07 Image %>

<% 16:21:07 Image %>

<% 16:21:07 Image %>

<% 16:21:07 Image %>

<% 16:21:07 Image %>

<% 16:21:07 Image %>

<% 16:21:07 Image %>

<% 16:21:07 Image %>

<% 16:21:07 Image %>

<% 16:21:07 Image %>

<% 16:21:07 Image %>

<% 16:21:07 Image %>

<% 16:21:07 Image %>

<% 16:21:07 Image %>

<% 16:21:07 Image %>

<% 16:21:07 Image %>

<% 16:21:07 Image %>

<% 16:21:07 Image %>

<% 16:21:07 Image %>

<% 16:21:07 Image %>

<% 16:21:07 Image %>

<% 16:21:07 Image %>

<% 16:21:07 Image %>

<% 16:21:07 Image %>

<% 16:21:07 Image %>

<% 16:21:07 Image %>

<% 16:21:07 Image %>

<% 16:21:07 Image %>

<% 16:21:07 Image %>

<% 16:21:07 Image %>

<% 16:21:07 Image %>

<% 16:21:07 Image %>

<% 16:21:07 Image %>

<% 16:21:07 Image %>

<% 16:21:07 Image %>

<% 16:21:07 Image %>

<% 16:21:07 Image %>

<% 16:21:07 Image %>

<% 16:21:07 Page[page_4: http://sdkcga6306:82/FacilityLevels.aspx](1) %>

<% 16:21:07 Page[page_5: http://sdkcga6306:82/FacilityLevels.aspx](1) %>

<% 16:21:07 Page[page_6: http://sdkcga6306:82/FacilityLevels.aspx](1) %>

<% 16:21:07 Page[Facilities](1) %>

<% 16:21:21 Page[Confidentiality](1) %>

<% 16:21:26 Session(4) %>

<% 16:21:26 Page[page_1: http://sdkcga6306:82/Home.aspx](1) %>

<% 16:21:26 Connect %>
Connecting to remote host: sdkcga6306:82...

<% 16:21:26 Image %>

<% 16:21:26 Image %>

<% 16:21:26 Image %>

<% 16:21:26 Image %>

<% 16:21:26 Image %>

<% 16:21:26 Image %>

<% 16:21:26 Image %>

<% 16:21:26 Image %>

<% 16:21:26 Image %>

<% 16:21:26 Image %>

<% 16:21:26 Image %>

<% 16:21:26 Image %>

<% 16:21:26 Image %>

<% 16:21:26 Image %>

<% 16:21:26 Image %>

<% 16:21:26 Image %>

<% 16:21:26 Image %>

<% 16:21:26 Image %>

<% 16:21:26 Image %>

<% 16:21:26 Image %>

<% 16:21:26 Image %>

<% 16:21:26 Image %>

<% 16:21:26 Image %>

<% 16:21:26 Image %>

<% 16:21:26 Image %>

<% 16:21:26 Image %>

<% 16:21:26 Image %>

<% 16:21:26 Image %>

<% 16:21:26 Image %>

<% 16:21:26 Image %>

<% 16:21:26 Image %>

<% 16:21:26 Image %>

<% 16:21:26 Image %>

<% 16:21:26 Image %>

<% 16:21:26 Image %>

<% 16:21:26 Page[page_2: http://sdkcga6306:82/Home.aspx](1) %>

<% 16:21:27 Page[page_3: http://sdkcga6306:82/FacilityLevels.aspx](1) %>

<% 16:21:27 Image %>

<% 16:21:27 Image %>

<% 16:21:27 Image %>

<% 16:21:27 Image %>

<% 16:21:27 Image %>

<% 16:21:27 Image %>

<% 16:21:27 Image %>

<% 16:21:27 Image %>

<% 16:21:27 Image %>

<% 16:21:27 Image %>

<% 16:21:27 Image %>

<% 16:21:27 Image %>

<% 16:21:27 Image %>

<% 16:21:27 Image %>

<% 16:21:27 Image %>

<% 16:21:27 Image %>

<% 16:21:27 Image %>

<% 16:21:27 Image %>

<% 16:21:27 Image %>

<% 16:21:27 Image %>

<% 16:21:27 Image %>

<% 16:21:27 Image %>

<% 16:21:27 Image %>

<% 16:21:27 Image %>

<% 16:21:27 Image %>

<% 16:21:27 Image %>

<% 16:21:27 Image %>

<% 16:21:27 Image %>

<% 16:21:27 Image %>

<% 16:21:27 Image %>

<% 16:21:27 Image %>

<% 16:21:27 Image %>

<% 16:21:27 Image %>

<% 16:21:27 Image %>

<% 16:21:27 Image %>

<% 16:21:27 Image %>

<% 16:21:27 Image %>

<% 16:21:27 Image %>

<% 16:21:27 Image %>

<% 16:21:27 Image %>

<% 16:21:27 Image %>

<% 16:21:27 Image %>

<% 16:21:27 Image %>

<% 16:21:27 Image %>

<% 16:21:27 Image %>

<% 16:21:27 Image %>

<% 16:21:27 Page[page_4: http://sdkcga6306:82/FacilityLevels.aspx](1) %>

<% 16:21:28 Page[page_5: http://sdkcga6306:82/FacilityLevels.aspx](1) %>

<% 16:21:28 Page[page_6: http://sdkcga6306:82/FacilityLevels.aspx](1) %>

<% 16:21:28 Page[Facilities](1) %>

<% 16:21:52 Page[Confidentiality](1) %>

<% 16:21:58 Session(5) %>

<% 16:21:58 Page[page_1: http://sdkcga6306:82/Home.aspx](1) %>

<% 16:21:58 Connect %>
Connecting to remote host: sdkcga6306:82...

<% 16:21:58 Image %>

<% 16:21:58 Image %>

<% 16:21:58 Image %>

<% 16:21:58 Image %>

<% 16:21:59 Image %>

<% 16:21:59 Image %>

<% 16:21:59 Image %>

<% 16:21:59 Image %>

<% 16:21:59 Image %>

<% 16:21:59 Image %>

<% 16:21:59 Image %>

<% 16:21:59 Image %>

<% 16:21:59 Image %>

<% 16:21:59 Image %>

<% 16:21:59 Image %>

<% 16:21:59 Image %>

<% 16:21:59 Image %>

<% 16:21:59 Image %>

<% 16:21:59 Image %>

<% 16:21:59 Image %>

<% 16:21:59 Image %>

<% 16:21:59 Image %>

<% 16:21:59 Image %>

<% 16:21:59 Image %>

<% 16:21:59 Image %>

<% 16:21:59 Image %>

<% 16:21:59 Image %>

<% 16:21:59 Image %>

<% 16:21:59 Image %>

<% 16:21:59 Image %>

<% 16:21:59 Image %>

<% 16:21:59 Image %>

<% 16:21:59 Image %>

<% 16:21:59 Image %>

<% 16:21:59 Image %>

<% 16:21:59 Page[page_2: http://sdkcga6306:82/Home.aspx](1) %>

<% 16:21:59 Page[page_3: http://sdkcga6306:82/FacilityLevels.aspx](1) %>

<% 16:21:59 Image %>

<% 16:21:59 Image %>

<% 16:21:59 Image %>

<% 16:21:59 Image %>

<% 16:21:59 Image %>

<% 16:21:59 Image %>

<% 16:21:59 Image %>

<% 16:21:59 Image %>

<% 16:21:59 Image %>

<% 16:21:59 Image %>

<% 16:21:59 Image %>

<% 16:21:59 Image %>

<% 16:21:59 Image %>

<% 16:21:59 Image %>

<% 16:22:00 Image %>

<% 16:22:00 Image %>

<% 16:22:00 Image %>

<% 16:22:00 Image %>

<% 16:22:00 Image %>

<% 16:22:00 Image %>

<% 16:22:00 Image %>

<% 16:22:00 Image %>

<% 16:22:00 Image %>

<% 16:22:00 Image %>

<% 16:22:00 Image %>

<% 16:22:00 Image %>

<% 16:22:00 Image %>

<% 16:22:00 Image %>

<% 16:22:00 Image %>

<% 16:22:00 Image %>

<% 16:22:00 Image %>

<% 16:22:00 Image %>

<% 16:22:00 Image %>

<% 16:22:00 Image %>

<% 16:22:00 Image %>

<% 16:22:00 Image %>

<% 16:22:00 Image %>

<% 16:22:00 Image %>

<% 16:22:00 Image %>

<% 16:22:00 Image %>

<% 16:22:00 Image %>

<% 16:22:00 Image %>

<% 16:22:00 Image %>

<% 16:22:00 Image %>

<% 16:22:00 Image %>

<% 16:22:00 Image %>

<% 16:22:00 Page[page_4: http://sdkcga6306:82/FacilityLevels.aspx](1) %>

<% 16:22:00 Page[page_5: http://sdkcga6306:82/FacilityLevels.aspx](1) %>

<% 16:22:00 Page[page_6: http://sdkcga6306:82/FacilityLevels.aspx](1) %>

<% 16:22:00 Page[Facilities](1) %>

<% 16:22:20 Page[Confidentiality](1) %>

<% 16:22:24 Session(6) %>

<% 16:22:24 Page[page_1: http://sdkcga6306:82/Home.aspx](1) %>

<% 16:22:24 Connect %>
Connecting to remote host: sdkcga6306:82...

<% 16:22:26 Image %>

<% 16:22:26 Image %>

<% 16:22:26 Image %>

<% 16:22:26 Image %>

<% 16:22:26 Image %>

<% 16:22:26 Image %>

<% 16:22:26 Image %>

<% 16:22:26 Image %>

<% 16:22:26 Image %>

<% 16:22:26 Image %>

<% 16:22:26 Image %>

<% 16:22:26 Image %>

<% 16:22:26 Image %>

<% 16:22:26 Image %>

<% 16:22:26 Image %>

<% 16:22:26 Image %>

<% 16:22:26 Image %>

<% 16:22:26 Image %>

<% 16:22:26 Image %>

<% 16:22:26 Image %>

<% 16:22:26 Image %>

<% 16:22:26 Image %>

<% 16:22:26 Image %>

<% 16:22:26 Image %>

<% 16:22:26 Image %>

<% 16:22:26 Image %>

<% 16:22:26 Image %>

<% 16:22:26 Image %>

<% 16:22:26 Image %>

<% 16:22:26 Image %>

<% 16:22:26 Image %>

<% 16:22:26 Image %>

<% 16:22:26 Image %>

<% 16:22:26 Image %>

<% 16:22:26 Image %>

<% 16:22:26 Page[page_2: http://sdkcga6306:82/Home.aspx](1) %>

<% 16:22:26 Page[page_3: http://sdkcga6306:82/FacilityLevels.aspx](1) %>

<% 16:22:26 Image %>

<% 16:22:26 Image %>

<% 16:22:26 Image %>

<% 16:22:26 Image %>

<% 16:22:26 Image %>

<% 16:22:26 Image %>

<% 16:22:26 Image %>

<% 16:22:26 Image %>

<% 16:22:26 Image %>

<% 16:22:26 Image %>

<% 16:22:26 Image %>

<% 16:22:26 Image %>

<% 16:22:26 Image %>

<% 16:22:26 Image %>

<% 16:22:26 Image %>

<% 16:22:26 Image %>

<% 16:22:26 Image %>

<% 16:22:26 Image %>

<% 16:22:26 Image %>

<% 16:22:26 Image %>

<% 16:22:26 Image %>

<% 16:22:27 Image %>

<% 16:22:27 Image %>

<% 16:22:27 Image %>

<% 16:22:27 Image %>

<% 16:22:27 Image %>

<% 16:22:27 Image %>

<% 16:22:27 Image %>

<% 16:22:27 Image %>

<% 16:22:27 Image %>

<% 16:22:27 Image %>

<% 16:22:27 Image %>

<% 16:22:27 Image %>

<% 16:22:27 Image %>

<% 16:22:27 Image %>

<% 16:22:27 Image %>

<% 16:22:27 Image %>

<% 16:22:27 Image %>

<% 16:22:27 Image %>

<% 16:22:27 Image %>

<% 16:22:27 Image %>

<% 16:22:27 Image %>

<% 16:22:27 Image %>

<% 16:22:27 Image %>

<% 16:22:27 Image %>

<% 16:22:27 Image %>

<% 16:22:27 Page[page_4: http://sdkcga6306:82/FacilityLevels.aspx](1) %>

<% 16:22:27 Page[page_5: http://sdkcga6306:82/FacilityLevels.aspx](1) %>

<% 16:22:27 Page[page_6: http://sdkcga6306:82/FacilityLevels.aspx](1) %>

<% 16:22:27 Page[Facilities](1) %>

<% 16:22:46 Page[Confidentiality](1) %>

<% 16:22:53 Session(7) %>

<% 16:22:53 Page[page_1: http://sdkcga6306:82/Home.aspx](1) %>

<% 16:22:53 Connect %>
Connecting to remote host: sdkcga6306:82...

<% 16:22:57 Image %>

<% 16:22:57 Image %>

<% 16:22:57 Image %>

<% 16:22:57 Image %>

<% 16:22:57 Image %>

<% 16:22:57 Image %>

<% 16:22:57 Image %>

<% 16:22:57 Image %>

<% 16:22:57 Image %>

<% 16:22:57 Image %>

<% 16:22:57 Image %>

<% 16:22:57 Image %>

<% 16:22:57 Image %>

<% 16:22:57 Image %>

<% 16:22:57 Image %>

<% 16:22:57 Image %>

<% 16:22:57 Image %>

<% 16:22:57 Image %>

<% 16:22:57 Image %>

<% 16:22:57 Image %>

<% 16:22:57 Image %>

<% 16:22:57 Image %>

<% 16:22:57 Image %>

<% 16:22:57 Image %>

<% 16:22:57 Image %>

<% 16:22:57 Image %>

<% 16:22:57 Image %>

<% 16:22:57 Image %>

<% 16:22:57 Image %>

<% 16:22:57 Image %>

<% 16:22:57 Image %>

<% 16:22:57 Image %>

<% 16:22:57 Image %>

<% 16:22:57 Image %>

<% 16:22:57 Image %>

<% 16:22:57 Page[page_2: http://sdkcga6306:82/Home.aspx](1) %>

<% 16:22:57 Page[page_3: http://sdkcga6306:82/FacilityLevels.aspx](1) %>

<% 16:22:58 Image %>

<% 16:22:58 Image %>

<% 16:22:58 Image %>

<% 16:22:58 Image %>

<% 16:22:58 Image %>

<% 16:22:58 Image %>

<% 16:22:58 Image %>

<% 16:22:58 Image %>

<% 16:22:58 Image %>

<% 16:22:58 Image %>

<% 16:22:58 Image %>

<% 16:22:58 Image %>

<% 16:22:58 Image %>

<% 16:22:58 Image %>

<% 16:22:58 Image %>

<% 16:22:58 Image %>

<% 16:22:58 Image %>

<% 16:22:58 Image %>

<% 16:22:58 Image %>

<% 16:22:58 Image %>

<% 16:22:58 Image %>

<% 16:22:58 Image %>

<% 16:22:58 Image %>

<% 16:22:58 Image %>

<% 16:22:58 Image %>

<% 16:22:58 Image %>

<% 16:22:58 Image %>

<% 16:22:58 Image %>

<% 16:22:58 Image %>

<% 16:22:58 Image %>

<% 16:22:58 Image %>

<% 16:22:58 Image %>

<% 16:22:58 Image %>

<% 16:22:58 Image %>

<% 16:22:58 Image %>

<% 16:22:58 Image %>

<% 16:22:58 Image %>

<% 16:22:58 Image %>

<% 16:22:58 Image %>

<% 16:22:58 Image %>

<% 16:22:58 Image %>

<% 16:22:58 Image %>

<% 16:22:58 Image %>

<% 16:22:58 Image %>

<% 16:22:58 Image %>

<% 16:22:58 Image %>

<% 16:22:58 Page[page_4: http://sdkcga6306:82/FacilityLevels.aspx](1) %>

<% 16:22:58 Page[page_5: http://sdkcga6306:82/FacilityLevels.aspx](1) %>

<% 16:22:58 Page[page_6: http://sdkcga6306:82/FacilityLevels.aspx](1) %>

<% 16:22:58 Page[Facilities](1) %>

<% 16:23:23 Page[Confidentiality](1) %>

<% 16:23:29 Session(8) %>

<% 16:23:29 Page[page_1: http://sdkcga6306:82/Home.aspx](1) %>

<% 16:23:29 Connect %>
Connecting to remote host: sdkcga6306:82...

<% 16:23:29 Image %>

<% 16:23:29 Image %>

<% 16:23:29 Image %>

<% 16:23:29 Image %>

<% 16:23:29 Image %>

<% 16:23:29 Image %>

<% 16:23:29 Image %>

<% 16:23:29 Image %>

<% 16:23:29 Image %>

<% 16:23:29 Image %>

<% 16:23:29 Image %>

<% 16:23:31 Image %>

<% 16:23:31 Image %>

<% 16:23:31 Image %>

<% 16:23:31 Image %>

<% 16:23:31 Image %>

<% 16:23:31 Image %>

<% 16:23:31 Image %>

<% 16:23:31 Image %>

<% 16:23:31 Image %>

<% 16:23:31 Image %>

<% 16:23:31 Image %>

<% 16:23:31 Image %>

<% 16:23:31 Image %>

<% 16:23:31 Image %>

<% 16:23:31 Image %>

<% 16:23:31 Image %>

<% 16:23:31 Image %>

<% 16:23:31 Image %>

<% 16:23:31 Image %>

<% 16:23:31 Image %>

<% 16:23:31 Image %>

<% 16:23:31 Image %>

<% 16:23:31 Image %>

<% 16:23:31 Image %>

<% 16:23:31 Page[page_2: http://sdkcga6306:82/Home.aspx](1) %>

<% 16:23:31 Page[page_3: http://sdkcga6306:82/FacilityLevels.aspx](1) %>

<% 16:23:31 Image %>

<% 16:23:31 Image %>

<% 16:23:32 Image %>

<% 16:23:32 Image %>

<% 16:23:32 Image %>

<% 16:23:32 Image %>

<% 16:23:32 Image %>

<% 16:23:32 Image %>

<% 16:23:32 Image %>

<% 16:23:32 Image %>

<% 16:23:32 Image %>

<% 16:23:32 Image %>

<% 16:23:32 Image %>

<% 16:23:32 Image %>

<% 16:23:32 Image %>

<% 16:23:32 Image %>

<% 16:23:32 Image %>

<% 16:23:32 Image %>

<% 16:23:32 Image %>

<% 16:23:32 Image %>

<% 16:23:32 Image %>

<% 16:23:32 Image %>

<% 16:23:32 Image %>

<% 16:23:32 Image %>

<% 16:23:32 Image %>

<% 16:23:32 Image %>

<% 16:23:32 Image %>

<% 16:23:32 Image %>

<% 16:23:32 Image %>

<% 16:23:32 Image %>

<% 16:23:32 Image %>

<% 16:23:32 Image %>

<% 16:23:32 Image %>

<% 16:23:32 Image %>

<% 16:23:32 Image %>

<% 16:23:32 Image %>

<% 16:23:32 Image %>

<% 16:23:32 Image %>

<% 16:23:32 Image %>

<% 16:23:32 Image %>

<% 16:23:32 Image %>

<% 16:23:32 Image %>

<% 16:23:32 Image %>

<% 16:23:32 Image %>

<% 16:23:32 Image %>

<% 16:23:32 Image %>

<% 16:23:32 Page[page_4: http://sdkcga6306:82/FacilityLevels.aspx](1) %>

<% 16:23:32 Page[page_5: http://sdkcga6306:82/FacilityLevels.aspx](1) %>

<% 16:23:32 Page[page_6: http://sdkcga6306:82/FacilityLevels.aspx](1) %>

<% 16:23:32 Page[Facilities](1) %>

<% 16:24:09 Page[Confidentiality](1) %>

<% 16:24:12 Session(9) %>

<% 16:24:12 Page[page_1: http://sdkcga6306:82/Home.aspx](1) %>

<% 16:24:12 Connect %>
Connecting to remote host: sdkcga6306:82...

<% 16:24:13 Image %>

<% 16:24:13 Image %>

<% 16:24:13 Image %>

<% 16:24:13 Image %>

<% 16:24:13 Image %>

<% 16:24:13 Image %>

<% 16:24:13 Image %>

<% 16:24:13 Image %>

<% 16:24:13 Image %>

<% 16:24:13 Image %>

<% 16:24:13 Image %>

<% 16:24:13 Image %>

<% 16:24:13 Image %>

<% 16:24:13 Image %>

<% 16:24:13 Image %>

<% 16:24:13 Image %>

<% 16:24:13 Image %>

<% 16:24:13 Image %>

<% 16:24:13 Image %>

<% 16:24:13 Image %>

<% 16:24:13 Image %>

<% 16:24:13 Image %>

<% 16:24:13 Image %>

<% 16:24:13 Image %>

<% 16:24:13 Image %>

<% 16:24:13 Image %>

<% 16:24:13 Image %>

<% 16:24:13 Image %>

<% 16:24:13 Image %>

<% 16:24:13 Image %>

<% 16:24:13 Image %>

<% 16:24:13 Image %>

<% 16:24:13 Image %>

<% 16:24:13 Image %>

<% 16:24:13 Image %>

<% 16:24:13 Page[page_2: http://sdkcga6306:82/Home.aspx](1) %>

<% 16:24:13 Page[page_3: http://sdkcga6306:82/FacilityLevels.aspx](1) %>

<% 16:24:13 Image %>

<% 16:24:13 Image %>

<% 16:24:13 Image %>

<% 16:24:13 Image %>

<% 16:24:13 Image %>

<% 16:24:19 Image %>

<% 16:24:19 Image %>

<% 16:24:19 Image %>

<% 16:24:19 Image %>

<% 16:24:19 Image %>

<% 16:24:19 Image %>

<% 16:24:19 Image %>

<% 16:24:19 Image %>

<% 16:24:19 Image %>

<% 16:24:19 Image %>

<% 16:24:19 Image %>

<% 16:24:19 Image %>

<% 16:24:19 Image %>

<% 16:24:19 Image %>

<% 16:24:19 Image %>

<% 16:24:19 Image %>

<% 16:24:19 Image %>

<% 16:24:19 Image %>

<% 16:24:19 Image %>

<% 16:24:19 Image %>

<% 16:24:19 Image %>

<% 16:24:19 Image %>

<% 16:24:19 Image %>

<% 16:24:19 Image %>

<% 16:24:19 Image %>

<% 16:24:19 Image %>

<% 16:24:19 Image %>

<% 16:24:19 Image %>

<% 16:24:19 Image %>

<% 16:24:19 Image %>

<% 16:24:19 Image %>

<% 16:24:19 Image %>

<% 16:24:19 Image %>

<% 16:24:19 Image %>

<% 16:24:19 Image %>

<% 16:24:19 Image %>

<% 16:24:19 Image %>

<% 16:24:19 Image %>

<% 16:24:19 Image %>

<% 16:24:19 Image %>

<% 16:24:19 Image %>

<% 16:24:19 Page[page_4: http://sdkcga6306:82/FacilityLevels.aspx](1) %>

<% 16:24:19 Page[page_5: http://sdkcga6306:82/FacilityLevels.aspx](1) %>

<% 16:24:19 Page[page_6: http://sdkcga6306:82/FacilityLevels.aspx](1) %>

<% 16:24:19 Page[Facilities](1) %>

<% 16:25:00 Page[Confidentiality](1) %>

<% 16:25:06 Session(10) %>

<% 16:25:06 Page[page_1: http://sdkcga6306:82/Home.aspx](1) %>

<% 16:25:06 Connect %>
Connecting to remote host: sdkcga6306:82...

<% 16:25:16 Image %>

<% 16:25:16 Image %>

<% 16:25:25 Image %>

<% 16:25:25 Image %>

<% 16:25:25 Image %>

<% 16:25:25 Image %>

<% 16:25:25 Image %>

<% 16:25:25 Image %>

<% 16:25:25 Image %>

<% 16:25:25 Image %>

<% 16:25:25 Image %>

<% 16:25:25 Image %>

<% 16:25:25 Image %>

<% 16:25:25 Image %>

<% 16:25:25 Image %>

<% 16:25:25 Image %>

<% 16:25:25 Image %>

<% 16:25:25 Image %>

<% 16:25:25 Image %>

<% 16:25:25 Image %>

<% 16:25:25 Image %>

<% 16:25:25 Image %>

<% 16:25:25 Image %>

<% 16:25:25 Image %>

<% 16:25:25 Image %>

<% 16:25:25 Image %>

<% 16:25:25 Image %>

<% 16:25:25 Image %>

<% 16:25:25 Image %>

<% 16:25:25 Image %>

<% 16:25:25 Image %>

<% 16:25:25 Image %>

<% 16:25:25 Image %>

<% 16:25:25 Image %>

<% 16:25:25 Image %>

<% 16:25:25 Page[page_2: http://sdkcga6306:82/Home.aspx](1) %>

<% 16:25:25 Page[page_3: http://sdkcga6306:82/FacilityLevels.aspx](1) %>

<% 16:25:25 Image %>

<% 16:25:25 Image %>

<% 16:25:25 Image %>

<% 16:25:25 Image %>

<% 16:25:25 Image %>

<% 16:25:25 Image %>

<% 16:25:25 Image %>

<% 16:25:25 Image %>

<% 16:25:25 Image %>

<% 16:25:25 Image %>

<% 16:25:25 Image %>

<% 16:25:25 Image %>

<% 16:25:25 Image %>

<% 16:25:25 Image %>

<% 16:25:25 Image %>

<% 16:25:25 Image %>

<% 16:25:25 Image %>

<% 16:25:25 Image %>

<% 16:25:25 Image %>

<% 16:25:25 Image %>

<% 16:25:26 Image %>

<% 16:25:26 Image %>

<% 16:25:26 Image %>

<% 16:25:26 Image %>

<% 16:25:26 Image %>

<% 16:25:26 Image %>

<% 16:25:26 Image %>

<% 16:25:26 Image %>

<% 16:25:26 Image %>

<% 16:25:26 Image %>

<% 16:25:26 Image %>

<% 16:25:26 Image %>

<% 16:25:26 Image %>

<% 16:25:26 Image %>

<% 16:25:26 Image %>

<% 16:25:26 Image %>

<% 16:25:26 Image %>

<% 16:25:26 Image %>

<% 16:25:26 Image %>

<% 16:25:26 Image %>

<% 16:25:26 Image %>

<% 16:25:26 Image %>

<% 16:25:26 Image %>

<% 16:25:26 Image %>

<% 16:25:26 Image %>

<% 16:25:26 Image %>

<% 16:25:26 Page[page_4: http://sdkcga6306:82/FacilityLevels.aspx](1) %>

<% 16:25:29 Page[page_5: http://sdkcga6306:82/FacilityLevels.aspx](1) %>

<% 16:25:29 Page[page_6: http://sdkcga6306:82/FacilityLevels.aspx](1) %>

<% 16:25:31 Page[Facilities](1) %>

<% 16:26:01 Page[Confidentiality](1) %>

<% 16:26:11 Session(11) %>

<% 16:26:11 Page[page_1: http://sdkcga6306:82/Home.aspx](1) %>

<% 16:26:11 Connect %>
Connecting to remote host: sdkcga6306:82...

<% 16:26:19 Image %>

<% 16:26:19 Image %>

<% 16:26:19 Image %>

<% 16:26:19 Image %>

<% 16:26:19 Image %>

<% 16:26:19 Image %>

<% 16:26:19 Image %>

<% 16:26:19 Image %>

<% 16:26:19 Image %>

<% 16:26:19 Image %>

<% 16:26:19 Image %>

<% 16:26:19 Image %>

<% 16:26:19 Image %>

<% 16:26:19 Image %>

<% 16:26:19 Image %>

<% 16:26:19 Image %>

<% 16:26:19 Image %>

<% 16:26:19 Image %>

<% 16:26:19 Image %>

<% 16:26:19 Image %>

<% 16:26:19 Image %>

<% 16:26:19 Image %>

<% 16:26:19 Image %>

<% 16:26:19 Image %>

<% 16:26:19 Image %>

<% 16:26:19 Image %>

<% 16:26:19 Image %>

<% 16:26:19 Image %>

<% 16:26:19 Image %>

<% 16:26:19 Image %>

<% 16:26:19 Image %>

<% 16:26:19 Image %>

<% 16:26:19 Image %>

<% 16:26:19 Image %>

<% 16:26:19 Image %>

<% 16:26:19 Page[page_2: http://sdkcga6306:82/Home.aspx](1) %>

<% 16:26:20 Page[page_3: http://sdkcga6306:82/FacilityLevels.aspx](1) %>

<% 16:26:20 Image %>

<% 16:26:20 Image %>

<% 16:26:20 Image %>

<% 16:26:20 Image %>

<% 16:26:20 Image %>

<% 16:26:20 Image %>

<% 16:26:20 Image %>

<% 16:26:20 Image %>

<% 16:26:20 Image %>

<% 16:26:20 Image %>

<% 16:26:20 Image %>

<% 16:26:20 Image %>

<% 16:26:20 Image %>

<% 16:26:20 Image %>

<% 16:26:20 Image %>

<% 16:26:20 Image %>

<% 16:26:20 Image %>

<% 16:26:20 Image %>

<% 16:26:20 Image %>

<% 16:26:20 Image %>

<% 16:26:20 Image %>

<% 16:26:20 Image %>

<% 16:26:20 Image %>

<% 16:26:20 Image %>

<% 16:26:20 Image %>

<% 16:26:20 Image %>

<% 16:26:20 Image %>

<% 16:26:20 Image %>

<% 16:26:20 Image %>

<% 16:26:20 Image %>

<% 16:26:20 Image %>

<% 16:26:20 Image %>

<% 16:26:20 Image %>

<% 16:26:20 Image %>

<% 16:26:20 Image %>

<% 16:26:20 Image %>

<% 16:26:20 Image %>

<% 16:26:20 Image %>

<% 16:26:20 Image %>

<% 16:26:20 Image %>

<% 16:26:20 Image %>

<% 16:26:20 Image %>

<% 16:26:21 Image %>

<% 16:26:21 Image %>

<% 16:26:21 Image %>

<% 16:26:21 Image %>

<% 16:26:21 Page[page_4: http://sdkcga6306:82/FacilityLevels.aspx](1) %>

<% 16:26:21 Page[page_5: http://sdkcga6306:82/FacilityLevels.aspx](1) %>

<% 16:26:21 Page[page_6: http://sdkcga6306:82/FacilityLevels.aspx](1) %>

<% 16:26:21 Page[Facilities](1) %>

<% 16:26:57 Page[Confidentiality](1) %>

<% 16:27:05 Session(12) %>

<% 16:27:05 Page[page_1: http://sdkcga6306:82/Home.aspx](1) %>

<% 16:27:05 Connect %>
Connecting to remote host: sdkcga6306:82...

<% 16:27:05 Image %>

<% 16:27:05 Image %>

<% 16:27:05 Image %>

<% 16:27:05 Image %>

<% 16:27:05 Image %>

<% 16:27:05 Image %>

<% 16:27:05 Image %>

<% 16:27:05 Image %>

<% 16:27:05 Image %>

<% 16:27:05 Image %>

<% 16:27:05 Image %>

<% 16:27:05 Image %>

<% 16:27:05 Image %>

<% 16:27:05 Image %>

<% 16:27:05 Image %>

<% 16:27:05 Image %>

<% 16:27:05 Image %>

<% 16:27:05 Image %>

<% 16:27:06 Image %>

<% 16:27:06 Image %>

<% 16:27:06 Image %>

<% 16:27:06 Image %>

<% 16:27:06 Image %>

<% 16:27:06 Image %>

<% 16:27:06 Image %>

<% 16:27:06 Image %>

<% 16:27:06 Image %>

<% 16:27:06 Image %>

<% 16:27:06 Image %>

<% 16:27:06 Image %>

<% 16:27:06 Image %>

<% 16:27:06 Image %>

<% 16:27:06 Image %>

<% 16:27:06 Image %>

<% 16:27:06 Image %>

<% 16:27:06 Page[page_2: http://sdkcga6306:82/Home.aspx](1) %>

<% 16:27:06 Page[page_3: http://sdkcga6306:82/FacilityLevels.aspx](1) %>

<% 16:27:06 Image %>

<% 16:27:06 Image %>

<% 16:27:06 Image %>

<% 16:27:06 Image %>

<% 16:27:06 Image %>

<% 16:27:06 Image %>

<% 16:27:06 Image %>

<% 16:27:06 Image %>

<% 16:27:06 Image %>

<% 16:27:06 Image %>

<% 16:27:06 Image %>

<% 16:27:06 Image %>

<% 16:27:06 Image %>

<% 16:27:06 Image %>

<% 16:27:06 Image %>

<% 16:27:06 Image %>

<% 16:27:06 Image %>

<% 16:27:06 Image %>

<% 16:27:06 Image %>

<% 16:27:06 Image %>

<% 16:27:06 Image %>

<% 16:27:06 Image %>

<% 16:27:06 Image %>

<% 16:27:06 Image %>

<% 16:27:06 Image %>

<% 16:27:06 Image %>

<% 16:27:06 Image %>

<% 16:27:06 Image %>

<% 16:27:06 Image %>

<% 16:27:06 Image %>

<% 16:27:06 Image %>

<% 16:27:06 Image %>

<% 16:27:06 Image %>

<% 16:27:06 Image %>

<% 16:27:06 Image %>

<% 16:27:06 Image %>

<% 16:27:06 Image %>

<% 16:27:06 Image %>

<% 16:27:06 Image %>

<% 16:27:06 Image %>

<% 16:27:06 Image %>

<% 16:27:06 Image %>

<% 16:27:06 Image %>

<% 16:27:06 Image %>

<% 16:27:06 Image %>

<% 16:27:06 Image %>

<% 16:27:06 Page[page_4: http://sdkcga6306:82/FacilityLevels.aspx](1) %>

<% 16:27:07 Page[page_5: http://sdkcga6306:82/FacilityLevels.aspx](1) %>

<% 16:27:07 Page[page_6: http://sdkcga6306:82/FacilityLevels.aspx](1) %>

<% 16:27:07 Page[Facilities](1) %>

<% 16:27:37 Page[Confidentiality](1) %>

<% 16:27:46 Session(13) %>

<% 16:27:46 Page[page_1: http://sdkcga6306:82/Home.aspx](1) %>

<% 16:27:46 Connect %>
Connecting to remote host: sdkcga6306:82...

<% 16:27:47 Image %>

<% 16:27:47 Image %>

<% 16:27:47 Image %>

<% 16:27:57 Image %>

<% 16:28:09 Image %>

<% 16:28:09 Image %>

<% 16:28:09 Image %>

<% 16:28:09 Image %>

<% 16:28:09 Image %>

<% 16:28:14 Image %>

<% 16:28:20 Image %>

<% 16:28:21 Image %>

<% 16:28:21 Image %>

<% 16:28:21 Image %>

<% 16:28:21 Image %>

<% 16:28:21 Image %>

<% 16:28:21 Image %>

<% 16:28:21 Image %>

<% 16:28:21 Image %>

<% 16:28:21 Image %>

<% 16:28:21 Image %>

<% 16:28:21 Image %>

<% 16:28:21 Image %>

<% 16:28:21 Image %>

<% 16:28:22 Image %>

<% 16:28:22 Image %>

<% 16:28:22 Image %>

<% 16:28:22 Image %>

<% 16:28:22 Image %>

<% 16:28:23 Image %>

<% 16:28:23 Image %>

<% 16:28:23 Image %>

<% 16:28:23 Image %>

<% 16:28:23 Image %>

<% 16:28:23 Image %>

<% 16:28:23 Page[page_2: http://sdkcga6306:82/Home.aspx](1) %>

<% 16:28:24 Page[page_3: http://sdkcga6306:82/FacilityLevels.aspx](1) %>

<% 16:28:29 Image %>

<% 16:28:29 Image %>

<% 16:28:30 Image %>

<% 16:28:30 Image %>

<% 16:28:30 Image %>

<% 16:28:30 Image %>

<% 16:28:30 Image %>

<% 16:28:30 Image %>

<% 16:28:30 Image %>

<% 16:28:30 Image %>

<% 16:28:30 Image %>

<% 16:28:30 Image %>

<% 16:28:30 Image %>

<% 16:28:30 Image %>

<% 16:28:30 Image %>

<% 16:28:30 Image %>

<% 16:28:30 Image %>

<% 16:28:30 Image %>

<% 16:28:30 Image %>

<% 16:28:30 Image %>

<% 16:28:30 Image %>

<% 16:28:30 Image %>

<% 16:28:30 Image %>

<% 16:28:30 Image %>

<% 16:28:30 Image %>

<% 16:28:30 Image %>

<% 16:28:30 Image %>

<% 16:28:30 Image %>

<% 16:28:30 Image %>

<% 16:28:30 Image %>

<% 16:28:30 Image %>

<% 16:28:30 Image %>

<% 16:28:30 Image %>

<% 16:28:30 Image %>

<% 16:28:30 Image %>

<% 16:28:30 Image %>

<% 16:28:30 Image %>

<% 16:28:30 Image %>

<% 16:28:30 Image %>

<% 16:28:30 Image %>

<% 16:28:30 Image %>

<% 16:28:30 Image %>

<% 16:28:30 Image %>

<% 16:28:30 Image %>

<% 16:28:30 Image %>

<% 16:28:30 Image %>

<% 16:28:30 Page[page_4: http://sdkcga6306:82/FacilityLevels.aspx](1) %>

<% 16:28:30 Page[page_5: http://sdkcga6306:82/FacilityLevels.aspx](1) %>

<% 16:28:31 Page[page_6: http://sdkcga6306:82/FacilityLevels.aspx](1) %>

<% 16:28:31 Page[Facilities](1) %>

<% 16:29:04 Page[Confidentiality](1) %>

<% 16:29:39 Session(14) %>

<% 16:29:39 Page[page_1: http://sdkcga6306:82/Home.aspx](1) %>

<% 16:29:39 Connect %>
Connecting to remote host: sdkcga6306:82...

<% 16:29:41 Image %>

<% 16:29:41 Image %>

<% 16:29:47 Image %>

<% 16:29:47 Image %>

<% 16:29:47 Image %>

<% 16:29:48 Image %>

<% 16:29:48 Image %>

<% 16:29:48 Image %>

<% 16:29:48 Image %>

<% 16:29:48 Image %>

<% 16:29:48 Image %>

<% 16:29:48 Image %>

<% 16:29:48 Image %>

<% 16:29:48 Image %>

<% 16:29:48 Image %>

<% 16:29:48 Image %>

<% 16:29:48 Image %>

<% 16:29:48 Image %>

<% 16:29:48 Image %>

<% 16:29:48 Image %>

<% 16:29:48 Image %>

<% 16:29:48 Image %>

<% 16:29:48 Image %>

<% 16:29:48 Image %>

<% 16:29:48 Image %>

<% 16:29:48 Image %>

<% 16:29:48 Image %>

<% 16:29:48 Image %>

<% 16:29:48 Image %>

<% 16:29:48 Image %>

<% 16:29:48 Image %>

<% 16:29:48 Image %>

<% 16:29:48 Image %>

<% 16:29:48 Image %>

<% 16:29:48 Image %>

<% 16:29:48 Page[page_2: http://sdkcga6306:82/Home.aspx](1) %>

<% 16:29:48 Page[page_3: http://sdkcga6306:82/FacilityLevels.aspx](1) %>

<% 16:29:48 Image %>

<% 16:29:48 Image %>

<% 16:29:48 Image %>

<% 16:29:48 Image %>

<% 16:29:48 Image %>

<% 16:29:48 Image %>

<% 16:29:48 Image %>

<% 16:29:48 Image %>

<% 16:29:48 Image %>

<% 16:29:48 Image %>

<% 16:29:48 Image %>

<% 16:29:48 Image %>

<% 16:29:48 Image %>

<% 16:29:48 Image %>

<% 16:29:48 Image %>

<% 16:29:48 Image %>

<% 16:29:49 Image %>

<% 16:29:49 Image %>

<% 16:29:49 Image %>

<% 16:29:49 Image %>

<% 16:29:49 Image %>

<% 16:29:49 Image %>

<% 16:29:49 Image %>

<% 16:29:49 Image %>

<% 16:29:49 Image %>

<% 16:29:49 Image %>

<% 16:29:49 Image %>

<% 16:29:49 Image %>

<% 16:29:49 Image %>

<% 16:29:49 Image %>

<% 16:29:49 Image %>

<% 16:29:49 Image %>

<% 16:29:49 Image %>

<% 16:29:49 Image %>

<% 16:29:49 Image %>

<% 16:29:49 Image %>

<% 16:29:49 Image %>

<% 16:29:49 Image %>

<% 16:29:49 Image %>

<% 16:29:49 Image %>

<% 16:29:49 Image %>

<% 16:29:49 Image %>

<% 16:29:49 Image %>

<% 16:29:49 Image %>

<% 16:29:49 Image %>

<% 16:29:49 Image %>

<% 16:29:49 Page[page_4: http://sdkcga6306:82/FacilityLevels.aspx](1) %>

<% 16:29:49 Page[page_5: http://sdkcga6306:82/FacilityLevels.aspx](1) %>

<% 16:29:50 Page[page_6: http://sdkcga6306:82/FacilityLevels.aspx](1) %>

<% 16:29:59 Page[Facilities](1) %>

<% 16:31:11 Page[Confidentiality](1) %>

<% 16:31:30 Session(15) %>

<% 16:31:30 Page[page_1: http://sdkcga6306:82/Home.aspx](1) %>

<% 16:31:30 Connect %>
Connecting to remote host: sdkcga6306:82...

<% 16:31:34 Image %>

<% 16:31:34 Image %>

<% 16:31:35 Image %>

<% 16:31:35 Image %>

<% 16:31:35 Image %>

<% 16:31:35 Image %>

<% 16:31:35 Image %>

<% 16:31:35 Image %>

<% 16:31:35 Image %>

<% 16:31:35 Image %>

<% 16:31:35 Image %>

<% 16:31:35 Image %>

<% 16:31:35 Image %>

<% 16:31:35 Image %>

<% 16:31:35 Image %>

<% 16:31:35 Image %>

<% 16:31:35 Image %>

<% 16:31:35 Image %>

<% 16:31:35 Image %>

<% 16:31:35 Image %>

<% 16:31:35 Image %>

<% 16:31:35 Image %>

<% 16:31:35 Image %>

<% 16:31:35 Image %>

<% 16:31:35 Image %>

<% 16:31:35 Image %>

<% 16:31:35 Image %>

<% 16:31:35 Image %>

<% 16:31:35 Image %>

<% 16:31:35 Image %>

<% 16:31:35 Image %>

<% 16:31:35 Image %>

<% 16:31:35 Image %>

<% 16:31:35 Image %>

<% 16:31:35 Image %>

<% 16:31:35 Page[page_2: http://sdkcga6306:82/Home.aspx](1) %>

<% 16:31:35 Page[page_3: http://sdkcga6306:82/FacilityLevels.aspx](1) %>

<% 16:31:36 Image %>

<% 16:31:36 Image %>

<% 16:31:36 Image %>

<% 16:31:36 Image %>

<% 16:31:36 Image %>

<% 16:31:42 Image %>

<% 16:31:49 Image %>

<% 16:31:55 Image %>

<% 16:32:09 Image %>

<% 16:32:15 Image %>

<% 16:32:20 Image %>

<% 16:32:20 Image %>

<% 16:32:20 Image %>

<% 16:32:20 Image %>

<% 16:32:20 Image %>

<% 16:32:22 Image %>

<% 16:32:23 Image %>

<% 16:32:23 Image %>

<% 16:32:23 Image %>

<% 16:32:23 Image %>

<% 16:32:23 Image %>

<% 16:32:23 Image %>

<% 16:32:23 Image %>

<% 16:32:23 Image %>

<% 16:32:23 Image %>

<% 16:32:23 Image %>

<% 16:32:23 Image %>

<% 16:32:23 Image %>

<% 16:32:23 Image %>

<% 16:32:23 Image %>

<% 16:32:23 Image %>

<% 16:32:23 Image %>

<% 16:32:23 Image %>

<% 16:32:23 Image %>

<% 16:32:23 Image %>

<% 16:32:23 Image %>

<% 16:32:23 Image %>

<% 16:32:23 Image %>

<% 16:32:23 Image %>

<% 16:32:23 Image %>

<% 16:32:23 Image %>

<% 16:32:23 Image %>

<% 16:32:23 Image %>

<% 16:32:23 Image %>

<% 16:32:23 Image %>

<% 16:32:23 Image %>

<% 16:32:23 Page[page_4: http://sdkcga6306:82/FacilityLevels.aspx](1) %>

<% 16:32:24 Page[page_5: http://sdkcga6306:82/FacilityLevels.aspx](1) %>

<% 16:32:25 Page[page_6: http://sdkcga6306:82/FacilityLevels.aspx](1) %>

<% 16:32:26 Page[Facilities](1) %>

<% 16:33:03 Page[Confidentiality](1) %>

<% 16:33:09 Session(16) %>

<% 16:33:09 Page[page_1: http://sdkcga6306:82/Home.aspx](1) %>

<% 16:33:09 Connect %>
Connecting to remote host: sdkcga6306:82...

<% 16:33:24 Image %>

<% 16:33:24 Image %>

<% 16:33:42 Image %>

<% 16:33:45 Image %>

<% 16:33:46 Image %>

<% 16:33:46 Image %>

<% 16:33:46 Image %>

<% 16:33:46 Image %>

<% 16:33:46 Image %>

<% 16:33:46 Image %>

<% 16:33:46 Image %>

<% 16:33:46 Image %>

<% 16:33:46 Image %>

<% 16:33:46 Image %>

<% 16:33:47 Image %>

<% 16:33:47 Image %>

<% 16:33:47 Image %>

<% 16:33:47 Image %>

<% 16:33:47 Image %>

<% 16:33:47 Image %>

<% 16:33:47 Image %>

<% 16:33:47 Image %>

<% 16:33:47 Image %>

<% 16:33:47 Image %>

<% 16:33:47 Image %>

<% 16:33:47 Image %>

<% 16:33:47 Image %>

<% 16:33:47 Image %>

<% 16:33:47 Image %>

<% 16:33:47 Image %>

<% 16:33:47 Image %>

<% 16:33:47 Image %>

<% 16:33:47 Image %>

<% 16:33:47 Image %>

<% 16:33:47 Image %>

<% 16:33:47 Page[page_2: http://sdkcga6306:82/Home.aspx](1) %>

<% 16:33:47 Page[page_3: http://sdkcga6306:82/FacilityLevels.aspx](1) %>

<% 16:33:49 Image %>

<% 16:33:49 Image %>

<% 16:33:50 Image %>

<% 16:33:50 Image %>

<% 16:33:50 Image %>

<% 16:33:50 Image %>

<% 16:33:50 Image %>

<% 16:33:50 Image %>

<% 16:33:50 Image %>

<% 16:33:50 Image %>

<% 16:33:50 Image %>

<% 16:33:50 Image %>

<% 16:33:50 Image %>

<% 16:33:50 Image %>

<% 16:33:50 Image %>

<% 16:33:50 Image %>

<% 16:33:50 Image %>

<% 16:33:50 Image %>

<% 16:33:50 Image %>

<% 16:33:50 Image %>

<% 16:33:50 Image %>

<% 16:33:50 Image %>

<% 16:33:50 Image %>

<% 16:33:50 Image %>

<% 16:33:50 Image %>

<% 16:33:50 Image %>

<% 16:33:50 Image %>

<% 16:33:50 Image %>

<% 16:33:50 Image %>

<% 16:33:50 Image %>

<% 16:33:50 Image %>

<% 16:33:50 Image %>

<% 16:33:50 Image %>

<% 16:33:50 Image %>

<% 16:33:50 Image %>

<% 16:33:50 Image %>

<% 16:33:50 Image %>

<% 16:33:50 Image %>

<% 16:33:50 Image %>

<% 16:33:50 Image %>

<% 16:33:50 Image %>

<% 16:33:50 Image %>

<% 16:33:50 Image %>

<% 16:33:50 Image %>

<% 16:33:50 Image %>

<% 16:33:50 Image %>

<% 16:33:50 Page[page_4: http://sdkcga6306:82/FacilityLevels.aspx](1) %>

<% 16:33:50 Page[page_5: http://sdkcga6306:82/FacilityLevels.aspx](1) %>

<% 16:33:50 Page[page_6: http://sdkcga6306:82/FacilityLevels.aspx](1) %>

<% 16:33:51 Page[Facilities](1) %>

<% 16:34:51 Page[Confidentiality](1) %>

<% 16:34:57 Session(17) %>

<% 16:34:57 Page[page_1: http://sdkcga6306:82/Home.aspx](1) %>

<% 16:34:57 Connect %>
Connecting to remote host: sdkcga6306:82...

<% 16:35:02 Image %>

<% 16:35:02 Image %>

<% 16:35:02 Image %>

<% 16:35:03 Image %>

<% 16:35:04 Image %>

<% 16:35:04 Image %>

<% 16:35:04 Image %>

<% 16:35:04 Image %>

<% 16:35:04 Image %>

<% 16:35:22 Image %>

<% 16:35:22 Image %>

<% 16:35:22 Image %>

<% 16:35:22 Image %>

<% 16:35:22 Image %>

<% 16:35:22 Image %>

<% 16:35:22 Image %>

<% 16:35:22 Image %>

<% 16:35:22 Image %>

<% 16:35:22 Image %>

<% 16:35:22 Image %>

<% 16:35:22 Image %>

<% 16:35:22 Image %>

<% 16:35:22 Image %>

<% 16:35:22 Image %>

<% 16:35:22 Image %>

<% 16:35:22 Image %>

<% 16:35:22 Image %>

<% 16:35:22 Image %>

<% 16:35:22 Image %>

<% 16:35:22 Image %>

<% 16:35:22 Image %>

<% 16:35:22 Image %>

<% 16:35:22 Image %>

<% 16:35:22 Image %>

<% 16:35:22 Image %>

<% 16:35:22 Page[page_2: http://sdkcga6306:82/Home.aspx](1) %>

<% 16:35:23 Page[page_3: http://sdkcga6306:82/FacilityLevels.aspx](1) %>

<% 16:35:23 Image %>

<% 16:35:23 Image %>

<% 16:35:23 Image %>

<% 16:35:26 Image %>

<% 16:35:52 Image %>

<% 16:35:54 Image %>

<% 16:35:57 Image %>

<% 16:35:57 Image %>

<% 16:35:57 Image %>

<% 16:35:57 Image %>

<% 16:35:57 Image %>

<% 16:35:57 Image %>

<% 16:35:57 Image %>

<% 16:35:57 Image %>

<% 16:35:57 Image %>

<% 16:35:57 Image %>

<% 16:35:57 Image %>

<% 16:35:57 Image %>

<% 16:35:57 Image %>

<% 16:35:57 Image %>

<% 16:35:57 Image %>

<% 16:35:57 Image %>

<% 16:35:57 Image %>

<% 16:35:57 Image %>

<% 16:35:57 Image %>

<% 16:35:57 Image %>

<% 16:35:57 Image %>

<% 16:35:57 Image %>

<% 16:35:57 Image %>

<% 16:35:57 Image %>

<% 16:35:57 Image %>

<% 16:35:57 Image %>

<% 16:35:57 Image %>

<% 16:35:57 Image %>

<% 16:35:57 Image %>

<% 16:35:57 Image %>

<% 16:35:57 Image %>

<% 16:35:57 Image %>

<% 16:35:57 Image %>

<% 16:35:57 Image %>

<% 16:35:58 Image %>

<% 16:35:58 Image %>

<% 16:35:58 Image %>

<% 16:35:58 Image %>

<% 16:35:58 Image %>

<% 16:35:58 Image %>

<% 16:35:58 Page[page_4: http://sdkcga6306:82/FacilityLevels.aspx](1) %>

<% 16:36:15 Page[page_5: http://sdkcga6306:82/FacilityLevels.aspx](1) %>

<% 16:36:15 Page[page_6: http://sdkcga6306:82/FacilityLevels.aspx](1) %>

<% 16:36:15 Page[Facilities](1) %>

<% 16:37:00 Page[Confidentiality](1) %>
