
<% 16:18:25 Header %>
Server: [127.0.0.1] LDK100296.wsatkins.com
Client: [127.0.0.1] LDK100296.wsatkins.com
Profile: FacilityLevel_6306_User.wpp
Profile name: FacilityLevel_6306_User

<% 16:18:25 Session(1) %>

<% 16:18:25 Page[page_1: http://sdkcga6306:82/Home.aspx](1) %>

<% 16:18:25 Connect %>
Connecting to remote host: sdkcga6306:82...

<% 16:18:26 Image %>

<% 16:18:26 Image %>

<% 16:18:26 Image %>

<% 16:18:26 Image %>

<% 16:18:26 Image %>

<% 16:18:26 Image %>

<% 16:18:26 Image %>

<% 16:18:26 Image %>

<% 16:18:26 Image %>

<% 16:18:26 Image %>

<% 16:18:26 Image %>

<% 16:18:26 Image %>

<% 16:18:26 Image %>

<% 16:18:26 Image %>

<% 16:18:26 Image %>

<% 16:18:26 Image %>

<% 16:18:26 Image %>

<% 16:18:26 Image %>

<% 16:18:26 Image %>

<% 16:18:26 Image %>

<% 16:18:26 Image %>

<% 16:18:26 Image %>

<% 16:18:26 Image %>

<% 16:18:26 Image %>

<% 16:18:26 Image %>

<% 16:18:26 Image %>

<% 16:18:26 Image %>

<% 16:18:26 Image %>

<% 16:18:26 Image %>

<% 16:18:26 Image %>

<% 16:18:26 Image %>

<% 16:18:26 Image %>

<% 16:18:26 Image %>

<% 16:18:26 Image %>

<% 16:18:26 Image %>

<% 16:18:26 Page[page_2: http://sdkcga6306:82/Home.aspx](1) %>

<% 16:18:26 Page[page_3: http://sdkcga6306:82/FacilityLevels.aspx](1) %>

<% 16:18:26 Image %>

<% 16:18:26 Image %>

<% 16:18:26 Image %>

<% 16:18:26 Image %>

<% 16:18:26 Image %>

<% 16:18:26 Image %>

<% 16:18:26 Image %>

<% 16:18:26 Image %>

<% 16:18:26 Image %>

<% 16:18:26 Image %>

<% 16:18:26 Image %>

<% 16:18:26 Image %>

<% 16:18:26 Image %>

<% 16:18:26 Image %>

<% 16:18:26 Image %>

<% 16:18:26 Image %>

<% 16:18:26 Image %>

<% 16:18:26 Image %>

<% 16:18:26 Image %>

<% 16:18:26 Image %>

<% 16:18:26 Image %>

<% 16:18:26 Image %>

<% 16:18:26 Image %>

<% 16:18:26 Image %>

<% 16:18:26 Image %>

<% 16:18:26 Image %>

<% 16:18:26 Image %>

<% 16:18:26 Image %>

<% 16:18:26 Image %>

<% 16:18:26 Image %>

<% 16:18:26 Image %>

<% 16:18:26 Image %>

<% 16:18:26 Image %>

<% 16:18:26 Image %>

<% 16:18:26 Image %>

<% 16:18:26 Image %>

<% 16:18:26 Image %>

<% 16:18:26 Image %>

<% 16:18:26 Image %>

<% 16:18:26 Image %>

<% 16:18:26 Image %>

<% 16:18:26 Image %>

<% 16:18:26 Image %>

<% 16:18:26 Image %>

<% 16:18:26 Image %>

<% 16:18:26 Image %>

<% 16:18:26 Page[page_4: http://sdkcga6306:82/FacilityLevels.aspx](1) %>

<% 16:18:26 Page[page_5: http://sdkcga6306:82/FacilityLevels.aspx](1) %>

<% 16:18:26 Page[page_6: http://sdkcga6306:82/FacilityLevels.aspx](1) %>

<% 16:18:26 Page[Facilities](1) %>

<% 16:18:33 Page[Confidentiality](1) %>

<% 16:18:36 Session(2) %>

<% 16:18:36 Page[page_1: http://sdkcga6306:82/Home.aspx](1) %>

<% 16:18:36 Connect %>
Connecting to remote host: sdkcga6306:82...

<% 16:18:36 Image %>

<% 16:18:36 Image %>

<% 16:18:36 Image %>

<% 16:18:36 Image %>

<% 16:18:36 Image %>

<% 16:18:36 Image %>

<% 16:18:36 Image %>

<% 16:18:36 Image %>

<% 16:18:36 Image %>

<% 16:18:36 Image %>

<% 16:18:36 Image %>

<% 16:18:36 Image %>

<% 16:18:36 Image %>

<% 16:18:36 Image %>

<% 16:18:36 Image %>

<% 16:18:36 Image %>

<% 16:18:36 Image %>

<% 16:18:36 Image %>

<% 16:18:36 Image %>

<% 16:18:36 Image %>

<% 16:18:36 Image %>

<% 16:18:36 Image %>

<% 16:18:36 Image %>

<% 16:18:36 Image %>

<% 16:18:36 Image %>

<% 16:18:36 Image %>

<% 16:18:36 Image %>

<% 16:18:36 Image %>

<% 16:18:36 Image %>

<% 16:18:36 Image %>

<% 16:18:36 Image %>

<% 16:18:36 Image %>

<% 16:18:36 Image %>

<% 16:18:36 Image %>

<% 16:18:36 Image %>

<% 16:18:36 Page[page_2: http://sdkcga6306:82/Home.aspx](1) %>

<% 16:18:36 Page[page_3: http://sdkcga6306:82/FacilityLevels.aspx](1) %>

<% 16:18:36 Image %>

<% 16:18:36 Image %>

<% 16:18:36 Image %>

<% 16:18:36 Image %>

<% 16:18:36 Image %>

<% 16:18:36 Image %>

<% 16:18:36 Image %>

<% 16:18:36 Image %>

<% 16:18:36 Image %>

<% 16:18:36 Image %>

<% 16:18:36 Image %>

<% 16:18:36 Image %>

<% 16:18:36 Image %>

<% 16:18:36 Image %>

<% 16:18:36 Image %>

<% 16:18:36 Image %>

<% 16:18:36 Image %>

<% 16:18:36 Image %>

<% 16:18:36 Image %>

<% 16:18:36 Image %>

<% 16:18:36 Image %>

<% 16:18:36 Image %>

<% 16:18:36 Image %>

<% 16:18:36 Image %>

<% 16:18:36 Image %>

<% 16:18:36 Image %>

<% 16:18:36 Image %>

<% 16:18:36 Image %>

<% 16:18:36 Image %>

<% 16:18:36 Image %>

<% 16:18:36 Image %>

<% 16:18:36 Image %>

<% 16:18:36 Image %>

<% 16:18:36 Image %>

<% 16:18:36 Image %>

<% 16:18:36 Image %>

<% 16:18:36 Image %>

<% 16:18:36 Image %>

<% 16:18:36 Image %>

<% 16:18:36 Image %>

<% 16:18:36 Image %>

<% 16:18:36 Image %>

<% 16:18:36 Image %>

<% 16:18:36 Image %>

<% 16:18:36 Image %>

<% 16:18:36 Image %>

<% 16:18:36 Page[page_4: http://sdkcga6306:82/FacilityLevels.aspx](1) %>

<% 16:18:36 Page[page_5: http://sdkcga6306:82/FacilityLevels.aspx](1) %>

<% 16:18:36 Page[page_6: http://sdkcga6306:82/FacilityLevels.aspx](1) %>

<% 16:18:36 Page[Facilities](1) %>

<% 16:18:42 Page[Confidentiality](1) %>

<% 16:18:45 Session(3) %>

<% 16:18:45 Page[page_1: http://sdkcga6306:82/Home.aspx](1) %>

<% 16:18:45 Connect %>
Connecting to remote host: sdkcga6306:82...

<% 16:18:45 Image %>

<% 16:18:45 Image %>

<% 16:18:45 Image %>

<% 16:18:45 Image %>

<% 16:18:45 Image %>

<% 16:18:45 Image %>

<% 16:18:45 Image %>

<% 16:18:45 Image %>

<% 16:18:45 Image %>

<% 16:18:45 Image %>

<% 16:18:45 Image %>

<% 16:18:45 Image %>

<% 16:18:45 Image %>

<% 16:18:45 Image %>

<% 16:18:45 Image %>

<% 16:18:45 Image %>

<% 16:18:45 Image %>

<% 16:18:45 Image %>

<% 16:18:45 Image %>

<% 16:18:45 Image %>

<% 16:18:45 Image %>

<% 16:18:45 Image %>

<% 16:18:45 Image %>

<% 16:18:45 Image %>

<% 16:18:45 Image %>

<% 16:18:45 Image %>

<% 16:18:45 Image %>

<% 16:18:45 Image %>

<% 16:18:45 Image %>

<% 16:18:45 Image %>

<% 16:18:45 Image %>

<% 16:18:45 Image %>

<% 16:18:45 Image %>

<% 16:18:45 Image %>

<% 16:18:45 Image %>

<% 16:18:45 Page[page_2: http://sdkcga6306:82/Home.aspx](1) %>

<% 16:18:45 Page[page_3: http://sdkcga6306:82/FacilityLevels.aspx](1) %>

<% 16:18:45 Image %>

<% 16:18:45 Image %>

<% 16:18:45 Image %>

<% 16:18:45 Image %>

<% 16:18:45 Image %>

<% 16:18:45 Image %>

<% 16:18:45 Image %>

<% 16:18:45 Image %>

<% 16:18:45 Image %>

<% 16:18:45 Image %>

<% 16:18:45 Image %>

<% 16:18:45 Image %>

<% 16:18:45 Image %>

<% 16:18:45 Image %>

<% 16:18:45 Image %>

<% 16:18:45 Image %>

<% 16:18:45 Image %>

<% 16:18:45 Image %>

<% 16:18:45 Image %>

<% 16:18:45 Image %>

<% 16:18:45 Image %>

<% 16:18:45 Image %>

<% 16:18:45 Image %>

<% 16:18:45 Image %>

<% 16:18:45 Image %>

<% 16:18:45 Image %>

<% 16:18:45 Image %>

<% 16:18:45 Image %>

<% 16:18:45 Image %>

<% 16:18:45 Image %>

<% 16:18:45 Image %>

<% 16:18:45 Image %>

<% 16:18:45 Image %>

<% 16:18:45 Image %>

<% 16:18:45 Image %>

<% 16:18:45 Image %>

<% 16:18:45 Image %>

<% 16:18:45 Image %>

<% 16:18:45 Image %>

<% 16:18:45 Image %>

<% 16:18:45 Image %>

<% 16:18:45 Image %>

<% 16:18:45 Image %>

<% 16:18:45 Image %>

<% 16:18:45 Image %>

<% 16:18:45 Image %>

<% 16:18:45 Page[page_4: http://sdkcga6306:82/FacilityLevels.aspx](1) %>

<% 16:18:45 Page[page_5: http://sdkcga6306:82/FacilityLevels.aspx](1) %>

<% 16:18:45 Page[page_6: http://sdkcga6306:82/FacilityLevels.aspx](1) %>

<% 16:18:45 Page[Facilities](1) %>

<% 16:18:53 Page[Confidentiality](1) %>

<% 16:18:55 Session(4) %>

<% 16:18:55 Page[page_1: http://sdkcga6306:82/Home.aspx](1) %>

<% 16:18:55 Connect %>
Connecting to remote host: sdkcga6306:82...

<% 16:18:55 Image %>

<% 16:18:55 Image %>

<% 16:18:55 Image %>

<% 16:18:55 Image %>

<% 16:18:55 Image %>

<% 16:18:55 Image %>

<% 16:18:55 Image %>

<% 16:18:55 Image %>

<% 16:18:55 Image %>

<% 16:18:55 Image %>

<% 16:18:55 Image %>

<% 16:18:55 Image %>

<% 16:18:55 Image %>

<% 16:18:55 Image %>

<% 16:18:55 Image %>

<% 16:18:55 Image %>

<% 16:18:55 Image %>

<% 16:18:55 Image %>

<% 16:18:55 Image %>

<% 16:18:55 Image %>

<% 16:18:55 Image %>

<% 16:18:55 Image %>

<% 16:18:55 Image %>

<% 16:18:55 Image %>

<% 16:18:55 Image %>

<% 16:18:55 Image %>

<% 16:18:55 Image %>

<% 16:18:55 Image %>

<% 16:18:55 Image %>

<% 16:18:55 Image %>

<% 16:18:55 Image %>

<% 16:18:55 Image %>

<% 16:18:55 Image %>

<% 16:18:55 Image %>

<% 16:18:55 Image %>

<% 16:18:55 Page[page_2: http://sdkcga6306:82/Home.aspx](1) %>

<% 16:18:55 Page[page_3: http://sdkcga6306:82/FacilityLevels.aspx](1) %>

<% 16:18:55 Image %>

<% 16:18:55 Image %>

<% 16:18:56 Image %>

<% 16:18:56 Image %>

<% 16:18:56 Image %>

<% 16:18:56 Image %>

<% 16:18:56 Image %>

<% 16:18:56 Image %>

<% 16:18:56 Image %>

<% 16:18:56 Image %>

<% 16:18:56 Image %>

<% 16:18:56 Image %>

<% 16:18:56 Image %>

<% 16:18:56 Image %>

<% 16:18:56 Image %>

<% 16:18:56 Image %>

<% 16:18:56 Image %>

<% 16:18:56 Image %>

<% 16:18:56 Image %>

<% 16:18:56 Image %>

<% 16:18:56 Image %>

<% 16:18:56 Image %>

<% 16:18:56 Image %>

<% 16:18:56 Image %>

<% 16:18:56 Image %>

<% 16:18:56 Image %>

<% 16:18:56 Image %>

<% 16:18:56 Image %>

<% 16:18:56 Image %>

<% 16:18:56 Image %>

<% 16:18:56 Image %>

<% 16:18:56 Image %>

<% 16:18:56 Image %>

<% 16:18:56 Image %>

<% 16:18:56 Image %>

<% 16:18:56 Image %>

<% 16:18:56 Image %>

<% 16:18:56 Image %>

<% 16:18:56 Image %>

<% 16:18:56 Image %>

<% 16:18:56 Image %>

<% 16:18:56 Image %>

<% 16:18:56 Image %>

<% 16:18:56 Image %>

<% 16:18:56 Image %>

<% 16:18:56 Image %>

<% 16:18:56 Page[page_4: http://sdkcga6306:82/FacilityLevels.aspx](1) %>

<% 16:18:56 Page[page_5: http://sdkcga6306:82/FacilityLevels.aspx](1) %>

<% 16:18:56 Page[page_6: http://sdkcga6306:82/FacilityLevels.aspx](1) %>

<% 16:18:56 Page[Facilities](1) %>

<% 16:19:03 Page[Confidentiality](1) %>

<% 16:19:05 Session(5) %>

<% 16:19:05 Page[page_1: http://sdkcga6306:82/Home.aspx](1) %>

<% 16:19:05 Connect %>
Connecting to remote host: sdkcga6306:82...

<% 16:19:05 Image %>

<% 16:19:05 Image %>

<% 16:19:05 Image %>

<% 16:19:05 Image %>

<% 16:19:05 Image %>

<% 16:19:05 Image %>

<% 16:19:05 Image %>

<% 16:19:05 Image %>

<% 16:19:05 Image %>

<% 16:19:05 Image %>

<% 16:19:05 Image %>

<% 16:19:05 Image %>

<% 16:19:05 Image %>

<% 16:19:05 Image %>

<% 16:19:05 Image %>

<% 16:19:05 Image %>

<% 16:19:05 Image %>

<% 16:19:05 Image %>

<% 16:19:05 Image %>

<% 16:19:05 Image %>

<% 16:19:05 Image %>

<% 16:19:05 Image %>

<% 16:19:05 Image %>

<% 16:19:05 Image %>

<% 16:19:05 Image %>

<% 16:19:05 Image %>

<% 16:19:05 Image %>

<% 16:19:05 Image %>

<% 16:19:05 Image %>

<% 16:19:05 Image %>

<% 16:19:05 Image %>

<% 16:19:05 Image %>

<% 16:19:05 Image %>

<% 16:19:05 Image %>

<% 16:19:05 Image %>

<% 16:19:05 Page[page_2: http://sdkcga6306:82/Home.aspx](1) %>

<% 16:19:05 Page[page_3: http://sdkcga6306:82/FacilityLevels.aspx](1) %>

<% 16:19:05 Image %>

<% 16:19:05 Image %>

<% 16:19:06 Image %>

<% 16:19:06 Image %>

<% 16:19:06 Image %>

<% 16:19:06 Image %>

<% 16:19:06 Image %>

<% 16:19:06 Image %>

<% 16:19:06 Image %>

<% 16:19:06 Image %>

<% 16:19:06 Image %>

<% 16:19:06 Image %>

<% 16:19:06 Image %>

<% 16:19:06 Image %>

<% 16:19:06 Image %>

<% 16:19:06 Image %>

<% 16:19:06 Image %>

<% 16:19:06 Image %>

<% 16:19:06 Image %>

<% 16:19:06 Image %>

<% 16:19:06 Image %>

<% 16:19:06 Image %>

<% 16:19:06 Image %>

<% 16:19:06 Image %>

<% 16:19:06 Image %>

<% 16:19:06 Image %>

<% 16:19:06 Image %>

<% 16:19:06 Image %>

<% 16:19:06 Image %>

<% 16:19:06 Image %>

<% 16:19:06 Image %>

<% 16:19:06 Image %>

<% 16:19:06 Image %>

<% 16:19:06 Image %>

<% 16:19:06 Image %>

<% 16:19:06 Image %>

<% 16:19:06 Image %>

<% 16:19:06 Image %>

<% 16:19:06 Image %>

<% 16:19:06 Image %>

<% 16:19:06 Image %>

<% 16:19:06 Image %>

<% 16:19:06 Image %>

<% 16:19:06 Image %>

<% 16:19:06 Image %>

<% 16:19:06 Image %>

<% 16:19:06 Page[page_4: http://sdkcga6306:82/FacilityLevels.aspx](1) %>

<% 16:19:06 Page[page_5: http://sdkcga6306:82/FacilityLevels.aspx](1) %>

<% 16:19:06 Page[page_6: http://sdkcga6306:82/FacilityLevels.aspx](1) %>

<% 16:19:06 Page[Facilities](1) %>

<% 16:19:12 Page[Confidentiality](1) %>

<% 16:19:15 Session(6) %>

<% 16:19:15 Page[page_1: http://sdkcga6306:82/Home.aspx](1) %>

<% 16:19:15 Connect %>
Connecting to remote host: sdkcga6306:82...

<% 16:19:15 Image %>

<% 16:19:15 Image %>

<% 16:19:15 Image %>

<% 16:19:15 Image %>

<% 16:19:15 Image %>

<% 16:19:15 Image %>

<% 16:19:15 Image %>

<% 16:19:15 Image %>

<% 16:19:15 Image %>

<% 16:19:15 Image %>

<% 16:19:15 Image %>

<% 16:19:15 Image %>

<% 16:19:15 Image %>

<% 16:19:15 Image %>

<% 16:19:15 Image %>

<% 16:19:15 Image %>

<% 16:19:15 Image %>

<% 16:19:15 Image %>

<% 16:19:15 Image %>

<% 16:19:15 Image %>

<% 16:19:15 Image %>

<% 16:19:15 Image %>

<% 16:19:15 Image %>

<% 16:19:15 Image %>

<% 16:19:15 Image %>

<% 16:19:15 Image %>

<% 16:19:15 Image %>

<% 16:19:15 Image %>

<% 16:19:15 Image %>

<% 16:19:15 Image %>

<% 16:19:15 Image %>

<% 16:19:15 Image %>

<% 16:19:15 Image %>

<% 16:19:15 Image %>

<% 16:19:15 Image %>

<% 16:19:15 Page[page_2: http://sdkcga6306:82/Home.aspx](1) %>

<% 16:19:15 Page[page_3: http://sdkcga6306:82/FacilityLevels.aspx](1) %>

<% 16:19:15 Image %>

<% 16:19:15 Image %>

<% 16:19:16 Image %>

<% 16:19:16 Image %>

<% 16:19:16 Image %>

<% 16:19:16 Image %>

<% 16:19:16 Image %>

<% 16:19:16 Image %>

<% 16:19:16 Image %>

<% 16:19:16 Image %>

<% 16:19:16 Image %>

<% 16:19:16 Image %>

<% 16:19:16 Image %>

<% 16:19:16 Image %>

<% 16:19:16 Image %>

<% 16:19:16 Image %>

<% 16:19:16 Image %>

<% 16:19:16 Image %>

<% 16:19:16 Image %>

<% 16:19:16 Image %>

<% 16:19:16 Image %>

<% 16:19:16 Image %>

<% 16:19:16 Image %>

<% 16:19:16 Image %>

<% 16:19:16 Image %>

<% 16:19:16 Image %>

<% 16:19:16 Image %>

<% 16:19:16 Image %>

<% 16:19:16 Image %>

<% 16:19:16 Image %>

<% 16:19:16 Image %>

<% 16:19:16 Image %>

<% 16:19:16 Image %>

<% 16:19:16 Image %>

<% 16:19:16 Image %>

<% 16:19:16 Image %>

<% 16:19:16 Image %>

<% 16:19:16 Image %>

<% 16:19:16 Image %>

<% 16:19:16 Image %>

<% 16:19:16 Image %>

<% 16:19:16 Image %>

<% 16:19:16 Image %>

<% 16:19:16 Image %>

<% 16:19:16 Image %>

<% 16:19:16 Image %>

<% 16:19:16 Page[page_4: http://sdkcga6306:82/FacilityLevels.aspx](1) %>

<% 16:19:16 Page[page_5: http://sdkcga6306:82/FacilityLevels.aspx](1) %>

<% 16:19:16 Page[page_6: http://sdkcga6306:82/FacilityLevels.aspx](1) %>

<% 16:19:16 Page[Facilities](1) %>

<% 16:19:22 Page[Confidentiality](1) %>

<% 16:19:25 Session(7) %>

<% 16:19:25 Page[page_1: http://sdkcga6306:82/Home.aspx](1) %>

<% 16:19:25 Connect %>
Connecting to remote host: sdkcga6306:82...

<% 16:19:25 Image %>

<% 16:19:25 Image %>

<% 16:19:25 Image %>

<% 16:19:25 Image %>

<% 16:19:25 Image %>

<% 16:19:25 Image %>

<% 16:19:25 Image %>

<% 16:19:25 Image %>

<% 16:19:25 Image %>

<% 16:19:25 Image %>

<% 16:19:25 Image %>

<% 16:19:25 Image %>

<% 16:19:25 Image %>

<% 16:19:25 Image %>

<% 16:19:25 Image %>

<% 16:19:25 Image %>

<% 16:19:25 Image %>

<% 16:19:25 Image %>

<% 16:19:25 Image %>

<% 16:19:25 Image %>

<% 16:19:25 Image %>

<% 16:19:25 Image %>

<% 16:19:25 Image %>

<% 16:19:25 Image %>

<% 16:19:25 Image %>

<% 16:19:25 Image %>

<% 16:19:25 Image %>

<% 16:19:25 Image %>

<% 16:19:25 Image %>

<% 16:19:25 Image %>

<% 16:19:25 Image %>

<% 16:19:25 Image %>

<% 16:19:25 Image %>

<% 16:19:25 Image %>

<% 16:19:25 Image %>

<% 16:19:25 Page[page_2: http://sdkcga6306:82/Home.aspx](1) %>

<% 16:19:25 Page[page_3: http://sdkcga6306:82/FacilityLevels.aspx](1) %>

<% 16:19:25 Image %>

<% 16:19:25 Image %>

<% 16:19:25 Image %>

<% 16:19:25 Image %>

<% 16:19:25 Image %>

<% 16:19:25 Image %>

<% 16:19:25 Image %>

<% 16:19:25 Image %>

<% 16:19:25 Image %>

<% 16:19:25 Image %>

<% 16:19:25 Image %>

<% 16:19:25 Image %>

<% 16:19:25 Image %>

<% 16:19:25 Image %>

<% 16:19:25 Image %>

<% 16:19:25 Image %>

<% 16:19:25 Image %>

<% 16:19:25 Image %>

<% 16:19:25 Image %>

<% 16:19:25 Image %>

<% 16:19:25 Image %>

<% 16:19:25 Image %>

<% 16:19:25 Image %>

<% 16:19:25 Image %>

<% 16:19:25 Image %>

<% 16:19:25 Image %>

<% 16:19:25 Image %>

<% 16:19:25 Image %>

<% 16:19:25 Image %>

<% 16:19:25 Image %>

<% 16:19:25 Image %>

<% 16:19:25 Image %>

<% 16:19:25 Image %>

<% 16:19:25 Image %>

<% 16:19:25 Image %>

<% 16:19:25 Image %>

<% 16:19:25 Image %>

<% 16:19:25 Image %>

<% 16:19:25 Image %>

<% 16:19:25 Image %>

<% 16:19:25 Image %>

<% 16:19:25 Image %>

<% 16:19:25 Image %>

<% 16:19:25 Image %>

<% 16:19:25 Image %>

<% 16:19:25 Image %>

<% 16:19:25 Page[page_4: http://sdkcga6306:82/FacilityLevels.aspx](1) %>

<% 16:19:25 Page[page_5: http://sdkcga6306:82/FacilityLevels.aspx](1) %>

<% 16:19:25 Page[page_6: http://sdkcga6306:82/FacilityLevels.aspx](1) %>

<% 16:19:25 Page[Facilities](1) %>

<% 16:19:32 Page[Confidentiality](1) %>

<% 16:19:36 Session(8) %>

<% 16:19:36 Page[page_1: http://sdkcga6306:82/Home.aspx](1) %>

<% 16:19:36 Connect %>
Connecting to remote host: sdkcga6306:82...

<% 16:19:36 Image %>

<% 16:19:36 Image %>

<% 16:19:36 Image %>

<% 16:19:36 Image %>

<% 16:19:36 Image %>

<% 16:19:36 Image %>

<% 16:19:36 Image %>

<% 16:19:36 Image %>

<% 16:19:37 Image %>

<% 16:19:37 Image %>

<% 16:19:37 Image %>

<% 16:19:37 Image %>

<% 16:19:37 Image %>

<% 16:19:37 Image %>

<% 16:19:37 Image %>

<% 16:19:37 Image %>

<% 16:19:37 Image %>

<% 16:19:37 Image %>

<% 16:19:37 Image %>

<% 16:19:37 Image %>

<% 16:19:37 Image %>

<% 16:19:37 Image %>

<% 16:19:37 Image %>

<% 16:19:37 Image %>

<% 16:19:37 Image %>

<% 16:19:37 Image %>

<% 16:19:37 Image %>

<% 16:19:37 Image %>

<% 16:19:37 Image %>

<% 16:19:37 Image %>

<% 16:19:37 Image %>

<% 16:19:37 Image %>

<% 16:19:37 Image %>

<% 16:19:37 Image %>

<% 16:19:37 Image %>

<% 16:19:37 Page[page_2: http://sdkcga6306:82/Home.aspx](1) %>

<% 16:19:37 Page[page_3: http://sdkcga6306:82/FacilityLevels.aspx](1) %>

<% 16:19:37 Image %>

<% 16:19:37 Image %>

<% 16:19:37 Image %>

<% 16:19:37 Image %>

<% 16:19:37 Image %>

<% 16:19:37 Image %>

<% 16:19:37 Image %>

<% 16:19:37 Image %>

<% 16:19:37 Image %>

<% 16:19:37 Image %>

<% 16:19:37 Image %>

<% 16:19:37 Image %>

<% 16:19:37 Image %>

<% 16:19:37 Image %>

<% 16:19:37 Image %>

<% 16:19:37 Image %>

<% 16:19:37 Image %>

<% 16:19:37 Image %>

<% 16:19:37 Image %>

<% 16:19:37 Image %>

<% 16:19:37 Image %>

<% 16:19:37 Image %>

<% 16:19:37 Image %>

<% 16:19:37 Image %>

<% 16:19:37 Image %>

<% 16:19:37 Image %>

<% 16:19:37 Image %>

<% 16:19:37 Image %>

<% 16:19:38 Image %>

<% 16:19:38 Image %>

<% 16:19:38 Image %>

<% 16:19:38 Image %>

<% 16:19:38 Image %>

<% 16:19:38 Image %>

<% 16:19:38 Image %>

<% 16:19:38 Image %>

<% 16:19:38 Image %>

<% 16:19:38 Image %>

<% 16:19:38 Image %>

<% 16:19:38 Image %>

<% 16:19:38 Image %>

<% 16:19:38 Image %>

<% 16:19:38 Image %>

<% 16:19:38 Image %>

<% 16:19:38 Image %>

<% 16:19:38 Image %>

<% 16:19:38 Page[page_4: http://sdkcga6306:82/FacilityLevels.aspx](1) %>

<% 16:19:38 Page[page_5: http://sdkcga6306:82/FacilityLevels.aspx](1) %>

<% 16:19:38 Page[page_6: http://sdkcga6306:82/FacilityLevels.aspx](1) %>

<% 16:19:38 Page[Facilities](1) %>

<% 16:19:46 Page[Confidentiality](1) %>

<% 16:19:49 Session(9) %>

<% 16:19:49 Page[page_1: http://sdkcga6306:82/Home.aspx](1) %>

<% 16:19:49 Connect %>
Connecting to remote host: sdkcga6306:82...

<% 16:19:50 Image %>

<% 16:19:50 Image %>

<% 16:19:50 Image %>

<% 16:19:50 Image %>

<% 16:19:50 Image %>

<% 16:19:51 Image %>

<% 16:19:51 Image %>

<% 16:19:51 Image %>

<% 16:19:51 Image %>

<% 16:19:51 Image %>

<% 16:19:51 Image %>

<% 16:19:51 Image %>

<% 16:19:51 Image %>

<% 16:19:51 Image %>

<% 16:19:51 Image %>

<% 16:19:51 Image %>

<% 16:19:51 Image %>

<% 16:19:51 Image %>

<% 16:19:51 Image %>

<% 16:19:51 Image %>

<% 16:19:51 Image %>

<% 16:19:51 Image %>

<% 16:19:51 Image %>

<% 16:19:51 Image %>

<% 16:19:51 Image %>

<% 16:19:51 Image %>

<% 16:19:51 Image %>

<% 16:19:51 Image %>

<% 16:19:51 Image %>

<% 16:19:51 Image %>

<% 16:19:51 Image %>

<% 16:19:51 Image %>

<% 16:19:51 Image %>

<% 16:19:51 Image %>

<% 16:19:51 Image %>

<% 16:19:51 Page[page_2: http://sdkcga6306:82/Home.aspx](1) %>

<% 16:19:51 Page[page_3: http://sdkcga6306:82/FacilityLevels.aspx](1) %>

<% 16:19:51 Image %>

<% 16:19:51 Image %>

<% 16:19:52 Image %>

<% 16:19:52 Image %>

<% 16:19:52 Image %>

<% 16:19:52 Image %>

<% 16:19:52 Image %>

<% 16:19:52 Image %>

<% 16:19:52 Image %>

<% 16:19:52 Image %>

<% 16:19:52 Image %>

<% 16:19:52 Image %>

<% 16:19:52 Image %>

<% 16:19:52 Image %>

<% 16:19:52 Image %>

<% 16:19:52 Image %>

<% 16:19:52 Image %>

<% 16:19:52 Image %>

<% 16:19:52 Image %>

<% 16:19:52 Image %>

<% 16:19:52 Image %>

<% 16:19:52 Image %>

<% 16:19:52 Image %>

<% 16:19:52 Image %>

<% 16:19:52 Image %>

<% 16:19:52 Image %>

<% 16:19:52 Image %>

<% 16:19:52 Image %>

<% 16:19:52 Image %>

<% 16:19:52 Image %>

<% 16:19:52 Image %>

<% 16:19:52 Image %>

<% 16:19:52 Image %>

<% 16:19:52 Image %>

<% 16:19:52 Image %>

<% 16:19:52 Image %>

<% 16:19:52 Image %>

<% 16:19:52 Image %>

<% 16:19:52 Image %>

<% 16:19:52 Image %>

<% 16:19:52 Image %>

<% 16:19:52 Image %>

<% 16:19:52 Image %>

<% 16:19:52 Image %>

<% 16:19:52 Image %>

<% 16:19:52 Image %>

<% 16:19:52 Page[page_4: http://sdkcga6306:82/FacilityLevels.aspx](1) %>

<% 16:19:52 Page[page_5: http://sdkcga6306:82/FacilityLevels.aspx](1) %>

<% 16:19:52 Page[page_6: http://sdkcga6306:82/FacilityLevels.aspx](1) %>

<% 16:19:52 Page[Facilities](1) %>

<% 16:20:01 Page[Confidentiality](1) %>

<% 16:20:05 Session(10) %>

<% 16:20:05 Page[page_1: http://sdkcga6306:82/Home.aspx](1) %>

<% 16:20:05 Connect %>
Connecting to remote host: sdkcga6306:82...

<% 16:20:05 Image %>

<% 16:20:05 Image %>

<% 16:20:05 Image %>

<% 16:20:05 Image %>

<% 16:20:05 Image %>

<% 16:20:05 Image %>

<% 16:20:06 Image %>

<% 16:20:06 Image %>

<% 16:20:06 Image %>

<% 16:20:06 Image %>

<% 16:20:06 Image %>

<% 16:20:06 Image %>

<% 16:20:06 Image %>

<% 16:20:06 Image %>

<% 16:20:06 Image %>

<% 16:20:06 Image %>

<% 16:20:06 Image %>

<% 16:20:06 Image %>

<% 16:20:06 Image %>

<% 16:20:06 Image %>

<% 16:20:06 Image %>

<% 16:20:06 Image %>

<% 16:20:06 Image %>

<% 16:20:06 Image %>

<% 16:20:06 Image %>

<% 16:20:06 Image %>

<% 16:20:06 Image %>

<% 16:20:06 Image %>

<% 16:20:06 Image %>

<% 16:20:06 Image %>

<% 16:20:06 Image %>

<% 16:20:06 Image %>

<% 16:20:06 Image %>

<% 16:20:06 Image %>

<% 16:20:06 Image %>

<% 16:20:06 Page[page_2: http://sdkcga6306:82/Home.aspx](1) %>

<% 16:20:06 Page[page_3: http://sdkcga6306:82/FacilityLevels.aspx](1) %>

<% 16:20:06 Image %>

<% 16:20:06 Image %>

<% 16:20:06 Image %>

<% 16:20:06 Image %>

<% 16:20:06 Image %>

<% 16:20:06 Image %>

<% 16:20:07 Image %>

<% 16:20:07 Image %>

<% 16:20:07 Image %>

<% 16:20:07 Image %>

<% 16:20:07 Image %>

<% 16:20:07 Image %>

<% 16:20:07 Image %>

<% 16:20:07 Image %>

<% 16:20:07 Image %>

<% 16:20:07 Image %>

<% 16:20:07 Image %>

<% 16:20:07 Image %>

<% 16:20:07 Image %>

<% 16:20:07 Image %>

<% 16:20:07 Image %>

<% 16:20:07 Image %>

<% 16:20:07 Image %>

<% 16:20:07 Image %>

<% 16:20:07 Image %>

<% 16:20:07 Image %>

<% 16:20:07 Image %>

<% 16:20:07 Image %>

<% 16:20:07 Image %>

<% 16:20:07 Image %>

<% 16:20:07 Image %>

<% 16:20:07 Image %>

<% 16:20:07 Image %>

<% 16:20:07 Image %>

<% 16:20:07 Image %>

<% 16:20:07 Image %>

<% 16:20:07 Image %>

<% 16:20:07 Image %>

<% 16:20:07 Image %>

<% 16:20:07 Image %>

<% 16:20:07 Image %>

<% 16:20:07 Image %>

<% 16:20:07 Image %>

<% 16:20:07 Image %>

<% 16:20:07 Image %>

<% 16:20:07 Image %>

<% 16:20:07 Page[page_4: http://sdkcga6306:82/FacilityLevels.aspx](1) %>

<% 16:20:07 Page[page_5: http://sdkcga6306:82/FacilityLevels.aspx](1) %>

<% 16:20:07 Page[page_6: http://sdkcga6306:82/FacilityLevels.aspx](1) %>

<% 16:20:07 Page[Facilities](1) %>

<% 16:20:15 Page[Confidentiality](1) %>

<% 16:20:17 Session(11) %>

<% 16:20:17 Page[page_1: http://sdkcga6306:82/Home.aspx](1) %>

<% 16:20:17 Connect %>
Connecting to remote host: sdkcga6306:82...

<% 16:20:17 Image %>

<% 16:20:18 Image %>

<% 16:20:18 Image %>

<% 16:20:18 Image %>

<% 16:20:18 Image %>

<% 16:20:18 Image %>

<% 16:20:18 Image %>

<% 16:20:18 Image %>

<% 16:20:18 Image %>

<% 16:20:19 Image %>

<% 16:20:19 Image %>

<% 16:20:19 Image %>

<% 16:20:19 Image %>

<% 16:20:19 Image %>

<% 16:20:19 Image %>

<% 16:20:19 Image %>

<% 16:20:19 Image %>

<% 16:20:19 Image %>

<% 16:20:19 Image %>

<% 16:20:19 Image %>

<% 16:20:19 Image %>

<% 16:20:19 Image %>

<% 16:20:19 Image %>

<% 16:20:19 Image %>

<% 16:20:19 Image %>

<% 16:20:19 Image %>

<% 16:20:19 Image %>

<% 16:20:19 Image %>

<% 16:20:19 Image %>

<% 16:20:19 Image %>

<% 16:20:19 Image %>

<% 16:20:19 Image %>

<% 16:20:20 Image %>

<% 16:20:20 Image %>

<% 16:20:20 Image %>

<% 16:20:20 Page[page_2: http://sdkcga6306:82/Home.aspx](1) %>

<% 16:20:20 Page[page_3: http://sdkcga6306:82/FacilityLevels.aspx](1) %>

<% 16:20:20 Image %>

<% 16:20:20 Image %>

<% 16:20:20 Image %>

<% 16:20:20 Image %>

<% 16:20:20 Image %>

<% 16:20:20 Image %>

<% 16:20:20 Image %>

<% 16:20:20 Image %>

<% 16:20:21 Image %>

<% 16:20:21 Image %>

<% 16:20:21 Image %>

<% 16:20:21 Image %>

<% 16:20:21 Image %>

<% 16:20:21 Image %>

<% 16:20:21 Image %>

<% 16:20:21 Image %>

<% 16:20:21 Image %>

<% 16:20:21 Image %>

<% 16:20:21 Image %>

<% 16:20:21 Image %>

<% 16:20:21 Image %>

<% 16:20:21 Image %>

<% 16:20:21 Image %>

<% 16:20:21 Image %>

<% 16:20:21 Image %>

<% 16:20:21 Image %>

<% 16:20:21 Image %>

<% 16:20:21 Image %>

<% 16:20:21 Image %>

<% 16:20:21 Image %>

<% 16:20:21 Image %>

<% 16:20:21 Image %>

<% 16:20:21 Image %>

<% 16:20:21 Image %>

<% 16:20:21 Image %>

<% 16:20:21 Image %>

<% 16:20:21 Image %>

<% 16:20:21 Image %>

<% 16:20:21 Image %>

<% 16:20:21 Image %>

<% 16:20:21 Image %>

<% 16:20:21 Image %>

<% 16:20:21 Image %>

<% 16:20:21 Image %>

<% 16:20:21 Image %>

<% 16:20:21 Image %>

<% 16:20:21 Page[page_4: http://sdkcga6306:82/FacilityLevels.aspx](1) %>

<% 16:20:21 Page[page_5: http://sdkcga6306:82/FacilityLevels.aspx](1) %>

<% 16:20:21 Page[page_6: http://sdkcga6306:82/FacilityLevels.aspx](1) %>

<% 16:20:21 Page[Facilities](1) %>

<% 16:20:29 Page[Confidentiality](1) %>

<% 16:20:34 Session(12) %>

<% 16:20:34 Page[page_1: http://sdkcga6306:82/Home.aspx](1) %>

<% 16:20:34 Connect %>
Connecting to remote host: sdkcga6306:82...

<% 16:20:34 Image %>

<% 16:20:34 Image %>

<% 16:20:34 Image %>

<% 16:20:34 Image %>

<% 16:20:34 Image %>

<% 16:20:34 Image %>

<% 16:20:34 Image %>

<% 16:20:34 Image %>

<% 16:20:34 Image %>

<% 16:20:34 Image %>

<% 16:20:34 Image %>

<% 16:20:34 Image %>

<% 16:20:34 Image %>

<% 16:20:34 Image %>

<% 16:20:34 Image %>

<% 16:20:34 Image %>

<% 16:20:34 Image %>

<% 16:20:34 Image %>

<% 16:20:34 Image %>

<% 16:20:34 Image %>

<% 16:20:34 Image %>

<% 16:20:34 Image %>

<% 16:20:34 Image %>

<% 16:20:34 Image %>

<% 16:20:34 Image %>

<% 16:20:34 Image %>

<% 16:20:34 Image %>

<% 16:20:34 Image %>

<% 16:20:34 Image %>

<% 16:20:34 Image %>

<% 16:20:34 Image %>

<% 16:20:34 Image %>

<% 16:20:34 Image %>

<% 16:20:34 Image %>

<% 16:20:34 Image %>

<% 16:20:34 Page[page_2: http://sdkcga6306:82/Home.aspx](1) %>

<% 16:20:34 Page[page_3: http://sdkcga6306:82/FacilityLevels.aspx](1) %>

<% 16:20:34 Image %>

<% 16:20:34 Image %>

<% 16:20:34 Image %>

<% 16:20:34 Image %>

<% 16:20:34 Image %>

<% 16:20:34 Image %>

<% 16:20:34 Image %>

<% 16:20:34 Image %>

<% 16:20:34 Image %>

<% 16:20:34 Image %>

<% 16:20:34 Image %>

<% 16:20:34 Image %>

<% 16:20:34 Image %>

<% 16:20:34 Image %>

<% 16:20:34 Image %>

<% 16:20:34 Image %>

<% 16:20:34 Image %>

<% 16:20:34 Image %>

<% 16:20:34 Image %>

<% 16:20:34 Image %>

<% 16:20:34 Image %>

<% 16:20:34 Image %>

<% 16:20:34 Image %>

<% 16:20:34 Image %>

<% 16:20:34 Image %>

<% 16:20:34 Image %>

<% 16:20:34 Image %>

<% 16:20:34 Image %>

<% 16:20:34 Image %>

<% 16:20:34 Image %>

<% 16:20:34 Image %>

<% 16:20:34 Image %>

<% 16:20:34 Image %>

<% 16:20:34 Image %>

<% 16:20:34 Image %>

<% 16:20:34 Image %>

<% 16:20:34 Image %>

<% 16:20:34 Image %>

<% 16:20:34 Image %>

<% 16:20:34 Image %>

<% 16:20:34 Image %>

<% 16:20:34 Image %>

<% 16:20:34 Image %>

<% 16:20:34 Image %>

<% 16:20:34 Image %>

<% 16:20:34 Image %>

<% 16:20:34 Page[page_4: http://sdkcga6306:82/FacilityLevels.aspx](1) %>

<% 16:20:34 Page[page_5: http://sdkcga6306:82/FacilityLevels.aspx](1) %>

<% 16:20:34 Page[page_6: http://sdkcga6306:82/FacilityLevels.aspx](1) %>

<% 16:20:35 Page[Facilities](1) %>

<% 16:20:49 Page[Confidentiality](1) %>

<% 16:20:52 Session(13) %>

<% 16:20:52 Page[page_1: http://sdkcga6306:82/Home.aspx](1) %>

<% 16:20:52 Connect %>
Connecting to remote host: sdkcga6306:82...

<% 16:20:52 Image %>

<% 16:20:52 Image %>

<% 16:20:52 Image %>

<% 16:20:52 Image %>

<% 16:20:52 Image %>

<% 16:20:52 Image %>

<% 16:20:52 Image %>

<% 16:20:52 Image %>

<% 16:20:52 Image %>

<% 16:20:52 Image %>

<% 16:20:52 Image %>

<% 16:20:52 Image %>

<% 16:20:52 Image %>

<% 16:20:52 Image %>

<% 16:20:52 Image %>

<% 16:20:52 Image %>

<% 16:20:52 Image %>

<% 16:20:52 Image %>

<% 16:20:52 Image %>

<% 16:20:52 Image %>

<% 16:20:52 Image %>

<% 16:20:52 Image %>

<% 16:20:52 Image %>

<% 16:20:52 Image %>

<% 16:20:52 Image %>

<% 16:20:52 Image %>

<% 16:20:52 Image %>

<% 16:20:52 Image %>

<% 16:20:52 Image %>

<% 16:20:52 Image %>

<% 16:20:52 Image %>

<% 16:20:52 Image %>

<% 16:20:52 Image %>

<% 16:20:52 Image %>

<% 16:20:52 Image %>

<% 16:20:52 Page[page_2: http://sdkcga6306:82/Home.aspx](1) %>

<% 16:20:52 Page[page_3: http://sdkcga6306:82/FacilityLevels.aspx](1) %>

<% 16:20:52 Image %>

<% 16:20:52 Image %>

<% 16:20:53 Image %>

<% 16:20:53 Image %>

<% 16:20:53 Image %>

<% 16:20:53 Image %>

<% 16:20:53 Image %>

<% 16:20:53 Image %>

<% 16:20:53 Image %>

<% 16:20:53 Image %>

<% 16:20:53 Image %>

<% 16:20:53 Image %>

<% 16:20:53 Image %>

<% 16:20:53 Image %>

<% 16:20:53 Image %>

<% 16:20:53 Image %>

<% 16:20:53 Image %>

<% 16:20:53 Image %>

<% 16:20:53 Image %>

<% 16:20:53 Image %>

<% 16:20:53 Image %>

<% 16:20:53 Image %>

<% 16:20:53 Image %>

<% 16:20:53 Image %>

<% 16:20:53 Image %>

<% 16:20:53 Image %>

<% 16:20:53 Image %>

<% 16:20:53 Image %>

<% 16:20:53 Image %>

<% 16:20:53 Image %>

<% 16:20:53 Image %>

<% 16:20:53 Image %>

<% 16:20:53 Image %>

<% 16:20:53 Image %>

<% 16:20:53 Image %>

<% 16:20:53 Image %>

<% 16:20:53 Image %>

<% 16:20:53 Image %>

<% 16:20:53 Image %>

<% 16:20:53 Image %>

<% 16:20:53 Image %>

<% 16:20:53 Image %>

<% 16:20:53 Image %>

<% 16:20:53 Image %>

<% 16:20:53 Image %>

<% 16:20:53 Image %>

<% 16:20:53 Page[page_4: http://sdkcga6306:82/FacilityLevels.aspx](1) %>

<% 16:20:53 Page[page_5: http://sdkcga6306:82/FacilityLevels.aspx](1) %>

<% 16:20:53 Page[page_6: http://sdkcga6306:82/FacilityLevels.aspx](1) %>

<% 16:20:53 Page[Facilities](1) %>

<% 16:21:09 Page[Confidentiality](1) %>

<% 16:21:12 Session(14) %>

<% 16:21:12 Page[page_1: http://sdkcga6306:82/Home.aspx](1) %>

<% 16:21:12 Connect %>
Connecting to remote host: sdkcga6306:82...

<% 16:21:12 Image %>

<% 16:21:12 Image %>

<% 16:21:12 Image %>

<% 16:21:13 Image %>

<% 16:21:13 Image %>

<% 16:21:13 Image %>

<% 16:21:13 Image %>

<% 16:21:13 Image %>

<% 16:21:13 Image %>

<% 16:21:13 Image %>

<% 16:21:13 Image %>

<% 16:21:13 Image %>

<% 16:21:13 Image %>

<% 16:21:13 Image %>

<% 16:21:13 Image %>

<% 16:21:13 Image %>

<% 16:21:13 Image %>

<% 16:21:13 Image %>

<% 16:21:13 Image %>

<% 16:21:13 Image %>

<% 16:21:13 Image %>

<% 16:21:13 Image %>

<% 16:21:13 Image %>

<% 16:21:13 Image %>

<% 16:21:13 Image %>

<% 16:21:13 Image %>

<% 16:21:13 Image %>

<% 16:21:13 Image %>

<% 16:21:13 Image %>

<% 16:21:13 Image %>

<% 16:21:13 Image %>

<% 16:21:13 Image %>

<% 16:21:13 Image %>

<% 16:21:13 Image %>

<% 16:21:13 Image %>

<% 16:21:13 Page[page_2: http://sdkcga6306:82/Home.aspx](1) %>

<% 16:21:13 Page[page_3: http://sdkcga6306:82/FacilityLevels.aspx](1) %>

<% 16:21:13 Image %>

<% 16:21:13 Image %>

<% 16:21:13 Image %>

<% 16:21:13 Image %>

<% 16:21:13 Image %>

<% 16:21:13 Image %>

<% 16:21:13 Image %>

<% 16:21:13 Image %>

<% 16:21:13 Image %>

<% 16:21:13 Image %>

<% 16:21:13 Image %>

<% 16:21:13 Image %>

<% 16:21:13 Image %>

<% 16:21:13 Image %>

<% 16:21:13 Image %>

<% 16:21:13 Image %>

<% 16:21:13 Image %>

<% 16:21:13 Image %>

<% 16:21:13 Image %>

<% 16:21:13 Image %>

<% 16:21:13 Image %>

<% 16:21:13 Image %>

<% 16:21:13 Image %>

<% 16:21:13 Image %>

<% 16:21:13 Image %>

<% 16:21:13 Image %>

<% 16:21:13 Image %>

<% 16:21:13 Image %>

<% 16:21:13 Image %>

<% 16:21:13 Image %>

<% 16:21:13 Image %>

<% 16:21:13 Image %>

<% 16:21:13 Image %>

<% 16:21:13 Image %>

<% 16:21:13 Image %>

<% 16:21:13 Image %>

<% 16:21:13 Image %>

<% 16:21:13 Image %>

<% 16:21:13 Image %>

<% 16:21:13 Image %>

<% 16:21:13 Image %>

<% 16:21:13 Image %>

<% 16:21:13 Image %>

<% 16:21:13 Image %>

<% 16:21:13 Image %>

<% 16:21:13 Image %>

<% 16:21:13 Page[page_4: http://sdkcga6306:82/FacilityLevels.aspx](1) %>

<% 16:21:13 Page[page_5: http://sdkcga6306:82/FacilityLevels.aspx](1) %>

<% 16:21:13 Page[page_6: http://sdkcga6306:82/FacilityLevels.aspx](1) %>

<% 16:21:13 Page[Facilities](1) %>

<% 16:21:33 Page[Confidentiality](1) %>

<% 16:21:39 Session(15) %>

<% 16:21:39 Page[page_1: http://sdkcga6306:82/Home.aspx](1) %>

<% 16:21:39 Connect %>
Connecting to remote host: sdkcga6306:82...

<% 16:21:43 Image %>

<% 16:21:43 Image %>

<% 16:21:43 Image %>

<% 16:21:43 Image %>

<% 16:21:43 Image %>

<% 16:21:43 Image %>

<% 16:21:43 Image %>

<% 16:21:43 Image %>

<% 16:21:43 Image %>

<% 16:21:43 Image %>

<% 16:21:43 Image %>

<% 16:21:43 Image %>

<% 16:21:43 Image %>

<% 16:21:43 Image %>

<% 16:21:43 Image %>

<% 16:21:43 Image %>

<% 16:21:43 Image %>

<% 16:21:43 Image %>

<% 16:21:43 Image %>

<% 16:21:43 Image %>

<% 16:21:43 Image %>

<% 16:21:43 Image %>

<% 16:21:43 Image %>

<% 16:21:43 Image %>

<% 16:21:43 Image %>

<% 16:21:43 Image %>

<% 16:21:43 Image %>

<% 16:21:43 Image %>

<% 16:21:43 Image %>

<% 16:21:43 Image %>

<% 16:21:43 Image %>

<% 16:21:43 Image %>

<% 16:21:43 Image %>

<% 16:21:43 Image %>

<% 16:21:43 Image %>

<% 16:21:43 Page[page_2: http://sdkcga6306:82/Home.aspx](1) %>

<% 16:21:43 Page[page_3: http://sdkcga6306:82/FacilityLevels.aspx](1) %>

<% 16:21:43 Image %>

<% 16:21:43 Image %>

<% 16:21:43 Image %>

<% 16:21:43 Image %>

<% 16:21:43 Image %>

<% 16:21:43 Image %>

<% 16:21:43 Image %>

<% 16:21:43 Image %>

<% 16:21:43 Image %>

<% 16:21:43 Image %>

<% 16:21:43 Image %>

<% 16:21:43 Image %>

<% 16:21:43 Image %>

<% 16:21:43 Image %>

<% 16:21:43 Image %>

<% 16:21:43 Image %>

<% 16:21:43 Image %>

<% 16:21:43 Image %>

<% 16:21:43 Image %>

<% 16:21:43 Image %>

<% 16:21:43 Image %>

<% 16:21:43 Image %>

<% 16:21:43 Image %>

<% 16:21:43 Image %>

<% 16:21:43 Image %>

<% 16:21:43 Image %>

<% 16:21:43 Image %>

<% 16:21:43 Image %>

<% 16:21:43 Image %>

<% 16:21:43 Image %>

<% 16:21:43 Image %>

<% 16:21:43 Image %>

<% 16:21:43 Image %>

<% 16:21:43 Image %>

<% 16:21:43 Image %>

<% 16:21:43 Image %>

<% 16:21:43 Image %>

<% 16:21:43 Image %>

<% 16:21:43 Image %>

<% 16:21:43 Image %>

<% 16:21:43 Image %>

<% 16:21:43 Image %>

<% 16:21:43 Image %>

<% 16:21:43 Image %>

<% 16:21:43 Image %>

<% 16:21:43 Image %>

<% 16:21:43 Page[page_4: http://sdkcga6306:82/FacilityLevels.aspx](1) %>

<% 16:21:43 Page[page_5: http://sdkcga6306:82/FacilityLevels.aspx](1) %>

<% 16:21:43 Page[page_6: http://sdkcga6306:82/FacilityLevels.aspx](1) %>

<% 16:21:44 Page[Facilities](1) %>

<% 16:22:07 Page[Confidentiality](1) %>

<% 16:22:11 Session(16) %>

<% 16:22:11 Page[page_1: http://sdkcga6306:82/Home.aspx](1) %>

<% 16:22:11 Connect %>
Connecting to remote host: sdkcga6306:82...

<% 16:22:15 Image %>

<% 16:22:15 Image %>

<% 16:22:15 Image %>

<% 16:22:15 Image %>

<% 16:22:15 Image %>

<% 16:22:15 Image %>

<% 16:22:15 Image %>

<% 16:22:15 Image %>

<% 16:22:15 Image %>

<% 16:22:15 Image %>

<% 16:22:15 Image %>

<% 16:22:15 Image %>

<% 16:22:15 Image %>

<% 16:22:15 Image %>

<% 16:22:15 Image %>

<% 16:22:15 Image %>

<% 16:22:15 Image %>

<% 16:22:15 Image %>

<% 16:22:15 Image %>

<% 16:22:15 Image %>

<% 16:22:15 Image %>

<% 16:22:15 Image %>

<% 16:22:15 Image %>

<% 16:22:15 Image %>

<% 16:22:15 Image %>

<% 16:22:15 Image %>

<% 16:22:15 Image %>

<% 16:22:15 Image %>

<% 16:22:15 Image %>

<% 16:22:15 Image %>

<% 16:22:15 Image %>

<% 16:22:15 Image %>

<% 16:22:15 Image %>

<% 16:22:15 Image %>

<% 16:22:15 Image %>

<% 16:22:15 Page[page_2: http://sdkcga6306:82/Home.aspx](1) %>

<% 16:22:15 Page[page_3: http://sdkcga6306:82/FacilityLevels.aspx](1) %>

<% 16:22:15 Image %>

<% 16:22:15 Image %>

<% 16:22:15 Image %>

<% 16:22:15 Image %>

<% 16:22:15 Image %>

<% 16:22:15 Image %>

<% 16:22:15 Image %>

<% 16:22:15 Image %>

<% 16:22:15 Image %>

<% 16:22:15 Image %>

<% 16:22:15 Image %>

<% 16:22:15 Image %>

<% 16:22:15 Image %>

<% 16:22:15 Image %>

<% 16:22:15 Image %>

<% 16:22:15 Image %>

<% 16:22:15 Image %>

<% 16:22:15 Image %>

<% 16:22:15 Image %>

<% 16:22:15 Image %>

<% 16:22:15 Image %>

<% 16:22:15 Image %>

<% 16:22:15 Image %>

<% 16:22:15 Image %>

<% 16:22:15 Image %>

<% 16:22:15 Image %>

<% 16:22:15 Image %>

<% 16:22:15 Image %>

<% 16:22:15 Image %>

<% 16:22:15 Image %>

<% 16:22:15 Image %>

<% 16:22:15 Image %>

<% 16:22:15 Image %>

<% 16:22:15 Image %>

<% 16:22:15 Image %>

<% 16:22:15 Image %>

<% 16:22:15 Image %>

<% 16:22:15 Image %>

<% 16:22:15 Image %>

<% 16:22:15 Image %>

<% 16:22:15 Image %>

<% 16:22:15 Image %>

<% 16:22:15 Image %>

<% 16:22:15 Image %>

<% 16:22:15 Image %>

<% 16:22:15 Image %>

<% 16:22:15 Page[page_4: http://sdkcga6306:82/FacilityLevels.aspx](1) %>

<% 16:22:15 Page[page_5: http://sdkcga6306:82/FacilityLevels.aspx](1) %>

<% 16:22:15 Page[page_6: http://sdkcga6306:82/FacilityLevels.aspx](1) %>

<% 16:22:15 Page[Facilities](1) %>

<% 16:22:37 Page[Confidentiality](1) %>

<% 16:22:41 Session(17) %>

<% 16:22:41 Page[page_1: http://sdkcga6306:82/Home.aspx](1) %>

<% 16:22:41 Connect %>
Connecting to remote host: sdkcga6306:82...

<% 16:22:41 Image %>

<% 16:22:41 Image %>

<% 16:22:48 Image %>

<% 16:22:51 Image %>

<% 16:22:51 Image %>

<% 16:22:51 Image %>

<% 16:22:51 Image %>

<% 16:22:51 Image %>

<% 16:22:51 Image %>

<% 16:22:51 Image %>

<% 16:22:51 Image %>

<% 16:22:51 Image %>

<% 16:22:51 Image %>

<% 16:22:51 Image %>

<% 16:22:51 Image %>

<% 16:22:51 Image %>

<% 16:22:51 Image %>

<% 16:22:51 Image %>

<% 16:22:51 Image %>

<% 16:22:51 Image %>

<% 16:22:51 Image %>

<% 16:22:51 Image %>

<% 16:22:51 Image %>

<% 16:22:51 Image %>

<% 16:22:51 Image %>

<% 16:22:51 Image %>

<% 16:22:51 Image %>

<% 16:22:51 Image %>

<% 16:22:51 Image %>

<% 16:22:51 Image %>

<% 16:22:51 Image %>

<% 16:22:51 Image %>

<% 16:22:51 Image %>

<% 16:22:51 Image %>

<% 16:22:51 Image %>

<% 16:22:51 Page[page_2: http://sdkcga6306:82/Home.aspx](1) %>

<% 16:22:51 Page[page_3: http://sdkcga6306:82/FacilityLevels.aspx](1) %>

<% 16:22:51 Image %>

<% 16:22:51 Image %>

<% 16:22:52 Image %>

<% 16:22:52 Image %>

<% 16:22:52 Image %>

<% 16:22:52 Image %>

<% 16:22:52 Image %>

<% 16:22:52 Image %>

<% 16:22:52 Image %>

<% 16:22:52 Image %>

<% 16:22:52 Image %>

<% 16:22:52 Image %>

<% 16:22:52 Image %>

<% 16:22:52 Image %>

<% 16:22:52 Image %>

<% 16:22:52 Image %>

<% 16:22:52 Image %>

<% 16:22:52 Image %>

<% 16:22:52 Image %>

<% 16:22:52 Image %>

<% 16:22:52 Image %>

<% 16:22:52 Image %>

<% 16:22:52 Image %>

<% 16:22:52 Image %>

<% 16:22:52 Image %>

<% 16:22:52 Image %>

<% 16:22:52 Image %>

<% 16:22:52 Image %>

<% 16:22:52 Image %>

<% 16:22:52 Image %>

<% 16:22:52 Image %>

<% 16:22:52 Image %>

<% 16:22:52 Image %>

<% 16:22:52 Image %>

<% 16:22:52 Image %>

<% 16:22:52 Image %>

<% 16:22:52 Image %>

<% 16:22:52 Image %>

<% 16:22:52 Image %>

<% 16:22:52 Image %>

<% 16:22:52 Image %>

<% 16:22:52 Image %>

<% 16:22:52 Image %>

<% 16:22:52 Image %>

<% 16:22:52 Image %>

<% 16:22:52 Image %>

<% 16:22:52 Page[page_4: http://sdkcga6306:82/FacilityLevels.aspx](1) %>

<% 16:22:52 Page[page_5: http://sdkcga6306:82/FacilityLevels.aspx](1) %>

<% 16:22:52 Page[page_6: http://sdkcga6306:82/FacilityLevels.aspx](1) %>

<% 16:22:52 Page[Facilities](1) %>

<% 16:23:16 Page[Confidentiality](1) %>

<% 16:23:20 Session(18) %>

<% 16:23:20 Page[page_1: http://sdkcga6306:82/Home.aspx](1) %>

<% 16:23:20 Connect %>
Connecting to remote host: sdkcga6306:82...

<% 16:23:22 Image %>

<% 16:23:22 Image %>

<% 16:23:22 Image %>

<% 16:23:22 Image %>

<% 16:23:22 Image %>

<% 16:23:22 Image %>

<% 16:23:22 Image %>

<% 16:23:22 Image %>

<% 16:23:22 Image %>

<% 16:23:22 Image %>

<% 16:23:22 Image %>

<% 16:23:22 Image %>

<% 16:23:22 Image %>

<% 16:23:22 Image %>

<% 16:23:22 Image %>

<% 16:23:22 Image %>

<% 16:23:22 Image %>

<% 16:23:22 Image %>

<% 16:23:22 Image %>

<% 16:23:22 Image %>

<% 16:23:22 Image %>

<% 16:23:22 Image %>

<% 16:23:22 Image %>

<% 16:23:22 Image %>

<% 16:23:23 Image %>

<% 16:23:23 Image %>

<% 16:23:23 Image %>

<% 16:23:23 Image %>

<% 16:23:23 Image %>

<% 16:23:23 Image %>

<% 16:23:23 Image %>

<% 16:23:23 Image %>

<% 16:23:23 Image %>

<% 16:23:23 Image %>

<% 16:23:23 Image %>

<% 16:23:23 Page[page_2: http://sdkcga6306:82/Home.aspx](1) %>

<% 16:23:23 Page[page_3: http://sdkcga6306:82/FacilityLevels.aspx](1) %>

<% 16:23:23 Image %>

<% 16:23:23 Image %>

<% 16:23:23 Image %>

<% 16:23:23 Image %>

<% 16:23:23 Image %>

<% 16:23:23 Image %>

<% 16:23:23 Image %>

<% 16:23:23 Image %>

<% 16:23:23 Image %>

<% 16:23:23 Image %>

<% 16:23:23 Image %>

<% 16:23:23 Image %>

<% 16:23:23 Image %>

<% 16:23:23 Image %>

<% 16:23:23 Image %>

<% 16:23:23 Image %>

<% 16:23:23 Image %>

<% 16:23:23 Image %>

<% 16:23:23 Image %>

<% 16:23:23 Image %>

<% 16:23:23 Image %>

<% 16:23:23 Image %>

<% 16:23:23 Image %>

<% 16:23:23 Image %>

<% 16:23:23 Image %>

<% 16:23:23 Image %>

<% 16:23:23 Image %>

<% 16:23:23 Image %>

<% 16:23:23 Image %>

<% 16:23:23 Image %>

<% 16:23:23 Image %>

<% 16:23:23 Image %>

<% 16:23:23 Image %>

<% 16:23:23 Image %>

<% 16:23:23 Image %>

<% 16:23:23 Image %>

<% 16:23:23 Image %>

<% 16:23:23 Image %>

<% 16:23:23 Image %>

<% 16:23:23 Image %>

<% 16:23:23 Image %>

<% 16:23:23 Image %>

<% 16:23:23 Image %>

<% 16:23:23 Image %>

<% 16:23:23 Image %>

<% 16:23:23 Image %>

<% 16:23:23 Page[page_4: http://sdkcga6306:82/FacilityLevels.aspx](1) %>

<% 16:23:23 Page[page_5: http://sdkcga6306:82/FacilityLevels.aspx](1) %>

<% 16:23:23 Page[page_6: http://sdkcga6306:82/FacilityLevels.aspx](1) %>

<% 16:23:23 Page[Facilities](1) %>

<% 16:24:00 Page[Confidentiality](1) %>

<% 16:24:07 Session(19) %>

<% 16:24:07 Page[page_1: http://sdkcga6306:82/Home.aspx](1) %>

<% 16:24:07 Connect %>
Connecting to remote host: sdkcga6306:82...

<% 16:24:08 Image %>

<% 16:24:08 Image %>

<% 16:24:08 Image %>

<% 16:24:08 Image %>

<% 16:24:08 Image %>

<% 16:24:08 Image %>

<% 16:24:08 Image %>

<% 16:24:08 Image %>

<% 16:24:08 Image %>

<% 16:24:08 Image %>

<% 16:24:08 Image %>

<% 16:24:08 Image %>

<% 16:24:08 Image %>

<% 16:24:08 Image %>

<% 16:24:08 Image %>

<% 16:24:08 Image %>

<% 16:24:08 Image %>

<% 16:24:08 Image %>

<% 16:24:08 Image %>

<% 16:24:08 Image %>

<% 16:24:08 Image %>

<% 16:24:08 Image %>

<% 16:24:08 Image %>

<% 16:24:08 Image %>

<% 16:24:08 Image %>

<% 16:24:08 Image %>

<% 16:24:08 Image %>

<% 16:24:08 Image %>

<% 16:24:08 Image %>

<% 16:24:08 Image %>

<% 16:24:08 Image %>

<% 16:24:08 Image %>

<% 16:24:08 Image %>

<% 16:24:08 Image %>

<% 16:24:08 Image %>

<% 16:24:08 Page[page_2: http://sdkcga6306:82/Home.aspx](1) %>

<% 16:24:08 Page[page_3: http://sdkcga6306:82/FacilityLevels.aspx](1) %>

<% 16:24:08 Image %>

<% 16:24:08 Image %>

<% 16:24:08 Image %>

<% 16:24:08 Image %>

<% 16:24:08 Image %>

<% 16:24:08 Image %>

<% 16:24:09 Image %>

<% 16:24:09 Image %>

<% 16:24:09 Image %>

<% 16:24:09 Image %>

<% 16:24:09 Image %>

<% 16:24:09 Image %>

<% 16:24:09 Image %>

<% 16:24:09 Image %>

<% 16:24:09 Image %>

<% 16:24:09 Image %>

<% 16:24:09 Image %>

<% 16:24:09 Image %>

<% 16:24:09 Image %>

<% 16:24:09 Image %>

<% 16:24:09 Image %>

<% 16:24:09 Image %>

<% 16:24:09 Image %>

<% 16:24:09 Image %>

<% 16:24:09 Image %>

<% 16:24:09 Image %>

<% 16:24:09 Image %>

<% 16:24:09 Image %>

<% 16:24:09 Image %>

<% 16:24:09 Image %>

<% 16:24:09 Image %>

<% 16:24:09 Image %>

<% 16:24:09 Image %>

<% 16:24:09 Image %>

<% 16:24:09 Image %>

<% 16:24:09 Image %>

<% 16:24:09 Image %>

<% 16:24:09 Image %>

<% 16:24:09 Image %>

<% 16:24:09 Image %>

<% 16:24:09 Image %>

<% 16:24:09 Image %>

<% 16:24:09 Image %>

<% 16:24:09 Image %>

<% 16:24:09 Image %>

<% 16:24:09 Image %>

<% 16:24:09 Page[page_4: http://sdkcga6306:82/FacilityLevels.aspx](1) %>

<% 16:24:11 Page[page_5: http://sdkcga6306:82/FacilityLevels.aspx](1) %>

<% 16:24:12 Page[page_6: http://sdkcga6306:82/FacilityLevels.aspx](1) %>

<% 16:24:12 Page[Facilities](1) %>

<% 16:24:49 Page[Confidentiality](1) %>

<% 16:24:57 Session(20) %>

<% 16:24:57 Page[page_1: http://sdkcga6306:82/Home.aspx](1) %>

<% 16:24:57 Connect %>
Connecting to remote host: sdkcga6306:82...

<% 16:24:59 Image %>

<% 16:24:59 Image %>

<% 16:25:00 Image %>

<% 16:25:00 Image %>

<% 16:25:00 Image %>

<% 16:25:00 Image %>

<% 16:25:00 Image %>

<% 16:25:00 Image %>

<% 16:25:00 Image %>

<% 16:25:00 Image %>

<% 16:25:00 Image %>

<% 16:25:00 Image %>

<% 16:25:00 Image %>

<% 16:25:00 Image %>

<% 16:25:00 Image %>

<% 16:25:00 Image %>

<% 16:25:00 Image %>

<% 16:25:00 Image %>

<% 16:25:00 Image %>

<% 16:25:00 Image %>

<% 16:25:00 Image %>

<% 16:25:00 Image %>

<% 16:25:00 Image %>

<% 16:25:00 Image %>

<% 16:25:00 Image %>

<% 16:25:00 Image %>

<% 16:25:00 Image %>

<% 16:25:00 Image %>

<% 16:25:00 Image %>

<% 16:25:00 Image %>

<% 16:25:00 Image %>

<% 16:25:00 Image %>

<% 16:25:00 Image %>

<% 16:25:00 Image %>

<% 16:25:00 Image %>

<% 16:25:00 Page[page_2: http://sdkcga6306:82/Home.aspx](1) %>

<% 16:25:00 Page[page_3: http://sdkcga6306:82/FacilityLevels.aspx](1) %>

<% 16:25:00 Image %>

<% 16:25:00 Image %>

<% 16:25:00 Image %>

<% 16:25:00 Image %>

<% 16:25:00 Image %>

<% 16:25:00 Image %>

<% 16:25:00 Image %>

<% 16:25:00 Image %>

<% 16:25:00 Image %>

<% 16:25:00 Image %>

<% 16:25:00 Image %>

<% 16:25:00 Image %>

<% 16:25:00 Image %>

<% 16:25:00 Image %>

<% 16:25:00 Image %>

<% 16:25:00 Image %>

<% 16:25:00 Image %>

<% 16:25:00 Image %>

<% 16:25:00 Image %>

<% 16:25:00 Image %>

<% 16:25:00 Image %>

<% 16:25:00 Image %>

<% 16:25:00 Image %>

<% 16:25:00 Image %>

<% 16:25:00 Image %>

<% 16:25:00 Image %>

<% 16:25:00 Image %>

<% 16:25:00 Image %>

<% 16:25:00 Image %>

<% 16:25:00 Image %>

<% 16:25:00 Image %>

<% 16:25:00 Image %>

<% 16:25:00 Image %>

<% 16:25:00 Image %>

<% 16:25:00 Image %>

<% 16:25:00 Image %>

<% 16:25:00 Image %>

<% 16:25:00 Image %>

<% 16:25:00 Image %>

<% 16:25:00 Image %>

<% 16:25:00 Image %>

<% 16:25:00 Image %>

<% 16:25:00 Image %>

<% 16:25:00 Image %>

<% 16:25:00 Image %>

<% 16:25:00 Image %>

<% 16:25:00 Page[page_4: http://sdkcga6306:82/FacilityLevels.aspx](1) %>

<% 16:25:00 Page[page_5: http://sdkcga6306:82/FacilityLevels.aspx](1) %>

<% 16:25:06 Page[page_6: http://sdkcga6306:82/FacilityLevels.aspx](1) %>

<% 16:25:06 Page[Facilities](1) %>

<% 16:25:39 Page[Confidentiality](1) %>

<% 16:25:50 Session(21) %>

<% 16:25:50 Page[page_1: http://sdkcga6306:82/Home.aspx](1) %>

<% 16:25:50 Connect %>
Connecting to remote host: sdkcga6306:82...

<% 16:25:55 Image %>

<% 16:25:55 Image %>

<% 16:25:55 Image %>

<% 16:26:00 Image %>

<% 16:26:00 Image %>

<% 16:26:00 Image %>

<% 16:26:00 Image %>

<% 16:26:00 Image %>

<% 16:26:00 Image %>

<% 16:26:00 Image %>

<% 16:26:00 Image %>

<% 16:26:00 Image %>

<% 16:26:00 Image %>

<% 16:26:00 Image %>

<% 16:26:00 Image %>

<% 16:26:00 Image %>

<% 16:26:00 Image %>

<% 16:26:00 Image %>

<% 16:26:00 Image %>

<% 16:26:00 Image %>

<% 16:26:00 Image %>

<% 16:26:00 Image %>

<% 16:26:00 Image %>

<% 16:26:00 Image %>

<% 16:26:00 Image %>

<% 16:26:00 Image %>

<% 16:26:00 Image %>

<% 16:26:00 Image %>

<% 16:26:00 Image %>

<% 16:26:00 Image %>

<% 16:26:00 Image %>

<% 16:26:00 Image %>

<% 16:26:00 Image %>

<% 16:26:00 Image %>

<% 16:26:00 Image %>

<% 16:26:00 Page[page_2: http://sdkcga6306:82/Home.aspx](1) %>

<% 16:26:00 Page[page_3: http://sdkcga6306:82/FacilityLevels.aspx](1) %>

<% 16:26:01 Image %>

<% 16:26:01 Image %>

<% 16:26:01 Image %>

<% 16:26:04 Image %>

<% 16:26:10 Image %>

<% 16:26:19 Image %>

<% 16:26:19 Image %>

<% 16:26:19 Image %>

<% 16:26:19 Image %>

<% 16:26:19 Image %>

<% 16:26:19 Image %>

<% 16:26:19 Image %>

<% 16:26:19 Image %>

<% 16:26:19 Image %>

<% 16:26:19 Image %>

<% 16:26:19 Image %>

<% 16:26:19 Image %>

<% 16:26:19 Image %>

<% 16:26:19 Image %>

<% 16:26:19 Image %>

<% 16:26:19 Image %>

<% 16:26:19 Image %>

<% 16:26:19 Image %>

<% 16:26:19 Image %>

<% 16:26:19 Image %>

<% 16:26:19 Image %>

<% 16:26:19 Image %>

<% 16:26:19 Image %>

<% 16:26:19 Image %>

<% 16:26:19 Image %>

<% 16:26:19 Image %>

<% 16:26:19 Image %>

<% 16:26:19 Image %>

<% 16:26:19 Image %>

<% 16:26:19 Image %>

<% 16:26:19 Image %>

<% 16:26:19 Image %>

<% 16:26:19 Image %>

<% 16:26:19 Image %>

<% 16:26:19 Image %>

<% 16:26:19 Image %>

<% 16:26:19 Image %>

<% 16:26:19 Image %>

<% 16:26:19 Image %>

<% 16:26:19 Image %>

<% 16:26:19 Image %>

<% 16:26:19 Page[page_4: http://sdkcga6306:82/FacilityLevels.aspx](1) %>

<% 16:26:20 Page[page_5: http://sdkcga6306:82/FacilityLevels.aspx](1) %>

<% 16:26:20 Page[page_6: http://sdkcga6306:82/FacilityLevels.aspx](1) %>

<% 16:26:20 Page[Facilities](1) %>

<% 16:26:57 Page[Confidentiality](1) %>

<% 16:27:05 Session(22) %>

<% 16:27:05 Page[page_1: http://sdkcga6306:82/Home.aspx](1) %>

<% 16:27:05 Connect %>
Connecting to remote host: sdkcga6306:82...

<% 16:27:05 Image %>

<% 16:27:05 Image %>

<% 16:27:05 Image %>

<% 16:27:05 Image %>

<% 16:27:05 Image %>

<% 16:27:05 Image %>

<% 16:27:05 Image %>

<% 16:27:05 Image %>

<% 16:27:05 Image %>

<% 16:27:05 Image %>

<% 16:27:05 Image %>

<% 16:27:05 Image %>

<% 16:27:05 Image %>

<% 16:27:05 Image %>

<% 16:27:05 Image %>

<% 16:27:05 Image %>

<% 16:27:05 Image %>

<% 16:27:06 Image %>

<% 16:27:06 Image %>

<% 16:27:06 Image %>

<% 16:27:06 Image %>

<% 16:27:06 Image %>

<% 16:27:06 Image %>

<% 16:27:06 Image %>

<% 16:27:06 Image %>

<% 16:27:06 Image %>

<% 16:27:06 Image %>

<% 16:27:06 Image %>

<% 16:27:06 Image %>

<% 16:27:06 Image %>

<% 16:27:06 Image %>

<% 16:27:06 Image %>

<% 16:27:06 Image %>

<% 16:27:06 Image %>

<% 16:27:06 Image %>

<% 16:27:06 Page[page_2: http://sdkcga6306:82/Home.aspx](1) %>

<% 16:27:06 Page[page_3: http://sdkcga6306:82/FacilityLevels.aspx](1) %>

<% 16:27:06 Image %>

<% 16:27:06 Image %>

<% 16:27:06 Image %>

<% 16:27:06 Image %>

<% 16:27:06 Image %>

<% 16:27:06 Image %>

<% 16:27:06 Image %>

<% 16:27:06 Image %>

<% 16:27:06 Image %>

<% 16:27:06 Image %>

<% 16:27:06 Image %>

<% 16:27:06 Image %>

<% 16:27:06 Image %>

<% 16:27:06 Image %>

<% 16:27:06 Image %>

<% 16:27:06 Image %>

<% 16:27:06 Image %>

<% 16:27:06 Image %>

<% 16:27:06 Image %>

<% 16:27:06 Image %>

<% 16:27:06 Image %>

<% 16:27:06 Image %>

<% 16:27:06 Image %>

<% 16:27:06 Image %>

<% 16:27:06 Image %>

<% 16:27:06 Image %>

<% 16:27:06 Image %>

<% 16:27:06 Image %>

<% 16:27:06 Image %>

<% 16:27:07 Image %>

<% 16:27:07 Image %>

<% 16:27:07 Image %>

<% 16:27:07 Image %>

<% 16:27:07 Image %>

<% 16:27:07 Image %>

<% 16:27:07 Image %>

<% 16:27:07 Image %>

<% 16:27:07 Image %>

<% 16:27:07 Image %>

<% 16:27:07 Image %>

<% 16:27:07 Image %>

<% 16:27:07 Image %>

<% 16:27:07 Image %>

<% 16:27:07 Image %>

<% 16:27:07 Image %>

<% 16:27:07 Image %>

<% 16:27:07 Page[page_4: http://sdkcga6306:82/FacilityLevels.aspx](1) %>

<% 16:27:07 Page[page_5: http://sdkcga6306:82/FacilityLevels.aspx](1) %>

<% 16:27:13 Page[page_6: http://sdkcga6306:82/FacilityLevels.aspx](1) %>

<% 16:27:19 Page[Facilities](1) %>

<% 16:28:01 Page[Confidentiality](1) %>

<% 16:28:14 Session(23) %>

<% 16:28:14 Page[page_1: http://sdkcga6306:82/Home.aspx](1) %>

<% 16:28:14 Connect %>
Connecting to remote host: sdkcga6306:82...

<% 16:28:20 Image %>

<% 16:28:20 Image %>

<% 16:28:21 Image %>

<% 16:28:23 Image %>

<% 16:28:24 Image %>

<% 16:28:24 Image %>

<% 16:28:24 Image %>

<% 16:28:24 Image %>

<% 16:28:24 Image %>

<% 16:28:29 Image %>

<% 16:28:30 Image %>

<% 16:28:30 Image %>

<% 16:28:30 Image %>

<% 16:28:30 Image %>

<% 16:28:30 Image %>

<% 16:28:30 Image %>

<% 16:28:30 Image %>

<% 16:28:30 Image %>

<% 16:28:30 Image %>

<% 16:28:30 Image %>

<% 16:28:30 Image %>

<% 16:28:30 Image %>

<% 16:28:30 Image %>

<% 16:28:30 Image %>

<% 16:28:30 Image %>

<% 16:28:30 Image %>

<% 16:28:30 Image %>

<% 16:28:30 Image %>

<% 16:28:30 Image %>

<% 16:28:30 Image %>

<% 16:28:30 Image %>

<% 16:28:30 Image %>

<% 16:28:30 Image %>

<% 16:28:30 Image %>

<% 16:28:30 Image %>

<% 16:28:30 Page[page_2: http://sdkcga6306:82/Home.aspx](1) %>

<% 16:28:30 Page[page_3: http://sdkcga6306:82/FacilityLevels.aspx](1) %>

<% 16:28:30 Image %>

<% 16:28:30 Image %>

<% 16:28:30 Image %>

<% 16:28:31 Image %>

<% 16:28:31 Image %>

<% 16:28:31 Image %>

<% 16:28:31 Image %>

<% 16:28:31 Image %>

<% 16:28:31 Image %>

<% 16:28:31 Image %>

<% 16:28:31 Image %>

<% 16:28:31 Image %>

<% 16:28:31 Image %>

<% 16:28:31 Image %>

<% 16:28:31 Image %>

<% 16:28:31 Image %>

<% 16:28:31 Image %>

<% 16:28:31 Image %>

<% 16:28:31 Image %>

<% 16:28:31 Image %>

<% 16:28:31 Image %>

<% 16:28:31 Image %>

<% 16:28:31 Image %>

<% 16:28:31 Image %>

<% 16:28:31 Image %>

<% 16:28:31 Image %>

<% 16:28:31 Image %>

<% 16:28:31 Image %>

<% 16:28:31 Image %>

<% 16:28:31 Image %>

<% 16:28:31 Image %>

<% 16:28:31 Image %>

<% 16:28:31 Image %>

<% 16:28:31 Image %>

<% 16:28:31 Image %>

<% 16:28:31 Image %>

<% 16:28:31 Image %>

<% 16:28:31 Image %>

<% 16:28:31 Image %>

<% 16:28:31 Image %>

<% 16:28:31 Image %>

<% 16:28:31 Image %>

<% 16:28:31 Image %>

<% 16:28:31 Image %>

<% 16:28:31 Image %>

<% 16:28:31 Image %>

<% 16:28:31 Page[page_4: http://sdkcga6306:82/FacilityLevels.aspx](1) %>

<% 16:28:31 Page[page_5: http://sdkcga6306:82/FacilityLevels.aspx](1) %>

<% 16:28:32 Page[page_6: http://sdkcga6306:82/FacilityLevels.aspx](1) %>

<% 16:28:33 Page[Facilities](1) %>

<% 16:29:14 Page[Confidentiality](1) %>

<% 16:29:41 Session(24) %>

<% 16:29:41 Page[page_1: http://sdkcga6306:82/Home.aspx](1) %>

<% 16:29:41 Connect %>
Connecting to remote host: sdkcga6306:82...

<% 16:29:48 Image %>

<% 16:29:48 Image %>

<% 16:29:48 Image %>

<% 16:29:48 Image %>

<% 16:29:48 Image %>

<% 16:29:48 Image %>

<% 16:29:48 Image %>

<% 16:29:48 Image %>

<% 16:29:48 Image %>

<% 16:29:48 Image %>

<% 16:29:48 Image %>

<% 16:29:48 Image %>

<% 16:29:48 Image %>

<% 16:29:48 Image %>

<% 16:29:48 Image %>

<% 16:29:48 Image %>

<% 16:29:48 Image %>

<% 16:29:48 Image %>

<% 16:29:48 Image %>

<% 16:29:48 Image %>

<% 16:29:48 Image %>

<% 16:29:48 Image %>

<% 16:29:48 Image %>

<% 16:29:48 Image %>

<% 16:29:48 Image %>

<% 16:29:48 Image %>

<% 16:29:48 Image %>

<% 16:29:48 Image %>

<% 16:29:48 Image %>

<% 16:29:48 Image %>

<% 16:29:48 Image %>

<% 16:29:48 Image %>

<% 16:29:48 Image %>

<% 16:29:48 Image %>

<% 16:29:48 Image %>

<% 16:29:48 Page[page_2: http://sdkcga6306:82/Home.aspx](1) %>

<% 16:29:48 Page[page_3: http://sdkcga6306:82/FacilityLevels.aspx](1) %>

<% 16:29:48 Image %>

<% 16:29:48 Image %>

<% 16:29:49 Image %>

<% 16:29:49 Image %>

<% 16:29:49 Image %>

<% 16:29:50 Image %>

<% 16:29:58 Image %>

<% 16:30:09 Image %>

<% 16:30:09 Image %>

<% 16:30:09 Image %>

<% 16:30:09 Image %>

<% 16:30:09 Image %>

<% 16:30:09 Image %>

<% 16:30:09 Image %>

<% 16:30:09 Image %>

<% 16:30:09 Image %>

<% 16:30:09 Image %>

<% 16:30:09 Image %>

<% 16:30:09 Image %>

<% 16:30:09 Image %>

<% 16:30:09 Image %>

<% 16:30:09 Image %>

<% 16:30:09 Image %>

<% 16:30:09 Image %>

<% 16:30:09 Image %>

<% 16:30:09 Image %>

<% 16:30:09 Image %>

<% 16:30:09 Image %>

<% 16:30:09 Image %>

<% 16:30:09 Image %>

<% 16:30:09 Image %>

<% 16:30:09 Image %>

<% 16:30:09 Image %>

<% 16:30:09 Image %>

<% 16:30:09 Image %>

<% 16:30:09 Image %>

<% 16:30:09 Image %>

<% 16:30:09 Image %>

<% 16:30:09 Image %>

<% 16:30:09 Image %>

<% 16:30:09 Image %>

<% 16:30:09 Image %>

<% 16:30:09 Image %>

<% 16:30:09 Image %>

<% 16:30:09 Image %>

<% 16:30:09 Image %>

<% 16:30:09 Page[page_4: http://sdkcga6306:82/FacilityLevels.aspx](1) %>

<% 16:30:09 Page[page_5: http://sdkcga6306:82/FacilityLevels.aspx](1) %>

<% 16:30:13 Page[page_6: http://sdkcga6306:82/FacilityLevels.aspx](1) %>

<% 16:30:21 Page[Facilities](1) %>

<% 16:31:14 Page[Confidentiality](1) %>

<% 16:31:33 Session(25) %>

<% 16:31:33 Page[page_1: http://sdkcga6306:82/Home.aspx](1) %>

<% 16:31:33 Connect %>
Connecting to remote host: sdkcga6306:82...

<% 16:31:34 Image %>

<% 16:31:34 Image %>

<% 16:31:35 Image %>

<% 16:31:35 Image %>

<% 16:31:35 Image %>

<% 16:31:35 Image %>

<% 16:31:35 Image %>

<% 16:31:35 Image %>

<% 16:31:35 Image %>

<% 16:31:35 Image %>

<% 16:31:35 Image %>

<% 16:31:35 Image %>

<% 16:31:35 Image %>

<% 16:31:35 Image %>

<% 16:31:35 Image %>

<% 16:31:35 Image %>

<% 16:31:35 Image %>

<% 16:31:35 Image %>

<% 16:31:35 Image %>

<% 16:31:35 Image %>

<% 16:31:35 Image %>

<% 16:31:35 Image %>

<% 16:31:35 Image %>

<% 16:31:35 Image %>

<% 16:31:35 Image %>

<% 16:31:35 Image %>

<% 16:31:35 Image %>

<% 16:31:35 Image %>

<% 16:31:35 Image %>

<% 16:31:35 Image %>

<% 16:31:35 Image %>

<% 16:31:35 Image %>

<% 16:31:35 Image %>

<% 16:31:35 Image %>

<% 16:31:35 Image %>

<% 16:31:35 Page[page_2: http://sdkcga6306:82/Home.aspx](1) %>

<% 16:31:35 Page[page_3: http://sdkcga6306:82/FacilityLevels.aspx](1) %>

<% 16:31:36 Image %>

<% 16:31:36 Image %>

<% 16:31:36 Image %>

<% 16:31:36 Image %>

<% 16:31:36 Image %>

<% 16:31:42 Image %>

<% 16:31:49 Image %>

<% 16:31:55 Image %>

<% 16:32:09 Image %>

<% 16:32:15 Image %>

<% 16:32:20 Image %>

<% 16:32:20 Image %>

<% 16:32:20 Image %>

<% 16:32:20 Image %>

<% 16:32:20 Image %>

<% 16:32:22 Image %>

<% 16:32:23 Image %>

<% 16:32:23 Image %>

<% 16:32:23 Image %>

<% 16:32:23 Image %>

<% 16:32:23 Image %>

<% 16:32:23 Image %>

<% 16:32:23 Image %>

<% 16:32:23 Image %>

<% 16:32:23 Image %>

<% 16:32:23 Image %>

<% 16:32:23 Image %>

<% 16:32:23 Image %>

<% 16:32:23 Image %>

<% 16:32:23 Image %>

<% 16:32:23 Image %>

<% 16:32:23 Image %>

<% 16:32:23 Image %>

<% 16:32:23 Image %>

<% 16:32:23 Image %>

<% 16:32:23 Image %>

<% 16:32:23 Image %>

<% 16:32:23 Image %>

<% 16:32:23 Image %>

<% 16:32:23 Image %>

<% 16:32:23 Image %>

<% 16:32:23 Image %>

<% 16:32:23 Image %>

<% 16:32:23 Image %>

<% 16:32:23 Image %>

<% 16:32:23 Image %>

<% 16:32:23 Page[page_4: http://sdkcga6306:82/FacilityLevels.aspx](1) %>

<% 16:32:24 Page[page_5: http://sdkcga6306:82/FacilityLevels.aspx](1) %>

<% 16:32:25 Page[page_6: http://sdkcga6306:82/FacilityLevels.aspx](1) %>

<% 16:32:26 Page[Facilities](1) %>

<% 16:33:05 Page[Confidentiality](1) %>

<% 16:33:14 Session(26) %>

<% 16:33:14 Page[page_1: http://sdkcga6306:82/Home.aspx](1) %>

<% 16:33:14 Connect %>
Connecting to remote host: sdkcga6306:82...

<% 16:33:26 Image %>

<% 16:33:26 Image %>

<% 16:33:42 Image %>

<% 16:33:45 Image %>

<% 16:33:46 Image %>

<% 16:33:46 Image %>

<% 16:33:46 Image %>

<% 16:33:46 Image %>

<% 16:33:46 Image %>

<% 16:33:46 Image %>

<% 16:33:46 Image %>

<% 16:33:46 Image %>

<% 16:33:46 Image %>

<% 16:33:46 Image %>

<% 16:33:46 Image %>

<% 16:33:46 Image %>

<% 16:33:47 Image %>

<% 16:33:47 Image %>

<% 16:33:47 Image %>

<% 16:33:47 Image %>

<% 16:33:47 Image %>

<% 16:33:47 Image %>

<% 16:33:47 Image %>

<% 16:33:47 Image %>

<% 16:33:47 Image %>

<% 16:33:47 Image %>

<% 16:33:47 Image %>

<% 16:33:47 Image %>

<% 16:33:47 Image %>

<% 16:33:47 Image %>

<% 16:33:47 Image %>

<% 16:33:47 Image %>

<% 16:33:47 Image %>

<% 16:33:47 Image %>

<% 16:33:47 Image %>

<% 16:33:47 Page[page_2: http://sdkcga6306:82/Home.aspx](1) %>

<% 16:33:47 Page[page_3: http://sdkcga6306:82/FacilityLevels.aspx](1) %>

<% 16:33:49 Image %>

<% 16:33:49 Image %>

<% 16:33:50 Image %>

<% 16:33:50 Image %>

<% 16:33:50 Image %>

<% 16:33:50 Image %>

<% 16:33:50 Image %>

<% 16:33:50 Image %>

<% 16:33:50 Image %>

<% 16:33:50 Image %>

<% 16:33:50 Image %>

<% 16:33:50 Image %>

<% 16:33:50 Image %>

<% 16:33:50 Image %>

<% 16:33:50 Image %>

<% 16:33:50 Image %>

<% 16:33:50 Image %>

<% 16:33:50 Image %>

<% 16:33:50 Image %>

<% 16:33:50 Image %>

<% 16:33:50 Image %>

<% 16:33:50 Image %>

<% 16:33:50 Image %>

<% 16:33:50 Image %>

<% 16:33:50 Image %>

<% 16:33:50 Image %>

<% 16:33:50 Image %>

<% 16:33:50 Image %>

<% 16:33:50 Image %>

<% 16:33:50 Image %>

<% 16:33:50 Image %>

<% 16:33:50 Image %>

<% 16:33:50 Image %>

<% 16:33:50 Image %>

<% 16:33:50 Image %>

<% 16:33:50 Image %>

<% 16:33:50 Image %>

<% 16:33:50 Image %>

<% 16:33:50 Image %>

<% 16:33:50 Image %>

<% 16:33:50 Image %>

<% 16:33:50 Image %>

<% 16:33:50 Image %>

<% 16:33:50 Image %>

<% 16:33:50 Image %>

<% 16:33:50 Image %>

<% 16:33:50 Page[page_4: http://sdkcga6306:82/FacilityLevels.aspx](1) %>

<% 16:33:50 Page[page_5: http://sdkcga6306:82/FacilityLevels.aspx](1) %>

<% 16:33:50 Page[page_6: http://sdkcga6306:82/FacilityLevels.aspx](1) %>

<% 16:33:51 Page[Facilities](1) %>

<% 16:34:37 Page[Confidentiality](1) %>

<% 16:34:52 Session(27) %>

<% 16:34:52 Page[page_1: http://sdkcga6306:82/Home.aspx](1) %>

<% 16:34:52 Connect %>
Connecting to remote host: sdkcga6306:82...

<% 16:34:53 Image %>

<% 16:34:53 Image %>

<% 16:34:53 Image %>

<% 16:34:53 Image %>

<% 16:34:53 Image %>

<% 16:34:53 Image %>

<% 16:34:53 Image %>

<% 16:34:53 Image %>

<% 16:34:53 Image %>

<% 16:34:53 Image %>

<% 16:34:53 Image %>

<% 16:34:53 Image %>

<% 16:34:53 Image %>

<% 16:34:53 Image %>

<% 16:34:53 Image %>

<% 16:34:53 Image %>

<% 16:34:53 Image %>

<% 16:34:53 Image %>

<% 16:34:53 Image %>

<% 16:34:53 Image %>

<% 16:34:53 Image %>

<% 16:34:53 Image %>

<% 16:34:53 Image %>

<% 16:34:53 Image %>

<% 16:34:53 Image %>

<% 16:34:53 Image %>

<% 16:34:53 Image %>

<% 16:34:53 Image %>

<% 16:34:53 Image %>

<% 16:34:53 Image %>

<% 16:34:53 Image %>

<% 16:34:53 Image %>

<% 16:34:53 Image %>

<% 16:34:54 Image %>

<% 16:34:54 Image %>

<% 16:34:54 Page[page_2: http://sdkcga6306:82/Home.aspx](1) %>

<% 16:34:54 Page[page_3: http://sdkcga6306:82/FacilityLevels.aspx](1) %>

<% 16:35:01 Image %>

<% 16:35:01 Image %>

<% 16:35:01 Image %>

<% 16:35:01 Image %>

<% 16:35:01 Image %>

<% 16:35:01 Image %>

<% 16:35:01 Image %>

<% 16:35:01 Image %>

<% 16:35:02 Image %>

<% 16:35:02 Image %>

<% 16:35:02 Image %>

<% 16:35:02 Image %>

<% 16:35:02 Image %>

<% 16:35:02 Image %>

<% 16:35:02 Image %>

<% 16:35:02 Image %>

<% 16:35:02 Image %>

<% 16:35:02 Image %>

<% 16:35:02 Image %>

<% 16:35:02 Image %>

<% 16:35:02 Image %>

<% 16:35:02 Image %>

<% 16:35:02 Image %>

<% 16:35:02 Image %>

<% 16:35:02 Image %>

<% 16:35:02 Image %>

<% 16:35:02 Image %>

<% 16:35:02 Image %>

<% 16:35:02 Image %>

<% 16:35:02 Image %>

<% 16:35:02 Image %>

<% 16:35:02 Image %>

<% 16:35:02 Image %>

<% 16:35:02 Image %>

<% 16:35:02 Image %>

<% 16:35:02 Image %>

<% 16:35:02 Image %>

<% 16:35:02 Image %>

<% 16:35:02 Image %>

<% 16:35:02 Image %>

<% 16:35:02 Image %>

<% 16:35:02 Image %>

<% 16:35:02 Image %>

<% 16:35:02 Image %>

<% 16:35:02 Image %>

<% 16:35:02 Image %>

<% 16:35:02 Page[page_4: http://sdkcga6306:82/FacilityLevels.aspx](1) %>

<% 16:35:02 Page[page_5: http://sdkcga6306:82/FacilityLevels.aspx](1) %>

<% 16:35:03 Page[page_6: http://sdkcga6306:82/FacilityLevels.aspx](1) %>

<% 16:35:03 Page[Facilities](1) %>

<% 16:35:54 Page[Confidentiality](1) %>

<% 16:36:16 Session(28) %>

<% 16:36:16 Page[page_1: http://sdkcga6306:82/Home.aspx](1) %>

<% 16:36:16 Connect %>
Connecting to remote host: sdkcga6306:82...

<% 16:36:19 Image %>

<% 16:36:19 Image %>

<% 16:36:19 Image %>

<% 16:36:19 Image %>

<% 16:36:19 Image %>

<% 16:36:19 Image %>

<% 16:36:19 Image %>

<% 16:36:19 Image %>

<% 16:36:19 Image %>

<% 16:36:19 Image %>

<% 16:36:19 Image %>

<% 16:36:19 Image %>

<% 16:36:19 Image %>

<% 16:36:19 Image %>

<% 16:36:19 Image %>

<% 16:36:19 Image %>

<% 16:36:19 Image %>

<% 16:36:19 Image %>

<% 16:36:19 Image %>

<% 16:36:19 Image %>

<% 16:36:19 Image %>

<% 16:36:19 Image %>

<% 16:36:19 Image %>

<% 16:36:19 Image %>

<% 16:36:19 Image %>

<% 16:36:19 Image %>

<% 16:36:19 Image %>

<% 16:36:19 Image %>

<% 16:36:19 Image %>

<% 16:36:19 Image %>

<% 16:36:19 Image %>

<% 16:36:19 Image %>

<% 16:36:19 Image %>

<% 16:36:19 Image %>

<% 16:36:19 Image %>

<% 16:36:19 Page[page_2: http://sdkcga6306:82/Home.aspx](1) %>

<% 16:36:20 Page[page_3: http://sdkcga6306:82/FacilityLevels.aspx](1) %>

<% 16:36:20 Image %>

<% 16:36:20 Image %>

<% 16:36:20 Image %>

<% 16:36:20 Image %>

<% 16:36:20 Image %>

<% 16:36:21 Image %>

<% 16:36:26 Image %>

<% 16:36:31 Image %>

<% 16:36:31 Image %>

<% 16:36:31 Image %>

<% 16:36:31 Image %>

<% 16:36:31 Image %>

<% 16:36:32 Image %>

<% 16:36:32 Image %>

<% 16:36:32 Image %>

<% 16:36:32 Image %>

<% 16:36:32 Image %>

<% 16:36:32 Image %>

<% 16:36:32 Image %>

<% 16:36:32 Image %>

<% 16:36:32 Image %>

<% 16:36:32 Image %>

<% 16:36:32 Image %>

<% 16:36:32 Image %>

<% 16:36:32 Image %>

<% 16:36:32 Image %>

<% 16:36:32 Image %>

<% 16:36:32 Image %>

<% 16:36:32 Image %>

<% 16:36:32 Image %>

<% 16:36:32 Image %>

<% 16:36:32 Image %>

<% 16:36:32 Image %>

<% 16:36:33 Image %>

<% 16:36:33 Image %>

<% 16:36:33 Image %>

<% 16:36:33 Image %>

<% 16:36:33 Image %>

<% 16:36:33 Image %>

<% 16:36:33 Image %>

<% 16:36:33 Image %>

<% 16:36:33 Image %>

<% 16:36:33 Image %>

<% 16:36:33 Image %>

<% 16:36:33 Image %>

<% 16:36:33 Image %>

<% 16:36:33 Page[page_4: http://sdkcga6306:82/FacilityLevels.aspx](1) %>

<% 16:36:34 Page[page_5: http://sdkcga6306:82/FacilityLevels.aspx](1) %>

<% 16:36:37 Page[page_6: http://sdkcga6306:82/FacilityLevels.aspx](1) %>

<% 16:36:43 Page[Facilities](1) %>

<% 16:37:37 Stopping %>

<% 16:37:37 Page[Confidentiality](1) %>
