
<% 16:19:54 Header %>
Server: [10.217.33.37] sdkcga6037.rdg.bane.dk
Client: Logs
Profile: FacilityLevel_6306_User.wpp
Profile name: FacilityLevel_6306_User

<% 16:19:54 Session(1) %>

<% 16:19:54 Page[page_1: http://sdkcga6306:82/Home.aspx](1) %>

<% 16:19:54 Connect %>
Connecting to remote host: sdkcga6306:82...

<% 16:19:54 Image %>

<% 16:19:54 Image %>

<% 16:19:54 Image %>

<% 16:19:54 Image %>

<% 16:19:54 Image %>

<% 16:19:54 Image %>

<% 16:19:54 Image %>

<% 16:19:54 Image %>

<% 16:19:54 Image %>

<% 16:19:54 Image %>

<% 16:19:54 Image %>

<% 16:19:54 Image %>

<% 16:19:54 Image %>

<% 16:19:55 Image %>

<% 16:19:55 Image %>

<% 16:19:55 Image %>

<% 16:19:55 Image %>

<% 16:19:55 Image %>

<% 16:19:55 Image %>

<% 16:19:55 Image %>

<% 16:19:55 Image %>

<% 16:19:55 Image %>

<% 16:19:55 Image %>

<% 16:19:55 Image %>

<% 16:19:56 Image %>

<% 16:19:56 Image %>

<% 16:19:56 Image %>

<% 16:19:56 Image %>

<% 16:19:56 Image %>

<% 16:19:56 Image %>

<% 16:19:56 Image %>

<% 16:19:57 Image %>

<% 16:19:57 Image %>

<% 16:19:57 Image %>

<% 16:19:57 Image %>

<% 16:19:57 Page[page_2: http://sdkcga6306:82/Home.aspx](1) %>

<% 16:19:57 Page[page_3: http://sdkcga6306:82/FacilityLevels.aspx](1) %>

<% 16:19:57 Image %>

<% 16:19:57 Image %>

<% 16:19:58 Image %>

<% 16:19:58 Image %>

<% 16:19:58 Image %>

<% 16:19:58 Image %>

<% 16:19:58 Image %>

<% 16:19:58 Image %>

<% 16:19:58 Image %>

<% 16:19:58 Image %>

<% 16:19:58 Image %>

<% 16:19:58 Image %>

<% 16:19:58 Image %>

<% 16:19:58 Image %>

<% 16:19:58 Image %>

<% 16:19:58 Image %>

<% 16:19:58 Image %>

<% 16:19:58 Image %>

<% 16:19:58 Image %>

<% 16:19:58 Image %>

<% 16:19:58 Image %>

<% 16:19:58 Image %>

<% 16:19:58 Image %>

<% 16:19:58 Image %>

<% 16:19:58 Image %>

<% 16:19:58 Image %>

<% 16:19:58 Image %>

<% 16:19:58 Image %>

<% 16:19:58 Image %>

<% 16:19:58 Image %>

<% 16:19:58 Image %>

<% 16:19:58 Image %>

<% 16:19:58 Image %>

<% 16:19:58 Image %>

<% 16:19:58 Image %>

<% 16:19:58 Image %>

<% 16:19:58 Image %>

<% 16:19:58 Image %>

<% 16:19:58 Image %>

<% 16:19:58 Image %>

<% 16:19:58 Image %>

<% 16:19:58 Image %>

<% 16:19:58 Image %>

<% 16:19:58 Image %>

<% 16:19:58 Image %>

<% 16:19:58 Image %>

<% 16:19:58 Page[page_4: http://sdkcga6306:82/FacilityLevels.aspx](1) %>

<% 16:19:58 Page[page_5: http://sdkcga6306:82/FacilityLevels.aspx](1) %>

<% 16:19:58 Page[page_6: http://sdkcga6306:82/FacilityLevels.aspx](1) %>

<% 16:19:58 Page[Facilities](1) %>

<% 16:20:07 Page[Confidentiality](1) %>

<% 16:20:10 Session(2) %>

<% 16:20:10 Page[page_1: http://sdkcga6306:82/Home.aspx](1) %>

<% 16:20:10 Connect %>
Connecting to remote host: sdkcga6306:82...

<% 16:20:11 Image %>

<% 16:20:11 Image %>

<% 16:20:11 Image %>

<% 16:20:11 Image %>

<% 16:20:11 Image %>

<% 16:20:11 Image %>

<% 16:20:11 Image %>

<% 16:20:12 Image %>

<% 16:20:12 Image %>

<% 16:20:12 Image %>

<% 16:20:12 Image %>

<% 16:20:12 Image %>

<% 16:20:12 Image %>

<% 16:20:12 Image %>

<% 16:20:12 Image %>

<% 16:20:12 Image %>

<% 16:20:12 Image %>

<% 16:20:12 Image %>

<% 16:20:12 Image %>

<% 16:20:12 Image %>

<% 16:20:12 Image %>

<% 16:20:12 Image %>

<% 16:20:12 Image %>

<% 16:20:12 Image %>

<% 16:20:12 Image %>

<% 16:20:12 Image %>

<% 16:20:12 Image %>

<% 16:20:12 Image %>

<% 16:20:12 Image %>

<% 16:20:12 Image %>

<% 16:20:12 Image %>

<% 16:20:12 Image %>

<% 16:20:12 Image %>

<% 16:20:12 Image %>

<% 16:20:12 Image %>

<% 16:20:12 Page[page_2: http://sdkcga6306:82/Home.aspx](1) %>

<% 16:20:12 Page[page_3: http://sdkcga6306:82/FacilityLevels.aspx](1) %>

<% 16:20:12 Image %>

<% 16:20:12 Image %>

<% 16:20:12 Image %>

<% 16:20:12 Image %>

<% 16:20:12 Image %>

<% 16:20:12 Image %>

<% 16:20:12 Image %>

<% 16:20:12 Image %>

<% 16:20:12 Image %>

<% 16:20:12 Image %>

<% 16:20:13 Image %>

<% 16:20:13 Image %>

<% 16:20:13 Image %>

<% 16:20:13 Image %>

<% 16:20:13 Image %>

<% 16:20:13 Image %>

<% 16:20:13 Image %>

<% 16:20:13 Image %>

<% 16:20:13 Image %>

<% 16:20:13 Image %>

<% 16:20:13 Image %>

<% 16:20:13 Image %>

<% 16:20:13 Image %>

<% 16:20:13 Image %>

<% 16:20:13 Image %>

<% 16:20:13 Image %>

<% 16:20:13 Image %>

<% 16:20:13 Image %>

<% 16:20:13 Image %>

<% 16:20:13 Image %>

<% 16:20:13 Image %>

<% 16:20:13 Image %>

<% 16:20:13 Image %>

<% 16:20:13 Image %>

<% 16:20:13 Image %>

<% 16:20:13 Image %>

<% 16:20:13 Image %>

<% 16:20:13 Image %>

<% 16:20:13 Image %>

<% 16:20:13 Image %>

<% 16:20:13 Image %>

<% 16:20:13 Image %>

<% 16:20:13 Image %>

<% 16:20:13 Image %>

<% 16:20:13 Image %>

<% 16:20:13 Image %>

<% 16:20:13 Page[page_4: http://sdkcga6306:82/FacilityLevels.aspx](1) %>

<% 16:20:13 Page[page_5: http://sdkcga6306:82/FacilityLevels.aspx](1) %>

<% 16:20:13 Page[page_6: http://sdkcga6306:82/FacilityLevels.aspx](1) %>

<% 16:20:13 Page[Facilities](1) %>

<% 16:20:22 Page[Confidentiality](1) %>

<% 16:20:26 Session(3) %>

<% 16:20:26 Page[page_1: http://sdkcga6306:82/Home.aspx](1) %>

<% 16:20:26 Connect %>
Connecting to remote host: sdkcga6306:82...

<% 16:20:26 Image %>

<% 16:20:26 Image %>

<% 16:20:26 Image %>

<% 16:20:26 Image %>

<% 16:20:26 Image %>

<% 16:20:26 Image %>

<% 16:20:26 Image %>

<% 16:20:26 Image %>

<% 16:20:26 Image %>

<% 16:20:26 Image %>

<% 16:20:26 Image %>

<% 16:20:26 Image %>

<% 16:20:26 Image %>

<% 16:20:26 Image %>

<% 16:20:26 Image %>

<% 16:20:26 Image %>

<% 16:20:26 Image %>

<% 16:20:26 Image %>

<% 16:20:26 Image %>

<% 16:20:26 Image %>

<% 16:20:27 Image %>

<% 16:20:27 Image %>

<% 16:20:27 Image %>

<% 16:20:27 Image %>

<% 16:20:27 Image %>

<% 16:20:27 Image %>

<% 16:20:27 Image %>

<% 16:20:27 Image %>

<% 16:20:27 Image %>

<% 16:20:27 Image %>

<% 16:20:27 Image %>

<% 16:20:27 Image %>

<% 16:20:27 Image %>

<% 16:20:27 Image %>

<% 16:20:27 Image %>

<% 16:20:27 Page[page_2: http://sdkcga6306:82/Home.aspx](1) %>

<% 16:20:27 Page[page_3: http://sdkcga6306:82/FacilityLevels.aspx](1) %>

<% 16:20:27 Image %>

<% 16:20:27 Image %>

<% 16:20:27 Image %>

<% 16:20:27 Image %>

<% 16:20:27 Image %>

<% 16:20:27 Image %>

<% 16:20:27 Image %>

<% 16:20:27 Image %>

<% 16:20:27 Image %>

<% 16:20:27 Image %>

<% 16:20:27 Image %>

<% 16:20:27 Image %>

<% 16:20:27 Image %>

<% 16:20:27 Image %>

<% 16:20:27 Image %>

<% 16:20:27 Image %>

<% 16:20:27 Image %>

<% 16:20:27 Image %>

<% 16:20:27 Image %>

<% 16:20:27 Image %>

<% 16:20:27 Image %>

<% 16:20:27 Image %>

<% 16:20:27 Image %>

<% 16:20:27 Image %>

<% 16:20:27 Image %>

<% 16:20:27 Image %>

<% 16:20:27 Image %>

<% 16:20:27 Image %>

<% 16:20:27 Image %>

<% 16:20:27 Image %>

<% 16:20:27 Image %>

<% 16:20:27 Image %>

<% 16:20:27 Image %>

<% 16:20:27 Image %>

<% 16:20:28 Image %>

<% 16:20:28 Image %>

<% 16:20:28 Image %>

<% 16:20:28 Image %>

<% 16:20:28 Image %>

<% 16:20:28 Image %>

<% 16:20:28 Image %>

<% 16:20:28 Image %>

<% 16:20:28 Image %>

<% 16:20:28 Image %>

<% 16:20:28 Image %>

<% 16:20:28 Image %>

<% 16:20:28 Page[page_4: http://sdkcga6306:82/FacilityLevels.aspx](1) %>

<% 16:20:28 Page[page_5: http://sdkcga6306:82/FacilityLevels.aspx](1) %>

<% 16:20:28 Page[page_6: http://sdkcga6306:82/FacilityLevels.aspx](1) %>

<% 16:20:28 Page[Facilities](1) %>

<% 16:20:36 Page[Confidentiality](1) %>

<% 16:20:41 Session(4) %>

<% 16:20:41 Page[page_1: http://sdkcga6306:82/Home.aspx](1) %>

<% 16:20:41 Connect %>
Connecting to remote host: sdkcga6306:82...

<% 16:20:41 Image %>

<% 16:20:41 Image %>

<% 16:20:41 Image %>

<% 16:20:41 Image %>

<% 16:20:41 Image %>

<% 16:20:41 Image %>

<% 16:20:41 Image %>

<% 16:20:41 Image %>

<% 16:20:41 Image %>

<% 16:20:41 Image %>

<% 16:20:41 Image %>

<% 16:20:41 Image %>

<% 16:20:41 Image %>

<% 16:20:41 Image %>

<% 16:20:41 Image %>

<% 16:20:41 Image %>

<% 16:20:41 Image %>

<% 16:20:41 Image %>

<% 16:20:41 Image %>

<% 16:20:41 Image %>

<% 16:20:41 Image %>

<% 16:20:41 Image %>

<% 16:20:41 Image %>

<% 16:20:41 Image %>

<% 16:20:41 Image %>

<% 16:20:41 Image %>

<% 16:20:41 Image %>

<% 16:20:41 Image %>

<% 16:20:41 Image %>

<% 16:20:41 Image %>

<% 16:20:41 Image %>

<% 16:20:41 Image %>

<% 16:20:41 Image %>

<% 16:20:41 Image %>

<% 16:20:41 Image %>

<% 16:20:41 Page[page_2: http://sdkcga6306:82/Home.aspx](1) %>

<% 16:20:41 Page[page_3: http://sdkcga6306:82/FacilityLevels.aspx](1) %>

<% 16:20:41 Image %>

<% 16:20:41 Image %>

<% 16:20:42 Image %>

<% 16:20:42 Image %>

<% 16:20:42 Image %>

<% 16:20:42 Image %>

<% 16:20:42 Image %>

<% 16:20:42 Image %>

<% 16:20:42 Image %>

<% 16:20:42 Image %>

<% 16:20:42 Image %>

<% 16:20:42 Image %>

<% 16:20:42 Image %>

<% 16:20:42 Image %>

<% 16:20:42 Image %>

<% 16:20:42 Image %>

<% 16:20:42 Image %>

<% 16:20:42 Image %>

<% 16:20:42 Image %>

<% 16:20:42 Image %>

<% 16:20:42 Image %>

<% 16:20:42 Image %>

<% 16:20:42 Image %>

<% 16:20:42 Image %>

<% 16:20:42 Image %>

<% 16:20:42 Image %>

<% 16:20:42 Image %>

<% 16:20:42 Image %>

<% 16:20:42 Image %>

<% 16:20:42 Image %>

<% 16:20:42 Image %>

<% 16:20:42 Image %>

<% 16:20:42 Image %>

<% 16:20:42 Image %>

<% 16:20:42 Image %>

<% 16:20:42 Image %>

<% 16:20:42 Image %>

<% 16:20:42 Image %>

<% 16:20:42 Image %>

<% 16:20:42 Image %>

<% 16:20:42 Image %>

<% 16:20:42 Image %>

<% 16:20:42 Image %>

<% 16:20:42 Image %>

<% 16:20:42 Image %>

<% 16:20:42 Image %>

<% 16:20:42 Page[page_4: http://sdkcga6306:82/FacilityLevels.aspx](1) %>

<% 16:20:42 Page[page_5: http://sdkcga6306:82/FacilityLevels.aspx](1) %>

<% 16:20:42 Page[page_6: http://sdkcga6306:82/FacilityLevels.aspx](1) %>

<% 16:20:42 Page[Facilities](1) %>

<% 16:20:50 Page[Confidentiality](1) %>

<% 16:20:54 Session(5) %>

<% 16:20:54 Page[page_1: http://sdkcga6306:82/Home.aspx](1) %>

<% 16:20:54 Connect %>
Connecting to remote host: sdkcga6306:82...

<% 16:20:54 Image %>

<% 16:20:54 Image %>

<% 16:20:55 Image %>

<% 16:20:55 Image %>

<% 16:20:55 Image %>

<% 16:20:55 Image %>

<% 16:20:55 Image %>

<% 16:20:55 Image %>

<% 16:20:55 Image %>

<% 16:20:55 Image %>

<% 16:20:55 Image %>

<% 16:20:55 Image %>

<% 16:20:55 Image %>

<% 16:20:55 Image %>

<% 16:20:55 Image %>

<% 16:20:55 Image %>

<% 16:20:55 Image %>

<% 16:20:55 Image %>

<% 16:20:55 Image %>

<% 16:20:55 Image %>

<% 16:20:55 Image %>

<% 16:20:55 Image %>

<% 16:20:55 Image %>

<% 16:20:55 Image %>

<% 16:20:55 Image %>

<% 16:20:55 Image %>

<% 16:20:55 Image %>

<% 16:20:55 Image %>

<% 16:20:55 Image %>

<% 16:20:55 Image %>

<% 16:20:55 Image %>

<% 16:20:55 Image %>

<% 16:20:55 Image %>

<% 16:20:55 Image %>

<% 16:20:55 Image %>

<% 16:20:55 Page[page_2: http://sdkcga6306:82/Home.aspx](1) %>

<% 16:20:56 Page[page_3: http://sdkcga6306:82/FacilityLevels.aspx](1) %>

<% 16:20:56 Image %>

<% 16:20:56 Image %>

<% 16:20:56 Image %>

<% 16:20:56 Image %>

<% 16:20:56 Image %>

<% 16:20:56 Image %>

<% 16:20:56 Image %>

<% 16:20:56 Image %>

<% 16:20:56 Image %>

<% 16:20:56 Image %>

<% 16:20:56 Image %>

<% 16:20:56 Image %>

<% 16:20:56 Image %>

<% 16:20:56 Image %>

<% 16:20:56 Image %>

<% 16:20:56 Image %>

<% 16:20:56 Image %>

<% 16:20:56 Image %>

<% 16:20:56 Image %>

<% 16:20:56 Image %>

<% 16:20:56 Image %>

<% 16:20:56 Image %>

<% 16:20:56 Image %>

<% 16:20:56 Image %>

<% 16:20:56 Image %>

<% 16:20:56 Image %>

<% 16:20:56 Image %>

<% 16:20:56 Image %>

<% 16:20:56 Image %>

<% 16:20:56 Image %>

<% 16:20:56 Image %>

<% 16:20:56 Image %>

<% 16:20:56 Image %>

<% 16:20:56 Image %>

<% 16:20:56 Image %>

<% 16:20:56 Image %>

<% 16:20:56 Image %>

<% 16:20:56 Image %>

<% 16:20:56 Image %>

<% 16:20:56 Image %>

<% 16:20:56 Image %>

<% 16:20:56 Image %>

<% 16:20:56 Image %>

<% 16:20:56 Image %>

<% 16:20:56 Image %>

<% 16:20:56 Image %>

<% 16:20:56 Page[page_4: http://sdkcga6306:82/FacilityLevels.aspx](1) %>

<% 16:20:56 Page[page_5: http://sdkcga6306:82/FacilityLevels.aspx](1) %>

<% 16:20:57 Page[page_6: http://sdkcga6306:82/FacilityLevels.aspx](1) %>

<% 16:20:57 Page[Facilities](1) %>

<% 16:21:13 Page[Confidentiality](1) %>

<% 16:21:16 Session(6) %>

<% 16:21:16 Page[page_1: http://sdkcga6306:82/Home.aspx](1) %>

<% 16:21:16 Connect %>
Connecting to remote host: sdkcga6306:82...

<% 16:21:16 Image %>

<% 16:21:16 Image %>

<% 16:21:16 Image %>

<% 16:21:16 Image %>

<% 16:21:16 Image %>

<% 16:21:16 Image %>

<% 16:21:16 Image %>

<% 16:21:16 Image %>

<% 16:21:16 Image %>

<% 16:21:16 Image %>

<% 16:21:16 Image %>

<% 16:21:16 Image %>

<% 16:21:16 Image %>

<% 16:21:16 Image %>

<% 16:21:16 Image %>

<% 16:21:16 Image %>

<% 16:21:16 Image %>

<% 16:21:16 Image %>

<% 16:21:16 Image %>

<% 16:21:16 Image %>

<% 16:21:16 Image %>

<% 16:21:16 Image %>

<% 16:21:16 Image %>

<% 16:21:16 Image %>

<% 16:21:16 Image %>

<% 16:21:16 Image %>

<% 16:21:16 Image %>

<% 16:21:16 Image %>

<% 16:21:16 Image %>

<% 16:21:16 Image %>

<% 16:21:16 Image %>

<% 16:21:16 Image %>

<% 16:21:16 Image %>

<% 16:21:16 Image %>

<% 16:21:16 Image %>

<% 16:21:16 Page[page_2: http://sdkcga6306:82/Home.aspx](1) %>

<% 16:21:16 Page[page_3: http://sdkcga6306:82/FacilityLevels.aspx](1) %>

<% 16:21:16 Image %>

<% 16:21:16 Image %>

<% 16:21:16 Image %>

<% 16:21:16 Image %>

<% 16:21:16 Image %>

<% 16:21:16 Image %>

<% 16:21:16 Image %>

<% 16:21:16 Image %>

<% 16:21:16 Image %>

<% 16:21:16 Image %>

<% 16:21:16 Image %>

<% 16:21:16 Image %>

<% 16:21:16 Image %>

<% 16:21:16 Image %>

<% 16:21:16 Image %>

<% 16:21:16 Image %>

<% 16:21:16 Image %>

<% 16:21:17 Image %>

<% 16:21:17 Image %>

<% 16:21:17 Image %>

<% 16:21:17 Image %>

<% 16:21:17 Image %>

<% 16:21:17 Image %>

<% 16:21:17 Image %>

<% 16:21:17 Image %>

<% 16:21:17 Image %>

<% 16:21:17 Image %>

<% 16:21:17 Image %>

<% 16:21:17 Image %>

<% 16:21:17 Image %>

<% 16:21:17 Image %>

<% 16:21:17 Image %>

<% 16:21:17 Image %>

<% 16:21:17 Image %>

<% 16:21:17 Image %>

<% 16:21:17 Image %>

<% 16:21:17 Image %>

<% 16:21:17 Image %>

<% 16:21:17 Image %>

<% 16:21:17 Image %>

<% 16:21:17 Image %>

<% 16:21:17 Image %>

<% 16:21:17 Image %>

<% 16:21:17 Image %>

<% 16:21:17 Image %>

<% 16:21:17 Image %>

<% 16:21:17 Page[page_4: http://sdkcga6306:82/FacilityLevels.aspx](1) %>

<% 16:21:17 Page[page_5: http://sdkcga6306:82/FacilityLevels.aspx](1) %>

<% 16:21:17 Page[page_6: http://sdkcga6306:82/FacilityLevels.aspx](1) %>

<% 16:21:17 Page[Facilities](1) %>

<% 16:21:33 Page[Confidentiality](1) %>

<% 16:21:36 Session(7) %>

<% 16:21:36 Page[page_1: http://sdkcga6306:82/Home.aspx](1) %>

<% 16:21:36 Connect %>
Connecting to remote host: sdkcga6306:82...

<% 16:21:36 Image %>

<% 16:21:37 Image %>

<% 16:21:37 Image %>

<% 16:21:37 Image %>

<% 16:21:37 Image %>

<% 16:21:37 Image %>

<% 16:21:37 Image %>

<% 16:21:37 Image %>

<% 16:21:37 Image %>

<% 16:21:37 Image %>

<% 16:21:37 Image %>

<% 16:21:37 Image %>

<% 16:21:37 Image %>

<% 16:21:38 Image %>

<% 16:21:38 Image %>

<% 16:21:38 Image %>

<% 16:21:38 Image %>

<% 16:21:38 Image %>

<% 16:21:38 Image %>

<% 16:21:38 Image %>

<% 16:21:38 Image %>

<% 16:21:38 Image %>

<% 16:21:38 Image %>

<% 16:21:38 Image %>

<% 16:21:38 Image %>

<% 16:21:38 Image %>

<% 16:21:38 Image %>

<% 16:21:38 Image %>

<% 16:21:38 Image %>

<% 16:21:38 Image %>

<% 16:21:38 Image %>

<% 16:21:38 Image %>

<% 16:21:38 Image %>

<% 16:21:38 Image %>

<% 16:21:38 Image %>

<% 16:21:38 Page[page_2: http://sdkcga6306:82/Home.aspx](1) %>

<% 16:21:38 Page[page_3: http://sdkcga6306:82/FacilityLevels.aspx](1) %>

<% 16:21:38 Image %>

<% 16:21:38 Image %>

<% 16:21:38 Image %>

<% 16:21:38 Image %>

<% 16:21:38 Image %>

<% 16:21:38 Image %>

<% 16:21:38 Image %>

<% 16:21:38 Image %>

<% 16:21:38 Image %>

<% 16:21:38 Image %>

<% 16:21:38 Image %>

<% 16:21:38 Image %>

<% 16:21:38 Image %>

<% 16:21:38 Image %>

<% 16:21:38 Image %>

<% 16:21:38 Image %>

<% 16:21:38 Image %>

<% 16:21:38 Image %>

<% 16:21:38 Image %>

<% 16:21:38 Image %>

<% 16:21:38 Image %>

<% 16:21:38 Image %>

<% 16:21:38 Image %>

<% 16:21:38 Image %>

<% 16:21:38 Image %>

<% 16:21:38 Image %>

<% 16:21:38 Image %>

<% 16:21:38 Image %>

<% 16:21:38 Image %>

<% 16:21:38 Image %>

<% 16:21:38 Image %>

<% 16:21:38 Image %>

<% 16:21:38 Image %>

<% 16:21:38 Image %>

<% 16:21:38 Image %>

<% 16:21:38 Image %>

<% 16:21:39 Image %>

<% 16:21:39 Image %>

<% 16:21:39 Image %>

<% 16:21:39 Image %>

<% 16:21:39 Image %>

<% 16:21:39 Image %>

<% 16:21:39 Image %>

<% 16:21:39 Image %>

<% 16:21:39 Image %>

<% 16:21:39 Image %>

<% 16:21:39 Page[page_4: http://sdkcga6306:82/FacilityLevels.aspx](1) %>

<% 16:21:39 Page[page_5: http://sdkcga6306:82/FacilityLevels.aspx](1) %>

<% 16:21:39 Page[page_6: http://sdkcga6306:82/FacilityLevels.aspx](1) %>

<% 16:21:39 Page[Facilities](1) %>

<% 16:21:57 Page[Confidentiality](1) %>

<% 16:22:06 Session(8) %>

<% 16:22:06 Page[page_1: http://sdkcga6306:82/Home.aspx](1) %>

<% 16:22:06 Connect %>
Connecting to remote host: sdkcga6306:82...

<% 16:22:07 Image %>

<% 16:22:07 Image %>

<% 16:22:07 Image %>

<% 16:22:07 Image %>

<% 16:22:07 Image %>

<% 16:22:07 Image %>

<% 16:22:07 Image %>

<% 16:22:07 Image %>

<% 16:22:07 Image %>

<% 16:22:07 Image %>

<% 16:22:07 Image %>

<% 16:22:07 Image %>

<% 16:22:07 Image %>

<% 16:22:07 Image %>

<% 16:22:07 Image %>

<% 16:22:07 Image %>

<% 16:22:07 Image %>

<% 16:22:07 Image %>

<% 16:22:07 Image %>

<% 16:22:07 Image %>

<% 16:22:07 Image %>

<% 16:22:07 Image %>

<% 16:22:07 Image %>

<% 16:22:07 Image %>

<% 16:22:07 Image %>

<% 16:22:07 Image %>

<% 16:22:07 Image %>

<% 16:22:07 Image %>

<% 16:22:07 Image %>

<% 16:22:07 Image %>

<% 16:22:07 Image %>

<% 16:22:07 Image %>

<% 16:22:07 Image %>

<% 16:22:07 Image %>

<% 16:22:07 Image %>

<% 16:22:07 Page[page_2: http://sdkcga6306:82/Home.aspx](1) %>

<% 16:22:07 Page[page_3: http://sdkcga6306:82/FacilityLevels.aspx](1) %>

<% 16:22:07 Image %>

<% 16:22:07 Image %>

<% 16:22:07 Image %>

<% 16:22:07 Image %>

<% 16:22:07 Image %>

<% 16:22:07 Image %>

<% 16:22:07 Image %>

<% 16:22:07 Image %>

<% 16:22:07 Image %>

<% 16:22:07 Image %>

<% 16:22:07 Image %>

<% 16:22:07 Image %>

<% 16:22:07 Image %>

<% 16:22:07 Image %>

<% 16:22:07 Image %>

<% 16:22:07 Image %>

<% 16:22:07 Image %>

<% 16:22:07 Image %>

<% 16:22:07 Image %>

<% 16:22:07 Image %>

<% 16:22:07 Image %>

<% 16:22:07 Image %>

<% 16:22:07 Image %>

<% 16:22:07 Image %>

<% 16:22:07 Image %>

<% 16:22:07 Image %>

<% 16:22:07 Image %>

<% 16:22:07 Image %>

<% 16:22:07 Image %>

<% 16:22:07 Image %>

<% 16:22:07 Image %>

<% 16:22:07 Image %>

<% 16:22:07 Image %>

<% 16:22:07 Image %>

<% 16:22:07 Image %>

<% 16:22:07 Image %>

<% 16:22:07 Image %>

<% 16:22:07 Image %>

<% 16:22:07 Image %>

<% 16:22:07 Image %>

<% 16:22:07 Image %>

<% 16:22:07 Image %>

<% 16:22:07 Image %>

<% 16:22:07 Image %>

<% 16:22:07 Image %>

<% 16:22:07 Image %>

<% 16:22:07 Page[page_4: http://sdkcga6306:82/FacilityLevels.aspx](1) %>

<% 16:22:07 Page[page_5: http://sdkcga6306:82/FacilityLevels.aspx](1) %>

<% 16:22:08 Page[page_6: http://sdkcga6306:82/FacilityLevels.aspx](1) %>

<% 16:22:08 Page[Facilities](1) %>

<% 16:22:30 Page[Confidentiality](1) %>

<% 16:22:37 Session(9) %>

<% 16:22:37 Page[page_1: http://sdkcga6306:82/Home.aspx](1) %>

<% 16:22:37 Connect %>
Connecting to remote host: sdkcga6306:82...

<% 16:22:38 Image %>

<% 16:22:38 Image %>

<% 16:22:38 Image %>

<% 16:22:38 Image %>

<% 16:22:38 Image %>

<% 16:22:38 Image %>

<% 16:22:38 Image %>

<% 16:22:38 Image %>

<% 16:22:38 Image %>

<% 16:22:38 Image %>

<% 16:22:38 Image %>

<% 16:22:39 Image %>

<% 16:22:39 Image %>

<% 16:22:39 Image %>

<% 16:22:39 Image %>

<% 16:22:39 Image %>

<% 16:22:39 Image %>

<% 16:22:39 Image %>

<% 16:22:39 Image %>

<% 16:22:39 Image %>

<% 16:22:39 Image %>

<% 16:22:39 Image %>

<% 16:22:39 Image %>

<% 16:22:39 Image %>

<% 16:22:39 Image %>

<% 16:22:39 Image %>

<% 16:22:39 Image %>

<% 16:22:39 Image %>

<% 16:22:39 Image %>

<% 16:22:39 Image %>

<% 16:22:39 Image %>

<% 16:22:39 Image %>

<% 16:22:39 Image %>

<% 16:22:39 Image %>

<% 16:22:39 Image %>

<% 16:22:39 Page[page_2: http://sdkcga6306:82/Home.aspx](1) %>

<% 16:22:39 Page[page_3: http://sdkcga6306:82/FacilityLevels.aspx](1) %>

<% 16:22:39 Image %>

<% 16:22:39 Image %>

<% 16:22:39 Image %>

<% 16:22:39 Image %>

<% 16:22:39 Image %>

<% 16:22:39 Image %>

<% 16:22:39 Image %>

<% 16:22:39 Image %>

<% 16:22:39 Image %>

<% 16:22:39 Image %>

<% 16:22:39 Image %>

<% 16:22:39 Image %>

<% 16:22:39 Image %>

<% 16:22:39 Image %>

<% 16:22:39 Image %>

<% 16:22:39 Image %>

<% 16:22:39 Image %>

<% 16:22:39 Image %>

<% 16:22:39 Image %>

<% 16:22:39 Image %>

<% 16:22:39 Image %>

<% 16:22:39 Image %>

<% 16:22:39 Image %>

<% 16:22:39 Image %>

<% 16:22:39 Image %>

<% 16:22:39 Image %>

<% 16:22:39 Image %>

<% 16:22:39 Image %>

<% 16:22:39 Image %>

<% 16:22:39 Image %>

<% 16:22:39 Image %>

<% 16:22:39 Image %>

<% 16:22:39 Image %>

<% 16:22:39 Image %>

<% 16:22:39 Image %>

<% 16:22:39 Image %>

<% 16:22:39 Image %>

<% 16:22:39 Image %>

<% 16:22:39 Image %>

<% 16:22:39 Image %>

<% 16:22:39 Image %>

<% 16:22:39 Image %>

<% 16:22:39 Image %>

<% 16:22:39 Image %>

<% 16:22:39 Image %>

<% 16:22:39 Image %>

<% 16:22:39 Page[page_4: http://sdkcga6306:82/FacilityLevels.aspx](1) %>

<% 16:22:39 Page[page_5: http://sdkcga6306:82/FacilityLevels.aspx](1) %>

<% 16:22:39 Page[page_6: http://sdkcga6306:82/FacilityLevels.aspx](1) %>

<% 16:22:39 Page[Facilities](1) %>

<% 16:23:01 Page[Confidentiality](1) %>

<% 16:23:08 Session(10) %>

<% 16:23:08 Page[page_1: http://sdkcga6306:82/Home.aspx](1) %>

<% 16:23:08 Connect %>
Connecting to remote host: sdkcga6306:82...

<% 16:23:09 Image %>

<% 16:23:09 Image %>

<% 16:23:09 Image %>

<% 16:23:09 Image %>

<% 16:23:09 Image %>

<% 16:23:09 Image %>

<% 16:23:09 Image %>

<% 16:23:09 Image %>

<% 16:23:09 Image %>

<% 16:23:09 Image %>

<% 16:23:09 Image %>

<% 16:23:09 Image %>

<% 16:23:09 Image %>

<% 16:23:09 Image %>

<% 16:23:09 Image %>

<% 16:23:09 Image %>

<% 16:23:09 Image %>

<% 16:23:09 Image %>

<% 16:23:09 Image %>

<% 16:23:09 Image %>

<% 16:23:09 Image %>

<% 16:23:09 Image %>

<% 16:23:09 Image %>

<% 16:23:09 Image %>

<% 16:23:09 Image %>

<% 16:23:09 Image %>

<% 16:23:09 Image %>

<% 16:23:09 Image %>

<% 16:23:09 Image %>

<% 16:23:09 Image %>

<% 16:23:09 Image %>

<% 16:23:09 Image %>

<% 16:23:09 Image %>

<% 16:23:09 Image %>

<% 16:23:09 Image %>

<% 16:23:09 Page[page_2: http://sdkcga6306:82/Home.aspx](1) %>

<% 16:23:09 Page[page_3: http://sdkcga6306:82/FacilityLevels.aspx](1) %>

<% 16:23:09 Image %>

<% 16:23:09 Image %>

<% 16:23:09 Image %>

<% 16:23:09 Image %>

<% 16:23:09 Image %>

<% 16:23:09 Image %>

<% 16:23:09 Image %>

<% 16:23:09 Image %>

<% 16:23:09 Image %>

<% 16:23:09 Image %>

<% 16:23:09 Image %>

<% 16:23:09 Image %>

<% 16:23:09 Image %>

<% 16:23:09 Image %>

<% 16:23:09 Image %>

<% 16:23:09 Image %>

<% 16:23:09 Image %>

<% 16:23:09 Image %>

<% 16:23:09 Image %>

<% 16:23:09 Image %>

<% 16:23:09 Image %>

<% 16:23:09 Image %>

<% 16:23:09 Image %>

<% 16:23:09 Image %>

<% 16:23:09 Image %>

<% 16:23:09 Image %>

<% 16:23:09 Image %>

<% 16:23:09 Image %>

<% 16:23:09 Image %>

<% 16:23:09 Image %>

<% 16:23:09 Image %>

<% 16:23:09 Image %>

<% 16:23:09 Image %>

<% 16:23:09 Image %>

<% 16:23:09 Image %>

<% 16:23:09 Image %>

<% 16:23:09 Image %>

<% 16:23:09 Image %>

<% 16:23:09 Image %>

<% 16:23:09 Image %>

<% 16:23:09 Image %>

<% 16:23:09 Image %>

<% 16:23:09 Image %>

<% 16:23:09 Image %>

<% 16:23:09 Image %>

<% 16:23:09 Image %>

<% 16:23:09 Page[page_4: http://sdkcga6306:82/FacilityLevels.aspx](1) %>

<% 16:23:09 Page[page_5: http://sdkcga6306:82/FacilityLevels.aspx](1) %>

<% 16:23:09 Page[page_6: http://sdkcga6306:82/FacilityLevels.aspx](1) %>

<% 16:23:10 Page[Facilities](1) %>

<% 16:23:35 Page[Confidentiality](1) %>

<% 16:23:43 Session(11) %>

<% 16:23:43 Page[page_1: http://sdkcga6306:82/Home.aspx](1) %>

<% 16:23:43 Connect %>
Connecting to remote host: sdkcga6306:82...

<% 16:23:43 Image %>

<% 16:23:43 Image %>

<% 16:23:43 Image %>

<% 16:23:43 Image %>

<% 16:23:43 Image %>

<% 16:23:43 Image %>

<% 16:23:43 Image %>

<% 16:23:43 Image %>

<% 16:23:43 Image %>

<% 16:23:43 Image %>

<% 16:23:43 Image %>

<% 16:23:43 Image %>

<% 16:23:43 Image %>

<% 16:23:43 Image %>

<% 16:23:43 Image %>

<% 16:23:43 Image %>

<% 16:23:43 Image %>

<% 16:23:43 Image %>

<% 16:23:43 Image %>

<% 16:23:43 Image %>

<% 16:23:43 Image %>

<% 16:23:43 Image %>

<% 16:23:44 Image %>

<% 16:23:44 Image %>

<% 16:23:44 Image %>

<% 16:23:44 Image %>

<% 16:23:44 Image %>

<% 16:23:44 Image %>

<% 16:23:44 Image %>

<% 16:23:44 Image %>

<% 16:23:44 Image %>

<% 16:23:44 Image %>

<% 16:23:44 Image %>

<% 16:23:44 Image %>

<% 16:23:44 Image %>

<% 16:23:44 Page[page_2: http://sdkcga6306:82/Home.aspx](1) %>

<% 16:23:44 Page[page_3: http://sdkcga6306:82/FacilityLevels.aspx](1) %>

<% 16:23:44 Image %>

<% 16:23:44 Image %>

<% 16:23:44 Image %>

<% 16:23:44 Image %>

<% 16:23:44 Image %>

<% 16:23:44 Image %>

<% 16:23:44 Image %>

<% 16:23:44 Image %>

<% 16:23:44 Image %>

<% 16:23:44 Image %>

<% 16:23:44 Image %>

<% 16:23:44 Image %>

<% 16:23:44 Image %>

<% 16:23:44 Image %>

<% 16:23:44 Image %>

<% 16:23:44 Image %>

<% 16:23:44 Image %>

<% 16:23:44 Image %>

<% 16:23:44 Image %>

<% 16:23:44 Image %>

<% 16:23:44 Image %>

<% 16:23:44 Image %>

<% 16:23:44 Image %>

<% 16:23:44 Image %>

<% 16:23:44 Image %>

<% 16:23:44 Image %>

<% 16:23:44 Image %>

<% 16:23:44 Image %>

<% 16:23:44 Image %>

<% 16:23:44 Image %>

<% 16:23:44 Image %>

<% 16:23:44 Image %>

<% 16:23:44 Image %>

<% 16:23:44 Image %>

<% 16:23:44 Image %>

<% 16:23:44 Image %>

<% 16:23:44 Image %>

<% 16:23:44 Image %>

<% 16:23:44 Image %>

<% 16:23:44 Image %>

<% 16:23:44 Image %>

<% 16:23:44 Image %>

<% 16:23:44 Image %>

<% 16:23:44 Image %>

<% 16:23:44 Image %>

<% 16:23:44 Image %>

<% 16:23:44 Page[page_4: http://sdkcga6306:82/FacilityLevels.aspx](1) %>

<% 16:23:44 Page[page_5: http://sdkcga6306:82/FacilityLevels.aspx](1) %>

<% 16:23:44 Page[page_6: http://sdkcga6306:82/FacilityLevels.aspx](1) %>

<% 16:23:44 Page[Facilities](1) %>

<% 16:24:20 Page[Confidentiality](1) %>

<% 16:24:32 Session(12) %>

<% 16:24:32 Page[page_1: http://sdkcga6306:82/Home.aspx](1) %>

<% 16:24:32 Connect %>
Connecting to remote host: sdkcga6306:82...

<% 16:24:33 Image %>

<% 16:24:33 Image %>

<% 16:24:33 Image %>

<% 16:24:33 Image %>

<% 16:24:34 Image %>

<% 16:24:34 Image %>

<% 16:24:34 Image %>

<% 16:24:34 Image %>

<% 16:24:34 Image %>

<% 16:24:34 Image %>

<% 16:24:34 Image %>

<% 16:24:35 Image %>

<% 16:24:35 Image %>

<% 16:24:35 Image %>

<% 16:24:35 Image %>

<% 16:24:35 Image %>

<% 16:24:35 Image %>

<% 16:24:35 Image %>

<% 16:24:35 Image %>

<% 16:24:35 Image %>

<% 16:24:35 Image %>

<% 16:24:35 Image %>

<% 16:24:35 Image %>

<% 16:24:35 Image %>

<% 16:24:35 Image %>

<% 16:24:35 Image %>

<% 16:24:35 Image %>

<% 16:24:35 Image %>

<% 16:24:35 Image %>

<% 16:24:35 Image %>

<% 16:24:35 Image %>

<% 16:24:35 Image %>

<% 16:24:35 Image %>

<% 16:24:35 Image %>

<% 16:24:35 Image %>

<% 16:24:35 Page[page_2: http://sdkcga6306:82/Home.aspx](1) %>

<% 16:24:35 Page[page_3: http://sdkcga6306:82/FacilityLevels.aspx](1) %>

<% 16:24:35 Image %>

<% 16:24:35 Image %>

<% 16:24:35 Image %>

<% 16:24:35 Image %>

<% 16:24:35 Image %>

<% 16:24:35 Image %>

<% 16:24:35 Image %>

<% 16:24:35 Image %>

<% 16:24:35 Image %>

<% 16:24:35 Image %>

<% 16:24:35 Image %>

<% 16:24:35 Image %>

<% 16:24:35 Image %>

<% 16:24:35 Image %>

<% 16:24:35 Image %>

<% 16:24:35 Image %>

<% 16:24:35 Image %>

<% 16:24:35 Image %>

<% 16:24:35 Image %>

<% 16:24:35 Image %>

<% 16:24:35 Image %>

<% 16:24:35 Image %>

<% 16:24:35 Image %>

<% 16:24:35 Image %>

<% 16:24:35 Image %>

<% 16:24:35 Image %>

<% 16:24:35 Image %>

<% 16:24:35 Image %>

<% 16:24:35 Image %>

<% 16:24:35 Image %>

<% 16:24:35 Image %>

<% 16:24:35 Image %>

<% 16:24:36 Image %>

<% 16:24:36 Image %>

<% 16:24:36 Image %>

<% 16:24:36 Image %>

<% 16:24:36 Image %>

<% 16:24:36 Image %>

<% 16:24:36 Image %>

<% 16:24:36 Image %>

<% 16:24:36 Image %>

<% 16:24:36 Image %>

<% 16:24:36 Image %>

<% 16:24:36 Image %>

<% 16:24:36 Image %>

<% 16:24:36 Image %>

<% 16:24:36 Page[page_4: http://sdkcga6306:82/FacilityLevels.aspx](1) %>

<% 16:24:36 Page[page_5: http://sdkcga6306:82/FacilityLevels.aspx](1) %>

<% 16:24:36 Page[page_6: http://sdkcga6306:82/FacilityLevels.aspx](1) %>

<% 16:24:36 Page[Facilities](1) %>

<% 16:25:12 Page[Confidentiality](1) %>

<% 16:25:18 Session(13) %>

<% 16:25:18 Page[page_1: http://sdkcga6306:82/Home.aspx](1) %>

<% 16:25:18 Connect %>
Connecting to remote host: sdkcga6306:82...

<% 16:25:20 Image %>

<% 16:25:20 Image %>

<% 16:25:20 Image %>

<% 16:25:20 Image %>

<% 16:25:20 Image %>

<% 16:25:20 Image %>

<% 16:25:20 Image %>

<% 16:25:20 Image %>

<% 16:25:20 Image %>

<% 16:25:20 Image %>

<% 16:25:20 Image %>

<% 16:25:20 Image %>

<% 16:25:20 Image %>

<% 16:25:20 Image %>

<% 16:25:20 Image %>

<% 16:25:21 Image %>

<% 16:25:21 Image %>

<% 16:25:21 Image %>

<% 16:25:21 Image %>

<% 16:25:21 Image %>

<% 16:25:21 Image %>

<% 16:25:21 Image %>

<% 16:25:21 Image %>

<% 16:25:21 Image %>

<% 16:25:21 Image %>

<% 16:25:21 Image %>

<% 16:25:21 Image %>

<% 16:25:21 Image %>

<% 16:25:21 Image %>

<% 16:25:21 Image %>

<% 16:25:21 Image %>

<% 16:25:21 Image %>

<% 16:25:21 Image %>

<% 16:25:21 Image %>

<% 16:25:21 Image %>

<% 16:25:21 Page[page_2: http://sdkcga6306:82/Home.aspx](1) %>

<% 16:25:21 Page[page_3: http://sdkcga6306:82/FacilityLevels.aspx](1) %>

<% 16:25:21 Image %>

<% 16:25:21 Image %>

<% 16:25:21 Image %>

<% 16:25:21 Image %>

<% 16:25:21 Image %>

<% 16:25:21 Image %>

<% 16:25:21 Image %>

<% 16:25:21 Image %>

<% 16:25:21 Image %>

<% 16:25:21 Image %>

<% 16:25:21 Image %>

<% 16:25:21 Image %>

<% 16:25:21 Image %>

<% 16:25:21 Image %>

<% 16:25:21 Image %>

<% 16:25:21 Image %>

<% 16:25:21 Image %>

<% 16:25:21 Image %>

<% 16:25:21 Image %>

<% 16:25:21 Image %>

<% 16:25:21 Image %>

<% 16:25:21 Image %>

<% 16:25:21 Image %>

<% 16:25:21 Image %>

<% 16:25:21 Image %>

<% 16:25:21 Image %>

<% 16:25:21 Image %>

<% 16:25:21 Image %>

<% 16:25:21 Image %>

<% 16:25:21 Image %>

<% 16:25:21 Image %>

<% 16:25:21 Image %>

<% 16:25:21 Image %>

<% 16:25:21 Image %>

<% 16:25:21 Image %>

<% 16:25:21 Image %>

<% 16:25:21 Image %>

<% 16:25:21 Image %>

<% 16:25:21 Image %>

<% 16:25:21 Image %>

<% 16:25:21 Image %>

<% 16:25:21 Image %>

<% 16:25:21 Image %>

<% 16:25:21 Image %>

<% 16:25:21 Image %>

<% 16:25:21 Image %>

<% 16:25:21 Page[page_4: http://sdkcga6306:82/FacilityLevels.aspx](1) %>

<% 16:25:22 Page[page_5: http://sdkcga6306:82/FacilityLevels.aspx](1) %>

<% 16:25:22 Page[page_6: http://sdkcga6306:82/FacilityLevels.aspx](1) %>

<% 16:25:22 Page[Facilities](1) %>

<% 16:25:54 Page[Confidentiality](1) %>

<% 16:26:01 Session(14) %>

<% 16:26:01 Page[page_1: http://sdkcga6306:82/Home.aspx](1) %>

<% 16:26:01 Connect %>
Connecting to remote host: sdkcga6306:82...

<% 16:26:04 Image %>

<% 16:26:04 Image %>

<% 16:26:04 Image %>

<% 16:26:04 Image %>

<% 16:26:06 Image %>

<% 16:26:06 Image %>

<% 16:26:06 Image %>

<% 16:26:06 Image %>

<% 16:26:06 Image %>

<% 16:26:07 Image %>

<% 16:26:07 Image %>

<% 16:26:07 Image %>

<% 16:26:07 Image %>

<% 16:26:07 Image %>

<% 16:26:07 Image %>

<% 16:26:07 Image %>

<% 16:26:07 Image %>

<% 16:26:07 Image %>

<% 16:26:07 Image %>

<% 16:26:07 Image %>

<% 16:26:07 Image %>

<% 16:26:07 Image %>

<% 16:26:07 Image %>

<% 16:26:07 Image %>

<% 16:26:07 Image %>

<% 16:26:07 Image %>

<% 16:26:07 Image %>

<% 16:26:07 Image %>

<% 16:26:07 Image %>

<% 16:26:07 Image %>

<% 16:26:07 Image %>

<% 16:26:07 Image %>

<% 16:26:07 Image %>

<% 16:26:07 Image %>

<% 16:26:07 Image %>

<% 16:26:07 Page[page_2: http://sdkcga6306:82/Home.aspx](1) %>

<% 16:26:07 Page[page_3: http://sdkcga6306:82/FacilityLevels.aspx](1) %>

<% 16:26:07 Image %>

<% 16:26:07 Image %>

<% 16:26:07 Image %>

<% 16:26:07 Image %>

<% 16:26:07 Image %>

<% 16:26:07 Image %>

<% 16:26:07 Image %>

<% 16:26:15 Image %>

<% 16:26:18 Image %>

<% 16:26:23 Image %>

<% 16:26:23 Image %>

<% 16:26:23 Image %>

<% 16:26:23 Image %>

<% 16:26:23 Image %>

<% 16:26:23 Image %>

<% 16:26:23 Image %>

<% 16:26:28 Image %>

<% 16:26:28 Image %>

<% 16:26:28 Image %>

<% 16:26:28 Image %>

<% 16:26:28 Image %>

<% 16:26:28 Image %>

<% 16:26:28 Image %>

<% 16:26:28 Image %>

<% 16:26:28 Image %>

<% 16:26:28 Image %>

<% 16:26:28 Image %>

<% 16:26:28 Image %>

<% 16:26:28 Image %>

<% 16:26:28 Image %>

<% 16:26:28 Image %>

<% 16:26:28 Image %>

<% 16:26:28 Image %>

<% 16:26:28 Image %>

<% 16:26:28 Image %>

<% 16:26:28 Image %>

<% 16:26:28 Image %>

<% 16:26:28 Image %>

<% 16:26:28 Image %>

<% 16:26:28 Image %>

<% 16:26:29 Image %>

<% 16:26:29 Image %>

<% 16:26:29 Image %>

<% 16:26:29 Image %>

<% 16:26:29 Image %>

<% 16:26:29 Image %>

<% 16:26:29 Page[page_4: http://sdkcga6306:82/FacilityLevels.aspx](1) %>

<% 16:26:29 Page[page_5: http://sdkcga6306:82/FacilityLevels.aspx](1) %>

<% 16:26:29 Page[page_6: http://sdkcga6306:82/FacilityLevels.aspx](1) %>

<% 16:26:29 Page[Facilities](1) %>

<% 16:26:54 Page[Confidentiality](1) %>

<% 16:27:06 Session(15) %>

<% 16:27:06 Page[page_1: http://sdkcga6306:82/Home.aspx](1) %>

<% 16:27:06 Connect %>
Connecting to remote host: sdkcga6306:82...

<% 16:27:06 Image %>

<% 16:27:06 Image %>

<% 16:27:21 Image %>

<% 16:27:24 Image %>

<% 16:27:24 Image %>

<% 16:27:24 Image %>

<% 16:27:24 Image %>

<% 16:27:24 Image %>

<% 16:27:24 Image %>

<% 16:27:24 Image %>

<% 16:27:24 Image %>

<% 16:27:24 Image %>

<% 16:27:24 Image %>

<% 16:27:24 Image %>

<% 16:27:24 Image %>

<% 16:27:24 Image %>

<% 16:27:24 Image %>

<% 16:27:24 Image %>

<% 16:27:24 Image %>

<% 16:27:24 Image %>

<% 16:27:24 Image %>

<% 16:27:24 Image %>

<% 16:27:24 Image %>

<% 16:27:24 Image %>

<% 16:27:24 Image %>

<% 16:27:24 Image %>

<% 16:27:24 Image %>

<% 16:27:24 Image %>

<% 16:27:24 Image %>

<% 16:27:24 Image %>

<% 16:27:24 Image %>

<% 16:27:24 Image %>

<% 16:27:24 Image %>

<% 16:27:24 Image %>

<% 16:27:24 Image %>

<% 16:27:24 Page[page_2: http://sdkcga6306:82/Home.aspx](1) %>

<% 16:27:24 Page[page_3: http://sdkcga6306:82/FacilityLevels.aspx](1) %>

<% 16:27:24 Image %>

<% 16:27:24 Image %>

<% 16:27:25 Image %>

<% 16:27:25 Image %>

<% 16:27:25 Image %>

<% 16:27:25 Image %>

<% 16:27:25 Image %>

<% 16:27:25 Image %>

<% 16:27:25 Image %>

<% 16:27:25 Image %>

<% 16:27:25 Image %>

<% 16:27:25 Image %>

<% 16:27:25 Image %>

<% 16:27:25 Image %>

<% 16:27:25 Image %>

<% 16:27:25 Image %>

<% 16:27:25 Image %>

<% 16:27:25 Image %>

<% 16:27:25 Image %>

<% 16:27:25 Image %>

<% 16:27:25 Image %>

<% 16:27:25 Image %>

<% 16:27:25 Image %>

<% 16:27:25 Image %>

<% 16:27:25 Image %>

<% 16:27:25 Image %>

<% 16:27:25 Image %>

<% 16:27:25 Image %>

<% 16:27:25 Image %>

<% 16:27:25 Image %>

<% 16:27:25 Image %>

<% 16:27:25 Image %>

<% 16:27:25 Image %>

<% 16:27:25 Image %>

<% 16:27:25 Image %>

<% 16:27:25 Image %>

<% 16:27:25 Image %>

<% 16:27:25 Image %>

<% 16:27:25 Image %>

<% 16:27:25 Image %>

<% 16:27:25 Image %>

<% 16:27:25 Image %>

<% 16:27:25 Image %>

<% 16:27:25 Image %>

<% 16:27:25 Image %>

<% 16:27:25 Image %>

<% 16:27:25 Page[page_4: http://sdkcga6306:82/FacilityLevels.aspx](1) %>

<% 16:27:25 Page[page_5: http://sdkcga6306:82/FacilityLevels.aspx](1) %>

<% 16:27:26 Page[page_6: http://sdkcga6306:82/FacilityLevels.aspx](1) %>

<% 16:27:29 Page[Facilities](1) %>

<% 16:28:01 Page[Confidentiality](1) %>

<% 16:28:09 Session(16) %>

<% 16:28:09 Page[page_1: http://sdkcga6306:82/Home.aspx](1) %>

<% 16:28:09 Connect %>
Connecting to remote host: sdkcga6306:82...

<% 16:28:13 Image %>

<% 16:28:13 Image %>

<% 16:28:13 Image %>

<% 16:28:13 Image %>

<% 16:28:13 Image %>

<% 16:28:13 Image %>

<% 16:28:13 Image %>

<% 16:28:13 Image %>

<% 16:28:13 Image %>

<% 16:28:13 Image %>

<% 16:28:13 Image %>

<% 16:28:13 Image %>

<% 16:28:13 Image %>

<% 16:28:13 Image %>

<% 16:28:13 Image %>

<% 16:28:13 Image %>

<% 16:28:13 Image %>

<% 16:28:13 Image %>

<% 16:28:13 Image %>

<% 16:28:13 Image %>

<% 16:28:13 Image %>

<% 16:28:13 Image %>

<% 16:28:13 Image %>

<% 16:28:13 Image %>

<% 16:28:13 Image %>

<% 16:28:13 Image %>

<% 16:28:13 Image %>

<% 16:28:13 Image %>

<% 16:28:13 Image %>

<% 16:28:13 Image %>

<% 16:28:13 Image %>

<% 16:28:13 Image %>

<% 16:28:13 Image %>

<% 16:28:13 Image %>

<% 16:28:13 Image %>

<% 16:28:13 Page[page_2: http://sdkcga6306:82/Home.aspx](1) %>

<% 16:28:13 Page[page_3: http://sdkcga6306:82/FacilityLevels.aspx](1) %>

<% 16:28:14 Image %>

<% 16:28:14 Image %>

<% 16:28:14 Image %>

<% 16:28:14 Image %>

<% 16:28:14 Image %>

<% 16:28:14 Image %>

<% 16:28:14 Image %>

<% 16:28:14 Image %>

<% 16:28:14 Image %>

<% 16:28:14 Image %>

<% 16:28:14 Image %>

<% 16:28:14 Image %>

<% 16:28:14 Image %>

<% 16:28:14 Image %>

<% 16:28:14 Image %>

<% 16:28:14 Image %>

<% 16:28:14 Image %>

<% 16:28:14 Image %>

<% 16:28:14 Image %>

<% 16:28:14 Image %>

<% 16:28:14 Image %>

<% 16:28:14 Image %>

<% 16:28:14 Image %>

<% 16:28:14 Image %>

<% 16:28:14 Image %>

<% 16:28:14 Image %>

<% 16:28:14 Image %>

<% 16:28:14 Image %>

<% 16:28:14 Image %>

<% 16:28:14 Image %>

<% 16:28:14 Image %>

<% 16:28:14 Image %>

<% 16:28:14 Image %>

<% 16:28:14 Image %>

<% 16:28:14 Image %>

<% 16:28:14 Image %>

<% 16:28:14 Image %>

<% 16:28:14 Image %>

<% 16:28:14 Image %>

<% 16:28:14 Image %>

<% 16:28:14 Image %>

<% 16:28:14 Image %>

<% 16:28:14 Image %>

<% 16:28:14 Image %>

<% 16:28:14 Image %>

<% 16:28:14 Image %>

<% 16:28:14 Page[page_4: http://sdkcga6306:82/FacilityLevels.aspx](1) %>

<% 16:28:14 Page[page_5: http://sdkcga6306:82/FacilityLevels.aspx](1) %>

<% 16:28:15 Page[page_6: http://sdkcga6306:82/FacilityLevels.aspx](1) %>

<% 16:28:16 Page[Facilities](1) %>

<% 16:29:00 Page[Confidentiality](1) %>

<% 16:29:06 Session(17) %>

<% 16:29:06 Page[page_1: http://sdkcga6306:82/Home.aspx](1) %>

<% 16:29:06 Connect %>
Connecting to remote host: sdkcga6306:82...

<% 16:29:34 Image %>

<% 16:29:34 Image %>

<% 16:29:57 Image %>

<% 16:30:05 Image %>

<% 16:30:06 Image %>

<% 16:30:06 Image %>

<% 16:30:06 Image %>

<% 16:30:06 Image %>

<% 16:30:06 Image %>

<% 16:30:06 Image %>

<% 16:30:06 Image %>

<% 16:30:06 Image %>

<% 16:30:06 Image %>

<% 16:30:06 Image %>

<% 16:30:06 Image %>

<% 16:30:06 Image %>

<% 16:30:06 Image %>

<% 16:30:06 Image %>

<% 16:30:06 Image %>

<% 16:30:06 Image %>

<% 16:30:06 Image %>

<% 16:30:06 Image %>

<% 16:30:06 Image %>

<% 16:30:06 Image %>

<% 16:30:06 Image %>

<% 16:30:06 Image %>

<% 16:30:06 Image %>

<% 16:30:06 Image %>

<% 16:30:06 Image %>

<% 16:30:06 Image %>

<% 16:30:06 Image %>

<% 16:30:06 Image %>

<% 16:30:06 Image %>

<% 16:30:06 Image %>

<% 16:30:06 Image %>

<% 16:30:06 Page[page_2: http://sdkcga6306:82/Home.aspx](1) %>

<% 16:30:08 Page[page_3: http://sdkcga6306:82/FacilityLevels.aspx](1) %>

<% 16:30:16 Image %>

<% 16:30:16 Image %>

<% 16:30:16 Image %>

<% 16:30:16 Image %>

<% 16:30:16 Image %>

<% 16:30:16 Image %>

<% 16:30:16 Image %>

<% 16:30:16 Image %>

<% 16:30:16 Image %>

<% 16:30:16 Image %>

<% 16:30:16 Image %>

<% 16:30:16 Image %>

<% 16:30:16 Image %>

<% 16:30:16 Image %>

<% 16:30:16 Image %>

<% 16:30:16 Image %>

<% 16:30:16 Image %>

<% 16:30:16 Image %>

<% 16:30:16 Image %>

<% 16:30:16 Image %>

<% 16:30:16 Image %>

<% 16:30:16 Image %>

<% 16:30:16 Image %>

<% 16:30:16 Image %>

<% 16:30:16 Image %>

<% 16:30:16 Image %>

<% 16:30:16 Image %>

<% 16:30:16 Image %>

<% 16:30:16 Image %>

<% 16:30:16 Image %>

<% 16:30:16 Image %>

<% 16:30:16 Image %>

<% 16:30:16 Image %>

<% 16:30:16 Image %>

<% 16:30:16 Image %>

<% 16:30:16 Image %>

<% 16:30:16 Image %>

<% 16:30:16 Image %>

<% 16:30:16 Image %>

<% 16:30:16 Image %>

<% 16:30:16 Image %>

<% 16:30:16 Image %>

<% 16:30:16 Image %>

<% 16:30:16 Image %>

<% 16:30:16 Image %>

<% 16:30:16 Image %>

<% 16:30:16 Page[page_4: http://sdkcga6306:82/FacilityLevels.aspx](1) %>

<% 16:30:16 Page[page_5: http://sdkcga6306:82/FacilityLevels.aspx](1) %>

<% 16:30:17 Page[page_6: http://sdkcga6306:82/FacilityLevels.aspx](1) %>

<% 16:30:17 Page[Facilities](1) %>

<% 16:30:38 Page[Confidentiality](1) %>

<% 16:30:46 Session(18) %>

<% 16:30:46 Page[page_1: http://sdkcga6306:82/Home.aspx](1) %>

<% 16:30:46 Connect %>
Connecting to remote host: sdkcga6306:82...

<% 16:30:56 Image %>

<% 16:30:56 Image %>

<% 16:31:05 Image %>

<% 16:31:05 Image %>

<% 16:31:05 Image %>

<% 16:31:05 Image %>

<% 16:31:05 Image %>

<% 16:31:05 Image %>

<% 16:31:05 Image %>

<% 16:31:05 Image %>

<% 16:31:05 Image %>

<% 16:31:05 Image %>

<% 16:31:05 Image %>

<% 16:31:05 Image %>

<% 16:31:05 Image %>

<% 16:31:05 Image %>

<% 16:31:05 Image %>

<% 16:31:05 Image %>

<% 16:31:05 Image %>

<% 16:31:05 Image %>

<% 16:31:05 Image %>

<% 16:31:05 Image %>

<% 16:31:05 Image %>

<% 16:31:05 Image %>

<% 16:31:05 Image %>

<% 16:31:05 Image %>

<% 16:31:05 Image %>

<% 16:31:05 Image %>

<% 16:31:05 Image %>

<% 16:31:05 Image %>

<% 16:31:05 Image %>

<% 16:31:05 Image %>

<% 16:31:05 Image %>

<% 16:31:05 Image %>

<% 16:31:05 Image %>

<% 16:31:05 Page[page_2: http://sdkcga6306:82/Home.aspx](1) %>

<% 16:31:06 Page[page_3: http://sdkcga6306:82/FacilityLevels.aspx](1) %>

<% 16:31:06 Image %>

<% 16:31:06 Image %>

<% 16:31:06 Image %>

<% 16:31:12 Image %>

<% 16:31:29 Image %>

<% 16:31:39 Image %>

<% 16:31:39 Image %>

<% 16:31:39 Image %>

<% 16:31:39 Image %>

<% 16:31:39 Image %>

<% 16:31:39 Image %>

<% 16:31:40 Image %>

<% 16:31:40 Image %>

<% 16:31:40 Image %>

<% 16:31:40 Image %>

<% 16:31:40 Image %>

<% 16:31:40 Image %>

<% 16:31:40 Image %>

<% 16:31:40 Image %>

<% 16:31:40 Image %>

<% 16:31:40 Image %>

<% 16:31:40 Image %>

<% 16:31:40 Image %>

<% 16:31:40 Image %>

<% 16:31:40 Image %>

<% 16:31:40 Image %>

<% 16:31:40 Image %>

<% 16:31:40 Image %>

<% 16:31:40 Image %>

<% 16:31:40 Image %>

<% 16:31:40 Image %>

<% 16:31:40 Image %>

<% 16:31:40 Image %>

<% 16:31:40 Image %>

<% 16:31:40 Image %>

<% 16:31:40 Image %>

<% 16:31:40 Image %>

<% 16:31:40 Image %>

<% 16:31:40 Image %>

<% 16:31:40 Image %>

<% 16:31:40 Image %>

<% 16:31:40 Image %>

<% 16:31:40 Image %>

<% 16:31:40 Image %>

<% 16:31:40 Image %>

<% 16:31:40 Image %>

<% 16:31:40 Page[page_4: http://sdkcga6306:82/FacilityLevels.aspx](1) %>

<% 16:31:42 Page[page_5: http://sdkcga6306:82/FacilityLevels.aspx](1) %>

<% 16:31:42 Page[page_6: http://sdkcga6306:82/FacilityLevels.aspx](1) %>

<% 16:31:52 Page[Facilities](1) %>

<% 16:32:42 Page[Confidentiality](1) %>

<% 16:32:49 Session(19) %>

<% 16:32:49 Page[page_1: http://sdkcga6306:82/Home.aspx](1) %>

<% 16:32:49 Connect %>
Connecting to remote host: sdkcga6306:82...

<% 16:32:51 Image %>

<% 16:32:51 Image %>

<% 16:32:51 Image %>

<% 16:32:51 Image %>

<% 16:32:51 Image %>

<% 16:32:51 Image %>

<% 16:32:51 Image %>

<% 16:32:51 Image %>

<% 16:32:51 Image %>

<% 16:32:51 Image %>

<% 16:32:51 Image %>

<% 16:32:51 Image %>

<% 16:32:51 Image %>

<% 16:32:51 Image %>

<% 16:32:51 Image %>

<% 16:32:51 Image %>

<% 16:32:51 Image %>

<% 16:32:51 Image %>

<% 16:32:51 Image %>

<% 16:32:51 Image %>

<% 16:32:51 Image %>

<% 16:32:51 Image %>

<% 16:32:51 Image %>

<% 16:32:51 Image %>

<% 16:32:51 Image %>

<% 16:32:51 Image %>

<% 16:32:51 Image %>

<% 16:32:51 Image %>

<% 16:32:51 Image %>

<% 16:32:51 Image %>

<% 16:32:51 Image %>

<% 16:32:51 Image %>

<% 16:32:51 Image %>

<% 16:32:51 Image %>

<% 16:32:51 Image %>

<% 16:32:51 Page[page_2: http://sdkcga6306:82/Home.aspx](1) %>

<% 16:32:52 Page[page_3: http://sdkcga6306:82/FacilityLevels.aspx](1) %>

<% 16:32:54 Image %>

<% 16:32:54 Image %>

<% 16:32:54 Image %>

<% 16:32:55 Image %>

<% 16:33:00 Image %>

<% 16:33:10 Image %>

<% 16:33:10 Image %>

<% 16:33:10 Image %>

<% 16:33:10 Image %>

<% 16:33:10 Image %>

<% 16:33:10 Image %>

<% 16:33:10 Image %>

<% 16:33:10 Image %>

<% 16:33:10 Image %>

<% 16:33:10 Image %>

<% 16:33:10 Image %>

<% 16:33:10 Image %>

<% 16:33:10 Image %>

<% 16:33:10 Image %>

<% 16:33:10 Image %>

<% 16:33:10 Image %>

<% 16:33:10 Image %>

<% 16:33:10 Image %>

<% 16:33:10 Image %>

<% 16:33:10 Image %>

<% 16:33:10 Image %>

<% 16:33:10 Image %>

<% 16:33:10 Image %>

<% 16:33:10 Image %>

<% 16:33:10 Image %>

<% 16:33:10 Image %>

<% 16:33:10 Image %>

<% 16:33:10 Image %>

<% 16:33:10 Image %>

<% 16:33:10 Image %>

<% 16:33:10 Image %>

<% 16:33:10 Image %>

<% 16:33:10 Image %>

<% 16:33:10 Image %>

<% 16:33:10 Image %>

<% 16:33:10 Image %>

<% 16:33:10 Image %>

<% 16:33:10 Image %>

<% 16:33:10 Image %>

<% 16:33:10 Image %>

<% 16:33:10 Image %>

<% 16:33:10 Page[page_4: http://sdkcga6306:82/FacilityLevels.aspx](1) %>

<% 16:33:11 Page[page_5: http://sdkcga6306:82/FacilityLevels.aspx](1) %>

<% 16:33:11 Page[page_6: http://sdkcga6306:82/FacilityLevels.aspx](1) %>

<% 16:33:11 Page[Facilities](1) %>

<% 16:33:51 Page[Confidentiality](1) %>

<% 16:34:14 Session(20) %>

<% 16:34:14 Page[page_1: http://sdkcga6306:82/Home.aspx](1) %>

<% 16:34:14 Connect %>
Connecting to remote host: sdkcga6306:82...

<% 16:34:15 Image %>

<% 16:34:15 Image %>

<% 16:34:15 Image %>

<% 16:34:15 Image %>

<% 16:34:15 Image %>

<% 16:34:15 Image %>

<% 16:34:15 Image %>

<% 16:34:15 Image %>

<% 16:34:15 Image %>

<% 16:34:15 Image %>

<% 16:34:15 Image %>

<% 16:34:15 Image %>

<% 16:34:15 Image %>

<% 16:34:15 Image %>

<% 16:34:15 Image %>

<% 16:34:15 Image %>

<% 16:34:15 Image %>

<% 16:34:15 Image %>

<% 16:34:15 Image %>

<% 16:34:15 Image %>

<% 16:34:15 Image %>

<% 16:34:15 Image %>

<% 16:34:15 Image %>

<% 16:34:15 Image %>

<% 16:34:15 Image %>

<% 16:34:15 Image %>

<% 16:34:15 Image %>

<% 16:34:15 Image %>

<% 16:34:15 Image %>

<% 16:34:15 Image %>

<% 16:34:15 Image %>

<% 16:34:15 Image %>

<% 16:34:15 Image %>

<% 16:34:15 Image %>

<% 16:34:15 Image %>

<% 16:34:15 Page[page_2: http://sdkcga6306:82/Home.aspx](1) %>

<% 16:34:16 Page[page_3: http://sdkcga6306:82/FacilityLevels.aspx](1) %>

<% 16:34:18 Image %>

<% 16:34:18 Image %>

<% 16:34:18 Image %>

<% 16:34:18 Image %>

<% 16:34:18 Image %>

<% 16:34:18 Image %>

<% 16:34:18 Image %>

<% 16:34:18 Image %>

<% 16:34:18 Image %>

<% 16:34:18 Image %>

<% 16:34:18 Image %>

<% 16:34:18 Image %>

<% 16:34:18 Image %>

<% 16:34:18 Image %>

<% 16:34:18 Image %>

<% 16:34:18 Image %>

<% 16:34:18 Image %>

<% 16:34:18 Image %>

<% 16:34:18 Image %>

<% 16:34:18 Image %>

<% 16:34:18 Image %>

<% 16:34:18 Image %>

<% 16:34:18 Image %>

<% 16:34:18 Image %>

<% 16:34:18 Image %>

<% 16:34:18 Image %>

<% 16:34:18 Image %>

<% 16:34:18 Image %>

<% 16:34:18 Image %>

<% 16:34:18 Image %>

<% 16:34:18 Image %>

<% 16:34:19 Image %>

<% 16:34:19 Image %>

<% 16:34:19 Image %>

<% 16:34:19 Image %>

<% 16:34:19 Image %>

<% 16:34:19 Image %>

<% 16:34:19 Image %>

<% 16:34:19 Image %>

<% 16:34:19 Image %>

<% 16:34:19 Image %>

<% 16:34:19 Image %>

<% 16:34:19 Image %>

<% 16:34:19 Image %>

<% 16:34:19 Image %>

<% 16:34:19 Image %>

<% 16:34:19 Page[page_4: http://sdkcga6306:82/FacilityLevels.aspx](1) %>

<% 16:34:19 Page[page_5: http://sdkcga6306:82/FacilityLevels.aspx](1) %>

<% 16:34:19 Page[page_6: http://sdkcga6306:82/FacilityLevels.aspx](1) %>

<% 16:34:33 Page[Facilities](1) %>

<% 16:35:25 Page[Confidentiality](1) %>

<% 16:35:35 Session(21) %>

<% 16:35:35 Page[page_1: http://sdkcga6306:82/Home.aspx](1) %>

<% 16:35:35 Connect %>
Connecting to remote host: sdkcga6306:82...

<% 16:35:51 Image %>

<% 16:35:51 Image %>

<% 16:35:51 Image %>

<% 16:35:51 Image %>

<% 16:35:51 Image %>

<% 16:35:51 Image %>

<% 16:35:51 Image %>

<% 16:35:51 Image %>

<% 16:35:51 Image %>

<% 16:35:51 Image %>

<% 16:35:51 Image %>

<% 16:35:51 Image %>

<% 16:35:51 Image %>

<% 16:35:51 Image %>

<% 16:35:51 Image %>

<% 16:35:51 Image %>

<% 16:35:51 Image %>

<% 16:35:51 Image %>

<% 16:35:51 Image %>

<% 16:35:51 Image %>

<% 16:35:51 Image %>

<% 16:35:51 Image %>

<% 16:35:51 Image %>

<% 16:35:51 Image %>

<% 16:35:51 Image %>

<% 16:35:51 Image %>

<% 16:35:51 Image %>

<% 16:35:51 Image %>

<% 16:35:51 Image %>

<% 16:35:51 Image %>

<% 16:35:51 Image %>

<% 16:35:51 Image %>

<% 16:35:51 Image %>

<% 16:35:51 Image %>

<% 16:35:51 Image %>

<% 16:35:51 Page[page_2: http://sdkcga6306:82/Home.aspx](1) %>

<% 16:35:51 Page[page_3: http://sdkcga6306:82/FacilityLevels.aspx](1) %>

<% 16:35:51 Image %>

<% 16:35:51 Image %>

<% 16:35:51 Image %>

<% 16:36:01 Image %>

<% 16:36:21 Image %>

<% 16:36:23 Image %>

<% 16:36:25 Image %>

<% 16:36:25 Image %>

<% 16:36:25 Image %>

<% 16:36:25 Image %>

<% 16:36:25 Image %>

<% 16:36:25 Image %>

<% 16:36:25 Image %>

<% 16:36:25 Image %>

<% 16:36:25 Image %>

<% 16:36:25 Image %>

<% 16:36:25 Image %>

<% 16:36:25 Image %>

<% 16:36:25 Image %>

<% 16:36:25 Image %>

<% 16:36:25 Image %>

<% 16:36:25 Image %>

<% 16:36:25 Image %>

<% 16:36:25 Image %>

<% 16:36:25 Image %>

<% 16:36:25 Image %>

<% 16:36:25 Image %>

<% 16:36:25 Image %>

<% 16:36:25 Image %>

<% 16:36:25 Image %>

<% 16:36:25 Image %>

<% 16:36:25 Image %>

<% 16:36:25 Image %>

<% 16:36:25 Image %>

<% 16:36:26 Image %>

<% 16:36:26 Image %>

<% 16:36:26 Image %>

<% 16:36:26 Image %>

<% 16:36:26 Image %>

<% 16:36:26 Image %>

<% 16:36:26 Image %>

<% 16:36:26 Image %>

<% 16:36:26 Image %>

<% 16:36:26 Image %>

<% 16:36:26 Image %>

<% 16:36:26 Image %>

<% 16:36:26 Page[page_4: http://sdkcga6306:82/FacilityLevels.aspx](1) %>

<% 16:36:31 Page[page_5: http://sdkcga6306:82/FacilityLevels.aspx](1) %>

<% 16:36:43 Page[page_6: http://sdkcga6306:82/FacilityLevels.aspx](1) %>

<% 16:36:43 Page[Facilities](1) %>

<% 16:37:29 Page[Confidentiality](1) %>
