
<% 16:24:25 Header %>
Server: [127.0.0.1] LDK100296.wsatkins.com
Client: [127.0.0.1] LDK100296.wsatkins.com
Profile: FacilityLevel_6306_User.wpp
Profile name: FacilityLevel_6306_User

<% 16:24:25 Session(1) %>

<% 16:24:25 Page[page_1: http://sdkcga6306:82/Home.aspx](1) %>

<% 16:24:25 Connect %>
Connecting to remote host: sdkcga6306:82...

<% 16:24:31 Image %>

<% 16:24:31 Image %>

<% 16:24:31 Image %>

<% 16:24:31 Image %>

<% 16:24:31 Image %>

<% 16:24:31 Image %>

<% 16:24:31 Image %>

<% 16:24:31 Image %>

<% 16:24:31 Image %>

<% 16:24:31 Image %>

<% 16:24:31 Image %>

<% 16:24:31 Image %>

<% 16:24:31 Image %>

<% 16:24:31 Image %>

<% 16:24:31 Image %>

<% 16:24:31 Image %>

<% 16:24:31 Image %>

<% 16:24:31 Image %>

<% 16:24:31 Image %>

<% 16:24:31 Image %>

<% 16:24:31 Image %>

<% 16:24:31 Image %>

<% 16:24:31 Image %>

<% 16:24:31 Image %>

<% 16:24:31 Image %>

<% 16:24:31 Image %>

<% 16:24:31 Image %>

<% 16:24:31 Image %>

<% 16:24:31 Image %>

<% 16:24:31 Image %>

<% 16:24:31 Image %>

<% 16:24:31 Image %>

<% 16:24:31 Image %>

<% 16:24:31 Image %>

<% 16:24:31 Image %>

<% 16:24:31 Page[page_2: http://sdkcga6306:82/Home.aspx](1) %>

<% 16:24:31 Page[page_3: http://sdkcga6306:82/FacilityLevels.aspx](1) %>

<% 16:24:31 Image %>

<% 16:24:31 Image %>

<% 16:24:31 Image %>

<% 16:24:31 Image %>

<% 16:24:31 Image %>

<% 16:24:31 Image %>

<% 16:24:31 Image %>

<% 16:24:31 Image %>

<% 16:24:31 Image %>

<% 16:24:31 Image %>

<% 16:24:31 Image %>

<% 16:24:31 Image %>

<% 16:24:31 Image %>

<% 16:24:31 Image %>

<% 16:24:31 Image %>

<% 16:24:31 Image %>

<% 16:24:31 Image %>

<% 16:24:31 Image %>

<% 16:24:31 Image %>

<% 16:24:31 Image %>

<% 16:24:31 Image %>

<% 16:24:32 Image %>

<% 16:24:32 Image %>

<% 16:24:32 Image %>

<% 16:24:32 Image %>

<% 16:24:32 Image %>

<% 16:24:32 Image %>

<% 16:24:32 Image %>

<% 16:24:32 Image %>

<% 16:24:32 Image %>

<% 16:24:32 Image %>

<% 16:24:32 Image %>

<% 16:24:32 Image %>

<% 16:24:32 Image %>

<% 16:24:32 Image %>

<% 16:24:32 Image %>

<% 16:24:32 Image %>

<% 16:24:32 Image %>

<% 16:24:32 Image %>

<% 16:24:32 Image %>

<% 16:24:32 Image %>

<% 16:24:32 Image %>

<% 16:24:32 Image %>

<% 16:24:32 Image %>

<% 16:24:32 Image %>

<% 16:24:32 Image %>

<% 16:24:32 Page[page_4: http://sdkcga6306:82/FacilityLevels.aspx](1) %>

<% 16:24:32 Page[page_5: http://sdkcga6306:82/FacilityLevels.aspx](1) %>

<% 16:24:32 Page[page_6: http://sdkcga6306:82/FacilityLevels.aspx](1) %>

<% 16:24:32 Page[Facilities](1) %>

<% 16:25:07 Page[Confidentiality](1) %>

<% 16:25:20 Session(2) %>

<% 16:25:20 Page[page_1: http://sdkcga6306:82/Home.aspx](1) %>

<% 16:25:20 Connect %>
Connecting to remote host: sdkcga6306:82...

<% 16:25:24 Image %>

<% 16:25:24 Image %>

<% 16:25:24 Image %>

<% 16:25:24 Image %>

<% 16:25:24 Image %>

<% 16:25:24 Image %>

<% 16:25:24 Image %>

<% 16:25:24 Image %>

<% 16:25:24 Image %>

<% 16:25:24 Image %>

<% 16:25:24 Image %>

<% 16:25:24 Image %>

<% 16:25:24 Image %>

<% 16:25:24 Image %>

<% 16:25:24 Image %>

<% 16:25:24 Image %>

<% 16:25:24 Image %>

<% 16:25:24 Image %>

<% 16:25:24 Image %>

<% 16:25:24 Image %>

<% 16:25:24 Image %>

<% 16:25:24 Image %>

<% 16:25:24 Image %>

<% 16:25:24 Image %>

<% 16:25:24 Image %>

<% 16:25:24 Image %>

<% 16:25:24 Image %>

<% 16:25:24 Image %>

<% 16:25:24 Image %>

<% 16:25:24 Image %>

<% 16:25:24 Image %>

<% 16:25:24 Image %>

<% 16:25:24 Image %>

<% 16:25:24 Image %>

<% 16:25:24 Image %>

<% 16:25:24 Page[page_2: http://sdkcga6306:82/Home.aspx](1) %>

<% 16:25:25 Page[page_3: http://sdkcga6306:82/FacilityLevels.aspx](1) %>

<% 16:25:25 Image %>

<% 16:25:25 Image %>

<% 16:25:25 Image %>

<% 16:25:25 Image %>

<% 16:25:25 Image %>

<% 16:25:25 Image %>

<% 16:25:25 Image %>

<% 16:25:25 Image %>

<% 16:25:25 Image %>

<% 16:25:25 Image %>

<% 16:25:25 Image %>

<% 16:25:25 Image %>

<% 16:25:25 Image %>

<% 16:25:25 Image %>

<% 16:25:25 Image %>

<% 16:25:25 Image %>

<% 16:25:25 Image %>

<% 16:25:25 Image %>

<% 16:25:25 Image %>

<% 16:25:25 Image %>

<% 16:25:25 Image %>

<% 16:25:25 Image %>

<% 16:25:25 Image %>

<% 16:25:25 Image %>

<% 16:25:25 Image %>

<% 16:25:25 Image %>

<% 16:25:25 Image %>

<% 16:25:25 Image %>

<% 16:25:25 Image %>

<% 16:25:25 Image %>

<% 16:25:25 Image %>

<% 16:25:25 Image %>

<% 16:25:25 Image %>

<% 16:25:25 Image %>

<% 16:25:25 Image %>

<% 16:25:25 Image %>

<% 16:25:25 Image %>

<% 16:25:25 Image %>

<% 16:25:25 Image %>

<% 16:25:25 Image %>

<% 16:25:25 Image %>

<% 16:25:25 Image %>

<% 16:25:25 Image %>

<% 16:25:25 Image %>

<% 16:25:25 Image %>

<% 16:25:25 Image %>

<% 16:25:25 Page[page_4: http://sdkcga6306:82/FacilityLevels.aspx](1) %>

<% 16:25:26 Page[page_5: http://sdkcga6306:82/FacilityLevels.aspx](1) %>

<% 16:25:26 Page[page_6: http://sdkcga6306:82/FacilityLevels.aspx](1) %>

<% 16:25:27 Page[Facilities](1) %>

<% 16:26:01 Page[Confidentiality](1) %>

<% 16:26:07 Session(3) %>

<% 16:26:07 Page[page_1: http://sdkcga6306:82/Home.aspx](1) %>

<% 16:26:07 Connect %>
Connecting to remote host: sdkcga6306:82...

<% 16:26:19 Image %>

<% 16:26:19 Image %>

<% 16:26:19 Image %>

<% 16:26:19 Image %>

<% 16:26:19 Image %>

<% 16:26:19 Image %>

<% 16:26:19 Image %>

<% 16:26:19 Image %>

<% 16:26:19 Image %>

<% 16:26:19 Image %>

<% 16:26:19 Image %>

<% 16:26:19 Image %>

<% 16:26:19 Image %>

<% 16:26:19 Image %>

<% 16:26:19 Image %>

<% 16:26:19 Image %>

<% 16:26:19 Image %>

<% 16:26:19 Image %>

<% 16:26:19 Image %>

<% 16:26:19 Image %>

<% 16:26:19 Image %>

<% 16:26:19 Image %>

<% 16:26:19 Image %>

<% 16:26:19 Image %>

<% 16:26:19 Image %>

<% 16:26:19 Image %>

<% 16:26:19 Image %>

<% 16:26:19 Image %>

<% 16:26:19 Image %>

<% 16:26:19 Image %>

<% 16:26:19 Image %>

<% 16:26:19 Image %>

<% 16:26:19 Image %>

<% 16:26:19 Image %>

<% 16:26:19 Image %>

<% 16:26:19 Page[page_2: http://sdkcga6306:82/Home.aspx](1) %>

<% 16:26:20 Page[page_3: http://sdkcga6306:82/FacilityLevels.aspx](1) %>

<% 16:26:20 Image %>

<% 16:26:20 Image %>

<% 16:26:20 Image %>

<% 16:26:20 Image %>

<% 16:26:20 Image %>

<% 16:26:20 Image %>

<% 16:26:20 Image %>

<% 16:26:20 Image %>

<% 16:26:20 Image %>

<% 16:26:20 Image %>

<% 16:26:20 Image %>

<% 16:26:20 Image %>

<% 16:26:20 Image %>

<% 16:26:20 Image %>

<% 16:26:20 Image %>

<% 16:26:20 Image %>

<% 16:26:20 Image %>

<% 16:26:20 Image %>

<% 16:26:20 Image %>

<% 16:26:20 Image %>

<% 16:26:20 Image %>

<% 16:26:20 Image %>

<% 16:26:20 Image %>

<% 16:26:20 Image %>

<% 16:26:20 Image %>

<% 16:26:20 Image %>

<% 16:26:20 Image %>

<% 16:26:20 Image %>

<% 16:26:20 Image %>

<% 16:26:20 Image %>

<% 16:26:20 Image %>

<% 16:26:20 Image %>

<% 16:26:20 Image %>

<% 16:26:20 Image %>

<% 16:26:20 Image %>

<% 16:26:20 Image %>

<% 16:26:20 Image %>

<% 16:26:20 Image %>

<% 16:26:20 Image %>

<% 16:26:20 Image %>

<% 16:26:20 Image %>

<% 16:26:20 Image %>

<% 16:26:21 Image %>

<% 16:26:21 Image %>

<% 16:26:21 Image %>

<% 16:26:21 Image %>

<% 16:26:21 Page[page_4: http://sdkcga6306:82/FacilityLevels.aspx](1) %>

<% 16:26:21 Page[page_5: http://sdkcga6306:82/FacilityLevels.aspx](1) %>

<% 16:26:21 Page[page_6: http://sdkcga6306:82/FacilityLevels.aspx](1) %>

<% 16:26:21 Page[Facilities](1) %>

<% 16:27:01 Page[Confidentiality](1) %>

<% 16:27:07 Session(4) %>

<% 16:27:07 Page[page_1: http://sdkcga6306:82/Home.aspx](1) %>

<% 16:27:07 Connect %>
Connecting to remote host: sdkcga6306:82...

<% 16:27:07 Image %>

<% 16:27:07 Image %>

<% 16:27:07 Image %>

<% 16:27:13 Image %>

<% 16:27:19 Image %>

<% 16:27:19 Image %>

<% 16:27:19 Image %>

<% 16:27:19 Image %>

<% 16:27:19 Image %>

<% 16:27:32 Image %>

<% 16:27:36 Image %>

<% 16:27:40 Image %>

<% 16:27:44 Image %>

<% 16:27:44 Image %>

<% 16:27:44 Image %>

<% 16:27:44 Image %>

<% 16:27:44 Image %>

<% 16:27:44 Image %>

<% 16:27:44 Image %>

<% 16:27:44 Image %>

<% 16:27:44 Image %>

<% 16:27:44 Image %>

<% 16:27:44 Image %>

<% 16:27:44 Image %>

<% 16:27:44 Image %>

<% 16:27:44 Image %>

<% 16:27:44 Image %>

<% 16:27:44 Image %>

<% 16:27:44 Image %>

<% 16:27:44 Image %>

<% 16:27:44 Image %>

<% 16:27:44 Image %>

<% 16:27:44 Image %>

<% 16:27:44 Image %>

<% 16:27:44 Image %>

<% 16:27:44 Page[page_2: http://sdkcga6306:82/Home.aspx](1) %>

<% 16:27:45 Page[page_3: http://sdkcga6306:82/FacilityLevels.aspx](1) %>

<% 16:27:45 Image %>

<% 16:27:45 Image %>

<% 16:27:45 Image %>

<% 16:27:45 Image %>

<% 16:27:45 Image %>

<% 16:27:45 Image %>

<% 16:27:45 Image %>

<% 16:27:45 Image %>

<% 16:27:45 Image %>

<% 16:27:46 Image %>

<% 16:27:46 Image %>

<% 16:27:46 Image %>

<% 16:27:46 Image %>

<% 16:27:46 Image %>

<% 16:27:46 Image %>

<% 16:27:46 Image %>

<% 16:27:46 Image %>

<% 16:27:46 Image %>

<% 16:27:46 Image %>

<% 16:27:46 Image %>

<% 16:27:46 Image %>

<% 16:27:46 Image %>

<% 16:27:46 Image %>

<% 16:27:46 Image %>

<% 16:27:46 Image %>

<% 16:27:46 Image %>

<% 16:27:46 Image %>

<% 16:27:46 Image %>

<% 16:27:46 Image %>

<% 16:27:46 Image %>

<% 16:27:46 Image %>

<% 16:27:46 Image %>

<% 16:27:46 Image %>

<% 16:27:46 Image %>

<% 16:27:46 Image %>

<% 16:27:46 Image %>

<% 16:27:46 Image %>

<% 16:27:46 Image %>

<% 16:27:46 Image %>

<% 16:27:46 Image %>

<% 16:27:46 Image %>

<% 16:27:46 Image %>

<% 16:27:46 Image %>

<% 16:27:46 Image %>

<% 16:27:46 Image %>

<% 16:27:46 Image %>

<% 16:27:46 Page[page_4: http://sdkcga6306:82/FacilityLevels.aspx](1) %>

<% 16:27:46 Page[page_5: http://sdkcga6306:82/FacilityLevels.aspx](1) %>

<% 16:27:47 Page[page_6: http://sdkcga6306:82/FacilityLevels.aspx](1) %>

<% 16:27:47 Page[Facilities](1) %>

<% 16:28:34 Page[Confidentiality](1) %>

<% 16:29:07 Session(5) %>

<% 16:29:07 Page[page_1: http://sdkcga6306:82/Home.aspx](1) %>

<% 16:29:07 Connect %>
Connecting to remote host: sdkcga6306:82...

<% 16:29:34 Image %>

<% 16:29:34 Image %>

<% 16:29:38 Image %>

<% 16:29:38 Image %>

<% 16:29:38 Image %>

<% 16:29:38 Image %>

<% 16:29:38 Image %>

<% 16:29:38 Image %>

<% 16:29:38 Image %>

<% 16:29:38 Image %>

<% 16:29:38 Image %>

<% 16:29:38 Image %>

<% 16:29:38 Image %>

<% 16:29:38 Image %>

<% 16:29:38 Image %>

<% 16:29:38 Image %>

<% 16:29:38 Image %>

<% 16:29:38 Image %>

<% 16:29:38 Image %>

<% 16:29:38 Image %>

<% 16:29:38 Image %>

<% 16:29:38 Image %>

<% 16:29:38 Image %>

<% 16:29:38 Image %>

<% 16:29:38 Image %>

<% 16:29:38 Image %>

<% 16:29:38 Image %>

<% 16:29:38 Image %>

<% 16:29:38 Image %>

<% 16:29:38 Image %>

<% 16:29:38 Image %>

<% 16:29:38 Image %>

<% 16:29:38 Image %>

<% 16:29:38 Image %>

<% 16:29:38 Image %>

<% 16:29:38 Page[page_2: http://sdkcga6306:82/Home.aspx](1) %>

<% 16:29:40 Page[page_3: http://sdkcga6306:82/FacilityLevels.aspx](1) %>

<% 16:29:47 Image %>

<% 16:29:47 Image %>

<% 16:29:48 Image %>

<% 16:29:48 Image %>

<% 16:29:48 Image %>

<% 16:29:48 Image %>

<% 16:29:48 Image %>

<% 16:29:48 Image %>

<% 16:29:48 Image %>

<% 16:29:48 Image %>

<% 16:29:48 Image %>

<% 16:29:48 Image %>

<% 16:29:48 Image %>

<% 16:29:48 Image %>

<% 16:29:48 Image %>

<% 16:29:48 Image %>

<% 16:29:48 Image %>

<% 16:29:48 Image %>

<% 16:29:48 Image %>

<% 16:29:48 Image %>

<% 16:29:48 Image %>

<% 16:29:48 Image %>

<% 16:29:48 Image %>

<% 16:29:48 Image %>

<% 16:29:48 Image %>

<% 16:29:48 Image %>

<% 16:29:48 Image %>

<% 16:29:48 Image %>

<% 16:29:48 Image %>

<% 16:29:48 Image %>

<% 16:29:48 Image %>

<% 16:29:48 Image %>

<% 16:29:48 Image %>

<% 16:29:48 Image %>

<% 16:29:48 Image %>

<% 16:29:48 Image %>

<% 16:29:48 Image %>

<% 16:29:48 Image %>

<% 16:29:48 Image %>

<% 16:29:48 Image %>

<% 16:29:48 Image %>

<% 16:29:49 Image %>

<% 16:29:49 Image %>

<% 16:29:49 Image %>

<% 16:29:49 Image %>

<% 16:29:49 Image %>

<% 16:29:49 Page[page_4: http://sdkcga6306:82/FacilityLevels.aspx](1) %>

<% 16:29:49 Page[page_5: http://sdkcga6306:82/FacilityLevels.aspx](1) %>

<% 16:29:49 Page[page_6: http://sdkcga6306:82/FacilityLevels.aspx](1) %>

<% 16:29:50 Page[Facilities](1) %>

<% 16:30:17 Page[Confidentiality](1) %>

<% 16:30:25 Session(6) %>

<% 16:30:25 Page[page_1: http://sdkcga6306:82/Home.aspx](1) %>

<% 16:30:25 Connect %>
Connecting to remote host: sdkcga6306:82...

<% 16:30:37 Image %>

<% 16:30:37 Image %>

<% 16:30:37 Image %>

<% 16:30:37 Image %>

<% 16:30:37 Image %>

<% 16:30:37 Image %>

<% 16:30:37 Image %>

<% 16:30:37 Image %>

<% 16:30:37 Image %>

<% 16:30:37 Image %>

<% 16:30:37 Image %>

<% 16:30:37 Image %>

<% 16:30:37 Image %>

<% 16:30:37 Image %>

<% 16:30:37 Image %>

<% 16:30:37 Image %>

<% 16:30:37 Image %>

<% 16:30:37 Image %>

<% 16:30:37 Image %>

<% 16:30:37 Image %>

<% 16:30:37 Image %>

<% 16:30:37 Image %>

<% 16:30:37 Image %>

<% 16:30:37 Image %>

<% 16:30:37 Image %>

<% 16:30:37 Image %>

<% 16:30:37 Image %>

<% 16:30:37 Image %>

<% 16:30:37 Image %>

<% 16:30:37 Image %>

<% 16:30:37 Image %>

<% 16:30:37 Image %>

<% 16:30:37 Image %>

<% 16:30:37 Image %>

<% 16:30:37 Image %>

<% 16:30:37 Page[page_2: http://sdkcga6306:82/Home.aspx](1) %>

<% 16:30:37 Page[page_3: http://sdkcga6306:82/FacilityLevels.aspx](1) %>

<% 16:30:38 Image %>

<% 16:30:38 Image %>

<% 16:30:38 Image %>

<% 16:30:46 Image %>

<% 16:31:01 Image %>

<% 16:31:10 Image %>

<% 16:31:11 Image %>

<% 16:31:11 Image %>

<% 16:31:11 Image %>

<% 16:31:11 Image %>

<% 16:31:11 Image %>

<% 16:31:11 Image %>

<% 16:31:11 Image %>

<% 16:31:11 Image %>

<% 16:31:11 Image %>

<% 16:31:11 Image %>

<% 16:31:11 Image %>

<% 16:31:11 Image %>

<% 16:31:11 Image %>

<% 16:31:11 Image %>

<% 16:31:11 Image %>

<% 16:31:11 Image %>

<% 16:31:11 Image %>

<% 16:31:11 Image %>

<% 16:31:11 Image %>

<% 16:31:11 Image %>

<% 16:31:11 Image %>

<% 16:31:11 Image %>

<% 16:31:11 Image %>

<% 16:31:11 Image %>

<% 16:31:11 Image %>

<% 16:31:11 Image %>

<% 16:31:11 Image %>

<% 16:31:11 Image %>

<% 16:31:11 Image %>

<% 16:31:11 Image %>

<% 16:31:11 Image %>

<% 16:31:11 Image %>

<% 16:31:12 Image %>

<% 16:31:12 Image %>

<% 16:31:12 Image %>

<% 16:31:12 Image %>

<% 16:31:12 Image %>

<% 16:31:12 Image %>

<% 16:31:12 Image %>

<% 16:31:12 Image %>

<% 16:31:12 Page[page_4: http://sdkcga6306:82/FacilityLevels.aspx](1) %>

<% 16:31:14 Page[page_5: http://sdkcga6306:82/FacilityLevels.aspx](1) %>

<% 16:31:14 Page[page_6: http://sdkcga6306:82/FacilityLevels.aspx](1) %>

<% 16:31:29 Page[Facilities](1) %>

<% 16:32:16 Page[Confidentiality](1) %>

<% 16:32:25 Session(7) %>

<% 16:32:25 Page[page_1: http://sdkcga6306:82/Home.aspx](1) %>

<% 16:32:25 Connect %>
Connecting to remote host: sdkcga6306:82...

<% 16:32:26 Image %>

<% 16:32:26 Image %>

<% 16:32:32 Image %>

<% 16:32:42 Image %>

<% 16:32:42 Image %>

<% 16:32:42 Image %>

<% 16:32:42 Image %>

<% 16:32:42 Image %>

<% 16:32:42 Image %>

<% 16:32:42 Image %>

<% 16:32:42 Image %>

<% 16:32:42 Image %>

<% 16:32:42 Image %>

<% 16:32:42 Image %>

<% 16:32:42 Image %>

<% 16:32:42 Image %>

<% 16:32:42 Image %>

<% 16:32:42 Image %>

<% 16:32:42 Image %>

<% 16:32:42 Image %>

<% 16:32:42 Image %>

<% 16:32:42 Image %>

<% 16:32:42 Image %>

<% 16:32:42 Image %>

<% 16:32:42 Image %>

<% 16:32:42 Image %>

<% 16:32:42 Image %>

<% 16:32:42 Image %>

<% 16:32:42 Image %>

<% 16:32:42 Image %>

<% 16:32:42 Image %>

<% 16:32:42 Image %>

<% 16:32:42 Image %>

<% 16:32:42 Image %>

<% 16:32:42 Image %>

<% 16:32:42 Page[page_2: http://sdkcga6306:82/Home.aspx](1) %>

<% 16:32:42 Page[page_3: http://sdkcga6306:82/FacilityLevels.aspx](1) %>

<% 16:32:42 Image %>

<% 16:32:42 Image %>

<% 16:32:43 Image %>

<% 16:32:43 Image %>

<% 16:32:43 Image %>

<% 16:32:48 Image %>

<% 16:32:54 Image %>

<% 16:33:02 Image %>

<% 16:33:02 Image %>

<% 16:33:02 Image %>

<% 16:33:02 Image %>

<% 16:33:02 Image %>

<% 16:33:02 Image %>

<% 16:33:02 Image %>

<% 16:33:02 Image %>

<% 16:33:02 Image %>

<% 16:33:02 Image %>

<% 16:33:02 Image %>

<% 16:33:02 Image %>

<% 16:33:02 Image %>

<% 16:33:02 Image %>

<% 16:33:02 Image %>

<% 16:33:02 Image %>

<% 16:33:02 Image %>

<% 16:33:02 Image %>

<% 16:33:02 Image %>

<% 16:33:02 Image %>

<% 16:33:02 Image %>

<% 16:33:02 Image %>

<% 16:33:02 Image %>

<% 16:33:02 Image %>

<% 16:33:02 Image %>

<% 16:33:02 Image %>

<% 16:33:02 Image %>

<% 16:33:02 Image %>

<% 16:33:02 Image %>

<% 16:33:02 Image %>

<% 16:33:02 Image %>

<% 16:33:02 Image %>

<% 16:33:02 Image %>

<% 16:33:02 Image %>

<% 16:33:02 Image %>

<% 16:33:02 Image %>

<% 16:33:02 Image %>

<% 16:33:02 Image %>

<% 16:33:02 Image %>

<% 16:33:02 Page[page_4: http://sdkcga6306:82/FacilityLevels.aspx](1) %>

<% 16:33:03 Page[page_5: http://sdkcga6306:82/FacilityLevels.aspx](1) %>

<% 16:33:03 Page[page_6: http://sdkcga6306:82/FacilityLevels.aspx](1) %>

<% 16:33:04 Page[Facilities](1) %>

<% 16:33:41 Page[Confidentiality](1) %>

<% 16:33:49 Session(8) %>

<% 16:33:49 Page[page_1: http://sdkcga6306:82/Home.aspx](1) %>

<% 16:33:49 Connect %>
Connecting to remote host: sdkcga6306:82...

<% 16:33:50 Image %>

<% 16:33:50 Image %>

<% 16:33:50 Image %>

<% 16:33:50 Image %>

<% 16:33:50 Image %>

<% 16:33:50 Image %>

<% 16:33:50 Image %>

<% 16:33:50 Image %>

<% 16:33:50 Image %>

<% 16:33:50 Image %>

<% 16:33:50 Image %>

<% 16:33:50 Image %>

<% 16:33:50 Image %>

<% 16:33:50 Image %>

<% 16:33:50 Image %>

<% 16:33:50 Image %>

<% 16:33:50 Image %>

<% 16:33:50 Image %>

<% 16:33:50 Image %>

<% 16:33:50 Image %>

<% 16:33:50 Image %>

<% 16:33:50 Image %>

<% 16:33:50 Image %>

<% 16:33:50 Image %>

<% 16:33:50 Image %>

<% 16:33:50 Image %>

<% 16:33:50 Image %>

<% 16:33:50 Image %>

<% 16:33:50 Image %>

<% 16:33:50 Image %>

<% 16:33:50 Image %>

<% 16:33:50 Image %>

<% 16:33:50 Image %>

<% 16:33:50 Image %>

<% 16:33:50 Image %>

<% 16:33:50 Page[page_2: http://sdkcga6306:82/Home.aspx](1) %>

<% 16:33:50 Page[page_3: http://sdkcga6306:82/FacilityLevels.aspx](1) %>

<% 16:33:50 Image %>

<% 16:33:50 Image %>

<% 16:33:51 Image %>

<% 16:33:51 Image %>

<% 16:33:51 Image %>

<% 16:34:05 Image %>

<% 16:34:11 Image %>

<% 16:34:24 Image %>

<% 16:34:24 Image %>

<% 16:34:24 Image %>

<% 16:34:24 Image %>

<% 16:34:24 Image %>

<% 16:34:24 Image %>

<% 16:34:24 Image %>

<% 16:34:24 Image %>

<% 16:34:24 Image %>

<% 16:34:24 Image %>

<% 16:34:24 Image %>

<% 16:34:24 Image %>

<% 16:34:24 Image %>

<% 16:34:24 Image %>

<% 16:34:24 Image %>

<% 16:34:24 Image %>

<% 16:34:24 Image %>

<% 16:34:24 Image %>

<% 16:34:24 Image %>

<% 16:34:24 Image %>

<% 16:34:24 Image %>

<% 16:34:24 Image %>

<% 16:34:24 Image %>

<% 16:34:24 Image %>

<% 16:34:24 Image %>

<% 16:34:24 Image %>

<% 16:34:24 Image %>

<% 16:34:24 Image %>

<% 16:34:24 Image %>

<% 16:34:24 Image %>

<% 16:34:24 Image %>

<% 16:34:24 Image %>

<% 16:34:25 Image %>

<% 16:34:25 Image %>

<% 16:34:25 Image %>

<% 16:34:25 Image %>

<% 16:34:25 Image %>

<% 16:34:25 Image %>

<% 16:34:25 Image %>

<% 16:34:25 Page[page_4: http://sdkcga6306:82/FacilityLevels.aspx](1) %>

<% 16:34:45 Page[page_5: http://sdkcga6306:82/FacilityLevels.aspx](1) %>

<% 16:34:46 Page[page_6: http://sdkcga6306:82/FacilityLevels.aspx](1) %>

<% 16:34:47 Page[Facilities](1) %>

<% 16:35:23 Page[Confidentiality](1) %>

<% 16:35:30 Session(9) %>

<% 16:35:30 Page[page_1: http://sdkcga6306:82/Home.aspx](1) %>

<% 16:35:30 Connect %>
Connecting to remote host: sdkcga6306:82...

<% 16:35:54 Image %>

<% 16:35:54 Image %>

<% 16:35:57 Image %>

<% 16:35:57 Image %>

<% 16:35:57 Image %>

<% 16:35:57 Image %>

<% 16:35:57 Image %>

<% 16:35:57 Image %>

<% 16:35:57 Image %>

<% 16:35:57 Image %>

<% 16:35:57 Image %>

<% 16:35:57 Image %>

<% 16:35:57 Image %>

<% 16:35:57 Image %>

<% 16:35:57 Image %>

<% 16:35:57 Image %>

<% 16:35:57 Image %>

<% 16:35:57 Image %>

<% 16:35:57 Image %>

<% 16:35:57 Image %>

<% 16:35:57 Image %>

<% 16:35:57 Image %>

<% 16:35:57 Image %>

<% 16:35:57 Image %>

<% 16:35:57 Image %>

<% 16:35:57 Image %>

<% 16:35:57 Image %>

<% 16:35:57 Image %>

<% 16:35:57 Image %>

<% 16:35:57 Image %>

<% 16:35:57 Image %>

<% 16:35:57 Image %>

<% 16:35:57 Image %>

<% 16:35:57 Image %>

<% 16:35:57 Image %>

<% 16:35:58 Page[page_2: http://sdkcga6306:82/Home.aspx](1) %>

<% 16:36:02 Page[page_3: http://sdkcga6306:82/FacilityLevels.aspx](1) %>

<% 16:36:19 Image %>

<% 16:36:19 Image %>

<% 16:36:19 Image %>

<% 16:36:19 Image %>

<% 16:36:19 Image %>

<% 16:36:19 Image %>

<% 16:36:19 Image %>

<% 16:36:19 Image %>

<% 16:36:19 Image %>

<% 16:36:19 Image %>

<% 16:36:19 Image %>

<% 16:36:19 Image %>

<% 16:36:19 Image %>

<% 16:36:19 Image %>

<% 16:36:19 Image %>

<% 16:36:19 Image %>

<% 16:36:19 Image %>

<% 16:36:19 Image %>

<% 16:36:19 Image %>

<% 16:36:19 Image %>

<% 16:36:19 Image %>

<% 16:36:19 Image %>

<% 16:36:19 Image %>

<% 16:36:19 Image %>

<% 16:36:19 Image %>

<% 16:36:19 Image %>

<% 16:36:19 Image %>

<% 16:36:19 Image %>

<% 16:36:19 Image %>

<% 16:36:19 Image %>

<% 16:36:19 Image %>

<% 16:36:19 Image %>

<% 16:36:19 Image %>

<% 16:36:19 Image %>

<% 16:36:19 Image %>

<% 16:36:19 Image %>

<% 16:36:19 Image %>

<% 16:36:19 Image %>

<% 16:36:19 Image %>

<% 16:36:19 Image %>

<% 16:36:19 Image %>

<% 16:36:19 Image %>

<% 16:36:19 Image %>

<% 16:36:19 Image %>

<% 16:36:19 Image %>

<% 16:36:19 Image %>

<% 16:36:19 Page[page_4: http://sdkcga6306:82/FacilityLevels.aspx](1) %>

<% 16:36:20 Page[page_5: http://sdkcga6306:82/FacilityLevels.aspx](1) %>

<% 16:36:20 Page[page_6: http://sdkcga6306:82/FacilityLevels.aspx](1) %>

<% 16:36:20 Page[Facilities](1) %>

<% 16:36:59 Page[Confidentiality](1) %>
