
<% 16:22:25 Header %>
Server: [127.0.0.1] LDK100296.wsatkins.com
Client: [127.0.0.1] LDK100296.wsatkins.com
Profile: FacilityLevel_6306_User.wpp
Profile name: FacilityLevel_6306_User

<% 16:22:25 Session(1) %>

<% 16:22:25 Page[page_1: http://sdkcga6306:82/Home.aspx](1) %>

<% 16:22:25 Connect %>
Connecting to remote host: sdkcga6306:82...

<% 16:22:26 Image %>

<% 16:22:26 Image %>

<% 16:22:26 Image %>

<% 16:22:26 Image %>

<% 16:22:26 Image %>

<% 16:22:26 Image %>

<% 16:22:26 Image %>

<% 16:22:26 Image %>

<% 16:22:26 Image %>

<% 16:22:26 Image %>

<% 16:22:26 Image %>

<% 16:22:26 Image %>

<% 16:22:26 Image %>

<% 16:22:26 Image %>

<% 16:22:26 Image %>

<% 16:22:26 Image %>

<% 16:22:26 Image %>

<% 16:22:26 Image %>

<% 16:22:26 Image %>

<% 16:22:26 Image %>

<% 16:22:26 Image %>

<% 16:22:26 Image %>

<% 16:22:26 Image %>

<% 16:22:26 Image %>

<% 16:22:26 Image %>

<% 16:22:26 Image %>

<% 16:22:26 Image %>

<% 16:22:26 Image %>

<% 16:22:26 Image %>

<% 16:22:26 Image %>

<% 16:22:26 Image %>

<% 16:22:26 Image %>

<% 16:22:26 Image %>

<% 16:22:26 Image %>

<% 16:22:26 Image %>

<% 16:22:26 Page[page_2: http://sdkcga6306:82/Home.aspx](1) %>

<% 16:22:26 Page[page_3: http://sdkcga6306:82/FacilityLevels.aspx](1) %>

<% 16:22:26 Image %>

<% 16:22:26 Image %>

<% 16:22:26 Image %>

<% 16:22:26 Image %>

<% 16:22:26 Image %>

<% 16:22:26 Image %>

<% 16:22:26 Image %>

<% 16:22:27 Image %>

<% 16:22:27 Image %>

<% 16:22:27 Image %>

<% 16:22:27 Image %>

<% 16:22:27 Image %>

<% 16:22:27 Image %>

<% 16:22:27 Image %>

<% 16:22:27 Image %>

<% 16:22:27 Image %>

<% 16:22:27 Image %>

<% 16:22:27 Image %>

<% 16:22:27 Image %>

<% 16:22:27 Image %>

<% 16:22:27 Image %>

<% 16:22:27 Image %>

<% 16:22:27 Image %>

<% 16:22:27 Image %>

<% 16:22:27 Image %>

<% 16:22:27 Image %>

<% 16:22:27 Image %>

<% 16:22:27 Image %>

<% 16:22:27 Image %>

<% 16:22:27 Image %>

<% 16:22:27 Image %>

<% 16:22:27 Image %>

<% 16:22:27 Image %>

<% 16:22:27 Image %>

<% 16:22:27 Image %>

<% 16:22:27 Image %>

<% 16:22:27 Image %>

<% 16:22:27 Image %>

<% 16:22:27 Image %>

<% 16:22:27 Image %>

<% 16:22:27 Image %>

<% 16:22:27 Image %>

<% 16:22:27 Image %>

<% 16:22:27 Image %>

<% 16:22:27 Image %>

<% 16:22:27 Image %>

<% 16:22:27 Page[page_4: http://sdkcga6306:82/FacilityLevels.aspx](1) %>

<% 16:22:27 Page[page_5: http://sdkcga6306:82/FacilityLevels.aspx](1) %>

<% 16:22:27 Page[page_6: http://sdkcga6306:82/FacilityLevels.aspx](1) %>

<% 16:22:31 Page[Facilities](1) %>

<% 16:22:52 Page[Confidentiality](1) %>

<% 16:22:56 Session(2) %>

<% 16:22:56 Page[page_1: http://sdkcga6306:82/Home.aspx](1) %>

<% 16:22:56 Connect %>
Connecting to remote host: sdkcga6306:82...

<% 16:22:57 Image %>

<% 16:22:57 Image %>

<% 16:22:57 Image %>

<% 16:22:57 Image %>

<% 16:22:57 Image %>

<% 16:22:57 Image %>

<% 16:22:57 Image %>

<% 16:22:57 Image %>

<% 16:22:57 Image %>

<% 16:22:57 Image %>

<% 16:22:57 Image %>

<% 16:22:57 Image %>

<% 16:22:57 Image %>

<% 16:22:57 Image %>

<% 16:22:57 Image %>

<% 16:22:57 Image %>

<% 16:22:57 Image %>

<% 16:22:57 Image %>

<% 16:22:57 Image %>

<% 16:22:57 Image %>

<% 16:22:57 Image %>

<% 16:22:57 Image %>

<% 16:22:57 Image %>

<% 16:22:57 Image %>

<% 16:22:57 Image %>

<% 16:22:57 Image %>

<% 16:22:57 Image %>

<% 16:22:57 Image %>

<% 16:22:57 Image %>

<% 16:22:57 Image %>

<% 16:22:57 Image %>

<% 16:22:57 Image %>

<% 16:22:57 Image %>

<% 16:22:57 Image %>

<% 16:22:57 Image %>

<% 16:22:57 Page[page_2: http://sdkcga6306:82/Home.aspx](1) %>

<% 16:22:57 Page[page_3: http://sdkcga6306:82/FacilityLevels.aspx](1) %>

<% 16:22:58 Image %>

<% 16:22:58 Image %>

<% 16:22:58 Image %>

<% 16:22:58 Image %>

<% 16:22:58 Image %>

<% 16:22:58 Image %>

<% 16:22:58 Image %>

<% 16:22:58 Image %>

<% 16:22:58 Image %>

<% 16:22:58 Image %>

<% 16:22:58 Image %>

<% 16:22:58 Image %>

<% 16:22:58 Image %>

<% 16:22:58 Image %>

<% 16:22:58 Image %>

<% 16:22:58 Image %>

<% 16:22:58 Image %>

<% 16:22:58 Image %>

<% 16:22:58 Image %>

<% 16:22:58 Image %>

<% 16:22:58 Image %>

<% 16:22:58 Image %>

<% 16:22:58 Image %>

<% 16:22:58 Image %>

<% 16:22:58 Image %>

<% 16:22:58 Image %>

<% 16:22:58 Image %>

<% 16:22:58 Image %>

<% 16:22:58 Image %>

<% 16:22:58 Image %>

<% 16:22:58 Image %>

<% 16:22:58 Image %>

<% 16:22:58 Image %>

<% 16:22:58 Image %>

<% 16:22:58 Image %>

<% 16:22:58 Image %>

<% 16:22:58 Image %>

<% 16:22:58 Image %>

<% 16:22:58 Image %>

<% 16:22:58 Image %>

<% 16:22:58 Image %>

<% 16:22:58 Image %>

<% 16:22:58 Image %>

<% 16:22:58 Image %>

<% 16:22:58 Image %>

<% 16:22:58 Image %>

<% 16:22:58 Page[page_4: http://sdkcga6306:82/FacilityLevels.aspx](1) %>

<% 16:22:58 Page[page_5: http://sdkcga6306:82/FacilityLevels.aspx](1) %>

<% 16:22:58 Page[page_6: http://sdkcga6306:82/FacilityLevels.aspx](1) %>

<% 16:22:58 Page[Facilities](1) %>

<% 16:23:32 Page[Confidentiality](1) %>

<% 16:23:42 Session(3) %>

<% 16:23:42 Page[page_1: http://sdkcga6306:82/Home.aspx](1) %>

<% 16:23:42 Connect %>
Connecting to remote host: sdkcga6306:82...

<% 16:23:42 Image %>

<% 16:23:43 Image %>

<% 16:23:43 Image %>

<% 16:23:43 Image %>

<% 16:23:43 Image %>

<% 16:23:43 Image %>

<% 16:23:43 Image %>

<% 16:23:43 Image %>

<% 16:23:43 Image %>

<% 16:23:43 Image %>

<% 16:23:43 Image %>

<% 16:23:43 Image %>

<% 16:23:43 Image %>

<% 16:23:43 Image %>

<% 16:23:43 Image %>

<% 16:23:43 Image %>

<% 16:23:43 Image %>

<% 16:23:43 Image %>

<% 16:23:43 Image %>

<% 16:23:43 Image %>

<% 16:23:43 Image %>

<% 16:23:43 Image %>

<% 16:23:43 Image %>

<% 16:23:43 Image %>

<% 16:23:43 Image %>

<% 16:23:43 Image %>

<% 16:23:43 Image %>

<% 16:23:43 Image %>

<% 16:23:43 Image %>

<% 16:23:43 Image %>

<% 16:23:43 Image %>

<% 16:23:43 Image %>

<% 16:23:43 Image %>

<% 16:23:43 Image %>

<% 16:23:43 Image %>

<% 16:23:43 Page[page_2: http://sdkcga6306:82/Home.aspx](1) %>

<% 16:23:43 Page[page_3: http://sdkcga6306:82/FacilityLevels.aspx](1) %>

<% 16:23:43 Image %>

<% 16:23:43 Image %>

<% 16:23:43 Image %>

<% 16:23:43 Image %>

<% 16:23:43 Image %>

<% 16:23:43 Image %>

<% 16:23:43 Image %>

<% 16:23:43 Image %>

<% 16:23:43 Image %>

<% 16:23:43 Image %>

<% 16:23:43 Image %>

<% 16:23:43 Image %>

<% 16:23:43 Image %>

<% 16:23:43 Image %>

<% 16:23:43 Image %>

<% 16:23:43 Image %>

<% 16:23:43 Image %>

<% 16:23:43 Image %>

<% 16:23:43 Image %>

<% 16:23:43 Image %>

<% 16:23:43 Image %>

<% 16:23:43 Image %>

<% 16:23:43 Image %>

<% 16:23:43 Image %>

<% 16:23:43 Image %>

<% 16:23:43 Image %>

<% 16:23:43 Image %>

<% 16:23:43 Image %>

<% 16:23:43 Image %>

<% 16:23:43 Image %>

<% 16:23:43 Image %>

<% 16:23:43 Image %>

<% 16:23:43 Image %>

<% 16:23:43 Image %>

<% 16:23:43 Image %>

<% 16:23:43 Image %>

<% 16:23:43 Image %>

<% 16:23:43 Image %>

<% 16:23:43 Image %>

<% 16:23:43 Image %>

<% 16:23:43 Image %>

<% 16:23:43 Image %>

<% 16:23:43 Image %>

<% 16:23:43 Image %>

<% 16:23:43 Image %>

<% 16:23:43 Image %>

<% 16:23:43 Page[page_4: http://sdkcga6306:82/FacilityLevels.aspx](1) %>

<% 16:23:47 Page[page_5: http://sdkcga6306:82/FacilityLevels.aspx](1) %>

<% 16:23:47 Page[page_6: http://sdkcga6306:82/FacilityLevels.aspx](1) %>

<% 16:23:47 Page[Facilities](1) %>

<% 16:24:24 Page[Confidentiality](1) %>

<% 16:24:31 Session(4) %>

<% 16:24:31 Page[page_1: http://sdkcga6306:82/Home.aspx](1) %>

<% 16:24:31 Connect %>
Connecting to remote host: sdkcga6306:82...

<% 16:24:31 Image %>

<% 16:24:31 Image %>

<% 16:24:31 Image %>

<% 16:24:31 Image %>

<% 16:24:31 Image %>

<% 16:24:31 Image %>

<% 16:24:31 Image %>

<% 16:24:31 Image %>

<% 16:24:31 Image %>

<% 16:24:31 Image %>

<% 16:24:32 Image %>

<% 16:24:32 Image %>

<% 16:24:32 Image %>

<% 16:24:32 Image %>

<% 16:24:32 Image %>

<% 16:24:32 Image %>

<% 16:24:32 Image %>

<% 16:24:32 Image %>

<% 16:24:32 Image %>

<% 16:24:32 Image %>

<% 16:24:32 Image %>

<% 16:24:32 Image %>

<% 16:24:32 Image %>

<% 16:24:32 Image %>

<% 16:24:32 Image %>

<% 16:24:32 Image %>

<% 16:24:32 Image %>

<% 16:24:32 Image %>

<% 16:24:32 Image %>

<% 16:24:32 Image %>

<% 16:24:32 Image %>

<% 16:24:32 Image %>

<% 16:24:32 Image %>

<% 16:24:32 Image %>

<% 16:24:32 Image %>

<% 16:24:32 Page[page_2: http://sdkcga6306:82/Home.aspx](1) %>

<% 16:24:38 Page[page_3: http://sdkcga6306:82/FacilityLevels.aspx](1) %>

<% 16:24:39 Image %>

<% 16:24:39 Image %>

<% 16:24:39 Image %>

<% 16:24:39 Image %>

<% 16:24:39 Image %>

<% 16:24:39 Image %>

<% 16:24:39 Image %>

<% 16:24:39 Image %>

<% 16:24:39 Image %>

<% 16:24:39 Image %>

<% 16:24:39 Image %>

<% 16:24:39 Image %>

<% 16:24:39 Image %>

<% 16:24:39 Image %>

<% 16:24:39 Image %>

<% 16:24:39 Image %>

<% 16:24:39 Image %>

<% 16:24:39 Image %>

<% 16:24:39 Image %>

<% 16:24:39 Image %>

<% 16:24:39 Image %>

<% 16:24:39 Image %>

<% 16:24:39 Image %>

<% 16:24:39 Image %>

<% 16:24:39 Image %>

<% 16:24:39 Image %>

<% 16:24:39 Image %>

<% 16:24:39 Image %>

<% 16:24:39 Image %>

<% 16:24:39 Image %>

<% 16:24:39 Image %>

<% 16:24:39 Image %>

<% 16:24:39 Image %>

<% 16:24:39 Image %>

<% 16:24:39 Image %>

<% 16:24:39 Image %>

<% 16:24:39 Image %>

<% 16:24:39 Image %>

<% 16:24:39 Image %>

<% 16:24:39 Image %>

<% 16:24:39 Image %>

<% 16:24:39 Image %>

<% 16:24:39 Image %>

<% 16:24:39 Image %>

<% 16:24:39 Image %>

<% 16:24:39 Image %>

<% 16:24:39 Page[page_4: http://sdkcga6306:82/FacilityLevels.aspx](1) %>

<% 16:24:39 Page[page_5: http://sdkcga6306:82/FacilityLevels.aspx](1) %>

<% 16:24:39 Page[page_6: http://sdkcga6306:82/FacilityLevels.aspx](1) %>

<% 16:24:40 Page[Facilities](1) %>

<% 16:25:16 Page[Confidentiality](1) %>

<% 16:25:25 Session(5) %>

<% 16:25:25 Page[page_1: http://sdkcga6306:82/Home.aspx](1) %>

<% 16:25:25 Connect %>
Connecting to remote host: sdkcga6306:82...

<% 16:25:26 Image %>

<% 16:25:26 Image %>

<% 16:25:26 Image %>

<% 16:25:26 Image %>

<% 16:25:26 Image %>

<% 16:25:26 Image %>

<% 16:25:26 Image %>

<% 16:25:26 Image %>

<% 16:25:26 Image %>

<% 16:25:26 Image %>

<% 16:25:26 Image %>

<% 16:25:26 Image %>

<% 16:25:26 Image %>

<% 16:25:26 Image %>

<% 16:25:26 Image %>

<% 16:25:26 Image %>

<% 16:25:26 Image %>

<% 16:25:26 Image %>

<% 16:25:26 Image %>

<% 16:25:26 Image %>

<% 16:25:26 Image %>

<% 16:25:26 Image %>

<% 16:25:26 Image %>

<% 16:25:26 Image %>

<% 16:25:26 Image %>

<% 16:25:26 Image %>

<% 16:25:26 Image %>

<% 16:25:26 Image %>

<% 16:25:26 Image %>

<% 16:25:27 Image %>

<% 16:25:27 Image %>

<% 16:25:27 Image %>

<% 16:25:27 Image %>

<% 16:25:27 Image %>

<% 16:25:27 Image %>

<% 16:25:27 Page[page_2: http://sdkcga6306:82/Home.aspx](1) %>

<% 16:25:29 Page[page_3: http://sdkcga6306:82/FacilityLevels.aspx](1) %>

<% 16:25:31 Image %>

<% 16:25:31 Image %>

<% 16:25:31 Image %>

<% 16:25:31 Image %>

<% 16:25:32 Image %>

<% 16:25:35 Image %>

<% 16:25:35 Image %>

<% 16:25:35 Image %>

<% 16:25:35 Image %>

<% 16:25:38 Image %>

<% 16:25:38 Image %>

<% 16:25:38 Image %>

<% 16:25:38 Image %>

<% 16:25:38 Image %>

<% 16:25:38 Image %>

<% 16:25:38 Image %>

<% 16:25:38 Image %>

<% 16:25:38 Image %>

<% 16:25:38 Image %>

<% 16:25:38 Image %>

<% 16:25:38 Image %>

<% 16:25:38 Image %>

<% 16:25:38 Image %>

<% 16:25:38 Image %>

<% 16:25:38 Image %>

<% 16:25:38 Image %>

<% 16:25:38 Image %>

<% 16:25:38 Image %>

<% 16:25:38 Image %>

<% 16:25:38 Image %>

<% 16:25:38 Image %>

<% 16:25:38 Image %>

<% 16:25:38 Image %>

<% 16:25:38 Image %>

<% 16:25:38 Image %>

<% 16:25:38 Image %>

<% 16:25:38 Image %>

<% 16:25:38 Image %>

<% 16:25:38 Image %>

<% 16:25:39 Image %>

<% 16:25:39 Image %>

<% 16:25:39 Image %>

<% 16:25:39 Image %>

<% 16:25:39 Image %>

<% 16:25:39 Image %>

<% 16:25:39 Image %>

<% 16:25:39 Page[page_4: http://sdkcga6306:82/FacilityLevels.aspx](1) %>

<% 16:25:39 Page[page_5: http://sdkcga6306:82/FacilityLevels.aspx](1) %>

<% 16:25:39 Page[page_6: http://sdkcga6306:82/FacilityLevels.aspx](1) %>

<% 16:25:39 Page[Facilities](1) %>

<% 16:26:05 Page[Confidentiality](1) %>

<% 16:26:20 Session(6) %>

<% 16:26:20 Page[page_1: http://sdkcga6306:82/Home.aspx](1) %>

<% 16:26:20 Connect %>
Connecting to remote host: sdkcga6306:82...

<% 16:26:21 Image %>

<% 16:26:21 Image %>

<% 16:26:21 Image %>

<% 16:26:21 Image %>

<% 16:26:21 Image %>

<% 16:26:21 Image %>

<% 16:26:21 Image %>

<% 16:26:21 Image %>

<% 16:26:21 Image %>

<% 16:26:25 Image %>

<% 16:26:30 Image %>

<% 16:26:36 Image %>

<% 16:26:36 Image %>

<% 16:26:36 Image %>

<% 16:26:36 Image %>

<% 16:26:36 Image %>

<% 16:26:36 Image %>

<% 16:26:36 Image %>

<% 16:26:36 Image %>

<% 16:26:36 Image %>

<% 16:26:36 Image %>

<% 16:26:36 Image %>

<% 16:26:36 Image %>

<% 16:26:36 Image %>

<% 16:26:36 Image %>

<% 16:26:36 Image %>

<% 16:26:36 Image %>

<% 16:26:36 Image %>

<% 16:26:36 Image %>

<% 16:26:36 Image %>

<% 16:26:36 Image %>

<% 16:26:36 Image %>

<% 16:26:36 Image %>

<% 16:26:36 Image %>

<% 16:26:36 Image %>

<% 16:26:36 Page[page_2: http://sdkcga6306:82/Home.aspx](1) %>

<% 16:26:37 Page[page_3: http://sdkcga6306:82/FacilityLevels.aspx](1) %>

<% 16:26:37 Image %>

<% 16:26:37 Image %>

<% 16:26:37 Image %>

<% 16:26:37 Image %>

<% 16:26:37 Image %>

<% 16:26:37 Image %>

<% 16:26:37 Image %>

<% 16:26:37 Image %>

<% 16:26:37 Image %>

<% 16:26:37 Image %>

<% 16:26:37 Image %>

<% 16:26:37 Image %>

<% 16:26:37 Image %>

<% 16:26:37 Image %>

<% 16:26:37 Image %>

<% 16:26:37 Image %>

<% 16:26:37 Image %>

<% 16:26:37 Image %>

<% 16:26:37 Image %>

<% 16:26:37 Image %>

<% 16:26:37 Image %>

<% 16:26:37 Image %>

<% 16:26:37 Image %>

<% 16:26:37 Image %>

<% 16:26:37 Image %>

<% 16:26:37 Image %>

<% 16:26:37 Image %>

<% 16:26:37 Image %>

<% 16:26:37 Image %>

<% 16:26:37 Image %>

<% 16:26:37 Image %>

<% 16:26:37 Image %>

<% 16:26:37 Image %>

<% 16:26:37 Image %>

<% 16:26:37 Image %>

<% 16:26:37 Image %>

<% 16:26:37 Image %>

<% 16:26:37 Image %>

<% 16:26:37 Image %>

<% 16:26:37 Image %>

<% 16:26:37 Image %>

<% 16:26:37 Image %>

<% 16:26:37 Image %>

<% 16:26:37 Image %>

<% 16:26:37 Image %>

<% 16:26:37 Image %>

<% 16:26:37 Page[page_4: http://sdkcga6306:82/FacilityLevels.aspx](1) %>

<% 16:26:37 Page[page_5: http://sdkcga6306:82/FacilityLevels.aspx](1) %>

<% 16:26:38 Page[page_6: http://sdkcga6306:82/FacilityLevels.aspx](1) %>

<% 16:26:38 Page[Facilities](1) %>

<% 16:27:14 Page[Confidentiality](1) %>

<% 16:27:27 Session(7) %>

<% 16:27:27 Page[page_1: http://sdkcga6306:82/Home.aspx](1) %>

<% 16:27:27 Connect %>
Connecting to remote host: sdkcga6306:82...

<% 16:27:36 Image %>

<% 16:27:36 Image %>

<% 16:27:40 Image %>

<% 16:27:44 Image %>

<% 16:27:44 Image %>

<% 16:27:44 Image %>

<% 16:27:44 Image %>

<% 16:27:44 Image %>

<% 16:27:44 Image %>

<% 16:27:44 Image %>

<% 16:27:44 Image %>

<% 16:27:45 Image %>

<% 16:27:45 Image %>

<% 16:27:45 Image %>

<% 16:27:45 Image %>

<% 16:27:45 Image %>

<% 16:27:45 Image %>

<% 16:27:45 Image %>

<% 16:27:45 Image %>

<% 16:27:45 Image %>

<% 16:27:45 Image %>

<% 16:27:45 Image %>

<% 16:27:45 Image %>

<% 16:27:45 Image %>

<% 16:27:45 Image %>

<% 16:27:45 Image %>

<% 16:27:45 Image %>

<% 16:27:45 Image %>

<% 16:27:45 Image %>

<% 16:27:45 Image %>

<% 16:27:45 Image %>

<% 16:27:45 Image %>

<% 16:27:45 Image %>

<% 16:27:45 Image %>

<% 16:27:45 Image %>

<% 16:27:45 Page[page_2: http://sdkcga6306:82/Home.aspx](1) %>

<% 16:27:45 Page[page_3: http://sdkcga6306:82/FacilityLevels.aspx](1) %>

<% 16:27:45 Image %>

<% 16:27:45 Image %>

<% 16:27:46 Image %>

<% 16:27:46 Image %>

<% 16:27:46 Image %>

<% 16:27:46 Image %>

<% 16:27:46 Image %>

<% 16:27:46 Image %>

<% 16:27:46 Image %>

<% 16:27:46 Image %>

<% 16:27:46 Image %>

<% 16:27:46 Image %>

<% 16:27:46 Image %>

<% 16:27:46 Image %>

<% 16:27:46 Image %>

<% 16:27:46 Image %>

<% 16:27:46 Image %>

<% 16:27:46 Image %>

<% 16:27:46 Image %>

<% 16:27:46 Image %>

<% 16:27:46 Image %>

<% 16:27:46 Image %>

<% 16:27:46 Image %>

<% 16:27:46 Image %>

<% 16:27:46 Image %>

<% 16:27:46 Image %>

<% 16:27:46 Image %>

<% 16:27:46 Image %>

<% 16:27:46 Image %>

<% 16:27:46 Image %>

<% 16:27:46 Image %>

<% 16:27:46 Image %>

<% 16:27:46 Image %>

<% 16:27:46 Image %>

<% 16:27:46 Image %>

<% 16:27:46 Image %>

<% 16:27:46 Image %>

<% 16:27:46 Image %>

<% 16:27:46 Image %>

<% 16:27:46 Image %>

<% 16:27:46 Image %>

<% 16:27:46 Image %>

<% 16:27:46 Image %>

<% 16:27:46 Image %>

<% 16:27:46 Image %>

<% 16:27:46 Image %>

<% 16:27:46 Page[page_4: http://sdkcga6306:82/FacilityLevels.aspx](1) %>

<% 16:27:47 Page[page_5: http://sdkcga6306:82/FacilityLevels.aspx](1) %>

<% 16:27:47 Page[page_6: http://sdkcga6306:82/FacilityLevels.aspx](1) %>

<% 16:27:53 Page[Facilities](1) %>

<% 16:28:44 Page[Confidentiality](1) %>

<% 16:29:12 Session(8) %>

<% 16:29:12 Page[page_1: http://sdkcga6306:82/Home.aspx](1) %>

<% 16:29:12 Connect %>
Connecting to remote host: sdkcga6306:82...

<% 16:29:34 Image %>

<% 16:29:34 Image %>

<% 16:29:38 Image %>

<% 16:29:38 Image %>

<% 16:29:38 Image %>

<% 16:29:38 Image %>

<% 16:29:38 Image %>

<% 16:29:38 Image %>

<% 16:29:38 Image %>

<% 16:29:38 Image %>

<% 16:29:38 Image %>

<% 16:29:38 Image %>

<% 16:29:38 Image %>

<% 16:29:38 Image %>

<% 16:29:38 Image %>

<% 16:29:38 Image %>

<% 16:29:38 Image %>

<% 16:29:38 Image %>

<% 16:29:38 Image %>

<% 16:29:38 Image %>

<% 16:29:38 Image %>

<% 16:29:38 Image %>

<% 16:29:38 Image %>

<% 16:29:38 Image %>

<% 16:29:38 Image %>

<% 16:29:38 Image %>

<% 16:29:38 Image %>

<% 16:29:38 Image %>

<% 16:29:38 Image %>

<% 16:29:38 Image %>

<% 16:29:38 Image %>

<% 16:29:38 Image %>

<% 16:29:38 Image %>

<% 16:29:38 Image %>

<% 16:29:38 Image %>

<% 16:29:38 Page[page_2: http://sdkcga6306:82/Home.aspx](1) %>

<% 16:29:40 Page[page_3: http://sdkcga6306:82/FacilityLevels.aspx](1) %>

<% 16:29:48 Image %>

<% 16:29:48 Image %>

<% 16:29:48 Image %>

<% 16:29:48 Image %>

<% 16:29:48 Image %>

<% 16:29:48 Image %>

<% 16:29:48 Image %>

<% 16:29:48 Image %>

<% 16:29:48 Image %>

<% 16:29:48 Image %>

<% 16:29:48 Image %>

<% 16:29:48 Image %>

<% 16:29:48 Image %>

<% 16:29:48 Image %>

<% 16:29:48 Image %>

<% 16:29:48 Image %>

<% 16:29:48 Image %>

<% 16:29:48 Image %>

<% 16:29:48 Image %>

<% 16:29:48 Image %>

<% 16:29:48 Image %>

<% 16:29:48 Image %>

<% 16:29:48 Image %>

<% 16:29:48 Image %>

<% 16:29:48 Image %>

<% 16:29:48 Image %>

<% 16:29:48 Image %>

<% 16:29:48 Image %>

<% 16:29:49 Image %>

<% 16:29:49 Image %>

<% 16:29:49 Image %>

<% 16:29:49 Image %>

<% 16:29:49 Image %>

<% 16:29:49 Image %>

<% 16:29:49 Image %>

<% 16:29:49 Image %>

<% 16:29:49 Image %>

<% 16:29:49 Image %>

<% 16:29:49 Image %>

<% 16:29:49 Image %>

<% 16:29:49 Image %>

<% 16:29:49 Image %>

<% 16:29:49 Image %>

<% 16:29:49 Image %>

<% 16:29:49 Image %>

<% 16:29:49 Image %>

<% 16:29:49 Page[page_4: http://sdkcga6306:82/FacilityLevels.aspx](1) %>

<% 16:29:49 Page[page_5: http://sdkcga6306:82/FacilityLevels.aspx](1) %>

<% 16:29:49 Page[page_6: http://sdkcga6306:82/FacilityLevels.aspx](1) %>

<% 16:29:50 Page[Facilities](1) %>

<% 16:30:38 Page[Confidentiality](1) %>

<% 16:30:42 Session(9) %>

<% 16:30:42 Page[page_1: http://sdkcga6306:82/Home.aspx](1) %>

<% 16:30:42 Connect %>
Connecting to remote host: sdkcga6306:82...

<% 16:30:59 Image %>

<% 16:30:59 Image %>

<% 16:31:07 Image %>

<% 16:31:11 Image %>

<% 16:31:11 Image %>

<% 16:31:11 Image %>

<% 16:31:11 Image %>

<% 16:31:11 Image %>

<% 16:31:11 Image %>

<% 16:31:11 Image %>

<% 16:31:11 Image %>

<% 16:31:11 Image %>

<% 16:31:11 Image %>

<% 16:31:11 Image %>

<% 16:31:11 Image %>

<% 16:31:11 Image %>

<% 16:31:11 Image %>

<% 16:31:11 Image %>

<% 16:31:11 Image %>

<% 16:31:11 Image %>

<% 16:31:11 Image %>

<% 16:31:11 Image %>

<% 16:31:11 Image %>

<% 16:31:11 Image %>

<% 16:31:11 Image %>

<% 16:31:11 Image %>

<% 16:31:11 Image %>

<% 16:31:11 Image %>

<% 16:31:11 Image %>

<% 16:31:11 Image %>

<% 16:31:11 Image %>

<% 16:31:11 Image %>

<% 16:31:11 Image %>

<% 16:31:11 Image %>

<% 16:31:12 Image %>

<% 16:31:12 Page[page_2: http://sdkcga6306:82/Home.aspx](1) %>

<% 16:31:13 Page[page_3: http://sdkcga6306:82/FacilityLevels.aspx](1) %>

<% 16:31:34 Image %>

<% 16:31:34 Image %>

<% 16:31:34 Image %>

<% 16:31:35 Image %>

<% 16:31:35 Image %>

<% 16:31:35 Image %>

<% 16:31:35 Image %>

<% 16:31:35 Image %>

<% 16:31:35 Image %>

<% 16:31:35 Image %>

<% 16:31:35 Image %>

<% 16:31:35 Image %>

<% 16:31:35 Image %>

<% 16:31:35 Image %>

<% 16:31:35 Image %>

<% 16:31:35 Image %>

<% 16:31:35 Image %>

<% 16:31:35 Image %>

<% 16:31:35 Image %>

<% 16:31:35 Image %>

<% 16:31:35 Image %>

<% 16:31:35 Image %>

<% 16:31:35 Image %>

<% 16:31:35 Image %>

<% 16:31:35 Image %>

<% 16:31:35 Image %>

<% 16:31:35 Image %>

<% 16:31:35 Image %>

<% 16:31:35 Image %>

<% 16:31:35 Image %>

<% 16:31:35 Image %>

<% 16:31:35 Image %>

<% 16:31:35 Image %>

<% 16:31:35 Image %>

<% 16:31:35 Image %>

<% 16:31:35 Image %>

<% 16:31:35 Image %>

<% 16:31:35 Image %>

<% 16:31:35 Image %>

<% 16:31:35 Image %>

<% 16:31:35 Image %>

<% 16:31:35 Image %>

<% 16:31:35 Image %>

<% 16:31:35 Image %>

<% 16:31:35 Image %>

<% 16:31:35 Image %>

<% 16:31:35 Page[page_4: http://sdkcga6306:82/FacilityLevels.aspx](1) %>

<% 16:31:35 Page[page_5: http://sdkcga6306:82/FacilityLevels.aspx](1) %>

<% 16:31:36 Page[page_6: http://sdkcga6306:82/FacilityLevels.aspx](1) %>

<% 16:31:36 Page[Facilities](1) %>

<% 16:32:23 Page[Confidentiality](1) %>

<% 16:32:29 Session(10) %>

<% 16:32:29 Page[page_1: http://sdkcga6306:82/Home.aspx](1) %>

<% 16:32:29 Connect %>
Connecting to remote host: sdkcga6306:82...

<% 16:32:42 Image %>

<% 16:32:42 Image %>

<% 16:32:42 Image %>

<% 16:32:42 Image %>

<% 16:32:42 Image %>

<% 16:32:42 Image %>

<% 16:32:42 Image %>

<% 16:32:42 Image %>

<% 16:32:42 Image %>

<% 16:32:42 Image %>

<% 16:32:42 Image %>

<% 16:32:42 Image %>

<% 16:32:42 Image %>

<% 16:32:42 Image %>

<% 16:32:42 Image %>

<% 16:32:42 Image %>

<% 16:32:42 Image %>

<% 16:32:42 Image %>

<% 16:32:42 Image %>

<% 16:32:42 Image %>

<% 16:32:42 Image %>

<% 16:32:42 Image %>

<% 16:32:42 Image %>

<% 16:32:42 Image %>

<% 16:32:42 Image %>

<% 16:32:42 Image %>

<% 16:32:42 Image %>

<% 16:32:42 Image %>

<% 16:32:42 Image %>

<% 16:32:42 Image %>

<% 16:32:42 Image %>

<% 16:32:42 Image %>

<% 16:32:42 Image %>

<% 16:32:42 Image %>

<% 16:32:42 Image %>

<% 16:32:42 Page[page_2: http://sdkcga6306:82/Home.aspx](1) %>

<% 16:32:42 Page[page_3: http://sdkcga6306:82/FacilityLevels.aspx](1) %>

<% 16:32:43 Image %>

<% 16:32:43 Image %>

<% 16:32:43 Image %>

<% 16:32:43 Image %>

<% 16:32:43 Image %>

<% 16:32:48 Image %>

<% 16:32:54 Image %>

<% 16:33:02 Image %>

<% 16:33:02 Image %>

<% 16:33:02 Image %>

<% 16:33:02 Image %>

<% 16:33:02 Image %>

<% 16:33:02 Image %>

<% 16:33:02 Image %>

<% 16:33:02 Image %>

<% 16:33:02 Image %>

<% 16:33:02 Image %>

<% 16:33:02 Image %>

<% 16:33:02 Image %>

<% 16:33:02 Image %>

<% 16:33:02 Image %>

<% 16:33:02 Image %>

<% 16:33:02 Image %>

<% 16:33:02 Image %>

<% 16:33:02 Image %>

<% 16:33:02 Image %>

<% 16:33:02 Image %>

<% 16:33:02 Image %>

<% 16:33:02 Image %>

<% 16:33:02 Image %>

<% 16:33:02 Image %>

<% 16:33:02 Image %>

<% 16:33:02 Image %>

<% 16:33:02 Image %>

<% 16:33:02 Image %>

<% 16:33:02 Image %>

<% 16:33:02 Image %>

<% 16:33:02 Image %>

<% 16:33:02 Image %>

<% 16:33:02 Image %>

<% 16:33:02 Image %>

<% 16:33:02 Image %>

<% 16:33:02 Image %>

<% 16:33:02 Image %>

<% 16:33:02 Image %>

<% 16:33:02 Image %>

<% 16:33:02 Page[page_4: http://sdkcga6306:82/FacilityLevels.aspx](1) %>

<% 16:33:03 Page[page_5: http://sdkcga6306:82/FacilityLevels.aspx](1) %>

<% 16:33:03 Page[page_6: http://sdkcga6306:82/FacilityLevels.aspx](1) %>

<% 16:33:04 Page[Facilities](1) %>

<% 16:33:41 Page[Confidentiality](1) %>

<% 16:33:47 Session(11) %>

<% 16:33:47 Page[page_1: http://sdkcga6306:82/Home.aspx](1) %>

<% 16:33:47 Connect %>
Connecting to remote host: sdkcga6306:82...

<% 16:33:50 Image %>

<% 16:33:50 Image %>

<% 16:33:50 Image %>

<% 16:33:50 Image %>

<% 16:33:50 Image %>

<% 16:33:50 Image %>

<% 16:33:50 Image %>

<% 16:33:50 Image %>

<% 16:33:50 Image %>

<% 16:33:50 Image %>

<% 16:33:50 Image %>

<% 16:33:50 Image %>

<% 16:33:50 Image %>

<% 16:33:50 Image %>

<% 16:33:50 Image %>

<% 16:33:50 Image %>

<% 16:33:50 Image %>

<% 16:33:50 Image %>

<% 16:33:50 Image %>

<% 16:33:50 Image %>

<% 16:33:50 Image %>

<% 16:33:50 Image %>

<% 16:33:50 Image %>

<% 16:33:50 Image %>

<% 16:33:50 Image %>

<% 16:33:50 Image %>

<% 16:33:50 Image %>

<% 16:33:50 Image %>

<% 16:33:50 Image %>

<% 16:33:50 Image %>

<% 16:33:50 Image %>

<% 16:33:50 Image %>

<% 16:33:50 Image %>

<% 16:33:50 Image %>

<% 16:33:50 Image %>

<% 16:33:50 Page[page_2: http://sdkcga6306:82/Home.aspx](1) %>

<% 16:33:50 Page[page_3: http://sdkcga6306:82/FacilityLevels.aspx](1) %>

<% 16:33:50 Image %>

<% 16:33:50 Image %>

<% 16:33:50 Image %>

<% 16:33:50 Image %>

<% 16:33:51 Image %>

<% 16:33:51 Image %>

<% 16:33:51 Image %>

<% 16:33:59 Image %>

<% 16:34:05 Image %>

<% 16:34:11 Image %>

<% 16:34:24 Image %>

<% 16:34:24 Image %>

<% 16:34:24 Image %>

<% 16:34:24 Image %>

<% 16:34:24 Image %>

<% 16:34:24 Image %>

<% 16:34:24 Image %>

<% 16:34:24 Image %>

<% 16:34:24 Image %>

<% 16:34:24 Image %>

<% 16:34:24 Image %>

<% 16:34:24 Image %>

<% 16:34:24 Image %>

<% 16:34:24 Image %>

<% 16:34:24 Image %>

<% 16:34:24 Image %>

<% 16:34:24 Image %>

<% 16:34:24 Image %>

<% 16:34:24 Image %>

<% 16:34:24 Image %>

<% 16:34:24 Image %>

<% 16:34:24 Image %>

<% 16:34:24 Image %>

<% 16:34:24 Image %>

<% 16:34:24 Image %>

<% 16:34:24 Image %>

<% 16:34:24 Image %>

<% 16:34:24 Image %>

<% 16:34:24 Image %>

<% 16:34:24 Image %>

<% 16:34:24 Image %>

<% 16:34:24 Image %>

<% 16:34:24 Image %>

<% 16:34:24 Image %>

<% 16:34:25 Image %>

<% 16:34:25 Image %>

<% 16:34:25 Page[page_4: http://sdkcga6306:82/FacilityLevels.aspx](1) %>

<% 16:34:46 Page[page_5: http://sdkcga6306:82/FacilityLevels.aspx](1) %>

<% 16:34:46 Page[page_6: http://sdkcga6306:82/FacilityLevels.aspx](1) %>

<% 16:34:47 Page[Facilities](1) %>

<% 16:35:23 Page[Confidentiality](1) %>

<% 16:35:36 Session(12) %>

<% 16:35:36 Page[page_1: http://sdkcga6306:82/Home.aspx](1) %>

<% 16:35:36 Connect %>
Connecting to remote host: sdkcga6306:82...

<% 16:35:54 Image %>

<% 16:35:54 Image %>

<% 16:35:57 Image %>

<% 16:35:57 Image %>

<% 16:35:57 Image %>

<% 16:35:57 Image %>

<% 16:35:57 Image %>

<% 16:35:57 Image %>

<% 16:35:57 Image %>

<% 16:35:57 Image %>

<% 16:35:57 Image %>

<% 16:35:57 Image %>

<% 16:35:57 Image %>

<% 16:35:57 Image %>

<% 16:35:57 Image %>

<% 16:35:57 Image %>

<% 16:35:57 Image %>

<% 16:35:57 Image %>

<% 16:35:57 Image %>

<% 16:35:57 Image %>

<% 16:35:57 Image %>

<% 16:35:57 Image %>

<% 16:35:57 Image %>

<% 16:35:57 Image %>

<% 16:35:57 Image %>

<% 16:35:57 Image %>

<% 16:35:57 Image %>

<% 16:35:57 Image %>

<% 16:35:57 Image %>

<% 16:35:57 Image %>

<% 16:35:57 Image %>

<% 16:35:57 Image %>

<% 16:35:57 Image %>

<% 16:35:57 Image %>

<% 16:35:57 Image %>

<% 16:35:57 Page[page_2: http://sdkcga6306:82/Home.aspx](1) %>

<% 16:36:02 Page[page_3: http://sdkcga6306:82/FacilityLevels.aspx](1) %>

<% 16:36:19 Image %>

<% 16:36:19 Image %>

<% 16:36:19 Image %>

<% 16:36:19 Image %>

<% 16:36:19 Image %>

<% 16:36:19 Image %>

<% 16:36:19 Image %>

<% 16:36:19 Image %>

<% 16:36:19 Image %>

<% 16:36:19 Image %>

<% 16:36:19 Image %>

<% 16:36:19 Image %>

<% 16:36:19 Image %>

<% 16:36:19 Image %>

<% 16:36:19 Image %>

<% 16:36:19 Image %>

<% 16:36:19 Image %>

<% 16:36:19 Image %>

<% 16:36:19 Image %>

<% 16:36:19 Image %>

<% 16:36:19 Image %>

<% 16:36:19 Image %>

<% 16:36:19 Image %>

<% 16:36:19 Image %>

<% 16:36:19 Image %>

<% 16:36:19 Image %>

<% 16:36:19 Image %>

<% 16:36:19 Image %>

<% 16:36:19 Image %>

<% 16:36:19 Image %>

<% 16:36:19 Image %>

<% 16:36:19 Image %>

<% 16:36:19 Image %>

<% 16:36:19 Image %>

<% 16:36:19 Image %>

<% 16:36:19 Image %>

<% 16:36:19 Image %>

<% 16:36:19 Image %>

<% 16:36:19 Image %>

<% 16:36:19 Image %>

<% 16:36:19 Image %>

<% 16:36:19 Image %>

<% 16:36:19 Image %>

<% 16:36:19 Image %>

<% 16:36:19 Image %>

<% 16:36:19 Image %>

<% 16:36:19 Page[page_4: http://sdkcga6306:82/FacilityLevels.aspx](1) %>

<% 16:36:20 Page[page_5: http://sdkcga6306:82/FacilityLevels.aspx](1) %>

<% 16:36:20 Page[page_6: http://sdkcga6306:82/FacilityLevels.aspx](1) %>

<% 16:36:21 Page[Facilities](1) %>

<% 16:37:18 Page[Confidentiality](1) %>
